#
# A fatal error has been detected by the Java Runtime Environment:
#
#  SIGSEGV (0xb) at pc=0x00007fc04606dae9, pid=146593, tid=0x00007fc0464d6400
#
# JRE version: OpenJDK Runtime Environment (8.0_242-b08) (build 1.8.0_242-b08)
# Java VM: OpenJDK 64-Bit Server VM (25.242-b08 mixed mode linux-amd64 compressed oops)
# Problematic frame:
# V  [libjvm.so+0x8c7ae9]
#
# Core dump written. Default location: /home/trofis/Documents/auto-pairing-app/server/core or core.146593
#
# If you would like to submit a bug report, please visit:
#   http://bugreport.java.com/bugreport/crash.jsp
#

---------------  T H R E A D  ---------------

Current thread is native thread

siginfo: si_signo: 11 (SIGSEGV), si_code: 1 (SEGV_MAPERR), si_addr: 0x0000000000000110

Registers:
RAX=0x0000000000000000, RBX=0x00007fc0464d6380, RCX=0x00007fc0464e1a67, RDX=0x00007fc0464d6400
RSP=0x00007ffe9acf50b0, RBP=0x00007ffe9acf5170, RSI=0x00007ffe9acf52b0, RDI=0x0000000000000001
R8 =0x0000000000000000, R9 =0x00007fc04565f700, R10=0x0000000000000000, R11=0x0000000000000246
R12=0x00007ffe9acf52b0, R13=0x00007fc04565f9d0, R14=0x0000000000000000, R15=0x00007fc04565f700
RIP=0x00007fc04606dae9, EFLAGS=0x0000000000010246, CSGSFS=0x002b000000000033, ERR=0x0000000000000004
  TRAPNO=0x000000000000000e

Top of Stack: (sp=0x00007ffe9acf50b0)
0x00007ffe9acf50b0:   00007ffe9acf0000 00007ffe9acf5180
0x00007ffe9acf50c0:   00007ffe9acf5798 0000000000000000
0x00007ffe9acf50d0:   ffffffffffffffff 0000000000000000
0x00007ffe9acf50e0:   0000000000000000 0000000000000002
0x00007ffe9acf50f0:   00007ffe9acf5330 00007fc0466d4520
0x00007ffe9acf5100:   0000000000000000 00007fc0466d9000
0x00007ffe9acf5110:   0000000000000000 0000000000000000
0x00007ffe9acf5120:   0000000000000000 00007ffe9acf5310
0x00007ffe9acf5130:   0000000100000001 00007fc0466d8300
0x00007ffe9acf5140:   00007fc04652d330 00000000000000ca
0x00007ffe9acf5150:   0000000000023cad 00007fc04565f9d0
0x00007ffe9acf5160:   0000000000100000 00007fc04565f700
0x00007ffe9acf5170:   00007ffe9acf58d8 00007fc046553d70
0x00007ffe9acf5180:   0000000000000007 0000000000000000
0x00007ffe9acf5190:   0000000000000000 00007ffe00000002
0x00007ffe9acf51a0:   0000000000000000 0000000000000000
0x00007ffe9acf51b0:   00007fc04565f700 0000000000000000
0x00007ffe9acf51c0:   0000000000000246 0000000000023cad
0x00007ffe9acf51d0:   00007fc04565f9d0 0000000000100000
0x00007ffe9acf51e0:   00007fc04565f700 00007fc04565f9d0
0x00007ffe9acf51f0:   0000000000000000 00007ffe9acf58d8
0x00007ffe9acf5200:   00000000000000ca 0000000000023cad
0x00007ffe9acf5210:   00000000000000ca 00007fc0464e1a67
0x00007ffe9acf5220:   00007ffe9acf5830 00007fc0464e1a65
0x00007ffe9acf5230:   0000000000000246 002b000000000033
0x00007ffe9acf5240:   0000000000000000 0000000000000000
0x00007ffe9acf5250:   0000000000000000 0000000000000000
0x00007ffe9acf5260:   00007ffe9acf5340 0000000000000018
0x00007ffe9acf5270:   0000000000000001 0000000000000000
0x00007ffe9acf5280:   0000000000000000 0000000000000000
0x00007ffe9acf5290:   ffffffffffffffff 0000000200000000
0x00007ffe9acf52a0:   0000000000000000 0000000000000000 

Instructions: (pc=0x00007fc04606dae9)
0x00007fc04606dac9:   95 48 ff ff ff ff 15 74 db 40 00 44 8b 30 48 89
0x00007fc04606dad9:   c3 48 8d 05 67 23 42 00 8b 38 ff 15 a7 e1 40 00
0x00007fc04606dae9:   4c 8b a8 10 01 00 00 41 8b 85 a8 00 00 00 83 f8
0x00007fc04606daf9:   01 74 1c 44 89 33 48 81 c4 98 00 00 00 5b 41 5c 

Register to memory mapping:

RAX=0x0000000000000000 is an unknown value
RBX=0x00007fc0464d6380 is an unknown value
RCX=0x00007fc0464e1a67: <offset 0xaa67> in /usr/lib/libpthread.so.0 at 0x00007fc0464d7000
RDX=0x00007fc0464d6400 is an unknown value
RSP=0x00007ffe9acf50b0 is an unknown value
RBP=0x00007ffe9acf5170 is an unknown value
RSI=0x00007ffe9acf52b0 is an unknown value
RDI=0x0000000000000001 is an unknown value
R8 =0x0000000000000000 is an unknown value
R9 =0x00007fc04565f700 is pointing into the stack for thread: 0x00007fc04000d000
R10=0x0000000000000000 is an unknown value
R11=0x0000000000000246 is an unknown value
R12=0x00007ffe9acf52b0 is an unknown value
R13=0x00007fc04565f9d0 is pointing into the stack for thread: 0x00007fc04000d000
R14=0x0000000000000000 is an unknown value
R15=0x00007fc04565f700 is pointing into the stack for thread: 0x00007fc04000d000


Stack: [0x00007ffe9abff000,0x00007ffe9acff000],  sp=0x00007ffe9acf50b0,  free space=984k
Native frames: (J=compiled Java code, j=interpreted, Vv=VM code, C=native code)
V  [libjvm.so+0x8c7ae9]
C  [libc.so.6+0x3bd70]


---------------  P R O C E S S  ---------------

VM state:not at safepoint (normal execution)

VM Mutex/Monitor currently owned by a thread: None

heap address: 0x00000000c0000000, size: 1024 MB, Compressed Oops mode: 32-bit
Narrow klass base: 0x0000000000000000, Narrow klass shift: 3
Compressed class space size: 1073741824 Address: 0x0000000100000000

Heap:
 par new generation   total 314560K, used 209920K [0x00000000c0000000, 0x00000000d5550000, 0x00000000d5550000)
  eden space 279616K,  62% used [0x00000000c0000000, 0x00000000caae03f0, 0x00000000d1110000)
  from space 34944K, 100% used [0x00000000d1110000, 0x00000000d3330000, 0x00000000d3330000)
  to   space 34944K,   0% used [0x00000000d3330000, 0x00000000d3330000, 0x00000000d5550000)
 concurrent mark-sweep generation total 699072K, used 109210K [0x00000000d5550000, 0x0000000100000000, 0x0000000100000000)
 Metaspace       used 88590K, capacity 104832K, committed 105072K, reserved 1136640K
  class space    used 13749K, capacity 17868K, committed 17888K, reserved 1048576K

Card table byte_map: [0x00007fc044753000,0x00007fc044954000] byte_map_base: 0x00007fc044153000

Marking Bits: (CMSBitMap*) 0x00007fc040096098
 Bits: [0x00007fc0302fe000, 0x00007fc030da8c00)

Mod Union Table: (CMSBitMap*) 0x00007fc040096158
 Bits: [0x00007fc044021000, 0x00007fc04404bab0)

Polling page: 0x00007fc046750000

CodeCache: size=245760Kb used=48760Kb max_used=48760Kb free=196999Kb
 bounds [0x00007fc031000000, 0x00007fc033fe0000, 0x00007fc040000000]
 total_blobs=11857 nmethods=11085 adapters=685
 compilation: enabled

Compilation events (10 events):
Event: 151,502 Thread 0x00007fc040137800 14749       3       java.lang.invoke.LambdaForm$BMH/122611491::reinvoke (47 bytes)
Event: 151,504 Thread 0x00007fc040137800 nmethod 14749 0x00007fc031ed7ad0 code [0x00007fc031ed7c60, 0x00007fc031ed8138]
Event: 151,504 Thread 0x00007fc040137800 14750       3       org.jruby.javasupport.JavaUtil$16::convert (22 bytes)
Event: 151,506 Thread 0x00007fc040137800 nmethod 14750 0x00007fc032f30290 code [0x00007fc032f30460, 0x00007fc032f30dd0]
Event: 151,506 Thread 0x00007fc040137800 14751   !   3       org.jruby.RubyIO::read (93 bytes)
Event: 151,510 Thread 0x00007fc040137800 nmethod 14751 0x00007fc031ea5ad0 code [0x00007fc031ea5e00, 0x00007fc031ea7af8]
Event: 151,510 Thread 0x00007fc040137800 14752       3       org.jruby.util.io.OpenFile::remainSize (98 bytes)
Event: 151,511 Thread 0x00007fc040137800 nmethod 14752 0x00007fc0313e6a90 code [0x00007fc0313e6c60, 0x00007fc0313e73f8]
Event: 153,462 Thread 0x00007fc040137800 14753       3       org.jruby.RubyHash::isEmpty (13 bytes)
Event: 153,463 Thread 0x00007fc040137800 nmethod 14753 0x00007fc032f2fe10 code [0x00007fc032f2ff80, 0x00007fc032f30130]

GC Heap History (10 events):
Event: 19,681 GC heap before
{Heap before GC invocations=4 (full 1):
 par new generation   total 314560K, used 314560K [0x00000000c0000000, 0x00000000d5550000, 0x00000000d5550000)
  eden space 279616K, 100% used [0x00000000c0000000, 0x00000000d1110000, 0x00000000d1110000)
  from space 34944K, 100% used [0x00000000d1110000, 0x00000000d3330000, 0x00000000d3330000)
  to   space 34944K,   0% used [0x00000000d3330000, 0x00000000d3330000, 0x00000000d5550000)
 concurrent mark-sweep generation total 699072K, used 37057K [0x00000000d5550000, 0x0000000100000000, 0x0000000100000000)
 Metaspace       used 57860K, capacity 66136K, committed 66244K, reserved 1103872K
  class space    used 9909K, capacity 12071K, committed 12084K, reserved 1048576K
Event: 19,773 GC heap after
Heap after GC invocations=5 (full 1):
 par new generation   total 314560K, used 34944K [0x00000000c0000000, 0x00000000d5550000, 0x00000000d5550000)
  eden space 279616K,   0% used [0x00000000c0000000, 0x00000000c0000000, 0x00000000d1110000)
  from space 34944K, 100% used [0x00000000d3330000, 0x00000000d5550000, 0x00000000d5550000)
  to   space 34944K,   0% used [0x00000000d1110000, 0x00000000d1110000, 0x00000000d3330000)
 concurrent mark-sweep generation total 699072K, used 50517K [0x00000000d5550000, 0x0000000100000000, 0x0000000100000000)
 Metaspace       used 57860K, capacity 66136K, committed 66244K, reserved 1103872K
  class space    used 9909K, capacity 12071K, committed 12084K, reserved 1048576K
}
Event: 22,146 GC heap before
{Heap before GC invocations=5 (full 1):
 par new generation   total 314560K, used 314560K [0x00000000c0000000, 0x00000000d5550000, 0x00000000d5550000)
  eden space 279616K, 100% used [0x00000000c0000000, 0x00000000d1110000, 0x00000000d1110000)
  from space 34944K, 100% used [0x00000000d3330000, 0x00000000d5550000, 0x00000000d5550000)
  to   space 34944K,   0% used [0x00000000d1110000, 0x00000000d1110000, 0x00000000d3330000)
 concurrent mark-sweep generation total 699072K, used 50517K [0x00000000d5550000, 0x0000000100000000, 0x0000000100000000)
 Metaspace       used 60885K, capacity 70578K, committed 70724K, reserved 1107968K
  class space    used 10406K, capacity 12965K, committed 12980K, reserved 1048576K
Event: 22,228 GC heap after
Heap after GC invocations=6 (full 1):
 par new generation   total 314560K, used 34944K [0x00000000c0000000, 0x00000000d5550000, 0x00000000d5550000)
  eden space 279616K,   0% used [0x00000000c0000000, 0x00000000c0000000, 0x00000000d1110000)
  from space 34944K, 100% used [0x00000000d1110000, 0x00000000d3330000, 0x00000000d3330000)
  to   space 34944K,   0% used [0x00000000d3330000, 0x00000000d3330000, 0x00000000d5550000)
 concurrent mark-sweep generation total 699072K, used 70706K [0x00000000d5550000, 0x0000000100000000, 0x0000000100000000)
 Metaspace       used 60885K, capacity 70578K, committed 70724K, reserved 1107968K
  class space    used 10406K, capacity 12965K, committed 12980K, reserved 1048576K
}
Event: 25,852 GC heap before
{Heap before GC invocations=6 (full 2):
 par new generation   total 314560K, used 314560K [0x00000000c0000000, 0x00000000d5550000, 0x00000000d5550000)
  eden space 279616K, 100% used [0x00000000c0000000, 0x00000000d1110000, 0x00000000d1110000)
  from space 34944K, 100% used [0x00000000d1110000, 0x00000000d3330000, 0x00000000d3330000)
  to   space 34944K,   0% used [0x00000000d3330000, 0x00000000d3330000, 0x00000000d5550000)
 concurrent mark-sweep generation total 699072K, used 70706K [0x00000000d5550000, 0x0000000100000000, 0x0000000100000000)
 Metaspace       used 72877K, capacity 84768K, committed 84956K, reserved 1118208K
  class space    used 12152K, capacity 15464K, committed 15504K, reserved 1048576K
Event: 25,918 GC heap after
Heap after GC invocations=7 (full 2):
 par new generation   total 314560K, used 34944K [0x00000000c0000000, 0x00000000d5550000, 0x00000000d5550000)
  eden space 279616K,   0% used [0x00000000c0000000, 0x00000000c0000000, 0x00000000d1110000)
  from space 34944K, 100% used [0x00000000d3330000, 0x00000000d5550000, 0x00000000d5550000)
  to   space 34944K,   0% used [0x00000000d1110000, 0x00000000d1110000, 0x00000000d3330000)
 concurrent mark-sweep generation total 699072K, used 93768K [0x00000000d5550000, 0x0000000100000000, 0x0000000100000000)
 Metaspace       used 72877K, capacity 84768K, committed 84956K, reserved 1118208K
  class space    used 12152K, capacity 15464K, committed 15504K, reserved 1048576K
}
Event: 28,217 GC heap before
{Heap before GC invocations=7 (full 2):
 par new generation   total 314560K, used 204126K [0x00000000c0000000, 0x00000000d5550000, 0x00000000d5550000)
  eden space 279616K,  60% used [0x00000000c0000000, 0x00000000ca537b20, 0x00000000d1110000)
  from space 34944K, 100% used [0x00000000d3330000, 0x00000000d5550000, 0x00000000d5550000)
  to   space 34944K,   0% used [0x00000000d1110000, 0x00000000d1110000, 0x00000000d3330000)
 concurrent mark-sweep generation total 699072K, used 83924K [0x00000000d5550000, 0x0000000100000000, 0x0000000100000000)
 Metaspace       used 74339K, capacity 87826K, committed 87920K, reserved 1122304K
  class space    used 12284K, capacity 15766K, committed 15840K, reserved 1048576K
Event: 28,800 GC heap after
Heap after GC invocations=8 (full 3):
 par new generation   total 314560K, used 0K [0x00000000c0000000, 0x00000000d5550000, 0x00000000d5550000)
  eden space 279616K,   0% used [0x00000000c0000000, 0x00000000c0000000, 0x00000000d1110000)
  from space 34944K,   0% used [0x00000000d3330000, 0x00000000d3330000, 0x00000000d5550000)
  to   space 34944K,   0% used [0x00000000d1110000, 0x00000000d1110000, 0x00000000d3330000)
 concurrent mark-sweep generation total 699072K, used 107541K [0x00000000d5550000, 0x0000000100000000, 0x0000000100000000)
 Metaspace       used 74275K, capacity 87706K, committed 87920K, reserved 1122304K
  class space    used 12274K, capacity 15739K, committed 15840K, reserved 1048576K
}
Event: 33,232 GC heap before
{Heap before GC invocations=8 (full 3):
 par new generation   total 314560K, used 279616K [0x00000000c0000000, 0x00000000d5550000, 0x00000000d5550000)
  eden space 279616K, 100% used [0x00000000c0000000, 0x00000000d1110000, 0x00000000d1110000)
  from space 34944K,   0% used [0x00000000d3330000, 0x00000000d3330000, 0x00000000d5550000)
  to   space 34944K,   0% used [0x00000000d1110000, 0x00000000d1110000, 0x00000000d3330000)
 concurrent mark-sweep generation total 699072K, used 107541K [0x00000000d5550000, 0x0000000100000000, 0x0000000100000000)
 Metaspace       used 86293K, capacity 101042K, committed 101232K, reserved 1132544K
  class space    used 13521K, capacity 17333K, committed 17376K, reserved 1048576K
Event: 33,252 GC heap after
Heap after GC invocations=9 (full 3):
 par new generation   total 314560K, used 34944K [0x00000000c0000000, 0x00000000d5550000, 0x00000000d5550000)
  eden space 279616K,   0% used [0x00000000c0000000, 0x00000000c0000000, 0x00000000d1110000)
  from space 34944K, 100% used [0x00000000d1110000, 0x00000000d3330000, 0x00000000d3330000)
  to   space 34944K,   0% used [0x00000000d3330000, 0x00000000d3330000, 0x00000000d5550000)
 concurrent mark-sweep generation total 699072K, used 109210K [0x00000000d5550000, 0x0000000100000000, 0x0000000100000000)
 Metaspace       used 86293K, capacity 101042K, committed 101232K, reserved 1132544K
  class space    used 13521K, capacity 17333K, committed 17376K, reserved 1048576K
}

Deoptimization events (10 events):
Event: 33,515 Thread 0x00007fbfbc3bf000 Uncommon trap: reason=speculate_class_check action=maybe_recompile pc=0x00007fc033883a50 method=java.lang.invoke.MethodHandle.asType(Ljava/lang/invoke/MethodType;)Ljava/lang/invoke/MethodHandle; @ 24
Event: 33,568 Thread 0x00007fbfbc3bf000 Uncommon trap: reason=class_check action=maybe_recompile pc=0x00007fc03251bd58 method=org.jruby.RubyEncoding.encodeISOLoop(Ljava/lang/CharSequence;)[B @ 1
Event: 33,593 Thread 0x00007fbfbc3bf000 Uncommon trap: reason=class_check action=maybe_recompile pc=0x00007fc0320bf8ac method=org.jruby.RubyModule.searchMethodEntryInner(Ljava/lang/String;)Lorg/jruby/runtime/callsite/CacheEntry; @ 44
Event: 33,638 Thread 0x00007fbfa025a000 Uncommon trap: reason=unstable_if action=reinterpret pc=0x00007fc032868e8c method=org.jruby.runtime.ThreadContext.pushCallFrame(Lorg/jruby/RubyModule;Ljava/lang/String;Lorg/jruby/runtime/builtin/IRubyObject;Lorg/jruby/runtime/Visibility;Lorg/jruby/runtime
Event: 33,663 Thread 0x00007fbfa025a000 Uncommon trap: reason=unstable_if action=reinterpret pc=0x00007fc0338830e0 method=java.lang.invoke.LambdaFormEditor$Transform.packedBytes([B)J @ 4
Event: 33,728 Thread 0x00007fbfa025a000 Uncommon trap: reason=bimorphic action=maybe_recompile pc=0x00007fc032dfad20 method=java.util.LinkedHashMap.afterNodeInsertion(Z)V @ 15
Event: 33,748 Thread 0x00007fbfa025a000 Uncommon trap: reason=class_check action=maybe_recompile pc=0x00007fc0320bf8ac method=org.jruby.RubyModule.searchMethodEntryInner(Ljava/lang/String;)Lorg/jruby/runtime/callsite/CacheEntry; @ 44
Event: 33,749 Thread 0x00007fbfa025a000 Uncommon trap: reason=class_check action=maybe_recompile pc=0x00007fc0320bf8ac method=org.jruby.RubyModule.searchMethodEntryInner(Ljava/lang/String;)Lorg/jruby/runtime/callsite/CacheEntry; @ 44
Event: 33,834 Thread 0x00007fbfa025a000 Uncommon trap: reason=unstable_if action=reinterpret pc=0x00007fc033114324 method=org.jruby.runtime.ThreadContext.safeRecurse(Lorg/jruby/runtime/ThreadContext$RecursiveFunctionEx;Ljava/lang/Object;Lorg/jruby/runtime/builtin/IRubyObject;Ljava/lang/String;Z
Event: 33,908 Thread 0x00007fbfa025a000 Uncommon trap: reason=class_check action=maybe_recompile pc=0x00007fc0320bf8ac method=org.jruby.RubyModule.searchMethodEntryInner(Ljava/lang/String;)Lorg/jruby/runtime/callsite/CacheEntry; @ 44

Classes redefined (0 events):
No events

Internal exceptions (10 events):
Event: 32,972 Thread 0x00007fbfa01bd000 Exception <a 'java/lang/ArrayIndexOutOfBoundsException'> (0x00000000cf864f78) thrown at [/build/java8-openjdk/src/jdk8u-jdk8u242-b08/hotspot/src/share/vm/runtime/sharedRuntime.cpp, line 605]
Event: 33,007 Thread 0x00007fbfa01bd000 Exception <a 'java/lang/ArrayIndexOutOfBoundsException'> (0x00000000cfaba818) thrown at [/build/java8-openjdk/src/jdk8u-jdk8u242-b08/hotspot/src/share/vm/runtime/sharedRuntime.cpp, line 605]
Event: 33,037 Thread 0x00007fbfa01bd000 Exception <a 'java/lang/ArrayIndexOutOfBoundsException'> (0x00000000cfd25088) thrown at [/build/java8-openjdk/src/jdk8u-jdk8u242-b08/hotspot/src/share/vm/runtime/sharedRuntime.cpp, line 605]
Event: 33,069 Thread 0x00007fbfa01bd000 Exception <a 'java/lang/ArrayIndexOutOfBoundsException'> (0x00000000cff82d58) thrown at [/build/java8-openjdk/src/jdk8u-jdk8u242-b08/hotspot/src/share/vm/runtime/sharedRuntime.cpp, line 605]
Event: 33,090 Thread 0x00007fbfa01bd000 Exception <a 'java/lang/ArrayIndexOutOfBoundsException'> (0x00000000d016a850) thrown at [/build/java8-openjdk/src/jdk8u-jdk8u242-b08/hotspot/src/share/vm/runtime/sharedRuntime.cpp, line 605]
Event: 33,104 Thread 0x00007fbfa01bd000 Exception <a 'java/lang/ArrayIndexOutOfBoundsException'> (0x00000000d02fe5f8) thrown at [/build/java8-openjdk/src/jdk8u-jdk8u242-b08/hotspot/src/share/vm/runtime/sharedRuntime.cpp, line 605]
Event: 33,118 Thread 0x00007fbfa01bd000 Exception <a 'java/lang/ArrayIndexOutOfBoundsException'> (0x00000000d0461160) thrown at [/build/java8-openjdk/src/jdk8u-jdk8u242-b08/hotspot/src/share/vm/runtime/sharedRuntime.cpp, line 605]
Event: 33,128 Thread 0x00007fbfa01bd000 Exception <a 'java/lang/ArrayIndexOutOfBoundsException'> (0x00000000d0577670) thrown at [/build/java8-openjdk/src/jdk8u-jdk8u242-b08/hotspot/src/share/vm/runtime/sharedRuntime.cpp, line 605]
Event: 33,139 Thread 0x00007fbfa01bd000 Exception <a 'java/lang/ArrayIndexOutOfBoundsException'> (0x00000000d06d6080) thrown at [/build/java8-openjdk/src/jdk8u-jdk8u242-b08/hotspot/src/share/vm/runtime/sharedRuntime.cpp, line 605]
Event: 33,283 Thread 0x00007fbfbc3bf000 Implicit null exception at 0x00007fc032087024 to 0x00007fc032087511

Events (10 events):
Event: 151,138 loading class org/jruby/runtime/ThreadContext
Event: 151,138 loading class org/jruby/runtime/ThreadContext done
Event: 151,139 loading class org/jruby/runtime/ThreadContext
Event: 151,139 loading class org/jruby/runtime/ThreadContext done
Event: 151,140 loading class org/jruby/runtime/ThreadContext
Event: 151,140 loading class org/jruby/runtime/ThreadContext done
Event: 151,141 loading class org/jruby/runtime/ThreadContext
Event: 151,141 loading class org/jruby/runtime/ThreadContext done
Event: 151,141 loading class org/jruby/runtime/ThreadContext
Event: 151,141 loading class org/jruby/runtime/ThreadContext done


Dynamic libraries:
c0000000-101178000 rw-p 00000000 00:00 0 
101178000-140000000 ---p 00000000 00:00 0 
560caea7c000-560caea7d000 r--p 00000000 103:04 662552                    /usr/lib/jvm/java-8-openjdk/jre/bin/java
560caea7d000-560caea7e000 r-xp 00001000 103:04 662552                    /usr/lib/jvm/java-8-openjdk/jre/bin/java
560caea7e000-560caea7f000 r--p 00002000 103:04 662552                    /usr/lib/jvm/java-8-openjdk/jre/bin/java
560caea7f000-560caea80000 r--p 00002000 103:04 662552                    /usr/lib/jvm/java-8-openjdk/jre/bin/java
560caea80000-560caea81000 rw-p 00003000 103:04 662552                    /usr/lib/jvm/java-8-openjdk/jre/bin/java
560caef2e000-560caefb0000 rw-p 00000000 00:00 0                          [heap]
7fbf74000000-7fbf74021000 rw-p 00000000 00:00 0 
7fbf74021000-7fbf78000000 ---p 00000000 00:00 0 
7fbf78000000-7fbf7803a000 rw-p 00000000 00:00 0 
7fbf7803a000-7fbf7c000000 ---p 00000000 00:00 0 
7fbf7c000000-7fbf7c021000 rw-p 00000000 00:00 0 
7fbf7c021000-7fbf80000000 ---p 00000000 00:00 0 
7fbf80000000-7fbf80021000 rw-p 00000000 00:00 0 
7fbf80021000-7fbf84000000 ---p 00000000 00:00 0 
7fbf87afd000-7fbf87b00000 ---p 00000000 00:00 0 
7fbf87b00000-7fbf87bfe000 rw-p 00000000 00:00 0 
7fbf87bfe000-7fbf87c01000 ---p 00000000 00:00 0 
7fbf87c01000-7fbf87cff000 rw-p 00000000 00:00 0 
7fbf87cff000-7fbf87d02000 ---p 00000000 00:00 0 
7fbf87d02000-7fbf87f40000 rw-p 00000000 00:00 0 
7fbf87f40000-7fbf88000000 ---p 00000000 00:00 0 
7fbf88000000-7fbf8805e000 rw-p 00000000 00:00 0 
7fbf8805e000-7fbf8c000000 ---p 00000000 00:00 0 
7fbf8c000000-7fbf8c021000 rw-p 00000000 00:00 0 
7fbf8c021000-7fbf90000000 ---p 00000000 00:00 0 
7fbf90000000-7fbf90021000 rw-p 00000000 00:00 0 
7fbf90021000-7fbf94000000 ---p 00000000 00:00 0 
7fbf94000000-7fbf9432b000 rw-p 00000000 00:00 0 
7fbf9432b000-7fbf98000000 ---p 00000000 00:00 0 
7fbf98000000-7fbf98021000 rw-p 00000000 00:00 0 
7fbf98021000-7fbf9c000000 ---p 00000000 00:00 0 
7fbf9c000000-7fbf9c021000 rw-p 00000000 00:00 0 
7fbf9c021000-7fbfa0000000 ---p 00000000 00:00 0 
7fbfa0000000-7fbfa030f000 rw-p 00000000 00:00 0 
7fbfa030f000-7fbfa4000000 ---p 00000000 00:00 0 
7fbfa4000000-7fbfa4021000 rw-p 00000000 00:00 0 
7fbfa4021000-7fbfa8000000 ---p 00000000 00:00 0 
7fbfa8000000-7fbfa8021000 rw-p 00000000 00:00 0 
7fbfa8021000-7fbfac000000 ---p 00000000 00:00 0 
7fbfac000000-7fbfac035000 rw-p 00000000 00:00 0 
7fbfac035000-7fbfb0000000 ---p 00000000 00:00 0 
7fbfb0000000-7fbfb0021000 rw-p 00000000 00:00 0 
7fbfb0021000-7fbfb4000000 ---p 00000000 00:00 0 
7fbfb4000000-7fbfb402e000 rw-p 00000000 00:00 0 
7fbfb402e000-7fbfb8000000 ---p 00000000 00:00 0 
7fbfb8000000-7fbfb807c000 rw-p 00000000 00:00 0 
7fbfb807c000-7fbfbc000000 ---p 00000000 00:00 0 
7fbfbc000000-7fbfbc3f0000 rw-p 00000000 00:00 0 
7fbfbc3f0000-7fbfc0000000 ---p 00000000 00:00 0 
7fbfc0000000-7fbfc0021000 rw-p 00000000 00:00 0 
7fbfc0021000-7fbfc4000000 ---p 00000000 00:00 0 
7fbfc4000000-7fbfc4055000 rw-p 00000000 00:00 0 
7fbfc4055000-7fbfc8000000 ---p 00000000 00:00 0 
7fbfc8000000-7fbfc8021000 rw-p 00000000 00:00 0 
7fbfc8021000-7fbfcc000000 ---p 00000000 00:00 0 
7fbfcc0c8000-7fbfcc0cb000 ---p 00000000 00:00 0 
7fbfcc0cb000-7fbfcc1c9000 rw-p 00000000 00:00 0 
7fbfcc1c9000-7fbfcc1cc000 ---p 00000000 00:00 0 
7fbfcc1cc000-7fbfcc2ca000 rw-p 00000000 00:00 0 
7fbfcc2ca000-7fbfcc2cd000 ---p 00000000 00:00 0 
7fbfcc2cd000-7fbfcc5cb000 rw-p 00000000 00:00 0 
7fbfcc5cb000-7fbfcc7cb000 rw-p 00000000 00:00 0 
7fbfcc7cb000-7fbfcc9cb000 rw-p 00000000 00:00 0 
7fbfcc9cb000-7fbfccbcb000 rw-p 00000000 00:00 0 
7fbfccbcb000-7fbfccdcb000 rw-p 00000000 00:00 0 
7fbfccdcb000-7fbfccdce000 ---p 00000000 00:00 0 
7fbfccdce000-7fbfccecc000 rw-p 00000000 00:00 0 
7fbfccecc000-7fbfccecf000 ---p 00000000 00:00 0 
7fbfccecf000-7fbfccfcd000 rw-p 00000000 00:00 0 
7fbfccfcd000-7fbfccfd0000 ---p 00000000 00:00 0 
7fbfccfd0000-7fbfcd0ce000 rw-p 00000000 00:00 0 
7fbfcd0ce000-7fbfcd0d1000 ---p 00000000 00:00 0 
7fbfcd0d1000-7fbfcd1cf000 rw-p 00000000 00:00 0 
7fbfcd1cf000-7fbfcd1d2000 ---p 00000000 00:00 0 
7fbfcd1d2000-7fbfcd2d0000 rw-p 00000000 00:00 0 
7fbfcd2d0000-7fbfcd2d3000 ---p 00000000 00:00 0 
7fbfcd2d3000-7fbfcd3d1000 rw-p 00000000 00:00 0 
7fbfcd3d1000-7fbfcd3d4000 ---p 00000000 00:00 0 
7fbfcd3d4000-7fbfcd4d2000 rw-p 00000000 00:00 0 
7fbfcd4d2000-7fbfcd4d5000 ---p 00000000 00:00 0 
7fbfcd4d5000-7fbfcd5d3000 rw-p 00000000 00:00 0 
7fbfcd5d3000-7fbfcd5d6000 ---p 00000000 00:00 0 
7fbfcd5d6000-7fbfcd6d4000 rw-p 00000000 00:00 0 
7fbfcd6d4000-7fbfcd6d7000 ---p 00000000 00:00 0 
7fbfcd6d7000-7fbfcd9d5000 rw-p 00000000 00:00 0 
7fbfcd9d5000-7fbfcdbd5000 rw-p 00000000 00:00 0 
7fbfcdbd5000-7fbfcddd5000 rw-p 00000000 00:00 0 
7fbfcddd5000-7fbfcddd8000 ---p 00000000 00:00 0 
7fbfcddd8000-7fbfcded6000 rw-p 00000000 00:00 0 
7fbfcded6000-7fbfcded9000 ---p 00000000 00:00 0 
7fbfcded9000-7fbfcdfd7000 rw-p 00000000 00:00 0 
7fbfcdfd7000-7fbfcdfda000 ---p 00000000 00:00 0 
7fbfcdfda000-7fbfce2d8000 rw-p 00000000 00:00 0 
7fbfce2d8000-7fbfce2db000 ---p 00000000 00:00 0 
7fbfce2db000-7fbfce5d9000 rw-p 00000000 00:00 0 
7fbfce5d9000-7fbfce7d9000 rw-p 00000000 00:00 0 
7fbfce7d9000-7fbfce9d9000 rw-p 00000000 00:00 0 
7fbfce9d9000-7fbfcebd9000 rw-p 00000000 00:00 0 
7fbfcebd9000-7fbfcebe6000 r--s 00088000 103:04 670451                    /home/trofis/Documents/Worldline/autoPairing/logstash/vendor/bundle/jruby/2.5.0/gems/march_hare-4.1.1-java/lib/ext/rabbitmq-client.jar
7fbfcebe6000-7fbfcede6000 rw-p 00000000 00:00 0 
7fbfcede6000-7fbfcefe6000 rw-p 00000000 00:00 0 
7fbfcefe6000-7fbfcf1e6000 rw-p 00000000 00:00 0 
7fbfcf1e6000-7fbfcf3e6000 rw-p 00000000 00:00 0 
7fbfcf3e6000-7fbfcf3e9000 r--p 00000000 103:04 2363725                   /usr/lib/libgcc_s.so.1
7fbfcf3e9000-7fbfcf3fa000 r-xp 00003000 103:04 2363725                   /usr/lib/libgcc_s.so.1
7fbfcf3fa000-7fbfcf3fe000 r--p 00014000 103:04 2363725                   /usr/lib/libgcc_s.so.1
7fbfcf3fe000-7fbfcf3ff000 r--p 00017000 103:04 2363725                   /usr/lib/libgcc_s.so.1
7fbfcf3ff000-7fbfcf400000 rw-p 00018000 103:04 2363725                   /usr/lib/libgcc_s.so.1
7fbfcf400000-7fbfcf600000 rw-p 00000000 00:00 0 
7fbfcf600000-7fbfcf800000 rw-p 00000000 00:00 0 
7fbfcf800000-7fbfcfa00000 rw-p 00000000 00:00 0 
7fbfcfa00000-7fbfcfc00000 rw-p 00000000 00:00 0 
7fbfcfc00000-7fbfcfe00000 rw-p 00000000 00:00 0 
7fbfcfe00000-7fbfd0000000 rw-p 00000000 00:00 0 
7fbfd0000000-7fbfd0021000 rw-p 00000000 00:00 0 
7fbfd0021000-7fbfd4000000 ---p 00000000 00:00 0 
7fbfd4000000-7fbfd4021000 rw-p 00000000 00:00 0 
7fbfd4021000-7fbfd8000000 ---p 00000000 00:00 0 
7fbfd8000000-7fbfd9c3e000 rw-p 00000000 00:00 0 
7fbfd9c3e000-7fbfdc000000 ---p 00000000 00:00 0 
7fbfdc003000-7fbfdc005000 rw-p 00000000 00:00 0 
7fbfdc005000-7fbfdc006000 r--s 00002000 103:04 670927                    /home/trofis/Documents/Worldline/autoPairing/logstash/vendor/bundle/jruby/2.5.0/gems/logstash-input-file-4.1.16/lib/jars/filewatch-1.0.1.jar
7fbfdc006000-7fbfdc008000 r--s 00009000 103:04 670450                    /home/trofis/Documents/Worldline/autoPairing/logstash/vendor/bundle/jruby/2.5.0/gems/march_hare-4.1.1-java/lib/ext/slf4j-api.jar
7fbfdc008000-7fbfdc00d000 r--s 0003d000 103:04 662625                    /usr/lib/jvm/java-8-openjdk/jre/lib/ext/sunjce_provider.jar
7fbfdc00d000-7fbfdc00f000 r--s 00000000 103:04 440125                    /home/trofis/Documents/Worldline/autoPairing/logstash/vendor/bundle/jruby/2.5.0/gems/manticore-0.6.4-java/lib/org/manticore/manticore-ext.jar
7fbfdc00f000-7fbfdc016000 r--s 00049000 103:04 538954                    /home/trofis/Documents/Worldline/autoPairing/logstash/vendor/bundle/jruby/2.5.0/gems/manticore-0.6.4-java/lib/org/apache/httpcomponents/httpcore/4.4.4/httpcore-4.4.4.jar
7fbfdc016000-7fbfdc023000 r--s 000a7000 103:04 538957                    /home/trofis/Documents/Worldline/autoPairing/logstash/vendor/bundle/jruby/2.5.0/gems/manticore-0.6.4-java/lib/org/apache/httpcomponents/httpclient/4.5.2/httpclient-4.5.2.jar
7fbfdc023000-7fbfdc02a000 r--s 0003f000 103:04 440118                    /home/trofis/Documents/Worldline/autoPairing/logstash/vendor/bundle/jruby/2.5.0/gems/manticore-0.6.4-java/lib/commons-codec/commons-codec/1.10/commons-codec-1.10.jar
7fbfdc02a000-7fbfdc02c000 r--s 00009000 103:04 538960                    /home/trofis/Documents/Worldline/autoPairing/logstash/vendor/bundle/jruby/2.5.0/gems/manticore-0.6.4-java/lib/org/apache/httpcomponents/httpmime/4.5.2/httpmime-4.5.2.jar
7fbfdc02c000-7fbfdc02e000 r--s 0000e000 103:04 440122                    /home/trofis/Documents/Worldline/autoPairing/logstash/vendor/bundle/jruby/2.5.0/gems/manticore-0.6.4-java/lib/commons-logging/commons-logging/1.2/commons-logging-1.2.jar
7fbfdc02e000-7fbfdc030000 r--s 00004000 103:04 807907                    /home/trofis/Documents/Worldline/autoPairing/logstash/vendor/bundle/jruby/2.5.0/gems/puma-4.3.1-java/lib/puma/puma_http11.jar
7fbfdc030000-7fbfdc032000 r--s 00002000 103:04 810358                    /home/trofis/Documents/Worldline/autoPairing/logstash/vendor/bundle/jruby/2.5.0/gems/nio4r-2.5.2-java/lib/nio4r_ext.jar
7fbfdc032000-7fbfdc035000 r--s 00022000 103:04 1842316                   /home/trofis/Documents/Worldline/autoPairing/logstash/vendor/bundle/jruby/2.5.0/gems/logstash-input-beats-6.0.8-java/vendor/jar-dependencies/com/fasterxml/jackson/module/jackson-module-afterburner/2.9.10/jackson-module-afterburner-2.9.10.jar
7fbfdc035000-7fbfdc039000 r--s 0004c000 103:04 1842309                   /home/trofis/Documents/Worldline/autoPairing/logstash/vendor/bundle/jruby/2.5.0/gems/logstash-input-beats-6.0.8-java/vendor/jar-dependencies/com/fasterxml/jackson/core/jackson-core/2.9.10/jackson-core-2.9.10.jar
7fbfdc039000-7fbfdc04c000 r--s 00137000 103:04 1842306                   /home/trofis/Documents/Worldline/autoPairing/logstash/vendor/bundle/jruby/2.5.0/gems/logstash-input-beats-6.0.8-java/vendor/jar-dependencies/com/fasterxml/jackson/core/jackson-databind/2.9.10.1/jackson-databind-2.9.10.1.jar
7fbfdc04c000-7fbfdc056000 r--p 00000000 103:04 662606                    /usr/lib/jvm/java-8-openjdk/jre/lib/amd64/libsunec.so
7fbfdc056000-7fbfdc07b000 r-xp 0000a000 103:04 662606                    /usr/lib/jvm/java-8-openjdk/jre/lib/amd64/libsunec.so
7fbfdc07b000-7fbfdc088000 r--p 0002f000 103:04 662606                    /usr/lib/jvm/java-8-openjdk/jre/lib/amd64/libsunec.so
7fbfdc088000-7fbfdc08d000 r--p 0003b000 103:04 662606                    /usr/lib/jvm/java-8-openjdk/jre/lib/amd64/libsunec.so
7fbfdc08d000-7fbfdc08e000 rw-p 00040000 103:04 662606                    /usr/lib/jvm/java-8-openjdk/jre/lib/amd64/libsunec.so
7fbfdc08e000-7fbfdc0a5000 r--s 00104000 103:04 672838                    /home/trofis/Documents/Worldline/autoPairing/logstash/vendor/bundle/jruby/2.5.0/gems/jruby-openssl-0.10.4-java/lib/jopenssl.jar
7fbfdc0a5000-7fbfdc0a8000 ---p 00000000 00:00 0 
7fbfdc0a8000-7fbfdc3a3000 rw-p 00000000 00:00 0 
7fbfdc3a3000-7fbfdc3a6000 ---p 00000000 00:00 0 
7fbfdc3a6000-7fbfdc5a6000 rw-p 00000000 00:00 0 
7fbfdc5a6000-7fbfdc7a6000 rw-p 00000000 00:00 0 
7fbfdc7a6000-7fbfdc9a6000 rw-p 00000000 00:00 0 
7fbfdc9a6000-7fbfdcb98000 rw-p 00000000 00:00 0 
7fbfdcb98000-7fbfdcba6000 ---p 00000000 00:00 0 
7fbfdcba6000-7fbfdcd9f000 rw-p 00000000 00:00 0 
7fbfdcd9f000-7fbfdcda6000 ---p 00000000 00:00 0 
7fbfdcda6000-7fbfdcfa6000 rw-p 00000000 00:00 0 
7fbfdcfa6000-7fbfdcfa7000 r--s 00003000 103:04 670452                    /home/trofis/Documents/Worldline/autoPairing/logstash/vendor/bundle/jruby/2.5.0/gems/march_hare-4.1.1-java/lib/ext/slf4j-simple.jar
7fbfdcfa7000-7fbfdcfaa000 r--s 0000e000 103:04 1842312                   /home/trofis/Documents/Worldline/autoPairing/logstash/vendor/bundle/jruby/2.5.0/gems/logstash-input-beats-6.0.8-java/vendor/jar-dependencies/com/fasterxml/jackson/core/jackson-annotations/2.9.10/jackson-annotations-2.9.10.jar
7fbfdcfaa000-7fbfdcfae000 r--s 0001a000 103:04 1976672                   /home/trofis/Documents/Worldline/autoPairing/logstash/vendor/bundle/jruby/2.5.0/gems/thread_safe-0.3.6-java/lib/thread_safe/jruby_cache_backend.jar
7fbfdcfae000-7fbfdcfb2000 r--s 0003a000 103:04 662626                    /usr/lib/jvm/java-8-openjdk/jre/lib/ext/sunpkcs11.jar
7fbfdcfb2000-7fbfdcfc9000 r--s 000ff000 103:04 672870                    /home/trofis/Documents/Worldline/autoPairing/logstash/vendor/bundle/jruby/2.5.0/gems/jruby-openssl-0.10.4-java/lib/org/bouncycastle/bctls-jdk15on/1.62/bctls-jdk15on-1.62.jar
7fbfdcfc9000-7fbfdd028000 r--s 003fa000 103:04 672864                    /home/trofis/Documents/Worldline/autoPairing/logstash/vendor/bundle/jruby/2.5.0/gems/jruby-openssl-0.10.4-java/lib/org/bouncycastle/bcprov-jdk15on/1.62/bcprov-jdk15on-1.62.jar
7fbfdd028000-7fbfdd224000 rw-p 00000000 00:00 0 
7fbfdd224000-7fbfdd228000 ---p 00000000 00:00 0 
7fbfdd228000-7fbfdd428000 rw-p 00000000 00:00 0 
7fbfdd428000-7fbfdd628000 rw-p 00000000 00:00 0 
7fbfdd628000-7fbfdd828000 rw-p 00000000 00:00 0 
7fbfdd828000-7fbfdd829000 r--p 00000000 103:04 2368466                   /usr/lib/libcrypt-2.31.so
7fbfdd829000-7fbfdd82f000 r-xp 00001000 103:04 2368466                   /usr/lib/libcrypt-2.31.so
7fbfdd82f000-7fbfdd831000 r--p 00007000 103:04 2368466                   /usr/lib/libcrypt-2.31.so
7fbfdd831000-7fbfdd832000 ---p 00009000 103:04 2368466                   /usr/lib/libcrypt-2.31.so
7fbfdd832000-7fbfdd833000 r--p 00009000 103:04 2368466                   /usr/lib/libcrypt-2.31.so
7fbfdd833000-7fbfdd834000 rw-p 0000a000 103:04 2368466                   /usr/lib/libcrypt-2.31.so
7fbfdd834000-7fbfdd862000 rw-p 00000000 00:00 0 
7fbfdd862000-7fbfdd864000 r--s 0000d000 103:04 809293                    /home/trofis/Documents/Worldline/autoPairing/logstash/vendor/bundle/jruby/2.5.0/gems/jrjackson-0.4.11-java/lib/jrjackson/jars/jrjackson-1.2.29.jar
7fbfdd864000-7fbfdd865000 r--s 00008000 103:04 809868                    /home/trofis/Documents/Worldline/autoPairing/logstash/vendor/bundle/jruby/2.5.0/gems/json-1.8.6-java/lib/json/ext/generator.jar
7fbfdd865000-7fbfdd879000 r--s 000c1000 103:04 672867                    /home/trofis/Documents/Worldline/autoPairing/logstash/vendor/bundle/jruby/2.5.0/gems/jruby-openssl-0.10.4-java/lib/org/bouncycastle/bcpkix-jdk15on/1.62/bcpkix-jdk15on-1.62.jar
7fbfdd879000-7fbfdd87d000 r--s 0001e000 103:04 539071                    /home/trofis/Documents/Worldline/autoPairing/logstash/vendor/bundle/jruby/2.5.0/gems/concurrent-ruby-1.1.6/lib/concurrent-ruby/concurrent/concurrent_ruby.jar
7fbfdd87d000-7fbfdd884000 r--s 00043000 00:2e 311                        /tmp/jruby-146593/jruby1038979757917574727snakeyaml-1.23.jar
7fbfdd884000-7fbfdd897000 r--s 00346000 103:04 662573                    /usr/lib/jvm/java-8-openjdk/jre/lib/resources.jar
7fbfdd897000-7fbfdda97000 rw-p 00000000 00:00 0 
7fbfdda97000-7fbfddaa9000 r-xp 00000000 00:2e 305                        /tmp/jffi6071083334923721086.so (deleted)
7fbfddaa9000-7fbfddca8000 ---p 00012000 00:2e 305                        /tmp/jffi6071083334923721086.so (deleted)
7fbfddca8000-7fbfddca9000 rw-p 00011000 00:2e 305                        /tmp/jffi6071083334923721086.so (deleted)
7fbfddca9000-7fbfddea9000 rw-p 00000000 00:00 0 
7fbfddea9000-7fbfde0a9000 rw-p 00000000 00:00 0 
7fbfde0a9000-7fbfde2a9000 rw-p 00000000 00:00 0 
7fbfde2a9000-7fbfde2ae000 r--s 000a3000 103:04 662569                    /usr/lib/jvm/java-8-openjdk/jre/lib/jsse.jar
7fbfde2ae000-7fbfde2b0000 r--s 00006000 103:04 809867                    /home/trofis/Documents/Worldline/autoPairing/logstash/vendor/bundle/jruby/2.5.0/gems/json-1.8.6-java/lib/json/ext/parser.jar
7fbfde2b0000-7fbfde2b1000 r--s 0000d000 103:04 662624                    /usr/lib/jvm/java-8-openjdk/jre/lib/ext/sunec.jar
7fbfde2b1000-7fbfde2b3000 r--s 00016000 103:04 662567                    /usr/lib/jvm/java-8-openjdk/jre/lib/jce.jar
7fbfde2b3000-7fbfde2b4000 r--p 00000000 103:04 662587                    /usr/lib/jvm/java-8-openjdk/jre/lib/amd64/libjaas_unix.so
7fbfde2b4000-7fbfde2b5000 r-xp 00001000 103:04 662587                    /usr/lib/jvm/java-8-openjdk/jre/lib/amd64/libjaas_unix.so
7fbfde2b5000-7fbfde2b6000 r--p 00002000 103:04 662587                    /usr/lib/jvm/java-8-openjdk/jre/lib/amd64/libjaas_unix.so
7fbfde2b6000-7fbfde2b7000 r--p 00002000 103:04 662587                    /usr/lib/jvm/java-8-openjdk/jre/lib/amd64/libjaas_unix.so
7fbfde2b7000-7fbfde2b8000 rw-p 00003000 103:04 662587                    /usr/lib/jvm/java-8-openjdk/jre/lib/amd64/libjaas_unix.so
7fbfde2b8000-7fbfde2d3000 r--s 001d6000 103:04 662623                    /usr/lib/jvm/java-8-openjdk/jre/lib/ext/nashorn.jar
7fbfde2d3000-7fbfde2d7000 r--p 00000000 103:04 662598                    /usr/lib/jvm/java-8-openjdk/jre/lib/amd64/libmanagement.so
7fbfde2d7000-7fbfde2da000 r-xp 00004000 103:04 662598                    /usr/lib/jvm/java-8-openjdk/jre/lib/amd64/libmanagement.so
7fbfde2da000-7fbfde2dc000 r--p 00007000 103:04 662598                    /usr/lib/jvm/java-8-openjdk/jre/lib/amd64/libmanagement.so
7fbfde2dc000-7fbfde2dd000 r--p 00008000 103:04 662598                    /usr/lib/jvm/java-8-openjdk/jre/lib/amd64/libmanagement.so
7fbfde2dd000-7fbfde2de000 rw-p 00009000 103:04 662598                    /usr/lib/jvm/java-8-openjdk/jre/lib/amd64/libmanagement.so
7fbfde2de000-7fbfde2e0000 r--s 00009000 103:04 1582098                   /home/trofis/Documents/Worldline/autoPairing/logstash/logstash-core/lib/jars/slf4j-api-1.7.25.jar
7fbfde2e0000-7fbfde2e3000 r--s 0001e000 103:04 1582092                   /home/trofis/Documents/Worldline/autoPairing/logstash/logstash-core/lib/jars/reflections-0.9.11.jar
7fbfde2e3000-7fbfde2e8000 r--s 00038000 103:04 1582125                   /home/trofis/Documents/Worldline/autoPairing/logstash/logstash-core/lib/jars/org.eclipse.text-3.5.101.jar
7fbfde2e8000-7fbfde2fb000 r--s 0013a000 103:04 1582123                   /home/trofis/Documents/Worldline/autoPairing/logstash/logstash-core/lib/jars/org.eclipse.osgi-3.7.1.jar
7fbfde2fb000-7fbfde328000 r--s 00522000 103:04 1582110                   /home/trofis/Documents/Worldline/autoPairing/logstash/logstash-core/lib/jars/org.eclipse.jdt.core-3.10.0.jar
7fbfde328000-7fbfde32c000 r--s 00029000 103:04 1582120                   /home/trofis/Documents/Worldline/autoPairing/logstash/logstash-core/lib/jars/org.eclipse.equinox.registry-3.5.101.jar
7fbfde32c000-7fbfde32f000 r--s 00019000 103:04 1582093                   /home/trofis/Documents/Worldline/autoPairing/logstash/logstash-core/lib/jars/org.eclipse.equinox.preferences-3.4.1.jar
7fbfde32f000-7fbfde331000 r--s 00018000 103:04 1582122                   /home/trofis/Documents/Worldline/autoPairing/logstash/logstash-core/lib/jars/org.eclipse.equinox.common-3.6.0.jar
7fbfde331000-7fbfde333000 r--s 00013000 103:04 1582108                   /home/trofis/Documents/Worldline/autoPairing/logstash/logstash-core/lib/jars/org.eclipse.equinox.app-1.3.100.jar
7fbfde333000-7fbfde335000 r--s 00010000 103:04 1582099                   /home/trofis/Documents/Worldline/autoPairing/logstash/logstash-core/lib/jars/org.eclipse.core.runtime-3.7.0.jar
7fbfde335000-7fbfde340000 r--s 000bb000 103:04 1582106                   /home/trofis/Documents/Worldline/autoPairing/logstash/logstash-core/lib/jars/org.eclipse.core.resources-3.7.100.jar
7fbfde340000-7fbfde343000 r--s 00014000 103:04 1582121                   /home/trofis/Documents/Worldline/autoPairing/logstash/logstash-core/lib/jars/org.eclipse.core.jobs-3.5.100.jar
7fbfde343000-7fbfde345000 r--s 0000b000 103:04 1582096                   /home/trofis/Documents/Worldline/autoPairing/logstash/logstash-core/lib/jars/org.eclipse.core.filesystem-1.3.100.jar
7fbfde345000-7fbfde349000 r--s 00017000 103:04 1582102                   /home/trofis/Documents/Worldline/autoPairing/logstash/logstash-core/lib/jars/org.eclipse.core.commands-3.6.0.jar
7fbfde349000-7fbfdfb4a000 rw-p 00000000 00:00 0 
7fbfdfb4a000-7fbfdfb4f000 r--p 00000000 103:04 662600                    /usr/lib/jvm/java-8-openjdk/jre/lib/amd64/libnet.so
7fbfdfb4f000-7fbfdfb5e000 r-xp 00005000 103:04 662600                    /usr/lib/jvm/java-8-openjdk/jre/lib/amd64/libnet.so
7fbfdfb5e000-7fbfdfb62000 r--p 00014000 103:04 662600                    /usr/lib/jvm/java-8-openjdk/jre/lib/amd64/libnet.so
7fbfdfb62000-7fbfdfb63000 r--p 00017000 103:04 662600                    /usr/lib/jvm/java-8-openjdk/jre/lib/amd64/libnet.so
7fbfdfb63000-7fbfdfb64000 rw-p 00018000 103:04 662600                    /usr/lib/jvm/java-8-openjdk/jre/lib/amd64/libnet.so
7fbfdfb64000-7fbfdfb6b000 r--p 00000000 103:04 662601                    /usr/lib/jvm/java-8-openjdk/jre/lib/amd64/libnio.so
7fbfdfb6b000-7fbfdfb73000 r-xp 00007000 103:04 662601                    /usr/lib/jvm/java-8-openjdk/jre/lib/amd64/libnio.so
7fbfdfb73000-7fbfdfb76000 r--p 0000f000 103:04 662601                    /usr/lib/jvm/java-8-openjdk/jre/lib/amd64/libnio.so
7fbfdfb76000-7fbfdfb77000 ---p 00012000 103:04 662601                    /usr/lib/jvm/java-8-openjdk/jre/lib/amd64/libnio.so
7fbfdfb77000-7fbfdfb78000 r--p 00012000 103:04 662601                    /usr/lib/jvm/java-8-openjdk/jre/lib/amd64/libnio.so
7fbfdfb78000-7fbfdfb79000 rw-p 00013000 103:04 662601                    /usr/lib/jvm/java-8-openjdk/jre/lib/amd64/libnio.so
7fbfdfb79000-7fbfdfb9a000 r--s 00178000 103:04 1582091                   /home/trofis/Documents/Worldline/autoPairing/logstash/logstash-core/lib/jars/log4j-core-2.12.1.jar
7fbfdfb9a000-7fbfdfbce000 rw-p 00000000 00:00 0 
7fbfdfbce000-7fbfdfcfd000 r--s 017af000 103:04 1582114                   /home/trofis/Documents/Worldline/autoPairing/logstash/logstash-core/lib/jars/jruby-complete-9.2.9.0.jar
7fbfdfcfd000-7fbfdfcfe000 ---p 00000000 00:00 0 
7fbfdfcfe000-7fbfdfdfe000 rw-p 00000000 00:00 0 
7fbfdfdfe000-7fbfdfe01000 ---p 00000000 00:00 0 
7fbfdfe01000-7fbfdfeff000 rw-p 00000000 00:00 0 
7fbfdfeff000-7fbfdff00000 ---p 00000000 00:00 0 
7fbfdff00000-7fbfdff03000 ---p 00000000 00:00 0 
7fbfdff03000-7fbfe0000000 rw-p 00000000 00:00 0 
7fbfe0000000-7fbfe1f09000 rw-p 00000000 00:00 0 
7fbfe1f09000-7fbfe4000000 ---p 00000000 00:00 0 
7fbfe4000000-7fbfe5b2e000 rw-p 00000000 00:00 0 
7fbfe5b2e000-7fbfe8000000 ---p 00000000 00:00 0 
7fbfe8000000-7fbfe8021000 rw-p 00000000 00:00 0 
7fbfe8021000-7fbfec000000 ---p 00000000 00:00 0 
7fbfec000000-7fbfed9bf000 rw-p 00000000 00:00 0 
7fbfed9bf000-7fbff0000000 ---p 00000000 00:00 0 
7fbff0000000-7fbff0021000 rw-p 00000000 00:00 0 
7fbff0021000-7fbff4000000 ---p 00000000 00:00 0 
7fbff4000000-7fbff4021000 rw-p 00000000 00:00 0 
7fbff4021000-7fbff8000000 ---p 00000000 00:00 0 
7fbff8000000-7fbff81ae000 rw-p 00000000 00:00 0 
7fbff81ae000-7fbffc000000 ---p 00000000 00:00 0 
7fbffc000000-7fbffc021000 rw-p 00000000 00:00 0 
7fbffc021000-7fc000000000 ---p 00000000 00:00 0 
7fc000000000-7fc000021000 rw-p 00000000 00:00 0 
7fc000021000-7fc004000000 ---p 00000000 00:00 0 
7fc004000000-7fc004021000 rw-p 00000000 00:00 0 
7fc004021000-7fc008000000 ---p 00000000 00:00 0 
7fc008000000-7fc008021000 rw-p 00000000 00:00 0 
7fc008021000-7fc00c000000 ---p 00000000 00:00 0 
7fc00c000000-7fc00c021000 rw-p 00000000 00:00 0 
7fc00c021000-7fc010000000 ---p 00000000 00:00 0 
7fc010000000-7fc010003000 r--s 00013000 103:04 1582103                   /home/trofis/Documents/Worldline/autoPairing/logstash/logstash-core/lib/jars/org.eclipse.core.expressions-3.4.300.jar
7fc010003000-7fc01000f000 r--s 00088000 103:04 1582107                   /home/trofis/Documents/Worldline/autoPairing/logstash/logstash-core/lib/jars/logstash-core.jar
7fc01000f000-7fc01001a000 r--s 000b5000 103:04 1582124                   /home/trofis/Documents/Worldline/autoPairing/logstash/logstash-core/lib/jars/javassist-3.26.0-GA.jar
7fc01001a000-7fc010026000 r--s 000c9000 103:04 1582116                   /home/trofis/Documents/Worldline/autoPairing/logstash/logstash-core/lib/jars/janino-3.1.0.jar
7fc010026000-7fc010039000 r--s 00137000 103:04 1582117                   /home/trofis/Documents/Worldline/autoPairing/logstash/logstash-core/lib/jars/jackson-databind-2.9.10.1.jar
7fc010039000-7fc010069000 r--s 00245000 103:04 1582097                   /home/trofis/Documents/Worldline/autoPairing/logstash/logstash-core/lib/jars/guava-22.0.jar
7fc010069000-7fc01006a000 ---p 00000000 00:00 0 
7fc01006a000-7fc01006d000 ---p 00000000 00:00 0 
7fc01006d000-7fc01016a000 rw-p 00000000 00:00 0 
7fc01016a000-7fc01016b000 ---p 00000000 00:00 0 
7fc01016b000-7fc01016e000 ---p 00000000 00:00 0 
7fc01016e000-7fc01026b000 rw-p 00000000 00:00 0 
7fc01026b000-7fc01026c000 ---p 00000000 00:00 0 
7fc01026c000-7fc01026f000 ---p 00000000 00:00 0 
7fc01026f000-7fc01036c000 rw-p 00000000 00:00 0 
7fc01036c000-7fc01036f000 ---p 00000000 00:00 0 
7fc01036f000-7fc01046d000 rw-p 00000000 00:00 0 
7fc01046d000-7fc010470000 ---p 00000000 00:00 0 
7fc010470000-7fc01056e000 rw-p 00000000 00:00 0 
7fc01056e000-7fc010855000 r--p 00000000 103:04 2374792                   /usr/lib/locale/locale-archive
7fc010855000-7fc010858000 ---p 00000000 00:00 0 
7fc010858000-7fc010956000 rw-p 00000000 00:00 0 
7fc010956000-7fc010959000 ---p 00000000 00:00 0 
7fc010959000-7fc010a57000 rw-p 00000000 00:00 0 
7fc010a57000-7fc010a58000 ---p 00000000 00:00 0 
7fc010a58000-7fc010ba6000 rw-p 00000000 00:00 0 
7fc010ba6000-7fc010d76000 r--s 03c68000 103:04 662574                    /usr/lib/jvm/java-8-openjdk/jre/lib/rt.jar
7fc010d76000-7fc01166f000 rw-p 00000000 00:00 0 
7fc01166f000-7fc0116f7000 rw-p 00000000 00:00 0 
7fc0116f7000-7fc0116f8000 ---p 00000000 00:00 0 
7fc0116f8000-7fc014000000 rw-p 00000000 00:00 0 
7fc014000000-7fc014027000 rw-p 00000000 00:00 0 
7fc014027000-7fc018000000 ---p 00000000 00:00 0 
7fc018000000-7fc018021000 rw-p 00000000 00:00 0 
7fc018021000-7fc01c000000 ---p 00000000 00:00 0 
7fc01c000000-7fc01c021000 rw-p 00000000 00:00 0 
7fc01c021000-7fc020000000 ---p 00000000 00:00 0 
7fc020000000-7fc020021000 rw-p 00000000 00:00 0 
7fc020021000-7fc024000000 ---p 00000000 00:00 0 
7fc024000000-7fc02403d000 rw-p 00000000 00:00 0 
7fc02403d000-7fc028000000 ---p 00000000 00:00 0 
7fc028000000-7fc028021000 rw-p 00000000 00:00 0 
7fc028021000-7fc02c000000 ---p 00000000 00:00 0 
7fc02c000000-7fc02c021000 rw-p 00000000 00:00 0 
7fc02c021000-7fc030000000 ---p 00000000 00:00 0 
7fc030000000-7fc030003000 r--s 00014000 103:04 1582115                   /home/trofis/Documents/Worldline/autoPairing/logstash/logstash-core/lib/jars/org.eclipse.core.contenttype-3.4.100.jar
7fc030003000-7fc030009000 r--s 0003e000 103:04 1582100                   /home/trofis/Documents/Worldline/autoPairing/logstash/logstash-core/lib/jars/log4j-api-2.12.1.jar
7fc030009000-7fc0300fc000 rw-p 00000000 00:00 0 
7fc0300fc000-7fc0300fd000 ---p 00000000 00:00 0 
7fc0300fd000-7fc0301fd000 rw-p 00000000 00:00 0 
7fc0301fd000-7fc0301fe000 ---p 00000000 00:00 0 
7fc0301fe000-7fc031000000 rw-p 00000000 00:00 0 
7fc031000000-7fc033fe0000 rwxp 00000000 00:00 0 
7fc033fe0000-7fc040000000 ---p 00000000 00:00 0 
7fc040000000-7fc041be4000 rw-p 00000000 00:00 0 
7fc041be4000-7fc044000000 ---p 00000000 00:00 0 
7fc044000000-7fc044001000 r--s 00004000 00:2e 310                        /tmp/jruby-146593/jruby6238378349216812220psych.jar
7fc044001000-7fc044002000 r--s 00005000 103:04 1582090                   /home/trofis/Documents/Worldline/autoPairing/logstash/logstash-core/lib/jars/log4j-slf4j-impl-2.12.1.jar
7fc044002000-7fc044005000 r--s 00006000 103:04 1582094                   /home/trofis/Documents/Worldline/autoPairing/logstash/logstash-core/lib/jars/jsr305-1.3.9.jar
7fc044005000-7fc044007000 r--s 0000b000 103:04 1582101                   /home/trofis/Documents/Worldline/autoPairing/logstash/logstash-core/lib/jars/jackson-dataformat-cbor-2.9.10.jar
7fc044007000-7fc04400b000 r--s 0004c000 103:04 1582105                   /home/trofis/Documents/Worldline/autoPairing/logstash/logstash-core/lib/jars/jackson-core-2.9.10.jar
7fc04400b000-7fc04400e000 r--s 0000e000 103:04 1582113                   /home/trofis/Documents/Worldline/autoPairing/logstash/logstash-core/lib/jars/jackson-annotations-2.9.10.jar
7fc04400e000-7fc044010000 r--s 00001000 103:04 1582112                   /home/trofis/Documents/Worldline/autoPairing/logstash/logstash-core/lib/jars/j2objc-annotations-1.1.jar
7fc044010000-7fc044015000 r--s 0003c000 103:04 1582104                   /home/trofis/Documents/Worldline/autoPairing/logstash/logstash-core/lib/jars/gradle-license-report-0.7.1.jar
7fc044015000-7fc044019000 r--s 0002a000 103:04 1582111                   /home/trofis/Documents/Worldline/autoPairing/logstash/logstash-core/lib/jars/google-java-format-1.1.jar
7fc044019000-7fc04401a000 r--s 00002000 103:04 1582095                   /home/trofis/Documents/Worldline/autoPairing/logstash/logstash-core/lib/jars/error_prone_annotations-2.0.18.jar
7fc04401a000-7fc044021000 r--s 0004e000 103:04 1582109                   /home/trofis/Documents/Worldline/autoPairing/logstash/logstash-core/lib/jars/commons-codec-1.13.jar
7fc044021000-7fc044953000 rw-p 00000000 00:00 0 
7fc044953000-7fc044954000 rw-p 00000000 00:00 0 
7fc044954000-7fc044955000 ---p 00000000 00:00 0 
7fc044955000-7fc044a55000 rw-p 00000000 00:00 0 
7fc044a55000-7fc044a56000 ---p 00000000 00:00 0 
7fc044a56000-7fc044b56000 rw-p 00000000 00:00 0 
7fc044b56000-7fc044b57000 ---p 00000000 00:00 0 
7fc044b57000-7fc044c57000 rw-p 00000000 00:00 0 
7fc044c57000-7fc044c58000 ---p 00000000 00:00 0 
7fc044c58000-7fc044d58000 rw-p 00000000 00:00 0 
7fc044d58000-7fc044d59000 ---p 00000000 00:00 0 
7fc044d59000-7fc044e59000 rw-p 00000000 00:00 0 
7fc044e59000-7fc044e5a000 ---p 00000000 00:00 0 
7fc044e5a000-7fc044f5a000 rw-p 00000000 00:00 0 
7fc044f5a000-7fc044f5b000 ---p 00000000 00:00 0 
7fc044f5b000-7fc04505b000 rw-p 00000000 00:00 0 
7fc04505b000-7fc04505c000 ---p 00000000 00:00 0 
7fc04505c000-7fc04521c000 rw-p 00000000 00:00 0 
7fc04521c000-7fc04551c000 ---p 00000000 00:00 0 
7fc04551c000-7fc04551f000 r--p 00000000 103:04 662609                    /usr/lib/jvm/java-8-openjdk/jre/lib/amd64/libzip.so
7fc04551f000-7fc045523000 r-xp 00003000 103:04 662609                    /usr/lib/jvm/java-8-openjdk/jre/lib/amd64/libzip.so
7fc045523000-7fc045525000 r--p 00007000 103:04 662609                    /usr/lib/jvm/java-8-openjdk/jre/lib/amd64/libzip.so
7fc045525000-7fc045526000 r--p 00008000 103:04 662609                    /usr/lib/jvm/java-8-openjdk/jre/lib/amd64/libzip.so
7fc045526000-7fc045527000 rw-p 00009000 103:04 662609                    /usr/lib/jvm/java-8-openjdk/jre/lib/amd64/libzip.so
7fc045527000-7fc045534000 r--p 00000000 103:04 662588                    /usr/lib/jvm/java-8-openjdk/jre/lib/amd64/libjava.so
7fc045534000-7fc04554a000 r-xp 0000d000 103:04 662588                    /usr/lib/jvm/java-8-openjdk/jre/lib/amd64/libjava.so
7fc04554a000-7fc045551000 r--p 00023000 103:04 662588                    /usr/lib/jvm/java-8-openjdk/jre/lib/amd64/libjava.so
7fc045551000-7fc045552000 r--p 00029000 103:04 662588                    /usr/lib/jvm/java-8-openjdk/jre/lib/amd64/libjava.so
7fc045552000-7fc045553000 rw-p 0002a000 103:04 662588                    /usr/lib/jvm/java-8-openjdk/jre/lib/amd64/libjava.so
7fc045553000-7fc045554000 rw-p 00000000 00:00 0 
7fc045554000-7fc045557000 r--p 00000000 103:04 2368512                   /usr/lib/librt-2.31.so
7fc045557000-7fc04555b000 r-xp 00003000 103:04 2368512                   /usr/lib/librt-2.31.so
7fc04555b000-7fc04555c000 r--p 00007000 103:04 2368512                   /usr/lib/librt-2.31.so
7fc04555c000-7fc04555d000 ---p 00008000 103:04 2368512                   /usr/lib/librt-2.31.so
7fc04555d000-7fc04555e000 r--p 00008000 103:04 2368512                   /usr/lib/librt-2.31.so
7fc04555e000-7fc04555f000 rw-p 00009000 103:04 2368512                   /usr/lib/librt-2.31.so
7fc04555f000-7fc045560000 ---p 00000000 00:00 0 
7fc045560000-7fc045563000 ---p 00000000 00:00 0 
7fc045563000-7fc045660000 rw-p 00000000 00:00 0 
7fc045660000-7fc04566f000 r--p 00000000 103:04 2368476                   /usr/lib/libm-2.31.so
7fc04566f000-7fc04570b000 r-xp 0000f000 103:04 2368476                   /usr/lib/libm-2.31.so
7fc04570b000-7fc0457a4000 r--p 000ab000 103:04 2368476                   /usr/lib/libm-2.31.so
7fc0457a4000-7fc0457a5000 r--p 00143000 103:04 2368476                   /usr/lib/libm-2.31.so
7fc0457a5000-7fc0457a6000 rw-p 00144000 103:04 2368476                   /usr/lib/libm-2.31.so
7fc0457a6000-7fc045998000 r--p 00000000 103:04 662612                    /usr/lib/jvm/java-8-openjdk/jre/lib/amd64/server/libjvm.so
7fc045998000-7fc046244000 r-xp 001f2000 103:04 662612                    /usr/lib/jvm/java-8-openjdk/jre/lib/amd64/server/libjvm.so
7fc046244000-7fc0463e6000 r--p 00a9e000 103:04 662612                    /usr/lib/jvm/java-8-openjdk/jre/lib/amd64/server/libjvm.so
7fc0463e6000-7fc0463e7000 ---p 00c40000 103:04 662612                    /usr/lib/jvm/java-8-openjdk/jre/lib/amd64/server/libjvm.so
7fc0463e7000-7fc04647c000 r--p 00c40000 103:04 662612                    /usr/lib/jvm/java-8-openjdk/jre/lib/amd64/server/libjvm.so
7fc04647c000-7fc0464a4000 rw-p 00cd5000 103:04 662612                    /usr/lib/jvm/java-8-openjdk/jre/lib/amd64/server/libjvm.so
7fc0464a4000-7fc0464d7000 rw-p 00000000 00:00 0 
7fc0464d7000-7fc0464de000 r--p 00000000 103:04 2368504                   /usr/lib/libpthread-2.31.so
7fc0464de000-7fc0464ee000 r-xp 00007000 103:04 2368504                   /usr/lib/libpthread-2.31.so
7fc0464ee000-7fc0464f3000 r--p 00017000 103:04 2368504                   /usr/lib/libpthread-2.31.so
7fc0464f3000-7fc0464f4000 r--p 0001b000 103:04 2368504                   /usr/lib/libpthread-2.31.so
7fc0464f4000-7fc0464f5000 rw-p 0001c000 103:04 2368504                   /usr/lib/libpthread-2.31.so
7fc0464f5000-7fc0464f9000 rw-p 00000000 00:00 0 
7fc0464f9000-7fc0464fa000 r--p 00000000 103:04 2368470                   /usr/lib/libdl-2.31.so
7fc0464fa000-7fc0464fb000 r-xp 00001000 103:04 2368470                   /usr/lib/libdl-2.31.so
7fc0464fb000-7fc0464fc000 r--p 00002000 103:04 2368470                   /usr/lib/libdl-2.31.so
7fc0464fc000-7fc0464fd000 r--p 00002000 103:04 2368470                   /usr/lib/libdl-2.31.so
7fc0464fd000-7fc0464fe000 rw-p 00003000 103:04 2368470                   /usr/lib/libdl-2.31.so
7fc0464fe000-7fc046501000 r--p 00000000 103:04 2365659                   /usr/lib/libz.so.1.2.11
7fc046501000-7fc04650f000 r-xp 00003000 103:04 2365659                   /usr/lib/libz.so.1.2.11
7fc04650f000-7fc046515000 r--p 00011000 103:04 2365659                   /usr/lib/libz.so.1.2.11
7fc046515000-7fc046516000 ---p 00017000 103:04 2365659                   /usr/lib/libz.so.1.2.11
7fc046516000-7fc046517000 r--p 00017000 103:04 2365659                   /usr/lib/libz.so.1.2.11
7fc046517000-7fc046518000 rw-p 00018000 103:04 2365659                   /usr/lib/libz.so.1.2.11
7fc046518000-7fc04653d000 r--p 00000000 103:04 2368461                   /usr/lib/libc-2.31.so
7fc04653d000-7fc046689000 r-xp 00025000 103:04 2368461                   /usr/lib/libc-2.31.so
7fc046689000-7fc0466d4000 r--p 00171000 103:04 2368461                   /usr/lib/libc-2.31.so
7fc0466d4000-7fc0466d7000 r--p 001bb000 103:04 2368461                   /usr/lib/libc-2.31.so
7fc0466d7000-7fc0466da000 rw-p 001be000 103:04 2368461                   /usr/lib/libc-2.31.so
7fc0466da000-7fc0466de000 rw-p 00000000 00:00 0 
7fc0466de000-7fc0466e3000 r--s 0001f000 103:04 1582119                   /home/trofis/Documents/Worldline/autoPairing/logstash/logstash-core/lib/jars/commons-compiler-3.1.0.jar
7fc0466e3000-7fc0466e4000 r--s 00000000 103:04 1582118                   /home/trofis/Documents/Worldline/autoPairing/logstash/logstash-core/lib/jars/animal-sniffer-annotations-1.14.jar
7fc0466e4000-7fc0466ec000 rw-s 00000000 00:2e 304                        /tmp/hsperfdata_trofis/146593
7fc0466ec000-7fc0466ef000 r--p 00000000 103:04 2368497                   /usr/lib/libnss_files-2.31.so
7fc0466ef000-7fc0466f6000 r-xp 00003000 103:04 2368497                   /usr/lib/libnss_files-2.31.so
7fc0466f6000-7fc0466f8000 r--p 0000a000 103:04 2368497                   /usr/lib/libnss_files-2.31.so
7fc0466f8000-7fc0466f9000 r--p 0000b000 103:04 2368497                   /usr/lib/libnss_files-2.31.so
7fc0466f9000-7fc0466fa000 rw-p 0000c000 103:04 2368497                   /usr/lib/libnss_files-2.31.so
7fc0466fa000-7fc046701000 rw-p 00000000 00:00 0 
7fc046701000-7fc046706000 r--p 00000000 103:04 662608                    /usr/lib/jvm/java-8-openjdk/jre/lib/amd64/libverify.so
7fc046706000-7fc04670d000 r-xp 00005000 103:04 662608                    /usr/lib/jvm/java-8-openjdk/jre/lib/amd64/libverify.so
7fc04670d000-7fc04670f000 r--p 0000c000 103:04 662608                    /usr/lib/jvm/java-8-openjdk/jre/lib/amd64/libverify.so
7fc04670f000-7fc046710000 ---p 0000e000 103:04 662608                    /usr/lib/jvm/java-8-openjdk/jre/lib/amd64/libverify.so
7fc046710000-7fc046712000 r--p 0000e000 103:04 662608                    /usr/lib/jvm/java-8-openjdk/jre/lib/amd64/libverify.so
7fc046712000-7fc046713000 rw-p 00010000 103:04 662608                    /usr/lib/jvm/java-8-openjdk/jre/lib/amd64/libverify.so
7fc046713000-7fc046716000 r--p 00000000 103:04 662610                    /usr/lib/jvm/java-8-openjdk/jre/lib/amd64/jli/libjli.so
7fc046716000-7fc04671f000 r-xp 00003000 103:04 662610                    /usr/lib/jvm/java-8-openjdk/jre/lib/amd64/jli/libjli.so
7fc04671f000-7fc046722000 r--p 0000c000 103:04 662610                    /usr/lib/jvm/java-8-openjdk/jre/lib/amd64/jli/libjli.so
7fc046722000-7fc046723000 r--p 0000e000 103:04 662610                    /usr/lib/jvm/java-8-openjdk/jre/lib/amd64/jli/libjli.so
7fc046723000-7fc046724000 rw-p 0000f000 103:04 662610                    /usr/lib/jvm/java-8-openjdk/jre/lib/amd64/jli/libjli.so
7fc046724000-7fc046726000 rw-p 00000000 00:00 0 
7fc046726000-7fc046728000 r--p 00000000 103:04 2368449                   /usr/lib/ld-2.31.so
7fc046728000-7fc046748000 r-xp 00002000 103:04 2368449                   /usr/lib/ld-2.31.so
7fc046748000-7fc046750000 r--p 00022000 103:04 2368449                   /usr/lib/ld-2.31.so
7fc046750000-7fc046751000 r--p 00000000 00:00 0 
7fc046751000-7fc046752000 r--p 0002a000 103:04 2368449                   /usr/lib/ld-2.31.so
7fc046752000-7fc046753000 rw-p 0002b000 103:04 2368449                   /usr/lib/ld-2.31.so
7fc046753000-7fc046754000 rw-p 00000000 00:00 0 
7ffe9acdb000-7ffe9acff000 rw-p 00000000 00:00 0                          [stack]
7ffe9ad44000-7ffe9ad47000 r--p 00000000 00:00 0                          [vvar]
7ffe9ad47000-7ffe9ad48000 r-xp 00000000 00:00 0                          [vdso]
ffffffffff600000-ffffffffff601000 --xp 00000000 00:00 0                  [vsyscall]

VM Arguments:
jvm_args: -Xms1g -Xmx1g -XX:+UseConcMarkSweepGC -XX:CMSInitiatingOccupancyFraction=75 -XX:+UseCMSInitiatingOccupancyOnly -Djava.awt.headless=true -Dfile.encoding=UTF-8 -Djruby.compile.invokedynamic=true -Djruby.jit.threshold=0 -Djruby.regexp.interruptible=true -XX:+HeapDumpOnOutOfMemoryError -Djava.security.egd=file:/dev/urandom -Dlog4j2.isThreadContextMapInheritable=true 
java_command: org.logstash.Logstash -f /home/trofis/Documents/Worldline/autoPairing/config/logstash-config.conf -w 1
java_class_path (initial): /home/trofis/Documents/Worldline/autoPairing/logstash/logstash-core/lib/jars/animal-sniffer-annotations-1.14.jar:/home/trofis/Documents/Worldline/autoPairing/logstash/logstash-core/lib/jars/commons-codec-1.13.jar:/home/trofis/Documents/Worldline/autoPairing/logstash/logstash-core/lib/jars/commons-compiler-3.1.0.jar:/home/trofis/Documents/Worldline/autoPairing/logstash/logstash-core/lib/jars/error_prone_annotations-2.0.18.jar:/home/trofis/Documents/Worldline/autoPairing/logstash/logstash-core/lib/jars/google-java-format-1.1.jar:/home/trofis/Documents/Worldline/autoPairing/logstash/logstash-core/lib/jars/gradle-license-report-0.7.1.jar:/home/trofis/Documents/Worldline/autoPairing/logstash/logstash-core/lib/jars/guava-22.0.jar:/home/trofis/Documents/Worldline/autoPairing/logstash/logstash-core/lib/jars/j2objc-annotations-1.1.jar:/home/trofis/Documents/Worldline/autoPairing/logstash/logstash-core/lib/jars/jackson-annotations-2.9.10.jar:/home/trofis/Documents/Worldline/autoPairing/logstash/logstash-core/lib/jars/jackson-core-2.9.10.jar:/home/trofis/Documents/Worldline/autoPairing/logstash/logstash-core/lib/jars/jackson-databind-2.9.10.1.jar:/home/trofis/Documents/Worldline/autoPairing/logstash/logstash-core/lib/jars/jackson-dataformat-cbor-2.9.10.jar:/home/trofis/Documents/Worldline/autoPairing/logstash/logstash-core/lib/jars/janino-3.1.0.jar:/home/trofis/Documents/Worldline/autoPairing/logstash/logstash-core/lib/jars/javassist-3.26.0-GA.jar:/home/trofis/Documents/Worldline/autoPairing/logstash/logstash-core/lib/jars/jruby-complete-9.2.9.0.jar:/home/trofis/Documents/Worldline/autoPairing/logstash/logstash-core/lib/jars/jsr305-1.3.9.jar:/home/trofis/Documents/Worldline/autoPairing/logstash/logstash-core/lib/jars/log4j-api-2.12.1.jar:/home/trofis/Documents/Worldline/autoPairing/logstash/logstash-core/lib/jars/log4j-core-2.12.1.jar:/home/trofis/Documents/Worldline/autoPairing/logstash/logstash-core/lib/jars/log4j-slf4j-impl-2.12.1.jar:/home/trof
Launcher Type: SUN_STANDARD

Environment Variables:
PATH=/home/trofis/Documents/Worldline/autoPairing/logstash/vendor/bundle/jruby/2.5.0/bin:/usr/lib/node_modules/npm/node_modules/npm-lifecycle/node-gyp-bin:/home/trofis/Documents/auto-pairing-app/server/node_modules/.bin:/home/trofis/.local/bin:/usr/local/bin:/usr/local/sbin:/usr/bin:/usr/lib/jvm/default/bin:/usr/bin/site_perl:/usr/bin/vendor_perl:/usr/bin/core_perl:/var/lib/snapd/snap/bin
USERNAME=trofis
SHELL=/bin/bash
DISPLAY=:1

Signal Handlers:
SIGSEGV: [libjvm.so+0xa6a400], sa_mask[0]=11111111011111111101111111111110, sa_flags=SA_RESTART|SA_SIGINFO
SIGBUS: [libjvm.so+0xa6a400], sa_mask[0]=11111111011111111101111111111110, sa_flags=SA_RESTART|SA_SIGINFO
SIGFPE: [libjvm.so+0x8c7be0], sa_mask[0]=11111111011111111101111111111110, sa_flags=SA_RESTART|SA_SIGINFO
SIGPIPE: [libjvm.so+0x8c7be0], sa_mask[0]=11111111011111111101111111111110, sa_flags=SA_RESTART|SA_SIGINFO
SIGXFSZ: [libjvm.so+0x8c7be0], sa_mask[0]=11111111011111111101111111111110, sa_flags=SA_RESTART|SA_SIGINFO
SIGILL: [libjvm.so+0x8c7be0], sa_mask[0]=11111111011111111101111111111110, sa_flags=SA_RESTART|SA_SIGINFO
SIGUSR1: SIG_DFL, sa_mask[0]=00000000000000000000000000000000, sa_flags=none
SIGUSR2: [libjvm.so+0x8c7ab0], sa_mask[0]=00000000000000000000000000000000, sa_flags=SA_RESTART|SA_SIGINFO
SIGHUP: [libjvm.so+0x8c7e80], sa_mask[0]=11111111011111111101111111111110, sa_flags=SA_RESTART|SA_SIGINFO
SIGINT: [libjvm.so+0x8c7e80], sa_mask[0]=11111111011111111101111111111110, sa_flags=SA_RESTART|SA_SIGINFO
SIGTERM: [libjvm.so+0x8c7e80], sa_mask[0]=11111111011111111101111111111110, sa_flags=SA_RESTART|SA_SIGINFO
SIGQUIT: [libjvm.so+0x8c7e80], sa_mask[0]=11111111011111111101111111111110, sa_flags=SA_RESTART|SA_SIGINFO


---------------  S Y S T E M  ---------------

OS:DISTRIB_ID=ManjaroLinux
DISTRIB_RELEASE=20.0
DISTRIB_CODENAME=Lysia
DISTRIB_DESCRIPTION="Manjaro Linux"

uname:Linux 5.4.36-1-MANJARO #1 SMP PREEMPT Wed Apr 29 18:47:01 UTC 2020 x86_64
libc:glibc 2.31 NPTL 2.31 
rlimit: STACK 8192k, CORE infinity, NPROC 30891, NOFILE 524288, AS infinity
load average:2,00 1,86 1,95

/proc/meminfo:
MemTotal:        7927548 kB
MemFree:          265232 kB
MemAvailable:     635108 kB
Buffers:           49236 kB
Cached:          1719924 kB
SwapCached:            0 kB
Active:          5603284 kB
Inactive:         731960 kB
Active(anon):    5280556 kB
Inactive(anon):   491448 kB
Active(file):     322728 kB
Inactive(file):   240512 kB
Unevictable:      709700 kB
Mlocked:              80 kB
SwapTotal:             0 kB
SwapFree:              0 kB
Dirty:                64 kB
Writeback:             0 kB
AnonPages:       5275620 kB
Mapped:           608552 kB
Shmem:           1238084 kB
KReclaimable:     110056 kB
Slab:             325164 kB
SReclaimable:     110056 kB
SUnreclaim:       215108 kB
KernelStack:       21096 kB
PageTables:        77520 kB
NFS_Unstable:          0 kB
Bounce:                0 kB
WritebackTmp:          0 kB
CommitLimit:     3963772 kB
Committed_AS:   21753092 kB
VmallocTotal:   34359738367 kB
VmallocUsed:       43544 kB
VmallocChunk:          0 kB
Percpu:             5760 kB
HardwareCorrupted:     0 kB
AnonHugePages:         0 kB
ShmemHugePages:        0 kB
ShmemPmdMapped:        0 kB
FileHugePages:         0 kB
FilePmdMapped:         0 kB
HugePages_Total:       0
HugePages_Free:        0
HugePages_Rsvd:        0
HugePages_Surp:        0
Hugepagesize:       2048 kB
Hugetlb:               0 kB
DirectMap4k:      527304 kB
DirectMap2M:     7634944 kB
DirectMap1G:           0 kB

container (cgroup) information:
container_type: cgroupv1
cpu_cpuset_cpus: 0-7
cpu_memory_nodes: 0
active_processor_count: 8
cpu_quota: -1
cpu_period: 100000
cpu_shares: -1
memory_limit_in_bytes: -1
memory_and_swap_limit_in_bytes: -1
memory_soft_limit_in_bytes: -1
memory_usage_in_bytes: 7124660224
memory_max_usage_in_bytes: 7396589568


CPU:total 8 (initial active 8) (4 cores per cpu, 2 threads per core) family 6 model 142 stepping 12, cmov, cx8, fxsr, mmx, sse, sse2, sse3, ssse3, sse4.1, sse4.2, popcnt, avx, avx2, aes, clmul, erms, 3dnowpref, lzcnt, ht, tsc, tscinvbit, bmi1, bmi2, adx

/proc/cpuinfo:
processor	: 0
vendor_id	: GenuineIntel
cpu family	: 6
model		: 142
model name	: Intel(R) Core(TM) i5-8265U CPU @ 1.60GHz
stepping	: 12
microcode	: 0xca
cpu MHz		: 800.000
cache size	: 6144 KB
physical id	: 0
siblings	: 8
core id		: 0
cpu cores	: 4
apicid		: 0
initial apicid	: 0
fpu		: yes
fpu_exception	: yes
cpuid level	: 22
wp		: yes
flags		: fpu vme de pse tsc msr pae mce cx8 apic sep mtrr pge mca cmov pat pse36 clflush dts acpi mmx fxsr sse sse2 ss ht tm pbe syscall nx pdpe1gb rdtscp lm constant_tsc art arch_perfmon pebs bts rep_good nopl xtopology nonstop_tsc cpuid aperfmperf pni pclmulqdq dtes64 monitor ds_cpl vmx est tm2 ssse3 sdbg fma cx16 xtpr pdcm pcid sse4_1 sse4_2 x2apic movbe popcnt tsc_deadline_timer aes xsave avx f16c rdrand lahf_lm abm 3dnowprefetch cpuid_fault epb invpcid_single ssbd ibrs ibpb stibp ibrs_enhanced tpr_shadow vnmi flexpriority ept vpid ept_ad fsgsbase tsc_adjust bmi1 avx2 smep bmi2 erms invpcid mpx rdseed adx smap clflushopt intel_pt xsaveopt xsavec xgetbv1 xsaves dtherm ida arat pln pts hwp hwp_notify hwp_act_window hwp_epp md_clear flush_l1d arch_capabilities
bugs		: spectre_v1 spectre_v2 spec_store_bypass swapgs itlb_multihit
bogomips	: 3601.00
clflush size	: 64
cache_alignment	: 64
address sizes	: 39 bits physical, 48 bits virtual
power management:

processor	: 1
vendor_id	: GenuineIntel
cpu family	: 6
model		: 142
model name	: Intel(R) Core(TM) i5-8265U CPU @ 1.60GHz
stepping	: 12
microcode	: 0xca
cpu MHz		: 799.998
cache size	: 6144 KB
physical id	: 0
siblings	: 8
core id		: 1
cpu cores	: 4
apicid		: 2
initial apicid	: 2
fpu		: yes
fpu_exception	: yes
cpuid level	: 22
wp		: yes
flags		: fpu vme de pse tsc msr pae mce cx8 apic sep mtrr pge mca cmov pat pse36 clflush dts acpi mmx fxsr sse sse2 ss ht tm pbe syscall nx pdpe1gb rdtscp lm constant_tsc art arch_perfmon pebs bts rep_good nopl xtopology nonstop_tsc cpuid aperfmperf pni pclmulqdq dtes64 monitor ds_cpl vmx est tm2 ssse3 sdbg fma cx16 xtpr pdcm pcid sse4_1 sse4_2 x2apic movbe popcnt tsc_deadline_timer aes xsave avx f16c rdrand lahf_lm abm 3dnowprefetch cpuid_fault epb invpcid_single ssbd ibrs ibpb stibp ibrs_enhanced tpr_shadow vnmi flexpriority ept vpid ept_ad fsgsbase tsc_adjust bmi1 avx2 smep bmi2 erms invpcid mpx rdseed adx smap clflushopt intel_pt xsaveopt xsavec xgetbv1 xsaves dtherm ida arat pln pts hwp hwp_notify hwp_act_window hwp_epp md_clear flush_l1d arch_capabilities
bugs		: spectre_v1 spectre_v2 spec_store_bypass swapgs itlb_multihit
bogomips	: 3601.00
clflush size	: 64
cache_alignment	: 64
address sizes	: 39 bits physical, 48 bits virtual
power management:

processor	: 2
vendor_id	: GenuineIntel
cpu family	: 6
model		: 142
model name	: Intel(R) Core(TM) i5-8265U CPU @ 1.60GHz
stepping	: 12
microcode	: 0xca
cpu MHz		: 799.998
cache size	: 6144 KB
physical id	: 0
siblings	: 8
core id		: 2
cpu cores	: 4
apicid		: 4
initial apicid	: 4
fpu		: yes
fpu_exception	: yes
cpuid level	: 22
wp		: yes
flags		: fpu vme de pse tsc msr pae mce cx8 apic sep mtrr pge mca cmov pat pse36 clflush dts acpi mmx fxsr sse sse2 ss ht tm pbe syscall nx pdpe1gb rdtscp lm constant_tsc art arch_perfmon pebs bts rep_good nopl xtopology nonstop_tsc cpuid aperfmperf pni pclmulqdq dtes64 monitor ds_cpl vmx est tm2 ssse3 sdbg fma cx16 xtpr pdcm pcid sse4_1 sse4_2 x2apic movbe popcnt tsc_deadline_timer aes xsave avx f16c rdrand lahf_lm abm 3dnowprefetch cpuid_fault epb invpcid_single ssbd ibrs ibpb stibp ibrs_enhanced tpr_shadow vnmi flexpriority ept vpid ept_ad fsgsbase tsc_adjust bmi1 avx2 smep bmi2 erms invpcid mpx rdseed adx smap clflushopt intel_pt xsaveopt xsavec xgetbv1 xsaves dtherm ida arat pln pts hwp hwp_notify hwp_act_window hwp_epp md_clear flush_l1d arch_capabilities
bugs		: spectre_v1 spectre_v2 spec_store_bypass swapgs itlb_multihit
bogomips	: 3601.00
clflush size	: 64
cache_alignment	: 64
address sizes	: 39 bits physical, 48 bits virtual
power management:

processor	: 3
vendor_id	: GenuineIntel
cpu family	: 6
model		: 142
model name	: Intel(R) Core(TM) i5-8265U CPU @ 1.60GHz
stepping	: 12
microcode	: 0xca
cpu MHz		: 800.000
cache size	: 6144 KB
physical id	: 0
siblings	: 8
core id		: 3
cpu cores	: 4
apicid		: 6
initial apicid	: 6
fpu		: yes
fpu_exception	: yes
cpuid level	: 22
wp		: yes
flags		: fpu vme de pse tsc msr pae mce cx8 apic sep mtrr pge mca cmov pat pse36 clflush dts acpi mmx fxsr sse sse2 ss ht tm pbe syscall nx pdpe1gb rdtscp lm constant_tsc art arch_perfmon pebs bts rep_good nopl xtopology nonstop_tsc cpuid aperfmperf pni pclmulqdq dtes64 monitor ds_cpl vmx est tm2 ssse3 sdbg fma cx16 xtpr pdcm pcid sse4_1 sse4_2 x2apic movbe popcnt tsc_deadline_timer aes xsave avx f16c rdrand lahf_lm abm 3dnowprefetch cpuid_fault epb invpcid_single ssbd ibrs ibpb stibp ibrs_enhanced tpr_shadow vnmi flexpriority ept vpid ept_ad fsgsbase tsc_adjust bmi1 avx2 smep bmi2 erms invpcid mpx rdseed adx smap clflushopt intel_pt xsaveopt xsavec xgetbv1 xsaves dtherm ida arat pln pts hwp hwp_notify hwp_act_window hwp_epp md_clear flush_l1d arch_capabilities
bugs		: spectre_v1 spectre_v2 spec_store_bypass swapgs itlb_multihit
bogomips	: 3601.00
clflush size	: 64
cache_alignment	: 64
address sizes	: 39 bits physical, 48 bits virtual
power management:

processor	: 4
vendor_id	: GenuineIntel
cpu family	: 6
model		: 142
model name	: Intel(R) Core(TM) i5-8265U CPU @ 1.60GHz
stepping	: 12
microcode	: 0xca
cpu MHz		: 799.997
cache size	: 6144 KB
physical id	: 0
siblings	: 8
core id		: 0
cpu cores	: 4
apicid		: 1
initial apicid	: 1
fpu		: yes
fpu_exception	: yes
cpuid level	: 22
wp		: yes
flags		: fpu vme de pse tsc msr pae mce cx8 apic sep mtrr pge mca cmov pat pse36 clflush dts acpi mmx fxsr sse sse2 ss ht tm pbe syscall nx pdpe1gb rdtscp lm constant_tsc art arch_perfmon pebs bts rep_good nopl xtopology nonstop_tsc cpuid aperfmperf pni pclmulqdq dtes64 monitor ds_cpl vmx est tm2 ssse3 sdbg fma cx16 xtpr pdcm pcid sse4_1 sse4_2 x2apic movbe popcnt tsc_deadline_timer aes xsave avx f16c rdrand lahf_lm abm 3dnowprefetch cpuid_fault epb invpcid_single ssbd ibrs ibpb stibp ibrs_enhanced tpr_shadow vnmi flexpriority ept vpid ept_ad fsgsbase tsc_adjust bmi1 avx2 smep bmi2 erms invpcid mpx rdseed adx smap clflushopt intel_pt xsaveopt xsavec xgetbv1 xsaves dtherm ida arat pln pts hwp hwp_notify hwp_act_window hwp_epp md_clear flush_l1d arch_capabilities
bugs		: spectre_v1 spectre_v2 spec_store_bypass swapgs itlb_multihit
bogomips	: 3601.00
clflush size	: 64
cache_alignment	: 64
address sizes	: 39 bits physical, 48 bits virtual
power management:

processor	: 5
vendor_id	: GenuineIntel
cpu family	: 6
model		: 142
model name	: Intel(R) Core(TM) i5-8265U CPU @ 1.60GHz
stepping	: 12
microcode	: 0xca
cpu MHz		: 800.000
cache size	: 6144 KB
physical id	: 0
siblings	: 8
core id		: 1
cpu cores	: 4
apicid		: 3
initial apicid	: 3
fpu		: yes
fpu_exception	: yes
cpuid level	: 22
wp		: yes
flags		: fpu vme de pse tsc msr pae mce cx8 apic sep mtrr pge mca cmov pat pse36 clflush dts acpi mmx fxsr sse sse2 ss ht tm pbe syscall nx pdpe1gb rdtscp lm constant_tsc art arch_perfmon pebs bts rep_good nopl xtopology nonstop_tsc cpuid aperfmperf pni pclmulqdq dtes64 monitor ds_cpl vmx est tm2 ssse3 sdbg fma cx16 xtpr pdcm pcid sse4_1 sse4_2 x2apic movbe popcnt tsc_deadline_timer aes xsave avx f16c rdrand lahf_lm abm 3dnowprefetch cpuid_fault epb invpcid_single ssbd ibrs ibpb stibp ibrs_enhanced tpr_shadow vnmi flexpriority ept vpid ept_ad fsgsbase tsc_adjust bmi1 avx2 smep bmi2 erms invpcid mpx rdseed adx smap clflushopt intel_pt xsaveopt xsavec xgetbv1 xsaves dtherm ida arat pln pts hwp hwp_notify hwp_act_window hwp_epp md_clear flush_l1d arch_capabilities
bugs		: spectre_v1 spectre_v2 spec_store_bypass swapgs itlb_multihit
bogomips	: 3601.00
clflush size	: 64
cache_alignment	: 64
address sizes	: 39 bits physical, 48 bits virtual
power management:

processor	: 6
vendor_id	: GenuineIntel
cpu family	: 6
model		: 142
model name	: Intel(R) Core(TM) i5-8265U CPU @ 1.60GHz
stepping	: 12
microcode	: 0xca
cpu MHz		: 800.000
cache size	: 6144 KB
physical id	: 0
siblings	: 8
core id		: 2
cpu cores	: 4
apicid		: 5
initial apicid	: 5
fpu		: yes
fpu_exception	: yes
cpuid level	: 22
wp		: yes
flags		: fpu vme de pse tsc msr pae mce cx8 apic sep mtrr pge mca cmov pat pse36 clflush dts acpi mmx fxsr sse sse2 ss ht tm pbe syscall nx pdpe1gb rdtscp lm constant_tsc art arch_perfmon pebs bts rep_good nopl xtopology nonstop_tsc cpuid aperfmperf pni pclmulqdq dtes64 monitor ds_cpl vmx est tm2 ssse3 sdbg fma cx16 xtpr pdcm pcid sse4_1 sse4_2 x2apic movbe popcnt tsc_deadline_timer aes xsave avx f16c rdrand lahf_lm abm 3dnowprefetch cpuid_fault epb invpcid_single ssbd ibrs ibpb stibp ibrs_enhanced tpr_shadow vnmi flexpriority ept vpid ept_ad fsgsbase tsc_adjust bmi1 avx2 smep bmi2 erms invpcid mpx rdseed adx smap clflushopt intel_pt xsaveopt xsavec xgetbv1 xsaves dtherm ida arat pln pts hwp hwp_notify hwp_act_window hwp_epp md_clear flush_l1d arch_capabilities
bugs		: spectre_v1 spectre_v2 spec_store_bypass swapgs itlb_multihit
bogomips	: 3601.00
clflush size	: 64
cache_alignment	: 64
address sizes	: 39 bits physical, 48 bits virtual
power management:

processor	: 7
vendor_id	: GenuineIntel
cpu family	: 6
model		: 142
model name	: Intel(R) Core(TM) i5-8265U CPU @ 1.60GHz
stepping	: 12
microcode	: 0xca
cpu MHz		: 800.000
cache size	: 6144 KB
physical id	: 0
siblings	: 8
core id		: 3
cpu cores	: 4
apicid		: 7
initial apicid	: 7
fpu		: yes
fpu_exception	: yes
cpuid level	: 22
wp		: yes
flags		: fpu vme de pse tsc msr pae mce cx8 apic sep mtrr pge mca cmov pat pse36 clflush dts acpi mmx fxsr sse sse2 ss ht tm pbe syscall nx pdpe1gb rdtscp lm constant_tsc art arch_perfmon pebs bts rep_good nopl xtopology nonstop_tsc cpuid aperfmperf pni pclmulqdq dtes64 monitor ds_cpl vmx est tm2 ssse3 sdbg fma cx16 xtpr pdcm pcid sse4_1 sse4_2 x2apic movbe popcnt tsc_deadline_timer aes xsave avx f16c rdrand lahf_lm abm 3dnowprefetch cpuid_fault epb invpcid_single ssbd ibrs ibpb stibp ibrs_enhanced tpr_shadow vnmi flexpriority ept vpid ept_ad fsgsbase tsc_adjust bmi1 avx2 smep bmi2 erms invpcid mpx rdseed adx smap clflushopt intel_pt xsaveopt xsavec xgetbv1 xsaves dtherm ida arat pln pts hwp hwp_notify hwp_act_window hwp_epp md_clear flush_l1d arch_capabilities
bugs		: spectre_v1 spectre_v2 spec_store_bypass swapgs itlb_multihit
bogomips	: 3601.00
clflush size	: 64
cache_alignment	: 64
address sizes	: 39 bits physical, 48 bits virtual
power management:



Memory: 4k page, physical 7927548k(264728k free), swap 0k(0k free)

vm_info: OpenJDK 64-Bit Server VM (25.242-b08) for linux-amd64 JRE (1.8.0_242-b08), built on Jan 26 2020 11:52:10 by "builduser" with gcc 9.2.0

time: Fri May 15 17:30:14 2020
timezone: CEST
elapsed time: 154 seconds (0d 0h 2m 34s)

