#
# A fatal error has been detected by the Java Runtime Environment:
#
#  SIGSEGV (0xb) at pc=0x00007fe7b6fb5ae9, pid=142449, tid=0x00007fe7b741e400
#
# JRE version: OpenJDK Runtime Environment (8.0_242-b08) (build 1.8.0_242-b08)
# Java VM: OpenJDK 64-Bit Server VM (25.242-b08 mixed mode linux-amd64 compressed oops)
# Problematic frame:
# V  [libjvm.so+0x8c7ae9]
#
# Core dump written. Default location: /home/trofis/Documents/auto-pairing-app/server/core or core.142449
#
# If you would like to submit a bug report, please visit:
#   http://bugreport.java.com/bugreport/crash.jsp
#

---------------  T H R E A D  ---------------

Current thread is native thread

siginfo: si_signo: 11 (SIGSEGV), si_code: 1 (SEGV_MAPERR), si_addr: 0x0000000000000110

Registers:
RAX=0x0000000000000000, RBX=0x00007fe7b741e380, RCX=0x00007fe7b7429a67, RDX=0x00007fe7b741e400
RSP=0x00007ffdbd7772b0, RBP=0x00007ffdbd777370, RSI=0x00007ffdbd7774b0, RDI=0x0000000000000001
R8 =0x0000000000000000, R9 =0x00007fe7b65a7700, R10=0x0000000000000000, R11=0x0000000000000246
R12=0x00007ffdbd7774b0, R13=0x00007fe7b65a79d0, R14=0x0000000000000000, R15=0x00007fe7b65a7700
RIP=0x00007fe7b6fb5ae9, EFLAGS=0x0000000000010246, CSGSFS=0x002b000000000033, ERR=0x0000000000000004
  TRAPNO=0x000000000000000e

Top of Stack: (sp=0x00007ffdbd7772b0)
0x00007ffdbd7772b0:   00000000bd777380 00007ffdbd777380
0x00007ffdbd7772c0:   00007ffdbd770000 0000000000000000
0x00007ffdbd7772d0:   00007ffdbd7779a8 0000000000000000
0x00007ffdbd7772e0:   ffffffffffffffff 0000000000000000
0x00007ffdbd7772f0:   0000000000000000 0000000000000002
0x00007ffdbd777300:   00007ffdbd777540 00007fe7b761c520
0x00007ffdbd777310:   0000000000000000 00007fe7b7621000
0x00007ffdbd777320:   0000000000000000 0000000000000000
0x00007ffdbd777330:   0000000000000000 00007ffdbd777520
0x00007ffdbd777340:   0000000100000001 00000000000000ca
0x00007ffdbd777350:   0000000000022c7d 00007fe7b65a79d0
0x00007ffdbd777360:   0000000000100000 00007fe7b65a7700
0x00007ffdbd777370:   00007ffdbd777ae8 00007fe7b749bd70
0x00007ffdbd777380:   0000000000000007 0000000000000000
0x00007ffdbd777390:   0000000000000000 00007ffd00000002
0x00007ffdbd7773a0:   0000000000000000 0000000000000000
0x00007ffdbd7773b0:   00007fe7b65a7700 0000000000000000
0x00007ffdbd7773c0:   0000000000000246 0000000000022c7d
0x00007ffdbd7773d0:   00007fe7b65a79d0 0000000000100000
0x00007ffdbd7773e0:   00007fe7b65a7700 00007fe7b65a79d0
0x00007ffdbd7773f0:   0000000000000000 00007ffdbd777ae8
0x00007ffdbd777400:   00000000000000ca 0000000000022c7d
0x00007ffdbd777410:   00000000000000ca 00007fe7b7429a67
0x00007ffdbd777420:   00007ffdbd777a40 00007fe7b7429a65
0x00007ffdbd777430:   0000000000000246 002b000000000033
0x00007ffdbd777440:   0000000000000000 0000000000000000
0x00007ffdbd777450:   0000000000000000 0000000000000000
0x00007ffdbd777460:   00007ffdbd777540 00007fe7b74caa98
0x00007ffdbd777470:   00007fe7b76672a0 0000000000000018
0x00007ffdbd777480:   0000000000000001 0000000000000000
0x00007ffdbd777490:   0000000000000000 0000000000000000
0x00007ffdbd7774a0:   ffffffffffffffff 0000000000000000 

Instructions: (pc=0x00007fe7b6fb5ae9)
0x00007fe7b6fb5ac9:   95 48 ff ff ff ff 15 74 db 40 00 44 8b 30 48 89
0x00007fe7b6fb5ad9:   c3 48 8d 05 67 23 42 00 8b 38 ff 15 a7 e1 40 00
0x00007fe7b6fb5ae9:   4c 8b a8 10 01 00 00 41 8b 85 a8 00 00 00 83 f8
0x00007fe7b6fb5af9:   01 74 1c 44 89 33 48 81 c4 98 00 00 00 5b 41 5c 

Register to memory mapping:

RAX=0x0000000000000000 is an unknown value
RBX=0x00007fe7b741e380 is an unknown value
RCX=0x00007fe7b7429a67: <offset 0xaa67> in /usr/lib/libpthread.so.0 at 0x00007fe7b741f000
RDX=0x00007fe7b741e400 is an unknown value
RSP=0x00007ffdbd7772b0 is an unknown value
RBP=0x00007ffdbd777370 is an unknown value
RSI=0x00007ffdbd7774b0 is an unknown value
RDI=0x0000000000000001 is an unknown value
R8 =0x0000000000000000 is an unknown value
R9 =0x00007fe7b65a7700 is pointing into the stack for thread: 0x00007fe7b000d000
R10=0x0000000000000000 is an unknown value
R11=0x0000000000000246 is an unknown value
R12=0x00007ffdbd7774b0 is an unknown value
R13=0x00007fe7b65a79d0 is pointing into the stack for thread: 0x00007fe7b000d000
R14=0x0000000000000000 is an unknown value
R15=0x00007fe7b65a7700 is pointing into the stack for thread: 0x00007fe7b000d000


Stack: [0x00007ffdbd680000,0x00007ffdbd780000],  sp=0x00007ffdbd7772b0,  free space=988k
Native frames: (J=compiled Java code, j=interpreted, Vv=VM code, C=native code)
V  [libjvm.so+0x8c7ae9]
C  [libc.so.6+0x3bd70]


---------------  P R O C E S S  ---------------

VM state:not at safepoint (normal execution)

VM Mutex/Monitor currently owned by a thread: None

heap address: 0x00000000c0000000, size: 1024 MB, Compressed Oops mode: 32-bit
Narrow klass base: 0x0000000000000000, Narrow klass shift: 3
Compressed class space size: 1073741824 Address: 0x0000000100000000

Heap:
 par new generation   total 314560K, used 207766K [0x00000000c0000000, 0x00000000d5550000, 0x00000000d5550000)
  eden space 279616K,  63% used [0x00000000c0000000, 0x00000000cadaad50, 0x00000000d1110000)
  from space 34944K,  85% used [0x00000000d1110000, 0x00000000d2e4ad10, 0x00000000d3330000)
  to   space 34944K,   0% used [0x00000000d3330000, 0x00000000d3330000, 0x00000000d5550000)
 concurrent mark-sweep generation total 699072K, used 107500K [0x00000000d5550000, 0x0000000100000000, 0x0000000100000000)
 Metaspace       used 88810K, capacity 105222K, committed 105420K, reserved 1136640K
  class space    used 13760K, capacity 17936K, committed 18036K, reserved 1048576K

Card table byte_map: [0x00007fe7b569b000,0x00007fe7b589c000] byte_map_base: 0x00007fe7b509b000

Marking Bits: (CMSBitMap*) 0x00007fe7b0096098
 Bits: [0x00007fe7b4292000, 0x00007fe7b4d3cc00)

Mod Union Table: (CMSBitMap*) 0x00007fe7b0096158
 Bits: [0x00007fe7b4267000, 0x00007fe7b4291ab0)

Polling page: 0x00007fe7b7698000

CodeCache: size=245760Kb used=48832Kb max_used=48876Kb free=196927Kb
 bounds [0x00007fe7a1000000, 0x00007fe7a3fe0000, 0x00007fe7b0000000]
 total_blobs=11905 nmethods=11132 adapters=685
 compilation: enabled

Compilation events (10 events):
Event: 71,338 Thread 0x00007fe7b0137800 14707       3       java.util.concurrent.locks.AbstractQueuedSynchronizer::tryAcquireSharedNanos (37 bytes)
Event: 71,339 Thread 0x00007fe7b0137800 nmethod 14707 0x00007fe7a29e3f90 code [0x00007fe7a29e4140, 0x00007fe7a29e45b8]
Event: 73,233 Thread 0x00007fe7b0137800 14709       3       jnr.posix.LinuxPOSIX::allocateStat (64 bytes)
Event: 73,236 Thread 0x00007fe7b0137800 nmethod 14709 0x00007fe7a162b290 code [0x00007fe7a162b4e0, 0x00007fe7a162c338]
Event: 73,241 Thread 0x00007fe7b0137800 14710       3       jnr.posix.BaseNativePOSIX$3::toNative (10 bytes)
Event: 73,242 Thread 0x00007fe7b0137800 nmethod 14710 0x00007fe7a162ad50 code [0x00007fe7a162aec0, 0x00007fe7a162b1c8]
Event: 73,242 Thread 0x00007fe7b0137800 14711       3       jnr.posix.BaseNativePOSIX$3::toNative (71 bytes)
Event: 73,245 Thread 0x00007fe7b0137800 nmethod 14711 0x00007fe7a390e4d0 code [0x00007fe7a390e740, 0x00007fe7a390f8e8]
Event: 73,324 Thread 0x00007fe7b0133800 14712       4       org.jruby.RubyClass::finvoke (56 bytes)
Event: 73,326 Thread 0x00007fe7b0133800 nmethod 14712 0x00007fe7a25ba0d0 code [0x00007fe7a25ba240, 0x00007fe7a25ba388]

GC Heap History (10 events):
Event: 21,035 GC heap before
{Heap before GC invocations=4 (full 1):
 par new generation   total 314560K, used 314560K [0x00000000c0000000, 0x00000000d5550000, 0x00000000d5550000)
  eden space 279616K, 100% used [0x00000000c0000000, 0x00000000d1110000, 0x00000000d1110000)
  from space 34944K, 100% used [0x00000000d1110000, 0x00000000d3330000, 0x00000000d3330000)
  to   space 34944K,   0% used [0x00000000d3330000, 0x00000000d3330000, 0x00000000d5550000)
 concurrent mark-sweep generation total 699072K, used 37343K [0x00000000d5550000, 0x0000000100000000, 0x0000000100000000)
 Metaspace       used 58124K, capacity 66598K, committed 66792K, reserved 1103872K
  class space    used 9927K, capacity 12136K, committed 12136K, reserved 1048576K
Event: 21,139 GC heap after
Heap after GC invocations=5 (full 1):
 par new generation   total 314560K, used 34943K [0x00000000c0000000, 0x00000000d5550000, 0x00000000d5550000)
  eden space 279616K,   0% used [0x00000000c0000000, 0x00000000c0000000, 0x00000000d1110000)
  from space 34944K,  99% used [0x00000000d3330000, 0x00000000d554fff0, 0x00000000d5550000)
  to   space 34944K,   0% used [0x00000000d1110000, 0x00000000d1110000, 0x00000000d3330000)
 concurrent mark-sweep generation total 699072K, used 67242K [0x00000000d5550000, 0x0000000100000000, 0x0000000100000000)
 Metaspace       used 58124K, capacity 66598K, committed 66792K, reserved 1103872K
  class space    used 9927K, capacity 12136K, committed 12136K, reserved 1048576K
}
Event: 24,714 GC heap before
{Heap before GC invocations=5 (full 2):
 par new generation   total 314560K, used 314559K [0x00000000c0000000, 0x00000000d5550000, 0x00000000d5550000)
  eden space 279616K, 100% used [0x00000000c0000000, 0x00000000d1110000, 0x00000000d1110000)
  from space 34944K,  99% used [0x00000000d3330000, 0x00000000d554fff0, 0x00000000d5550000)
  to   space 34944K,   0% used [0x00000000d1110000, 0x00000000d1110000, 0x00000000d3330000)
 concurrent mark-sweep generation total 699072K, used 67242K [0x00000000d5550000, 0x0000000100000000, 0x0000000100000000)
 Metaspace       used 61579K, capacity 71476K, committed 71496K, reserved 1107968K
  class space    used 10489K, capacity 13040K, committed 13056K, reserved 1048576K
Event: 24,754 GC heap after
Heap after GC invocations=6 (full 2):
 par new generation   total 314560K, used 34944K [0x00000000c0000000, 0x00000000d5550000, 0x00000000d5550000)
  eden space 279616K,   0% used [0x00000000c0000000, 0x00000000c0000000, 0x00000000d1110000)
  from space 34944K, 100% used [0x00000000d1110000, 0x00000000d3330000, 0x00000000d3330000)
  to   space 34944K,   0% used [0x00000000d3330000, 0x00000000d3330000, 0x00000000d5550000)
 concurrent mark-sweep generation total 699072K, used 69146K [0x00000000d5550000, 0x0000000100000000, 0x0000000100000000)
 Metaspace       used 61579K, capacity 71476K, committed 71496K, reserved 1107968K
  class space    used 10489K, capacity 13040K, committed 13056K, reserved 1048576K
}
Event: 28,521 GC heap before
{Heap before GC invocations=6 (full 2):
 par new generation   total 314560K, used 314560K [0x00000000c0000000, 0x00000000d5550000, 0x00000000d5550000)
  eden space 279616K, 100% used [0x00000000c0000000, 0x00000000d1110000, 0x00000000d1110000)
  from space 34944K, 100% used [0x00000000d1110000, 0x00000000d3330000, 0x00000000d3330000)
  to   space 34944K,   0% used [0x00000000d3330000, 0x00000000d3330000, 0x00000000d5550000)
 concurrent mark-sweep generation total 699072K, used 62291K [0x00000000d5550000, 0x0000000100000000, 0x0000000100000000)
 Metaspace       used 73328K, capacity 85860K, committed 86092K, reserved 1120256K
  class space    used 12164K, capacity 15505K, committed 15604K, reserved 1048576K
Event: 28,635 GC heap after
Heap after GC invocations=7 (full 2):
 par new generation   total 314560K, used 34944K [0x00000000c0000000, 0x00000000d5550000, 0x00000000d5550000)
  eden space 279616K,   0% used [0x00000000c0000000, 0x00000000c0000000, 0x00000000d1110000)
  from space 34944K, 100% used [0x00000000d3330000, 0x00000000d5550000, 0x00000000d5550000)
  to   space 34944K,   0% used [0x00000000d1110000, 0x00000000d1110000, 0x00000000d3330000)
 concurrent mark-sweep generation total 699072K, used 98706K [0x00000000d5550000, 0x0000000100000000, 0x0000000100000000)
 Metaspace       used 73328K, capacity 85860K, committed 86092K, reserved 1120256K
  class space    used 12164K, capacity 15505K, committed 15604K, reserved 1048576K
}
Event: 30,607 GC heap before
{Heap before GC invocations=7 (full 2):
 par new generation   total 314560K, used 161290K [0x00000000c0000000, 0x00000000d5550000, 0x00000000d5550000)
  eden space 279616K,  45% used [0x00000000c0000000, 0x00000000c7b62900, 0x00000000d1110000)
  from space 34944K, 100% used [0x00000000d3330000, 0x00000000d5550000, 0x00000000d5550000)
  to   space 34944K,   0% used [0x00000000d1110000, 0x00000000d1110000, 0x00000000d3330000)
 concurrent mark-sweep generation total 699072K, used 98706K [0x00000000d5550000, 0x0000000100000000, 0x0000000100000000)
 Metaspace       used 74421K, capacity 88058K, committed 88140K, reserved 1122304K
  class space    used 12288K, capacity 15803K, committed 15860K, reserved 1048576K
Event: 31,231 GC heap after
Heap after GC invocations=8 (full 3):
 par new generation   total 314560K, used 0K [0x00000000c0000000, 0x00000000d5550000, 0x00000000d5550000)
  eden space 279616K,   0% used [0x00000000c0000000, 0x00000000c0000000, 0x00000000d1110000)
  from space 34944K,   0% used [0x00000000d3330000, 0x00000000d3330000, 0x00000000d5550000)
  to   space 34944K,   0% used [0x00000000d1110000, 0x00000000d1110000, 0x00000000d3330000)
 concurrent mark-sweep generation total 699072K, used 107500K [0x00000000d5550000, 0x0000000100000000, 0x0000000100000000)
 Metaspace       used 74331K, capacity 87900K, committed 88140K, reserved 1122304K
  class space    used 12274K, capacity 15768K, committed 15860K, reserved 1048576K
}
Event: 36,569 GC heap before
{Heap before GC invocations=8 (full 3):
 par new generation   total 314560K, used 279616K [0x00000000c0000000, 0x00000000d5550000, 0x00000000d5550000)
  eden space 279616K, 100% used [0x00000000c0000000, 0x00000000d1110000, 0x00000000d1110000)
  from space 34944K,   0% used [0x00000000d3330000, 0x00000000d3330000, 0x00000000d5550000)
  to   space 34944K,   0% used [0x00000000d1110000, 0x00000000d1110000, 0x00000000d3330000)
 concurrent mark-sweep generation total 699072K, used 107500K [0x00000000d5550000, 0x0000000100000000, 0x0000000100000000)
 Metaspace       used 86349K, capacity 101114K, committed 101196K, reserved 1132544K
  class space    used 13519K, capacity 17324K, committed 17396K, reserved 1048576K
Event: 36,596 GC heap after
Heap after GC invocations=9 (full 3):
 par new generation   total 314560K, used 29931K [0x00000000c0000000, 0x00000000d5550000, 0x00000000d5550000)
  eden space 279616K,   0% used [0x00000000c0000000, 0x00000000c0000000, 0x00000000d1110000)
  from space 34944K,  85% used [0x00000000d1110000, 0x00000000d2e4ad10, 0x00000000d3330000)
  to   space 34944K,   0% used [0x00000000d3330000, 0x00000000d3330000, 0x00000000d5550000)
 concurrent mark-sweep generation total 699072K, used 107500K [0x00000000d5550000, 0x0000000100000000, 0x0000000100000000)
 Metaspace       used 86349K, capacity 101114K, committed 101196K, reserved 1132544K
  class space    used 13519K, capacity 17324K, committed 17396K, reserved 1048576K
}

Deoptimization events (10 events):
Event: 37,038 Thread 0x00007fe70c0af800 Uncommon trap: reason=bimorphic action=maybe_recompile pc=0x00007fe7a25a8ca4 method=java.lang.ThreadLocal.set(Ljava/lang/Object;)V @ 6
Event: 37,043 Thread 0x00007fe70c0af800 Uncommon trap: reason=unstable_if action=reinterpret pc=0x00007fe7a25ba34c method=org.jruby.runtime.ThreadContext.pushCallFrame(Lorg/jruby/RubyModule;Ljava/lang/String;Lorg/jruby/runtime/builtin/IRubyObject;Lorg/jruby/runtime/Visibility;Lorg/jruby/runtime
Event: 37,068 Thread 0x00007fe70c0af800 Uncommon trap: reason=unstable_if action=reinterpret pc=0x00007fe7a3907dd8 method=java.lang.invoke.LambdaFormEditor$Transform.packedBytes([B)J @ 4
Event: 37,093 Thread 0x00007fe70c0af800 Uncommon trap: reason=unstable_if action=reinterpret pc=0x00007fe7a29e4334 method=java.lang.invoke.LambdaFormEditor$Transform.packedBytes([B)J @ 4
Event: 37,166 Thread 0x00007fe70c0af800 Uncommon trap: reason=class_check action=maybe_recompile pc=0x00007fe7a2ee4b2c method=org.jruby.RubyModule.searchMethodEntryInner(Ljava/lang/String;)Lorg/jruby/runtime/callsite/CacheEntry; @ 44
Event: 37,167 Thread 0x00007fe70c0af800 Uncommon trap: reason=class_check action=maybe_recompile pc=0x00007fe7a2ee4b2c method=org.jruby.RubyModule.searchMethodEntryInner(Ljava/lang/String;)Lorg/jruby/runtime/callsite/CacheEntry; @ 44
Event: 37,297 Thread 0x00007fe70c0af800 Uncommon trap: reason=unstable_if action=reinterpret pc=0x00007fe7a39d1e84 method=org.jruby.runtime.ThreadContext.safeRecurse(Lorg/jruby/runtime/ThreadContext$RecursiveFunctionEx;Ljava/lang/Object;Lorg/jruby/runtime/builtin/IRubyObject;Ljava/lang/String;Z
Event: 37,395 Thread 0x00007fe70c0af800 Uncommon trap: reason=class_check action=maybe_recompile pc=0x00007fe7a2ee4b2c method=org.jruby.RubyModule.searchMethodEntryInner(Ljava/lang/String;)Lorg/jruby/runtime/callsite/CacheEntry; @ 44
Event: 37,650 Thread 0x00007fe724029800 Uncommon trap: reason=unstable_if action=reinterpret pc=0x00007fe7a120b24c method=java.lang.invoke.LambdaFormEditor$Transform.packedBytes([B)J @ 4
Event: 37,773 Thread 0x00007fe724029800 Uncommon trap: reason=unstable_if action=reinterpret pc=0x00007fe7a3c29a68 method=org.jruby.ir.representations.CFG.collapseStraightLineBBs()V @ 178

Classes redefined (0 events):
No events

Internal exceptions (10 events):
Event: 36,281 Thread 0x00007fe70c048800 Exception <a 'java/lang/ArrayIndexOutOfBoundsException'> (0x00000000cf90b358) thrown at [/build/java8-openjdk/src/jdk8u-jdk8u242-b08/hotspot/src/share/vm/runtime/sharedRuntime.cpp, line 605]
Event: 36,321 Thread 0x00007fe70c048800 Exception <a 'java/lang/ArrayIndexOutOfBoundsException'> (0x00000000cfb60a48) thrown at [/build/java8-openjdk/src/jdk8u-jdk8u242-b08/hotspot/src/share/vm/runtime/sharedRuntime.cpp, line 605]
Event: 36,352 Thread 0x00007fe70c048800 Exception <a 'java/lang/ArrayIndexOutOfBoundsException'> (0x00000000cfdcaeb8) thrown at [/build/java8-openjdk/src/jdk8u-jdk8u242-b08/hotspot/src/share/vm/runtime/sharedRuntime.cpp, line 605]
Event: 36,386 Thread 0x00007fe70c048800 Exception <a 'java/lang/ArrayIndexOutOfBoundsException'> (0x00000000d0028bb0) thrown at [/build/java8-openjdk/src/jdk8u-jdk8u242-b08/hotspot/src/share/vm/runtime/sharedRuntime.cpp, line 605]
Event: 36,417 Thread 0x00007fe70c048800 Exception <a 'java/lang/ArrayIndexOutOfBoundsException'> (0x00000000d0210678) thrown at [/build/java8-openjdk/src/jdk8u-jdk8u242-b08/hotspot/src/share/vm/runtime/sharedRuntime.cpp, line 605]
Event: 36,434 Thread 0x00007fe70c048800 Exception <a 'java/lang/ArrayIndexOutOfBoundsException'> (0x00000000d03a4cd8) thrown at [/build/java8-openjdk/src/jdk8u-jdk8u242-b08/hotspot/src/share/vm/runtime/sharedRuntime.cpp, line 605]
Event: 36,450 Thread 0x00007fe70c048800 Exception <a 'java/lang/ArrayIndexOutOfBoundsException'> (0x00000000d0507e68) thrown at [/build/java8-openjdk/src/jdk8u-jdk8u242-b08/hotspot/src/share/vm/runtime/sharedRuntime.cpp, line 605]
Event: 36,462 Thread 0x00007fe70c048800 Exception <a 'java/lang/ArrayIndexOutOfBoundsException'> (0x00000000d061d7d0) thrown at [/build/java8-openjdk/src/jdk8u-jdk8u242-b08/hotspot/src/share/vm/runtime/sharedRuntime.cpp, line 605]
Event: 36,475 Thread 0x00007fe70c048800 Exception <a 'java/lang/ArrayIndexOutOfBoundsException'> (0x00000000d077c128) thrown at [/build/java8-openjdk/src/jdk8u-jdk8u242-b08/hotspot/src/share/vm/runtime/sharedRuntime.cpp, line 605]
Event: 36,816 Thread 0x00007fe72827a000 Implicit null exception at 0x00007fe7a282ff3f to 0x00007fe7a2830891

Events (10 events):
Event: 53,041 Thread 0x00007fe70c0af800 DEOPT UNPACKING pc=0x00007fe7a10474c4 sp=0x00007fe7392ee7e8 mode 0
Event: 70,399 Thread 0x00007fe7b0135800 flushing nmethod 0x00007fe7a145f210
Event: 70,451 Thread 0x00007fe7b0131000 flushing nmethod 0x00007fe7a162a4d0
Event: 70,451 Thread 0x00007fe7b0131000 flushing nmethod 0x00007fe7a1718110
Event: 71,219 Thread 0x00007fe7b0137800 flushing nmethod 0x00007fe7a19df990
Event: 71,225 Thread 0x00007fe7b0137800 flushing nmethod 0x00007fe7a1ca58d0
Event: 71,322 Thread 0x00007fe7b0137800 flushing nmethod 0x00007fe7a21fa450
Event: 71,328 Thread 0x00007fe7b0137800 flushing nmethod 0x00007fe7a25ba0d0
Event: 71,330 Thread 0x00007fe7b0137800 flushing nmethod 0x00007fe7a29e3c50
Event: 73,237 Thread 0x00007fe7b0137800 flushing nmethod 0x00007fe7a39045d0


Dynamic libraries:
c0000000-10119d000 rw-p 00000000 00:00 0 
10119d000-140000000 ---p 00000000 00:00 0 
55592e059000-55592e05a000 r--p 00000000 103:04 662552                    /usr/lib/jvm/java-8-openjdk/jre/bin/java
55592e05a000-55592e05b000 r-xp 00001000 103:04 662552                    /usr/lib/jvm/java-8-openjdk/jre/bin/java
55592e05b000-55592e05c000 r--p 00002000 103:04 662552                    /usr/lib/jvm/java-8-openjdk/jre/bin/java
55592e05c000-55592e05d000 r--p 00002000 103:04 662552                    /usr/lib/jvm/java-8-openjdk/jre/bin/java
55592e05d000-55592e05e000 rw-p 00003000 103:04 662552                    /usr/lib/jvm/java-8-openjdk/jre/bin/java
55592e821000-55592e8a3000 rw-p 00000000 00:00 0                          [heap]
7fe6e4000000-7fe6e4021000 rw-p 00000000 00:00 0 
7fe6e4021000-7fe6e8000000 ---p 00000000 00:00 0 
7fe6e8000000-7fe6e803c000 rw-p 00000000 00:00 0 
7fe6e803c000-7fe6ec000000 ---p 00000000 00:00 0 
7fe6ec000000-7fe6ec023000 rw-p 00000000 00:00 0 
7fe6ec023000-7fe6f0000000 ---p 00000000 00:00 0 
7fe6f0000000-7fe6f0021000 rw-p 00000000 00:00 0 
7fe6f0021000-7fe6f4000000 ---p 00000000 00:00 0 
7fe6f4000000-7fe6f407f000 rw-p 00000000 00:00 0 
7fe6f407f000-7fe6f8000000 ---p 00000000 00:00 0 
7fe6f8000000-7fe6f8021000 rw-p 00000000 00:00 0 
7fe6f8021000-7fe6fc000000 ---p 00000000 00:00 0 
7fe6fc000000-7fe6fc021000 rw-p 00000000 00:00 0 
7fe6fc021000-7fe700000000 ---p 00000000 00:00 0 
7fe700000000-7fe7002e8000 rw-p 00000000 00:00 0 
7fe7002e8000-7fe704000000 ---p 00000000 00:00 0 
7fe704000000-7fe704021000 rw-p 00000000 00:00 0 
7fe704021000-7fe708000000 ---p 00000000 00:00 0 
7fe708000000-7fe708021000 rw-p 00000000 00:00 0 
7fe708021000-7fe70c000000 ---p 00000000 00:00 0 
7fe70c000000-7fe70c16a000 rw-p 00000000 00:00 0 
7fe70c16a000-7fe710000000 ---p 00000000 00:00 0 
7fe710000000-7fe710021000 rw-p 00000000 00:00 0 
7fe710021000-7fe714000000 ---p 00000000 00:00 0 
7fe714000000-7fe714021000 rw-p 00000000 00:00 0 
7fe714021000-7fe718000000 ---p 00000000 00:00 0 
7fe718000000-7fe718024000 rw-p 00000000 00:00 0 
7fe718024000-7fe71c000000 ---p 00000000 00:00 0 
7fe71c000000-7fe71c02a000 rw-p 00000000 00:00 0 
7fe71c02a000-7fe720000000 ---p 00000000 00:00 0 
7fe720000000-7fe720021000 rw-p 00000000 00:00 0 
7fe720021000-7fe724000000 ---p 00000000 00:00 0 
7fe724000000-7fe72404f000 rw-p 00000000 00:00 0 
7fe72404f000-7fe728000000 ---p 00000000 00:00 0 
7fe728000000-7fe7282b8000 rw-p 00000000 00:00 0 
7fe7282b8000-7fe72c000000 ---p 00000000 00:00 0 
7fe72c000000-7fe72c021000 rw-p 00000000 00:00 0 
7fe72c021000-7fe730000000 ---p 00000000 00:00 0 
7fe730000000-7fe730024000 rw-p 00000000 00:00 0 
7fe730024000-7fe734000000 ---p 00000000 00:00 0 
7fe734000000-7fe734021000 rw-p 00000000 00:00 0 
7fe734021000-7fe738000000 ---p 00000000 00:00 0 
7fe738aed000-7fe738af0000 ---p 00000000 00:00 0 
7fe738af0000-7fe738bee000 rw-p 00000000 00:00 0 
7fe738bee000-7fe738bf1000 ---p 00000000 00:00 0 
7fe738bf1000-7fe738cef000 rw-p 00000000 00:00 0 
7fe738cef000-7fe738cf2000 ---p 00000000 00:00 0 
7fe738cf2000-7fe738df0000 rw-p 00000000 00:00 0 
7fe738df0000-7fe738df3000 ---p 00000000 00:00 0 
7fe738df3000-7fe739071000 rw-p 00000000 00:00 0 
7fe739071000-7fe7390f1000 ---p 00000000 00:00 0 
7fe7390f1000-7fe7390f4000 ---p 00000000 00:00 0 
7fe7390f4000-7fe7391f2000 rw-p 00000000 00:00 0 
7fe7391f2000-7fe7391f5000 ---p 00000000 00:00 0 
7fe7391f5000-7fe7394f3000 rw-p 00000000 00:00 0 
7fe7394f3000-7fe7396f3000 rw-p 00000000 00:00 0 
7fe7396f3000-7fe7398f3000 rw-p 00000000 00:00 0 
7fe7398f3000-7fe739af3000 rw-p 00000000 00:00 0 
7fe739af3000-7fe739cf3000 rw-p 00000000 00:00 0 
7fe739cf3000-7fe739cf6000 ---p 00000000 00:00 0 
7fe739cf6000-7fe739df4000 rw-p 00000000 00:00 0 
7fe739df4000-7fe739df7000 ---p 00000000 00:00 0 
7fe739df7000-7fe739ef5000 rw-p 00000000 00:00 0 
7fe739ef5000-7fe739ef8000 ---p 00000000 00:00 0 
7fe739ef8000-7fe739ff6000 rw-p 00000000 00:00 0 
7fe739ff6000-7fe739ff9000 ---p 00000000 00:00 0 
7fe739ff9000-7fe73a0f7000 rw-p 00000000 00:00 0 
7fe73a0f7000-7fe73a0fa000 ---p 00000000 00:00 0 
7fe73a0fa000-7fe73a1f8000 rw-p 00000000 00:00 0 
7fe73a1f8000-7fe73a1fb000 ---p 00000000 00:00 0 
7fe73a1fb000-7fe73a2f9000 rw-p 00000000 00:00 0 
7fe73a2f9000-7fe73a2fc000 ---p 00000000 00:00 0 
7fe73a2fc000-7fe73a3fa000 rw-p 00000000 00:00 0 
7fe73a3fa000-7fe73a3fd000 ---p 00000000 00:00 0 
7fe73a3fd000-7fe73a4fb000 rw-p 00000000 00:00 0 
7fe73a4fb000-7fe73a4fe000 ---p 00000000 00:00 0 
7fe73a4fe000-7fe73a5fc000 rw-p 00000000 00:00 0 
7fe73a5fc000-7fe73a5ff000 ---p 00000000 00:00 0 
7fe73a5ff000-7fe73a8fd000 rw-p 00000000 00:00 0 
7fe73a8fd000-7fe73aafd000 rw-p 00000000 00:00 0 
7fe73aafd000-7fe73acfd000 rw-p 00000000 00:00 0 
7fe73acfd000-7fe73ad00000 ---p 00000000 00:00 0 
7fe73ad00000-7fe73adfe000 rw-p 00000000 00:00 0 
7fe73adfe000-7fe73ae01000 ---p 00000000 00:00 0 
7fe73ae01000-7fe73aeff000 rw-p 00000000 00:00 0 
7fe73aeff000-7fe73af02000 ---p 00000000 00:00 0 
7fe73af02000-7fe73b200000 rw-p 00000000 00:00 0 
7fe73b200000-7fe73b400000 rw-p 00000000 00:00 0 
7fe73b400000-7fe73b600000 rw-p 00000000 00:00 0 
7fe73b600000-7fe73b7fe000 rw-p 00000000 00:00 0 
7fe73b7fe000-7fe73b800000 ---p 00000000 00:00 0 
7fe73b800000-7fe73ba00000 rw-p 00000000 00:00 0 
7fe73ba00000-7fe73bbf8000 rw-p 00000000 00:00 0 
7fe73bbf8000-7fe73bc00000 ---p 00000000 00:00 0 
7fe73bc00000-7fe73be00000 rw-p 00000000 00:00 0 
7fe73be00000-7fe73c000000 rw-p 00000000 00:00 0 
7fe73c000000-7fe73db68000 rw-p 00000000 00:00 0 
7fe73db68000-7fe740000000 ---p 00000000 00:00 0 
7fe740000000-7fe740021000 rw-p 00000000 00:00 0 
7fe740021000-7fe744000000 ---p 00000000 00:00 0 
7fe744023000-7fe744024000 rw-p 00000000 00:00 0 
7fe744024000-7fe744027000 ---p 00000000 00:00 0 
7fe744027000-7fe744125000 rw-p 00000000 00:00 0 
7fe744125000-7fe744132000 r--s 00088000 103:04 670451                    /home/trofis/Documents/Worldline/autoPairing/logstash/vendor/bundle/jruby/2.5.0/gems/march_hare-4.1.1-java/lib/ext/rabbitmq-client.jar
7fe744132000-7fe744137000 r--s 0003d000 103:04 662625                    /usr/lib/jvm/java-8-openjdk/jre/lib/ext/sunjce_provider.jar
7fe744137000-7fe74413e000 r--s 00049000 103:04 538954                    /home/trofis/Documents/Worldline/autoPairing/logstash/vendor/bundle/jruby/2.5.0/gems/manticore-0.6.4-java/lib/org/apache/httpcomponents/httpcore/4.4.4/httpcore-4.4.4.jar
7fe74413e000-7fe74414b000 r--s 000a7000 103:04 538957                    /home/trofis/Documents/Worldline/autoPairing/logstash/vendor/bundle/jruby/2.5.0/gems/manticore-0.6.4-java/lib/org/apache/httpcomponents/httpclient/4.5.2/httpclient-4.5.2.jar
7fe74414b000-7fe744152000 r--s 0003f000 103:04 440118                    /home/trofis/Documents/Worldline/autoPairing/logstash/vendor/bundle/jruby/2.5.0/gems/manticore-0.6.4-java/lib/commons-codec/commons-codec/1.10/commons-codec-1.10.jar
7fe744152000-7fe744352000 rw-p 00000000 00:00 0 
7fe744352000-7fe744553000 rw-p 00000000 00:00 0 
7fe744553000-7fe744554000 r--s 00002000 103:04 670927                    /home/trofis/Documents/Worldline/autoPairing/logstash/vendor/bundle/jruby/2.5.0/gems/logstash-input-file-4.1.16/lib/jars/filewatch-1.0.1.jar
7fe744554000-7fe744556000 r--s 00009000 103:04 670450                    /home/trofis/Documents/Worldline/autoPairing/logstash/vendor/bundle/jruby/2.5.0/gems/march_hare-4.1.1-java/lib/ext/slf4j-api.jar
7fe744556000-7fe744558000 r--s 00000000 103:04 440125                    /home/trofis/Documents/Worldline/autoPairing/logstash/vendor/bundle/jruby/2.5.0/gems/manticore-0.6.4-java/lib/org/manticore/manticore-ext.jar
7fe744558000-7fe74456b000 r--s 00137000 103:04 1842306                   /home/trofis/Documents/Worldline/autoPairing/logstash/vendor/bundle/jruby/2.5.0/gems/logstash-input-beats-6.0.8-java/vendor/jar-dependencies/com/fasterxml/jackson/core/jackson-databind/2.9.10.1/jackson-databind-2.9.10.1.jar
7fe74456b000-7fe74456e000 r--p 00000000 103:04 2363725                   /usr/lib/libgcc_s.so.1
7fe74456e000-7fe74457f000 r-xp 00003000 103:04 2363725                   /usr/lib/libgcc_s.so.1
7fe74457f000-7fe744583000 r--p 00014000 103:04 2363725                   /usr/lib/libgcc_s.so.1
7fe744583000-7fe744584000 r--p 00017000 103:04 2363725                   /usr/lib/libgcc_s.so.1
7fe744584000-7fe744585000 rw-p 00018000 103:04 2363725                   /usr/lib/libgcc_s.so.1
7fe744585000-7fe74458f000 r--p 00000000 103:04 662606                    /usr/lib/jvm/java-8-openjdk/jre/lib/amd64/libsunec.so
7fe74458f000-7fe7445b4000 r-xp 0000a000 103:04 662606                    /usr/lib/jvm/java-8-openjdk/jre/lib/amd64/libsunec.so
7fe7445b4000-7fe7445c1000 r--p 0002f000 103:04 662606                    /usr/lib/jvm/java-8-openjdk/jre/lib/amd64/libsunec.so
7fe7445c1000-7fe7445c6000 r--p 0003b000 103:04 662606                    /usr/lib/jvm/java-8-openjdk/jre/lib/amd64/libsunec.so
7fe7445c6000-7fe7445c7000 rw-p 00040000 103:04 662606                    /usr/lib/jvm/java-8-openjdk/jre/lib/amd64/libsunec.so
7fe7445c7000-7fe7447c7000 rw-p 00000000 00:00 0 
7fe7447c7000-7fe7449c7000 rw-p 00000000 00:00 0 
7fe7449c7000-7fe744bc7000 rw-p 00000000 00:00 0 
7fe744bc7000-7fe744dc7000 rw-p 00000000 00:00 0 
7fe744dc7000-7fe744fc7000 rw-p 00000000 00:00 0 
7fe744fc7000-7fe7451c7000 rw-p 00000000 00:00 0 
7fe7451c7000-7fe7453c7000 rw-p 00000000 00:00 0 
7fe7453c7000-7fe7455b9000 rw-p 00000000 00:00 0 
7fe7455b9000-7fe7455c7000 ---p 00000000 00:00 0 
7fe7455c7000-7fe7457c7000 rw-p 00000000 00:00 0 
7fe7457c7000-7fe7459c0000 rw-p 00000000 00:00 0 
7fe7459c0000-7fe7459c7000 ---p 00000000 00:00 0 
7fe7459c7000-7fe745bc0000 rw-p 00000000 00:00 0 
7fe745bc0000-7fe745bc7000 ---p 00000000 00:00 0 
7fe745bc7000-7fe745dc7000 rw-p 00000000 00:00 0 
7fe745dc7000-7fe745dc9000 r--s 00009000 103:04 538960                    /home/trofis/Documents/Worldline/autoPairing/logstash/vendor/bundle/jruby/2.5.0/gems/manticore-0.6.4-java/lib/org/apache/httpcomponents/httpmime/4.5.2/httpmime-4.5.2.jar
7fe745dc9000-7fe745dcb000 r--s 0000e000 103:04 440122                    /home/trofis/Documents/Worldline/autoPairing/logstash/vendor/bundle/jruby/2.5.0/gems/manticore-0.6.4-java/lib/commons-logging/commons-logging/1.2/commons-logging-1.2.jar
7fe745dcb000-7fe745dcd000 r--s 00004000 103:04 807907                    /home/trofis/Documents/Worldline/autoPairing/logstash/vendor/bundle/jruby/2.5.0/gems/puma-4.3.1-java/lib/puma/puma_http11.jar
7fe745dcd000-7fe745dcf000 r--s 00002000 103:04 810358                    /home/trofis/Documents/Worldline/autoPairing/logstash/vendor/bundle/jruby/2.5.0/gems/nio4r-2.5.2-java/lib/nio4r_ext.jar
7fe745dcf000-7fe745dd1000 r--s 0000d000 103:04 809293                    /home/trofis/Documents/Worldline/autoPairing/logstash/vendor/bundle/jruby/2.5.0/gems/jrjackson-0.4.11-java/lib/jrjackson/jars/jrjackson-1.2.29.jar
7fe745dd1000-7fe745de8000 r--s 00104000 103:04 672838                    /home/trofis/Documents/Worldline/autoPairing/logstash/vendor/bundle/jruby/2.5.0/gems/jruby-openssl-0.10.4-java/lib/jopenssl.jar
7fe745de8000-7fe745dff000 r--s 000ff000 103:04 672870                    /home/trofis/Documents/Worldline/autoPairing/logstash/vendor/bundle/jruby/2.5.0/gems/jruby-openssl-0.10.4-java/lib/org/bouncycastle/bctls-jdk15on/1.62/bctls-jdk15on-1.62.jar
7fe745dff000-7fe745ffb000 rw-p 00000000 00:00 0 
7fe745ffb000-7fe745fff000 ---p 00000000 00:00 0 
7fe745fff000-7fe7461ff000 rw-p 00000000 00:00 0 
7fe7461ff000-7fe7463ff000 rw-p 00000000 00:00 0 
7fe7463ff000-7fe7465ff000 rw-p 00000000 00:00 0 
7fe7465ff000-7fe7467ff000 rw-p 00000000 00:00 0 
7fe7467ff000-7fe748000000 rw-p 00000000 00:00 0 
7fe748000000-7fe74b60e000 rw-p 00000000 00:00 0 
7fe74b60e000-7fe74c000000 ---p 00000000 00:00 0 
7fe74c000000-7fe74c021000 rw-p 00000000 00:00 0 
7fe74c021000-7fe750000000 ---p 00000000 00:00 0 
7fe750000000-7fe752235000 rw-p 00000000 00:00 0 
7fe752235000-7fe754000000 ---p 00000000 00:00 0 
7fe754000000-7fe757ffb000 rw-p 00000000 00:00 0 
7fe757ffb000-7fe758000000 ---p 00000000 00:00 0 
7fe758000000-7fe758021000 rw-p 00000000 00:00 0 
7fe758021000-7fe75c000000 ---p 00000000 00:00 0 
7fe75c000000-7fe75de00000 rw-p 00000000 00:00 0 
7fe75de00000-7fe760000000 ---p 00000000 00:00 0 
7fe760000000-7fe760021000 rw-p 00000000 00:00 0 
7fe760021000-7fe764000000 ---p 00000000 00:00 0 
7fe764000000-7fe764021000 rw-p 00000000 00:00 0 
7fe764021000-7fe768000000 ---p 00000000 00:00 0 
7fe768000000-7fe768067000 rw-p 00000000 00:00 0 
7fe768067000-7fe76c000000 ---p 00000000 00:00 0 
7fe76c000000-7fe76c021000 rw-p 00000000 00:00 0 
7fe76c021000-7fe770000000 ---p 00000000 00:00 0 
7fe770000000-7fe770021000 rw-p 00000000 00:00 0 
7fe770021000-7fe774000000 ---p 00000000 00:00 0 
7fe774000000-7fe774021000 rw-p 00000000 00:00 0 
7fe774021000-7fe778000000 ---p 00000000 00:00 0 
7fe778000000-7fe778021000 rw-p 00000000 00:00 0 
7fe778021000-7fe77c000000 ---p 00000000 00:00 0 
7fe77c000000-7fe77c021000 rw-p 00000000 00:00 0 
7fe77c021000-7fe780000000 ---p 00000000 00:00 0 
7fe780000000-7fe780001000 r--s 00003000 103:04 670452                    /home/trofis/Documents/Worldline/autoPairing/logstash/vendor/bundle/jruby/2.5.0/gems/march_hare-4.1.1-java/lib/ext/slf4j-simple.jar
7fe780001000-7fe780004000 r--s 00022000 103:04 1842316                   /home/trofis/Documents/Worldline/autoPairing/logstash/vendor/bundle/jruby/2.5.0/gems/logstash-input-beats-6.0.8-java/vendor/jar-dependencies/com/fasterxml/jackson/module/jackson-module-afterburner/2.9.10/jackson-module-afterburner-2.9.10.jar
7fe780004000-7fe780008000 r--s 0004c000 103:04 1842309                   /home/trofis/Documents/Worldline/autoPairing/logstash/vendor/bundle/jruby/2.5.0/gems/logstash-input-beats-6.0.8-java/vendor/jar-dependencies/com/fasterxml/jackson/core/jackson-core/2.9.10/jackson-core-2.9.10.jar
7fe780008000-7fe78000b000 r--s 0000e000 103:04 1842312                   /home/trofis/Documents/Worldline/autoPairing/logstash/vendor/bundle/jruby/2.5.0/gems/logstash-input-beats-6.0.8-java/vendor/jar-dependencies/com/fasterxml/jackson/core/jackson-annotations/2.9.10/jackson-annotations-2.9.10.jar
7fe78000b000-7fe78000f000 r--s 0001a000 103:04 1976672                   /home/trofis/Documents/Worldline/autoPairing/logstash/vendor/bundle/jruby/2.5.0/gems/thread_safe-0.3.6-java/lib/thread_safe/jruby_cache_backend.jar
7fe78000f000-7fe780010000 r--s 00008000 103:04 809868                    /home/trofis/Documents/Worldline/autoPairing/logstash/vendor/bundle/jruby/2.5.0/gems/json-1.8.6-java/lib/json/ext/generator.jar
7fe780010000-7fe780012000 r--s 00006000 103:04 809867                    /home/trofis/Documents/Worldline/autoPairing/logstash/vendor/bundle/jruby/2.5.0/gems/json-1.8.6-java/lib/json/ext/parser.jar
7fe780012000-7fe780016000 r--s 0003a000 103:04 662626                    /usr/lib/jvm/java-8-openjdk/jre/lib/ext/sunpkcs11.jar
7fe780016000-7fe780075000 r--s 003fa000 103:04 672864                    /home/trofis/Documents/Worldline/autoPairing/logstash/vendor/bundle/jruby/2.5.0/gems/jruby-openssl-0.10.4-java/lib/org/bouncycastle/bcprov-jdk15on/1.62/bcprov-jdk15on-1.62.jar
7fe780075000-7fe780078000 ---p 00000000 00:00 0 
7fe780078000-7fe780176000 rw-p 00000000 00:00 0 
7fe780176000-7fe780177000 r--p 00000000 103:04 2368466                   /usr/lib/libcrypt-2.31.so
7fe780177000-7fe78017d000 r-xp 00001000 103:04 2368466                   /usr/lib/libcrypt-2.31.so
7fe78017d000-7fe78017f000 r--p 00007000 103:04 2368466                   /usr/lib/libcrypt-2.31.so
7fe78017f000-7fe780180000 ---p 00009000 103:04 2368466                   /usr/lib/libcrypt-2.31.so
7fe780180000-7fe780181000 r--p 00009000 103:04 2368466                   /usr/lib/libcrypt-2.31.so
7fe780181000-7fe780182000 rw-p 0000a000 103:04 2368466                   /usr/lib/libcrypt-2.31.so
7fe780182000-7fe7801b0000 rw-p 00000000 00:00 0 
7fe7801b0000-7fe7801b1000 r--s 0000d000 103:04 662624                    /usr/lib/jvm/java-8-openjdk/jre/lib/ext/sunec.jar
7fe7801b1000-7fe7801c5000 r--s 000c1000 103:04 672867                    /home/trofis/Documents/Worldline/autoPairing/logstash/vendor/bundle/jruby/2.5.0/gems/jruby-openssl-0.10.4-java/lib/org/bouncycastle/bcpkix-jdk15on/1.62/bcpkix-jdk15on-1.62.jar
7fe7801c5000-7fe7801c9000 r--s 0001e000 103:04 539071                    /home/trofis/Documents/Worldline/autoPairing/logstash/vendor/bundle/jruby/2.5.0/gems/concurrent-ruby-1.1.6/lib/concurrent-ruby/concurrent/concurrent_ruby.jar
7fe7801c9000-7fe7801d0000 r--s 00043000 00:2e 274                        /tmp/jruby-142449/jruby6463565733528741496snakeyaml-1.23.jar
7fe7801d0000-7fe7801d2000 r--s 00016000 103:04 662567                    /usr/lib/jvm/java-8-openjdk/jre/lib/jce.jar
7fe7801d2000-7fe7801e5000 r--s 00346000 103:04 662573                    /usr/lib/jvm/java-8-openjdk/jre/lib/resources.jar
7fe7801e5000-7fe7801f7000 r-xp 00000000 00:2e 277                        /tmp/jffi8399188606428163253.so (deleted)
7fe7801f7000-7fe7803f6000 ---p 00012000 00:2e 277                        /tmp/jffi8399188606428163253.so (deleted)
7fe7803f6000-7fe7803f7000 rw-p 00011000 00:2e 277                        /tmp/jffi8399188606428163253.so (deleted)
7fe7803f7000-7fe7805f7000 rw-p 00000000 00:00 0 
7fe7805f7000-7fe7807f7000 rw-p 00000000 00:00 0 
7fe7807f7000-7fe7807f8000 r--p 00000000 103:04 662587                    /usr/lib/jvm/java-8-openjdk/jre/lib/amd64/libjaas_unix.so
7fe7807f8000-7fe7807f9000 r-xp 00001000 103:04 662587                    /usr/lib/jvm/java-8-openjdk/jre/lib/amd64/libjaas_unix.so
7fe7807f9000-7fe7807fa000 r--p 00002000 103:04 662587                    /usr/lib/jvm/java-8-openjdk/jre/lib/amd64/libjaas_unix.so
7fe7807fa000-7fe7807fb000 r--p 00002000 103:04 662587                    /usr/lib/jvm/java-8-openjdk/jre/lib/amd64/libjaas_unix.so
7fe7807fb000-7fe7807fc000 rw-p 00003000 103:04 662587                    /usr/lib/jvm/java-8-openjdk/jre/lib/amd64/libjaas_unix.so
7fe7807fc000-7fe7809fc000 rw-p 00000000 00:00 0 
7fe7809fc000-7fe780a17000 r--s 001d6000 103:04 662623                    /usr/lib/jvm/java-8-openjdk/jre/lib/ext/nashorn.jar
7fe780a17000-7fe780a1c000 r--s 000a3000 103:04 662569                    /usr/lib/jvm/java-8-openjdk/jre/lib/jsse.jar
7fe780a1c000-7fe780a20000 r--p 00000000 103:04 662598                    /usr/lib/jvm/java-8-openjdk/jre/lib/amd64/libmanagement.so
7fe780a20000-7fe780a23000 r-xp 00004000 103:04 662598                    /usr/lib/jvm/java-8-openjdk/jre/lib/amd64/libmanagement.so
7fe780a23000-7fe780a25000 r--p 00007000 103:04 662598                    /usr/lib/jvm/java-8-openjdk/jre/lib/amd64/libmanagement.so
7fe780a25000-7fe780a26000 r--p 00008000 103:04 662598                    /usr/lib/jvm/java-8-openjdk/jre/lib/amd64/libmanagement.so
7fe780a26000-7fe780a27000 rw-p 00009000 103:04 662598                    /usr/lib/jvm/java-8-openjdk/jre/lib/amd64/libmanagement.so
7fe780a27000-7fe780a29000 r--s 00009000 103:04 1582098                   /home/trofis/Documents/Worldline/autoPairing/logstash/logstash-core/lib/jars/slf4j-api-1.7.25.jar
7fe780a29000-7fe780a2c000 r--s 0001e000 103:04 1582092                   /home/trofis/Documents/Worldline/autoPairing/logstash/logstash-core/lib/jars/reflections-0.9.11.jar
7fe780a2c000-7fe780a31000 r--s 00038000 103:04 1582125                   /home/trofis/Documents/Worldline/autoPairing/logstash/logstash-core/lib/jars/org.eclipse.text-3.5.101.jar
7fe780a31000-7fe780a44000 r--s 0013a000 103:04 1582123                   /home/trofis/Documents/Worldline/autoPairing/logstash/logstash-core/lib/jars/org.eclipse.osgi-3.7.1.jar
7fe780a44000-7fe780a71000 r--s 00522000 103:04 1582110                   /home/trofis/Documents/Worldline/autoPairing/logstash/logstash-core/lib/jars/org.eclipse.jdt.core-3.10.0.jar
7fe780a71000-7fe780a75000 r--s 00029000 103:04 1582120                   /home/trofis/Documents/Worldline/autoPairing/logstash/logstash-core/lib/jars/org.eclipse.equinox.registry-3.5.101.jar
7fe780a75000-7fe780a78000 r--s 00019000 103:04 1582093                   /home/trofis/Documents/Worldline/autoPairing/logstash/logstash-core/lib/jars/org.eclipse.equinox.preferences-3.4.1.jar
7fe780a78000-7fe780a7a000 r--s 00018000 103:04 1582122                   /home/trofis/Documents/Worldline/autoPairing/logstash/logstash-core/lib/jars/org.eclipse.equinox.common-3.6.0.jar
7fe780a7a000-7fe780a7c000 r--s 00013000 103:04 1582108                   /home/trofis/Documents/Worldline/autoPairing/logstash/logstash-core/lib/jars/org.eclipse.equinox.app-1.3.100.jar
7fe780a7c000-7fe780a7e000 r--s 00010000 103:04 1582099                   /home/trofis/Documents/Worldline/autoPairing/logstash/logstash-core/lib/jars/org.eclipse.core.runtime-3.7.0.jar
7fe780a7e000-7fe780a89000 r--s 000bb000 103:04 1582106                   /home/trofis/Documents/Worldline/autoPairing/logstash/logstash-core/lib/jars/org.eclipse.core.resources-3.7.100.jar
7fe780a89000-7fe780a8c000 r--s 00014000 103:04 1582121                   /home/trofis/Documents/Worldline/autoPairing/logstash/logstash-core/lib/jars/org.eclipse.core.jobs-3.5.100.jar
7fe780a8c000-7fe780a8e000 r--s 0000b000 103:04 1582096                   /home/trofis/Documents/Worldline/autoPairing/logstash/logstash-core/lib/jars/org.eclipse.core.filesystem-1.3.100.jar
7fe780a8e000-7fe780a91000 r--s 00013000 103:04 1582103                   /home/trofis/Documents/Worldline/autoPairing/logstash/logstash-core/lib/jars/org.eclipse.core.expressions-3.4.300.jar
7fe780a91000-7fe780a96000 r--p 00000000 103:04 662600                    /usr/lib/jvm/java-8-openjdk/jre/lib/amd64/libnet.so
7fe780a96000-7fe780aa5000 r-xp 00005000 103:04 662600                    /usr/lib/jvm/java-8-openjdk/jre/lib/amd64/libnet.so
7fe780aa5000-7fe780aa9000 r--p 00014000 103:04 662600                    /usr/lib/jvm/java-8-openjdk/jre/lib/amd64/libnet.so
7fe780aa9000-7fe780aaa000 r--p 00017000 103:04 662600                    /usr/lib/jvm/java-8-openjdk/jre/lib/amd64/libnet.so
7fe780aaa000-7fe780aab000 rw-p 00018000 103:04 662600                    /usr/lib/jvm/java-8-openjdk/jre/lib/amd64/libnet.so
7fe780aab000-7fe780ab2000 r--p 00000000 103:04 662601                    /usr/lib/jvm/java-8-openjdk/jre/lib/amd64/libnio.so
7fe780ab2000-7fe780aba000 r-xp 00007000 103:04 662601                    /usr/lib/jvm/java-8-openjdk/jre/lib/amd64/libnio.so
7fe780aba000-7fe780abd000 r--p 0000f000 103:04 662601                    /usr/lib/jvm/java-8-openjdk/jre/lib/amd64/libnio.so
7fe780abd000-7fe780abe000 ---p 00012000 103:04 662601                    /usr/lib/jvm/java-8-openjdk/jre/lib/amd64/libnio.so
7fe780abe000-7fe780abf000 r--p 00012000 103:04 662601                    /usr/lib/jvm/java-8-openjdk/jre/lib/amd64/libnio.so
7fe780abf000-7fe780ac0000 rw-p 00013000 103:04 662601                    /usr/lib/jvm/java-8-openjdk/jre/lib/amd64/libnio.so
7fe780ac0000-7fe780ae1000 r--s 00178000 103:04 1582091                   /home/trofis/Documents/Worldline/autoPairing/logstash/logstash-core/lib/jars/log4j-core-2.12.1.jar
7fe780ae1000-7fe780c10000 r--s 017af000 103:04 1582114                   /home/trofis/Documents/Worldline/autoPairing/logstash/logstash-core/lib/jars/jruby-complete-9.2.9.0.jar
7fe780c10000-7fe780c11000 ---p 00000000 00:00 0 
7fe780c11000-7fe780d11000 rw-p 00000000 00:00 0 
7fe780d11000-7fe780d14000 ---p 00000000 00:00 0 
7fe780d14000-7fe780e12000 rw-p 00000000 00:00 0 
7fe780e12000-7fe780e13000 ---p 00000000 00:00 0 
7fe780e13000-7fe780e16000 ---p 00000000 00:00 0 
7fe780e16000-7fe780f13000 rw-p 00000000 00:00 0 
7fe780f13000-7fe780f14000 ---p 00000000 00:00 0 
7fe780f14000-7fe780f17000 ---p 00000000 00:00 0 
7fe780f17000-7fe781014000 rw-p 00000000 00:00 0 
7fe781014000-7fe781015000 ---p 00000000 00:00 0 
7fe781015000-7fe781018000 ---p 00000000 00:00 0 
7fe781018000-7fe781115000 rw-p 00000000 00:00 0 
7fe781115000-7fe781116000 ---p 00000000 00:00 0 
7fe781116000-7fe781119000 ---p 00000000 00:00 0 
7fe781119000-7fe781216000 rw-p 00000000 00:00 0 
7fe781216000-7fe781219000 ---p 00000000 00:00 0 
7fe781219000-7fe781317000 rw-p 00000000 00:00 0 
7fe781317000-7fe78131a000 ---p 00000000 00:00 0 
7fe78131a000-7fe781418000 rw-p 00000000 00:00 0 
7fe781418000-7fe7816ff000 r--p 00000000 103:04 2374792                   /usr/lib/locale/locale-archive
7fe7816ff000-7fe781702000 ---p 00000000 00:00 0 
7fe781702000-7fe784000000 rw-p 00000000 00:00 0 
7fe784000000-7fe784021000 rw-p 00000000 00:00 0 
7fe784021000-7fe788000000 ---p 00000000 00:00 0 
7fe788000000-7fe788021000 rw-p 00000000 00:00 0 
7fe788021000-7fe78c000000 ---p 00000000 00:00 0 
7fe78c000000-7fe78c021000 rw-p 00000000 00:00 0 
7fe78c021000-7fe790000000 ---p 00000000 00:00 0 
7fe790000000-7fe790021000 rw-p 00000000 00:00 0 
7fe790021000-7fe794000000 ---p 00000000 00:00 0 
7fe794000000-7fe794021000 rw-p 00000000 00:00 0 
7fe794021000-7fe798000000 ---p 00000000 00:00 0 
7fe798000000-7fe798021000 rw-p 00000000 00:00 0 
7fe798021000-7fe79c000000 ---p 00000000 00:00 0 
7fe79c000000-7fe79c021000 rw-p 00000000 00:00 0 
7fe79c021000-7fe7a0000000 ---p 00000000 00:00 0 
7fe7a0000000-7fe7a0001000 r--s 00004000 00:2e 268                        /tmp/jruby-142449/jruby5223218246968017261psych.jar
7fe7a0001000-7fe7a0004000 r--s 00014000 103:04 1582115                   /home/trofis/Documents/Worldline/autoPairing/logstash/logstash-core/lib/jars/org.eclipse.core.contenttype-3.4.100.jar
7fe7a0004000-7fe7a0008000 r--s 00017000 103:04 1582102                   /home/trofis/Documents/Worldline/autoPairing/logstash/logstash-core/lib/jars/org.eclipse.core.commands-3.6.0.jar
7fe7a0008000-7fe7a0014000 r--s 00088000 103:04 1582107                   /home/trofis/Documents/Worldline/autoPairing/logstash/logstash-core/lib/jars/logstash-core.jar
7fe7a0014000-7fe7a0015000 r--s 00005000 103:04 1582090                   /home/trofis/Documents/Worldline/autoPairing/logstash/logstash-core/lib/jars/log4j-slf4j-impl-2.12.1.jar
7fe7a0015000-7fe7a001b000 r--s 0003e000 103:04 1582100                   /home/trofis/Documents/Worldline/autoPairing/logstash/logstash-core/lib/jars/log4j-api-2.12.1.jar
7fe7a001b000-7fe7a001e000 r--s 00006000 103:04 1582094                   /home/trofis/Documents/Worldline/autoPairing/logstash/logstash-core/lib/jars/jsr305-1.3.9.jar
7fe7a001e000-7fe7a0052000 rw-p 00000000 00:00 0 
7fe7a0052000-7fe7a005d000 r--s 000b5000 103:04 1582124                   /home/trofis/Documents/Worldline/autoPairing/logstash/logstash-core/lib/jars/javassist-3.26.0-GA.jar
7fe7a005d000-7fe7a0069000 r--s 000c9000 103:04 1582116                   /home/trofis/Documents/Worldline/autoPairing/logstash/logstash-core/lib/jars/janino-3.1.0.jar
7fe7a0069000-7fe7a007c000 r--s 00137000 103:04 1582117                   /home/trofis/Documents/Worldline/autoPairing/logstash/logstash-core/lib/jars/jackson-databind-2.9.10.1.jar
7fe7a007c000-7fe7a00ac000 r--s 00245000 103:04 1582097                   /home/trofis/Documents/Worldline/autoPairing/logstash/logstash-core/lib/jars/guava-22.0.jar
7fe7a00ac000-7fe7a00af000 ---p 00000000 00:00 0 
7fe7a00af000-7fe7a01ad000 rw-p 00000000 00:00 0 
7fe7a01ad000-7fe7a01ae000 ---p 00000000 00:00 0 
7fe7a01ae000-7fe7a02fc000 rw-p 00000000 00:00 0 
7fe7a02fc000-7fe7a04cc000 r--s 03c68000 103:04 662574                    /usr/lib/jvm/java-8-openjdk/jre/lib/rt.jar
7fe7a04cc000-7fe7a06f7000 rw-p 00000000 00:00 0 
7fe7a06f7000-7fe7a06f8000 ---p 00000000 00:00 0 
7fe7a06f8000-7fe7a1000000 rw-p 00000000 00:00 0 
7fe7a1000000-7fe7a3fe0000 rwxp 00000000 00:00 0 
7fe7a3fe0000-7fe7b0000000 ---p 00000000 00:00 0 
7fe7b0000000-7fe7b1c30000 rw-p 00000000 00:00 0 
7fe7b1c30000-7fe7b4000000 ---p 00000000 00:00 0 
7fe7b4000000-7fe7b4002000 r--s 0000b000 103:04 1582101                   /home/trofis/Documents/Worldline/autoPairing/logstash/logstash-core/lib/jars/jackson-dataformat-cbor-2.9.10.jar
7fe7b4002000-7fe7b4006000 r--s 0004c000 103:04 1582105                   /home/trofis/Documents/Worldline/autoPairing/logstash/logstash-core/lib/jars/jackson-core-2.9.10.jar
7fe7b4006000-7fe7b4009000 r--s 0000e000 103:04 1582113                   /home/trofis/Documents/Worldline/autoPairing/logstash/logstash-core/lib/jars/jackson-annotations-2.9.10.jar
7fe7b4009000-7fe7b400b000 r--s 00001000 103:04 1582112                   /home/trofis/Documents/Worldline/autoPairing/logstash/logstash-core/lib/jars/j2objc-annotations-1.1.jar
7fe7b400b000-7fe7b4010000 r--s 0003c000 103:04 1582104                   /home/trofis/Documents/Worldline/autoPairing/logstash/logstash-core/lib/jars/gradle-license-report-0.7.1.jar
7fe7b4010000-7fe7b4014000 r--s 0002a000 103:04 1582111                   /home/trofis/Documents/Worldline/autoPairing/logstash/logstash-core/lib/jars/google-java-format-1.1.jar
7fe7b4014000-7fe7b4015000 r--s 00002000 103:04 1582095                   /home/trofis/Documents/Worldline/autoPairing/logstash/logstash-core/lib/jars/error_prone_annotations-2.0.18.jar
7fe7b4015000-7fe7b401c000 r--s 0004e000 103:04 1582109                   /home/trofis/Documents/Worldline/autoPairing/logstash/logstash-core/lib/jars/commons-codec-1.13.jar
7fe7b401c000-7fe7b4065000 rw-p 00000000 00:00 0 
7fe7b4065000-7fe7b4066000 ---p 00000000 00:00 0 
7fe7b4066000-7fe7b4166000 rw-p 00000000 00:00 0 
7fe7b4166000-7fe7b4167000 ---p 00000000 00:00 0 
7fe7b4167000-7fe7b589b000 rw-p 00000000 00:00 0 
7fe7b589b000-7fe7b589c000 rw-p 00000000 00:00 0 
7fe7b589c000-7fe7b589d000 ---p 00000000 00:00 0 
7fe7b589d000-7fe7b599d000 rw-p 00000000 00:00 0 
7fe7b599d000-7fe7b599e000 ---p 00000000 00:00 0 
7fe7b599e000-7fe7b5a9e000 rw-p 00000000 00:00 0 
7fe7b5a9e000-7fe7b5a9f000 ---p 00000000 00:00 0 
7fe7b5a9f000-7fe7b5b9f000 rw-p 00000000 00:00 0 
7fe7b5b9f000-7fe7b5ba0000 ---p 00000000 00:00 0 
7fe7b5ba0000-7fe7b5ca0000 rw-p 00000000 00:00 0 
7fe7b5ca0000-7fe7b5ca1000 ---p 00000000 00:00 0 
7fe7b5ca1000-7fe7b5da1000 rw-p 00000000 00:00 0 
7fe7b5da1000-7fe7b5da2000 ---p 00000000 00:00 0 
7fe7b5da2000-7fe7b5ea2000 rw-p 00000000 00:00 0 
7fe7b5ea2000-7fe7b5ea3000 ---p 00000000 00:00 0 
7fe7b5ea3000-7fe7b5fa3000 rw-p 00000000 00:00 0 
7fe7b5fa3000-7fe7b5fa4000 ---p 00000000 00:00 0 
7fe7b5fa4000-7fe7b6164000 rw-p 00000000 00:00 0 
7fe7b6164000-7fe7b6464000 ---p 00000000 00:00 0 
7fe7b6464000-7fe7b6467000 r--p 00000000 103:04 662609                    /usr/lib/jvm/java-8-openjdk/jre/lib/amd64/libzip.so
7fe7b6467000-7fe7b646b000 r-xp 00003000 103:04 662609                    /usr/lib/jvm/java-8-openjdk/jre/lib/amd64/libzip.so
7fe7b646b000-7fe7b646d000 r--p 00007000 103:04 662609                    /usr/lib/jvm/java-8-openjdk/jre/lib/amd64/libzip.so
7fe7b646d000-7fe7b646e000 r--p 00008000 103:04 662609                    /usr/lib/jvm/java-8-openjdk/jre/lib/amd64/libzip.so
7fe7b646e000-7fe7b646f000 rw-p 00009000 103:04 662609                    /usr/lib/jvm/java-8-openjdk/jre/lib/amd64/libzip.so
7fe7b646f000-7fe7b647c000 r--p 00000000 103:04 662588                    /usr/lib/jvm/java-8-openjdk/jre/lib/amd64/libjava.so
7fe7b647c000-7fe7b6492000 r-xp 0000d000 103:04 662588                    /usr/lib/jvm/java-8-openjdk/jre/lib/amd64/libjava.so
7fe7b6492000-7fe7b6499000 r--p 00023000 103:04 662588                    /usr/lib/jvm/java-8-openjdk/jre/lib/amd64/libjava.so
7fe7b6499000-7fe7b649a000 r--p 00029000 103:04 662588                    /usr/lib/jvm/java-8-openjdk/jre/lib/amd64/libjava.so
7fe7b649a000-7fe7b649b000 rw-p 0002a000 103:04 662588                    /usr/lib/jvm/java-8-openjdk/jre/lib/amd64/libjava.so
7fe7b649b000-7fe7b649c000 rw-p 00000000 00:00 0 
7fe7b649c000-7fe7b649f000 r--p 00000000 103:04 2368512                   /usr/lib/librt-2.31.so
7fe7b649f000-7fe7b64a3000 r-xp 00003000 103:04 2368512                   /usr/lib/librt-2.31.so
7fe7b64a3000-7fe7b64a4000 r--p 00007000 103:04 2368512                   /usr/lib/librt-2.31.so
7fe7b64a4000-7fe7b64a5000 ---p 00008000 103:04 2368512                   /usr/lib/librt-2.31.so
7fe7b64a5000-7fe7b64a6000 r--p 00008000 103:04 2368512                   /usr/lib/librt-2.31.so
7fe7b64a6000-7fe7b64a7000 rw-p 00009000 103:04 2368512                   /usr/lib/librt-2.31.so
7fe7b64a7000-7fe7b64a8000 ---p 00000000 00:00 0 
7fe7b64a8000-7fe7b64ab000 ---p 00000000 00:00 0 
7fe7b64ab000-7fe7b65a8000 rw-p 00000000 00:00 0 
7fe7b65a8000-7fe7b65b7000 r--p 00000000 103:04 2368476                   /usr/lib/libm-2.31.so
7fe7b65b7000-7fe7b6653000 r-xp 0000f000 103:04 2368476                   /usr/lib/libm-2.31.so
7fe7b6653000-7fe7b66ec000 r--p 000ab000 103:04 2368476                   /usr/lib/libm-2.31.so
7fe7b66ec000-7fe7b66ed000 r--p 00143000 103:04 2368476                   /usr/lib/libm-2.31.so
7fe7b66ed000-7fe7b66ee000 rw-p 00144000 103:04 2368476                   /usr/lib/libm-2.31.so
7fe7b66ee000-7fe7b68e0000 r--p 00000000 103:04 662612                    /usr/lib/jvm/java-8-openjdk/jre/lib/amd64/server/libjvm.so
7fe7b68e0000-7fe7b718c000 r-xp 001f2000 103:04 662612                    /usr/lib/jvm/java-8-openjdk/jre/lib/amd64/server/libjvm.so
7fe7b718c000-7fe7b732e000 r--p 00a9e000 103:04 662612                    /usr/lib/jvm/java-8-openjdk/jre/lib/amd64/server/libjvm.so
7fe7b732e000-7fe7b732f000 ---p 00c40000 103:04 662612                    /usr/lib/jvm/java-8-openjdk/jre/lib/amd64/server/libjvm.so
7fe7b732f000-7fe7b73c4000 r--p 00c40000 103:04 662612                    /usr/lib/jvm/java-8-openjdk/jre/lib/amd64/server/libjvm.so
7fe7b73c4000-7fe7b73ec000 rw-p 00cd5000 103:04 662612                    /usr/lib/jvm/java-8-openjdk/jre/lib/amd64/server/libjvm.so
7fe7b73ec000-7fe7b741f000 rw-p 00000000 00:00 0 
7fe7b741f000-7fe7b7426000 r--p 00000000 103:04 2368504                   /usr/lib/libpthread-2.31.so
7fe7b7426000-7fe7b7436000 r-xp 00007000 103:04 2368504                   /usr/lib/libpthread-2.31.so
7fe7b7436000-7fe7b743b000 r--p 00017000 103:04 2368504                   /usr/lib/libpthread-2.31.so
7fe7b743b000-7fe7b743c000 r--p 0001b000 103:04 2368504                   /usr/lib/libpthread-2.31.so
7fe7b743c000-7fe7b743d000 rw-p 0001c000 103:04 2368504                   /usr/lib/libpthread-2.31.so
7fe7b743d000-7fe7b7441000 rw-p 00000000 00:00 0 
7fe7b7441000-7fe7b7442000 r--p 00000000 103:04 2368470                   /usr/lib/libdl-2.31.so
7fe7b7442000-7fe7b7443000 r-xp 00001000 103:04 2368470                   /usr/lib/libdl-2.31.so
7fe7b7443000-7fe7b7444000 r--p 00002000 103:04 2368470                   /usr/lib/libdl-2.31.so
7fe7b7444000-7fe7b7445000 r--p 00002000 103:04 2368470                   /usr/lib/libdl-2.31.so
7fe7b7445000-7fe7b7446000 rw-p 00003000 103:04 2368470                   /usr/lib/libdl-2.31.so
7fe7b7446000-7fe7b7449000 r--p 00000000 103:04 2365659                   /usr/lib/libz.so.1.2.11
7fe7b7449000-7fe7b7457000 r-xp 00003000 103:04 2365659                   /usr/lib/libz.so.1.2.11
7fe7b7457000-7fe7b745d000 r--p 00011000 103:04 2365659                   /usr/lib/libz.so.1.2.11
7fe7b745d000-7fe7b745e000 ---p 00017000 103:04 2365659                   /usr/lib/libz.so.1.2.11
7fe7b745e000-7fe7b745f000 r--p 00017000 103:04 2365659                   /usr/lib/libz.so.1.2.11
7fe7b745f000-7fe7b7460000 rw-p 00018000 103:04 2365659                   /usr/lib/libz.so.1.2.11
7fe7b7460000-7fe7b7485000 r--p 00000000 103:04 2368461                   /usr/lib/libc-2.31.so
7fe7b7485000-7fe7b75d1000 r-xp 00025000 103:04 2368461                   /usr/lib/libc-2.31.so
7fe7b75d1000-7fe7b761c000 r--p 00171000 103:04 2368461                   /usr/lib/libc-2.31.so
7fe7b761c000-7fe7b761f000 r--p 001bb000 103:04 2368461                   /usr/lib/libc-2.31.so
7fe7b761f000-7fe7b7622000 rw-p 001be000 103:04 2368461                   /usr/lib/libc-2.31.so
7fe7b7622000-7fe7b7626000 rw-p 00000000 00:00 0 
7fe7b7626000-7fe7b762b000 r--s 0001f000 103:04 1582119                   /home/trofis/Documents/Worldline/autoPairing/logstash/logstash-core/lib/jars/commons-compiler-3.1.0.jar
7fe7b762b000-7fe7b762c000 r--s 00000000 103:04 1582118                   /home/trofis/Documents/Worldline/autoPairing/logstash/logstash-core/lib/jars/animal-sniffer-annotations-1.14.jar
7fe7b762c000-7fe7b7634000 rw-s 00000000 00:2e 276                        /tmp/hsperfdata_trofis/142449
7fe7b7634000-7fe7b7637000 r--p 00000000 103:04 2368497                   /usr/lib/libnss_files-2.31.so
7fe7b7637000-7fe7b763e000 r-xp 00003000 103:04 2368497                   /usr/lib/libnss_files-2.31.so
7fe7b763e000-7fe7b7640000 r--p 0000a000 103:04 2368497                   /usr/lib/libnss_files-2.31.so
7fe7b7640000-7fe7b7641000 r--p 0000b000 103:04 2368497                   /usr/lib/libnss_files-2.31.so
7fe7b7641000-7fe7b7642000 rw-p 0000c000 103:04 2368497                   /usr/lib/libnss_files-2.31.so
7fe7b7642000-7fe7b7649000 rw-p 00000000 00:00 0 
7fe7b7649000-7fe7b764e000 r--p 00000000 103:04 662608                    /usr/lib/jvm/java-8-openjdk/jre/lib/amd64/libverify.so
7fe7b764e000-7fe7b7655000 r-xp 00005000 103:04 662608                    /usr/lib/jvm/java-8-openjdk/jre/lib/amd64/libverify.so
7fe7b7655000-7fe7b7657000 r--p 0000c000 103:04 662608                    /usr/lib/jvm/java-8-openjdk/jre/lib/amd64/libverify.so
7fe7b7657000-7fe7b7658000 ---p 0000e000 103:04 662608                    /usr/lib/jvm/java-8-openjdk/jre/lib/amd64/libverify.so
7fe7b7658000-7fe7b765a000 r--p 0000e000 103:04 662608                    /usr/lib/jvm/java-8-openjdk/jre/lib/amd64/libverify.so
7fe7b765a000-7fe7b765b000 rw-p 00010000 103:04 662608                    /usr/lib/jvm/java-8-openjdk/jre/lib/amd64/libverify.so
7fe7b765b000-7fe7b765e000 r--p 00000000 103:04 662610                    /usr/lib/jvm/java-8-openjdk/jre/lib/amd64/jli/libjli.so
7fe7b765e000-7fe7b7667000 r-xp 00003000 103:04 662610                    /usr/lib/jvm/java-8-openjdk/jre/lib/amd64/jli/libjli.so
7fe7b7667000-7fe7b766a000 r--p 0000c000 103:04 662610                    /usr/lib/jvm/java-8-openjdk/jre/lib/amd64/jli/libjli.so
7fe7b766a000-7fe7b766b000 r--p 0000e000 103:04 662610                    /usr/lib/jvm/java-8-openjdk/jre/lib/amd64/jli/libjli.so
7fe7b766b000-7fe7b766c000 rw-p 0000f000 103:04 662610                    /usr/lib/jvm/java-8-openjdk/jre/lib/amd64/jli/libjli.so
7fe7b766c000-7fe7b766e000 rw-p 00000000 00:00 0 
7fe7b766e000-7fe7b7670000 r--p 00000000 103:04 2368449                   /usr/lib/ld-2.31.so
7fe7b7670000-7fe7b7690000 r-xp 00002000 103:04 2368449                   /usr/lib/ld-2.31.so
7fe7b7690000-7fe7b7698000 r--p 00022000 103:04 2368449                   /usr/lib/ld-2.31.so
7fe7b7698000-7fe7b7699000 r--p 00000000 00:00 0 
7fe7b7699000-7fe7b769a000 r--p 0002a000 103:04 2368449                   /usr/lib/ld-2.31.so
7fe7b769a000-7fe7b769b000 rw-p 0002b000 103:04 2368449                   /usr/lib/ld-2.31.so
7fe7b769b000-7fe7b769c000 rw-p 00000000 00:00 0 
7ffdbd75c000-7ffdbd780000 rw-p 00000000 00:00 0                          [stack]
7ffdbd79c000-7ffdbd79f000 r--p 00000000 00:00 0                          [vvar]
7ffdbd79f000-7ffdbd7a0000 r-xp 00000000 00:00 0                          [vdso]
ffffffffff600000-ffffffffff601000 --xp 00000000 00:00 0                  [vsyscall]

VM Arguments:
jvm_args: -Xms1g -Xmx1g -XX:+UseConcMarkSweepGC -XX:CMSInitiatingOccupancyFraction=75 -XX:+UseCMSInitiatingOccupancyOnly -Djava.awt.headless=true -Dfile.encoding=UTF-8 -Djruby.compile.invokedynamic=true -Djruby.jit.threshold=0 -Djruby.regexp.interruptible=true -XX:+HeapDumpOnOutOfMemoryError -Djava.security.egd=file:/dev/urandom -Dlog4j2.isThreadContextMapInheritable=true 
java_command: org.logstash.Logstash -f /home/trofis/Documents/Worldline/autoPairing/config/logstash-config.conf -w 1
java_class_path (initial): /home/trofis/Documents/Worldline/autoPairing/logstash/logstash-core/lib/jars/animal-sniffer-annotations-1.14.jar:/home/trofis/Documents/Worldline/autoPairing/logstash/logstash-core/lib/jars/commons-codec-1.13.jar:/home/trofis/Documents/Worldline/autoPairing/logstash/logstash-core/lib/jars/commons-compiler-3.1.0.jar:/home/trofis/Documents/Worldline/autoPairing/logstash/logstash-core/lib/jars/error_prone_annotations-2.0.18.jar:/home/trofis/Documents/Worldline/autoPairing/logstash/logstash-core/lib/jars/google-java-format-1.1.jar:/home/trofis/Documents/Worldline/autoPairing/logstash/logstash-core/lib/jars/gradle-license-report-0.7.1.jar:/home/trofis/Documents/Worldline/autoPairing/logstash/logstash-core/lib/jars/guava-22.0.jar:/home/trofis/Documents/Worldline/autoPairing/logstash/logstash-core/lib/jars/j2objc-annotations-1.1.jar:/home/trofis/Documents/Worldline/autoPairing/logstash/logstash-core/lib/jars/jackson-annotations-2.9.10.jar:/home/trofis/Documents/Worldline/autoPairing/logstash/logstash-core/lib/jars/jackson-core-2.9.10.jar:/home/trofis/Documents/Worldline/autoPairing/logstash/logstash-core/lib/jars/jackson-databind-2.9.10.1.jar:/home/trofis/Documents/Worldline/autoPairing/logstash/logstash-core/lib/jars/jackson-dataformat-cbor-2.9.10.jar:/home/trofis/Documents/Worldline/autoPairing/logstash/logstash-core/lib/jars/janino-3.1.0.jar:/home/trofis/Documents/Worldline/autoPairing/logstash/logstash-core/lib/jars/javassist-3.26.0-GA.jar:/home/trofis/Documents/Worldline/autoPairing/logstash/logstash-core/lib/jars/jruby-complete-9.2.9.0.jar:/home/trofis/Documents/Worldline/autoPairing/logstash/logstash-core/lib/jars/jsr305-1.3.9.jar:/home/trofis/Documents/Worldline/autoPairing/logstash/logstash-core/lib/jars/log4j-api-2.12.1.jar:/home/trofis/Documents/Worldline/autoPairing/logstash/logstash-core/lib/jars/log4j-core-2.12.1.jar:/home/trofis/Documents/Worldline/autoPairing/logstash/logstash-core/lib/jars/log4j-slf4j-impl-2.12.1.jar:/home/trof
Launcher Type: SUN_STANDARD

Environment Variables:
PATH=/home/trofis/Documents/Worldline/autoPairing/logstash/vendor/bundle/jruby/2.5.0/bin:/usr/lib/node_modules/npm/node_modules/npm-lifecycle/node-gyp-bin:/home/trofis/Documents/auto-pairing-app/server/node_modules/.bin:/home/trofis/.local/bin:/usr/local/bin:/usr/local/sbin:/usr/bin:/usr/lib/jvm/default/bin:/usr/bin/site_perl:/usr/bin/vendor_perl:/usr/bin/core_perl:/var/lib/snapd/snap/bin
USERNAME=trofis
SHELL=/bin/bash
DISPLAY=:1

Signal Handlers:
SIGSEGV: [libjvm.so+0xa6a400], sa_mask[0]=11111111011111111101111111111110, sa_flags=SA_RESTART|SA_SIGINFO
SIGBUS: [libjvm.so+0xa6a400], sa_mask[0]=11111111011111111101111111111110, sa_flags=SA_RESTART|SA_SIGINFO
SIGFPE: [libjvm.so+0x8c7be0], sa_mask[0]=11111111011111111101111111111110, sa_flags=SA_RESTART|SA_SIGINFO
SIGPIPE: [libjvm.so+0x8c7be0], sa_mask[0]=11111111011111111101111111111110, sa_flags=SA_RESTART|SA_SIGINFO
SIGXFSZ: [libjvm.so+0x8c7be0], sa_mask[0]=11111111011111111101111111111110, sa_flags=SA_RESTART|SA_SIGINFO
SIGILL: [libjvm.so+0x8c7be0], sa_mask[0]=11111111011111111101111111111110, sa_flags=SA_RESTART|SA_SIGINFO
SIGUSR1: SIG_DFL, sa_mask[0]=00000000000000000000000000000000, sa_flags=none
SIGUSR2: [libjvm.so+0x8c7ab0], sa_mask[0]=00000000000000000000000000000000, sa_flags=SA_RESTART|SA_SIGINFO
SIGHUP: [libjvm.so+0x8c7e80], sa_mask[0]=11111111011111111101111111111110, sa_flags=SA_RESTART|SA_SIGINFO
SIGINT: [libjvm.so+0x8c7e80], sa_mask[0]=11111111011111111101111111111110, sa_flags=SA_RESTART|SA_SIGINFO
SIGTERM: [libjvm.so+0x8c7e80], sa_mask[0]=11111111011111111101111111111110, sa_flags=SA_RESTART|SA_SIGINFO
SIGQUIT: [libjvm.so+0x8c7e80], sa_mask[0]=11111111011111111101111111111110, sa_flags=SA_RESTART|SA_SIGINFO


---------------  S Y S T E M  ---------------

OS:DISTRIB_ID=ManjaroLinux
DISTRIB_RELEASE=20.0
DISTRIB_CODENAME=Lysia
DISTRIB_DESCRIPTION="Manjaro Linux"

uname:Linux 5.4.36-1-MANJARO #1 SMP PREEMPT Wed Apr 29 18:47:01 UTC 2020 x86_64
libc:glibc 2.31 NPTL 2.31 
rlimit: STACK 8192k, CORE infinity, NPROC 30891, NOFILE 524288, AS infinity
load average:4,25 3,14 2,29

/proc/meminfo:
MemTotal:        7927548 kB
MemFree:          410176 kB
MemAvailable:     694404 kB
Buffers:           18148 kB
Cached:          1653852 kB
SwapCached:            0 kB
Active:          5382656 kB
Inactive:         793532 kB
Active(anon):    5243984 kB
Inactive(anon):   473924 kB
Active(file):     138672 kB
Inactive(file):   319608 kB
Unevictable:      733488 kB
Mlocked:              80 kB
SwapTotal:             0 kB
SwapFree:              0 kB
Dirty:               136 kB
Writeback:             0 kB
AnonPages:       5238100 kB
Mapped:           516400 kB
Shmem:           1256836 kB
KReclaimable:     108396 kB
Slab:             322128 kB
SReclaimable:     108396 kB
SUnreclaim:       213732 kB
KernelStack:       19908 kB
PageTables:        73168 kB
NFS_Unstable:          0 kB
Bounce:                0 kB
WritebackTmp:          0 kB
CommitLimit:     3963772 kB
Committed_AS:   20473600 kB
VmallocTotal:   34359738367 kB
VmallocUsed:       42328 kB
VmallocChunk:          0 kB
Percpu:             5760 kB
HardwareCorrupted:     0 kB
AnonHugePages:         0 kB
ShmemHugePages:        0 kB
ShmemPmdMapped:        0 kB
FileHugePages:         0 kB
FilePmdMapped:         0 kB
HugePages_Total:       0
HugePages_Free:        0
HugePages_Rsvd:        0
HugePages_Surp:        0
Hugepagesize:       2048 kB
Hugetlb:               0 kB
DirectMap4k:      527304 kB
DirectMap2M:     7634944 kB
DirectMap1G:           0 kB

container (cgroup) information:
container_type: cgroupv1
cpu_cpuset_cpus: 0-7
cpu_memory_nodes: 0
active_processor_count: 8
cpu_quota: -1
cpu_period: 100000
cpu_shares: -1
memory_limit_in_bytes: -1
memory_and_swap_limit_in_bytes: -1
memory_soft_limit_in_bytes: -1
memory_usage_in_bytes: 6959030272
memory_max_usage_in_bytes: 7388897280


CPU:total 8 (initial active 8) (4 cores per cpu, 2 threads per core) family 6 model 142 stepping 12, cmov, cx8, fxsr, mmx, sse, sse2, sse3, ssse3, sse4.1, sse4.2, popcnt, avx, avx2, aes, clmul, erms, 3dnowpref, lzcnt, ht, tsc, tscinvbit, bmi1, bmi2, adx

/proc/cpuinfo:
processor	: 0
vendor_id	: GenuineIntel
cpu family	: 6
model		: 142
model name	: Intel(R) Core(TM) i5-8265U CPU @ 1.60GHz
stepping	: 12
microcode	: 0xca
cpu MHz		: 939.522
cache size	: 6144 KB
physical id	: 0
siblings	: 8
core id		: 0
cpu cores	: 4
apicid		: 0
initial apicid	: 0
fpu		: yes
fpu_exception	: yes
cpuid level	: 22
wp		: yes
flags		: fpu vme de pse tsc msr pae mce cx8 apic sep mtrr pge mca cmov pat pse36 clflush dts acpi mmx fxsr sse sse2 ss ht tm pbe syscall nx pdpe1gb rdtscp lm constant_tsc art arch_perfmon pebs bts rep_good nopl xtopology nonstop_tsc cpuid aperfmperf pni pclmulqdq dtes64 monitor ds_cpl vmx est tm2 ssse3 sdbg fma cx16 xtpr pdcm pcid sse4_1 sse4_2 x2apic movbe popcnt tsc_deadline_timer aes xsave avx f16c rdrand lahf_lm abm 3dnowprefetch cpuid_fault epb invpcid_single ssbd ibrs ibpb stibp ibrs_enhanced tpr_shadow vnmi flexpriority ept vpid ept_ad fsgsbase tsc_adjust bmi1 avx2 smep bmi2 erms invpcid mpx rdseed adx smap clflushopt intel_pt xsaveopt xsavec xgetbv1 xsaves dtherm ida arat pln pts hwp hwp_notify hwp_act_window hwp_epp md_clear flush_l1d arch_capabilities
bugs		: spectre_v1 spectre_v2 spec_store_bypass swapgs itlb_multihit
bogomips	: 3601.00
clflush size	: 64
cache_alignment	: 64
address sizes	: 39 bits physical, 48 bits virtual
power management:

processor	: 1
vendor_id	: GenuineIntel
cpu family	: 6
model		: 142
model name	: Intel(R) Core(TM) i5-8265U CPU @ 1.60GHz
stepping	: 12
microcode	: 0xca
cpu MHz		: 1023.980
cache size	: 6144 KB
physical id	: 0
siblings	: 8
core id		: 1
cpu cores	: 4
apicid		: 2
initial apicid	: 2
fpu		: yes
fpu_exception	: yes
cpuid level	: 22
wp		: yes
flags		: fpu vme de pse tsc msr pae mce cx8 apic sep mtrr pge mca cmov pat pse36 clflush dts acpi mmx fxsr sse sse2 ss ht tm pbe syscall nx pdpe1gb rdtscp lm constant_tsc art arch_perfmon pebs bts rep_good nopl xtopology nonstop_tsc cpuid aperfmperf pni pclmulqdq dtes64 monitor ds_cpl vmx est tm2 ssse3 sdbg fma cx16 xtpr pdcm pcid sse4_1 sse4_2 x2apic movbe popcnt tsc_deadline_timer aes xsave avx f16c rdrand lahf_lm abm 3dnowprefetch cpuid_fault epb invpcid_single ssbd ibrs ibpb stibp ibrs_enhanced tpr_shadow vnmi flexpriority ept vpid ept_ad fsgsbase tsc_adjust bmi1 avx2 smep bmi2 erms invpcid mpx rdseed adx smap clflushopt intel_pt xsaveopt xsavec xgetbv1 xsaves dtherm ida arat pln pts hwp hwp_notify hwp_act_window hwp_epp md_clear flush_l1d arch_capabilities
bugs		: spectre_v1 spectre_v2 spec_store_bypass swapgs itlb_multihit
bogomips	: 3601.00
clflush size	: 64
cache_alignment	: 64
address sizes	: 39 bits physical, 48 bits virtual
power management:

processor	: 2
vendor_id	: GenuineIntel
cpu family	: 6
model		: 142
model name	: Intel(R) Core(TM) i5-8265U CPU @ 1.60GHz
stepping	: 12
microcode	: 0xca
cpu MHz		: 1125.864
cache size	: 6144 KB
physical id	: 0
siblings	: 8
core id		: 2
cpu cores	: 4
apicid		: 4
initial apicid	: 4
fpu		: yes
fpu_exception	: yes
cpuid level	: 22
wp		: yes
flags		: fpu vme de pse tsc msr pae mce cx8 apic sep mtrr pge mca cmov pat pse36 clflush dts acpi mmx fxsr sse sse2 ss ht tm pbe syscall nx pdpe1gb rdtscp lm constant_tsc art arch_perfmon pebs bts rep_good nopl xtopology nonstop_tsc cpuid aperfmperf pni pclmulqdq dtes64 monitor ds_cpl vmx est tm2 ssse3 sdbg fma cx16 xtpr pdcm pcid sse4_1 sse4_2 x2apic movbe popcnt tsc_deadline_timer aes xsave avx f16c rdrand lahf_lm abm 3dnowprefetch cpuid_fault epb invpcid_single ssbd ibrs ibpb stibp ibrs_enhanced tpr_shadow vnmi flexpriority ept vpid ept_ad fsgsbase tsc_adjust bmi1 avx2 smep bmi2 erms invpcid mpx rdseed adx smap clflushopt intel_pt xsaveopt xsavec xgetbv1 xsaves dtherm ida arat pln pts hwp hwp_notify hwp_act_window hwp_epp md_clear flush_l1d arch_capabilities
bugs		: spectre_v1 spectre_v2 spec_store_bypass swapgs itlb_multihit
bogomips	: 3601.00
clflush size	: 64
cache_alignment	: 64
address sizes	: 39 bits physical, 48 bits virtual
power management:

processor	: 3
vendor_id	: GenuineIntel
cpu family	: 6
model		: 142
model name	: Intel(R) Core(TM) i5-8265U CPU @ 1.60GHz
stepping	: 12
microcode	: 0xca
cpu MHz		: 1054.699
cache size	: 6144 KB
physical id	: 0
siblings	: 8
core id		: 3
cpu cores	: 4
apicid		: 6
initial apicid	: 6
fpu		: yes
fpu_exception	: yes
cpuid level	: 22
wp		: yes
flags		: fpu vme de pse tsc msr pae mce cx8 apic sep mtrr pge mca cmov pat pse36 clflush dts acpi mmx fxsr sse sse2 ss ht tm pbe syscall nx pdpe1gb rdtscp lm constant_tsc art arch_perfmon pebs bts rep_good nopl xtopology nonstop_tsc cpuid aperfmperf pni pclmulqdq dtes64 monitor ds_cpl vmx est tm2 ssse3 sdbg fma cx16 xtpr pdcm pcid sse4_1 sse4_2 x2apic movbe popcnt tsc_deadline_timer aes xsave avx f16c rdrand lahf_lm abm 3dnowprefetch cpuid_fault epb invpcid_single ssbd ibrs ibpb stibp ibrs_enhanced tpr_shadow vnmi flexpriority ept vpid ept_ad fsgsbase tsc_adjust bmi1 avx2 smep bmi2 erms invpcid mpx rdseed adx smap clflushopt intel_pt xsaveopt xsavec xgetbv1 xsaves dtherm ida arat pln pts hwp hwp_notify hwp_act_window hwp_epp md_clear flush_l1d arch_capabilities
bugs		: spectre_v1 spectre_v2 spec_store_bypass swapgs itlb_multihit
bogomips	: 3601.00
clflush size	: 64
cache_alignment	: 64
address sizes	: 39 bits physical, 48 bits virtual
power management:

processor	: 4
vendor_id	: GenuineIntel
cpu family	: 6
model		: 142
model name	: Intel(R) Core(TM) i5-8265U CPU @ 1.60GHz
stepping	: 12
microcode	: 0xca
cpu MHz		: 1070.535
cache size	: 6144 KB
physical id	: 0
siblings	: 8
core id		: 0
cpu cores	: 4
apicid		: 1
initial apicid	: 1
fpu		: yes
fpu_exception	: yes
cpuid level	: 22
wp		: yes
flags		: fpu vme de pse tsc msr pae mce cx8 apic sep mtrr pge mca cmov pat pse36 clflush dts acpi mmx fxsr sse sse2 ss ht tm pbe syscall nx pdpe1gb rdtscp lm constant_tsc art arch_perfmon pebs bts rep_good nopl xtopology nonstop_tsc cpuid aperfmperf pni pclmulqdq dtes64 monitor ds_cpl vmx est tm2 ssse3 sdbg fma cx16 xtpr pdcm pcid sse4_1 sse4_2 x2apic movbe popcnt tsc_deadline_timer aes xsave avx f16c rdrand lahf_lm abm 3dnowprefetch cpuid_fault epb invpcid_single ssbd ibrs ibpb stibp ibrs_enhanced tpr_shadow vnmi flexpriority ept vpid ept_ad fsgsbase tsc_adjust bmi1 avx2 smep bmi2 erms invpcid mpx rdseed adx smap clflushopt intel_pt xsaveopt xsavec xgetbv1 xsaves dtherm ida arat pln pts hwp hwp_notify hwp_act_window hwp_epp md_clear flush_l1d arch_capabilities
bugs		: spectre_v1 spectre_v2 spec_store_bypass swapgs itlb_multihit
bogomips	: 3601.00
clflush size	: 64
cache_alignment	: 64
address sizes	: 39 bits physical, 48 bits virtual
power management:

processor	: 5
vendor_id	: GenuineIntel
cpu family	: 6
model		: 142
model name	: Intel(R) Core(TM) i5-8265U CPU @ 1.60GHz
stepping	: 12
microcode	: 0xca
cpu MHz		: 1180.212
cache size	: 6144 KB
physical id	: 0
siblings	: 8
core id		: 1
cpu cores	: 4
apicid		: 3
initial apicid	: 3
fpu		: yes
fpu_exception	: yes
cpuid level	: 22
wp		: yes
flags		: fpu vme de pse tsc msr pae mce cx8 apic sep mtrr pge mca cmov pat pse36 clflush dts acpi mmx fxsr sse sse2 ss ht tm pbe syscall nx pdpe1gb rdtscp lm constant_tsc art arch_perfmon pebs bts rep_good nopl xtopology nonstop_tsc cpuid aperfmperf pni pclmulqdq dtes64 monitor ds_cpl vmx est tm2 ssse3 sdbg fma cx16 xtpr pdcm pcid sse4_1 sse4_2 x2apic movbe popcnt tsc_deadline_timer aes xsave avx f16c rdrand lahf_lm abm 3dnowprefetch cpuid_fault epb invpcid_single ssbd ibrs ibpb stibp ibrs_enhanced tpr_shadow vnmi flexpriority ept vpid ept_ad fsgsbase tsc_adjust bmi1 avx2 smep bmi2 erms invpcid mpx rdseed adx smap clflushopt intel_pt xsaveopt xsavec xgetbv1 xsaves dtherm ida arat pln pts hwp hwp_notify hwp_act_window hwp_epp md_clear flush_l1d arch_capabilities
bugs		: spectre_v1 spectre_v2 spec_store_bypass swapgs itlb_multihit
bogomips	: 3601.00
clflush size	: 64
cache_alignment	: 64
address sizes	: 39 bits physical, 48 bits virtual
power management:

processor	: 6
vendor_id	: GenuineIntel
cpu family	: 6
model		: 142
model name	: Intel(R) Core(TM) i5-8265U CPU @ 1.60GHz
stepping	: 12
microcode	: 0xca
cpu MHz		: 1102.519
cache size	: 6144 KB
physical id	: 0
siblings	: 8
core id		: 2
cpu cores	: 4
apicid		: 5
initial apicid	: 5
fpu		: yes
fpu_exception	: yes
cpuid level	: 22
wp		: yes
flags		: fpu vme de pse tsc msr pae mce cx8 apic sep mtrr pge mca cmov pat pse36 clflush dts acpi mmx fxsr sse sse2 ss ht tm pbe syscall nx pdpe1gb rdtscp lm constant_tsc art arch_perfmon pebs bts rep_good nopl xtopology nonstop_tsc cpuid aperfmperf pni pclmulqdq dtes64 monitor ds_cpl vmx est tm2 ssse3 sdbg fma cx16 xtpr pdcm pcid sse4_1 sse4_2 x2apic movbe popcnt tsc_deadline_timer aes xsave avx f16c rdrand lahf_lm abm 3dnowprefetch cpuid_fault epb invpcid_single ssbd ibrs ibpb stibp ibrs_enhanced tpr_shadow vnmi flexpriority ept vpid ept_ad fsgsbase tsc_adjust bmi1 avx2 smep bmi2 erms invpcid mpx rdseed adx smap clflushopt intel_pt xsaveopt xsavec xgetbv1 xsaves dtherm ida arat pln pts hwp hwp_notify hwp_act_window hwp_epp md_clear flush_l1d arch_capabilities
bugs		: spectre_v1 spectre_v2 spec_store_bypass swapgs itlb_multihit
bogomips	: 3601.00
clflush size	: 64
cache_alignment	: 64
address sizes	: 39 bits physical, 48 bits virtual
power management:

processor	: 7
vendor_id	: GenuineIntel
cpu family	: 6
model		: 142
model name	: Intel(R) Core(TM) i5-8265U CPU @ 1.60GHz
stepping	: 12
microcode	: 0xca
cpu MHz		: 1076.449
cache size	: 6144 KB
physical id	: 0
siblings	: 8
core id		: 3
cpu cores	: 4
apicid		: 7
initial apicid	: 7
fpu		: yes
fpu_exception	: yes
cpuid level	: 22
wp		: yes
flags		: fpu vme de pse tsc msr pae mce cx8 apic sep mtrr pge mca cmov pat pse36 clflush dts acpi mmx fxsr sse sse2 ss ht tm pbe syscall nx pdpe1gb rdtscp lm constant_tsc art arch_perfmon pebs bts rep_good nopl xtopology nonstop_tsc cpuid aperfmperf pni pclmulqdq dtes64 monitor ds_cpl vmx est tm2 ssse3 sdbg fma cx16 xtpr pdcm pcid sse4_1 sse4_2 x2apic movbe popcnt tsc_deadline_timer aes xsave avx f16c rdrand lahf_lm abm 3dnowprefetch cpuid_fault epb invpcid_single ssbd ibrs ibpb stibp ibrs_enhanced tpr_shadow vnmi flexpriority ept vpid ept_ad fsgsbase tsc_adjust bmi1 avx2 smep bmi2 erms invpcid mpx rdseed adx smap clflushopt intel_pt xsaveopt xsavec xgetbv1 xsaves dtherm ida arat pln pts hwp hwp_notify hwp_act_window hwp_epp md_clear flush_l1d arch_capabilities
bugs		: spectre_v1 spectre_v2 spec_store_bypass swapgs itlb_multihit
bogomips	: 3601.00
clflush size	: 64
cache_alignment	: 64
address sizes	: 39 bits physical, 48 bits virtual
power management:



Memory: 4k page, physical 7927548k(407220k free), swap 0k(0k free)

vm_info: OpenJDK 64-Bit Server VM (25.242-b08) for linux-amd64 JRE (1.8.0_242-b08), built on Jan 26 2020 11:52:10 by "builduser" with gcc 9.2.0

time: Fri May 15 16:37:56 2020
timezone: CEST
elapsed time: 73 seconds (0d 0h 1m 13s)

