#
# A fatal error has been detected by the Java Runtime Environment:
#
#  SIGSEGV (0xb) at pc=0x00007fbd49176ae9, pid=145739, tid=0x00007fbd495df400
#
# JRE version: OpenJDK Runtime Environment (8.0_242-b08) (build 1.8.0_242-b08)
# Java VM: OpenJDK 64-Bit Server VM (25.242-b08 mixed mode linux-amd64 compressed oops)
# Problematic frame:
# V  [libjvm.so+0x8c7ae9]
#
# Core dump written. Default location: /home/trofis/Documents/auto-pairing-app/server/core or core.145739
#
# If you would like to submit a bug report, please visit:
#   http://bugreport.java.com/bugreport/crash.jsp
#

---------------  T H R E A D  ---------------

Current thread is native thread

siginfo: si_signo: 11 (SIGSEGV), si_code: 1 (SEGV_MAPERR), si_addr: 0x0000000000000110

Registers:
RAX=0x0000000000000000, RBX=0x00007fbd495df380, RCX=0x00007fbd495eaa67, RDX=0x00007fbd495df400
RSP=0x00007ffc8862fd30, RBP=0x00007ffc8862fdf0, RSI=0x00007ffc8862ff30, RDI=0x0000000000000001
R8 =0x0000000000000000, R9 =0x00007fbd48768700, R10=0x0000000000000000, R11=0x0000000000000246
R12=0x00007ffc8862ff30, R13=0x00007fbd487689d0, R14=0x0000000000000000, R15=0x00007fbd48768700
RIP=0x00007fbd49176ae9, EFLAGS=0x0000000000010246, CSGSFS=0x002b000000000033, ERR=0x0000000000000004
  TRAPNO=0x000000000000000e

Top of Stack: (sp=0x00007ffc8862fd30)
0x00007ffc8862fd30:   00007ffc88620000 00007ffc8862fe00
0x00007ffc8862fd40:   00007ffc88630418 0000000000000000
0x00007ffc8862fd50:   ffffffffffffffff 0000000000000000
0x00007ffc8862fd60:   0000000000000000 0000000000000002
0x00007ffc8862fd70:   00007ffc8862ffb0 00007fbd497dd520
0x00007ffc8862fd80:   0000000000000000 00007fbd497e2000
0x00007ffc8862fd90:   0000000000000000 0000000000000000
0x00007ffc8862fda0:   0000000000000000 00007ffc8862ff90
0x00007ffc8862fdb0:   0000000100000001 00007fbd497e1300
0x00007ffc8862fdc0:   00007fbd49636330 00000000000000ca
0x00007ffc8862fdd0:   0000000000023957 00007fbd487689d0
0x00007ffc8862fde0:   0000000000100000 00007fbd48768700
0x00007ffc8862fdf0:   00007ffc88630558 00007fbd4965cd70
0x00007ffc8862fe00:   0000000000000007 0000000000000000
0x00007ffc8862fe10:   0000000000000000 00007ffc00000002
0x00007ffc8862fe20:   0000000000000000 0000000000000000
0x00007ffc8862fe30:   00007fbd48768700 0000000000000000
0x00007ffc8862fe40:   0000000000000246 0000000000023957
0x00007ffc8862fe50:   00007fbd487689d0 0000000000100000
0x00007ffc8862fe60:   00007fbd48768700 00007fbd487689d0
0x00007ffc8862fe70:   0000000000000000 00007ffc88630558
0x00007ffc8862fe80:   00000000000000ca 0000000000023957
0x00007ffc8862fe90:   00000000000000ca 00007fbd495eaa67
0x00007ffc8862fea0:   00007ffc886304b0 00007fbd495eaa65
0x00007ffc8862feb0:   0000000000000246 002b000000000033
0x00007ffc8862fec0:   0000000000000000 0000000000000000
0x00007ffc8862fed0:   0000000000000000 0000000000000000
0x00007ffc8862fee0:   00007ffc8862ffc0 0000000000000018
0x00007ffc8862fef0:   0000000000000001 0000000000000000
0x00007ffc8862ff00:   0000000000000000 0000000000000000
0x00007ffc8862ff10:   ffffffffffffffff 0000000200000000
0x00007ffc8862ff20:   0000000000000000 0000000000000000 

Instructions: (pc=0x00007fbd49176ae9)
0x00007fbd49176ac9:   95 48 ff ff ff ff 15 74 db 40 00 44 8b 30 48 89
0x00007fbd49176ad9:   c3 48 8d 05 67 23 42 00 8b 38 ff 15 a7 e1 40 00
0x00007fbd49176ae9:   4c 8b a8 10 01 00 00 41 8b 85 a8 00 00 00 83 f8
0x00007fbd49176af9:   01 74 1c 44 89 33 48 81 c4 98 00 00 00 5b 41 5c 

Register to memory mapping:

RAX=0x0000000000000000 is an unknown value
RBX=0x00007fbd495df380 is an unknown value
RCX=0x00007fbd495eaa67: <offset 0xaa67> in /usr/lib/libpthread.so.0 at 0x00007fbd495e0000
RDX=0x00007fbd495df400 is an unknown value
RSP=0x00007ffc8862fd30 is an unknown value
RBP=0x00007ffc8862fdf0 is an unknown value
RSI=0x00007ffc8862ff30 is an unknown value
RDI=0x0000000000000001 is an unknown value
R8 =0x0000000000000000 is an unknown value
R9 =0x00007fbd48768700 is pointing into the stack for thread: 0x00007fbd4400d000
R10=0x0000000000000000 is an unknown value
R11=0x0000000000000246 is an unknown value
R12=0x00007ffc8862ff30 is an unknown value
R13=0x00007fbd487689d0 is pointing into the stack for thread: 0x00007fbd4400d000
R14=0x0000000000000000 is an unknown value
R15=0x00007fbd48768700 is pointing into the stack for thread: 0x00007fbd4400d000


Stack: [0x00007ffc8853a000,0x00007ffc8863a000],  sp=0x00007ffc8862fd30,  free space=983k
Native frames: (J=compiled Java code, j=interpreted, Vv=VM code, C=native code)
V  [libjvm.so+0x8c7ae9]
C  [libc.so.6+0x3bd70]


---------------  P R O C E S S  ---------------

VM state:not at safepoint (normal execution)

VM Mutex/Monitor currently owned by a thread: None

heap address: 0x00000000c0000000, size: 1024 MB, Compressed Oops mode: 32-bit
Narrow klass base: 0x0000000000000000, Narrow klass shift: 3
Compressed class space size: 1073741824 Address: 0x0000000100000000

Heap:
 par new generation   total 314560K, used 230646K [0x00000000c0000000, 0x00000000d5550000, 0x00000000d5550000)
  eden space 279616K,  69% used [0x00000000c0000000, 0x00000000cbf1da68, 0x00000000d1110000)
  from space 34944K, 100% used [0x00000000d1110000, 0x00000000d3330000, 0x00000000d3330000)
  to   space 34944K,   0% used [0x00000000d3330000, 0x00000000d3330000, 0x00000000d5550000)
 concurrent mark-sweep generation total 699072K, used 109776K [0x00000000d5550000, 0x0000000100000000, 0x0000000100000000)
 Metaspace       used 88640K, capacity 104897K, committed 105164K, reserved 1136640K
  class space    used 13749K, capacity 17866K, committed 17972K, reserved 1048576K

Card table byte_map: [0x00007fbd347f9000,0x00007fbd349fa000] byte_map_base: 0x00007fbd341f9000

Marking Bits: (CMSBitMap*) 0x00007fbd44096098
 Bits: [0x00007fbd172fe000, 0x00007fbd17da8c00)

Mod Union Table: (CMSBitMap*) 0x00007fbd44096158
 Bits: [0x00007fbd48038000, 0x00007fbd48062ab0)

Polling page: 0x00007fbd49859000

CodeCache: size=245760Kb used=51547Kb max_used=51547Kb free=194212Kb
 bounds [0x00007fbd35000000, 0x00007fbd38290000, 0x00007fbd44000000]
 total_blobs=11937 nmethods=11165 adapters=685
 compilation: enabled

Compilation events (10 events):
Event: 179,999 Thread 0x00007fbd44137800 14912       3       java.util.stream.ForEachOps$ForEachOp$OfRef::accept (11 bytes)
Event: 180,000 Thread 0x00007fbd44137800 nmethod 14912 0x00007fbd3660a5d0 code [0x00007fbd3660a740, 0x00007fbd3660a968]
Event: 180,000 Thread 0x00007fbd44137800 14913   !   3       org.jruby.RubyHash::values (29 bytes)
Event: 180,002 Thread 0x00007fbd44137800 nmethod 14913 0x00007fbd3612b890 code [0x00007fbd3612ba60, 0x00007fbd3612c238]
Event: 180,004 Thread 0x00007fbd44137800 14914       3       org.jruby.RubyIO::read (11 bytes)
Event: 180,004 Thread 0x00007fbd44137800 nmethod 14914 0x00007fbd365981d0 code [0x00007fbd36598340, 0x00007fbd36598548]
Event: 180,005 Thread 0x00007fbd44137800 14915       3       java.lang.invoke.LambdaForm$BMH/301859592::reinvoke (47 bytes)
Event: 180,006 Thread 0x00007fbd44137800 nmethod 14915 0x00007fbd3612b090 code [0x00007fbd3612b220, 0x00007fbd3612b6f8]
Event: 180,006 Thread 0x00007fbd44137800 14916   !   3       home.trofis.Documents.Worldline.autoPairing.logstash.vendor.bundle.jruby.$2_dot_5_dot_0.gems.concurrent_minus_ruby_minus_1_dot_1_dot_6.lib.concurrent_minus_ruby.concurrent.concern.dereferenceable::RUBY$method$set_deref_options$0 (129 b
Event: 180,026 Thread 0x00007fbd44137800 nmethod 14916 0x00007fbd38279190 code [0x00007fbd382798e0, 0x00007fbd3827e4c8]

GC Heap History (10 events):
Event: 21,840 GC heap before
{Heap before GC invocations=4 (full 1):
 par new generation   total 314560K, used 314559K [0x00000000c0000000, 0x00000000d5550000, 0x00000000d5550000)
  eden space 279616K, 100% used [0x00000000c0000000, 0x00000000d1110000, 0x00000000d1110000)
  from space 34944K,  99% used [0x00000000d1110000, 0x00000000d332fff8, 0x00000000d3330000)
  to   space 34944K,   0% used [0x00000000d3330000, 0x00000000d3330000, 0x00000000d5550000)
 concurrent mark-sweep generation total 699072K, used 36305K [0x00000000d5550000, 0x0000000100000000, 0x0000000100000000)
 Metaspace       used 58142K, capacity 66600K, committed 66616K, reserved 1103872K
  class space    used 9924K, capacity 12132K, committed 12136K, reserved 1048576K
Event: 21,903 GC heap after
Heap after GC invocations=5 (full 1):
 par new generation   total 314560K, used 34944K [0x00000000c0000000, 0x00000000d5550000, 0x00000000d5550000)
  eden space 279616K,   0% used [0x00000000c0000000, 0x00000000c0000000, 0x00000000d1110000)
  from space 34944K, 100% used [0x00000000d3330000, 0x00000000d5550000, 0x00000000d5550000)
  to   space 34944K,   0% used [0x00000000d1110000, 0x00000000d1110000, 0x00000000d3330000)
 concurrent mark-sweep generation total 699072K, used 50517K [0x00000000d5550000, 0x0000000100000000, 0x0000000100000000)
 Metaspace       used 58142K, capacity 66600K, committed 66616K, reserved 1103872K
  class space    used 9924K, capacity 12132K, committed 12136K, reserved 1048576K
}
Event: 25,226 GC heap before
{Heap before GC invocations=5 (full 1):
 par new generation   total 314560K, used 314560K [0x00000000c0000000, 0x00000000d5550000, 0x00000000d5550000)
  eden space 279616K, 100% used [0x00000000c0000000, 0x00000000d1110000, 0x00000000d1110000)
  from space 34944K, 100% used [0x00000000d3330000, 0x00000000d5550000, 0x00000000d5550000)
  to   space 34944K,   0% used [0x00000000d1110000, 0x00000000d1110000, 0x00000000d3330000)
 concurrent mark-sweep generation total 699072K, used 50517K [0x00000000d5550000, 0x0000000100000000, 0x0000000100000000)
 Metaspace       used 61525K, capacity 71360K, committed 71736K, reserved 1107968K
  class space    used 10474K, capacity 13038K, committed 13160K, reserved 1048576K
Event: 25,314 GC heap after
Heap after GC invocations=6 (full 1):
 par new generation   total 314560K, used 34944K [0x00000000c0000000, 0x00000000d5550000, 0x00000000d5550000)
  eden space 279616K,   0% used [0x00000000c0000000, 0x00000000c0000000, 0x00000000d1110000)
  from space 34944K, 100% used [0x00000000d1110000, 0x00000000d3330000, 0x00000000d3330000)
  to   space 34944K,   0% used [0x00000000d3330000, 0x00000000d3330000, 0x00000000d5550000)
 concurrent mark-sweep generation total 699072K, used 68805K [0x00000000d5550000, 0x0000000100000000, 0x0000000100000000)
 Metaspace       used 61525K, capacity 71360K, committed 71736K, reserved 1107968K
  class space    used 10474K, capacity 13038K, committed 13160K, reserved 1048576K
}
Event: 28,848 GC heap before
{Heap before GC invocations=6 (full 2):
 par new generation   total 314560K, used 314560K [0x00000000c0000000, 0x00000000d5550000, 0x00000000d5550000)
  eden space 279616K, 100% used [0x00000000c0000000, 0x00000000d1110000, 0x00000000d1110000)
  from space 34944K, 100% used [0x00000000d1110000, 0x00000000d3330000, 0x00000000d3330000)
  to   space 34944K,   0% used [0x00000000d3330000, 0x00000000d3330000, 0x00000000d5550000)
 concurrent mark-sweep generation total 699072K, used 68805K [0x00000000d5550000, 0x0000000100000000, 0x0000000100000000)
 Metaspace       used 73315K, capacity 85767K, committed 85840K, reserved 1120256K
  class space    used 12168K, capacity 15517K, committed 15584K, reserved 1048576K
Event: 28,924 GC heap after
Heap after GC invocations=7 (full 2):
 par new generation   total 314560K, used 34944K [0x00000000c0000000, 0x00000000d5550000, 0x00000000d5550000)
  eden space 279616K,   0% used [0x00000000c0000000, 0x00000000c0000000, 0x00000000d1110000)
  from space 34944K, 100% used [0x00000000d3330000, 0x00000000d5550000, 0x00000000d5550000)
  to   space 34944K,   0% used [0x00000000d1110000, 0x00000000d1110000, 0x00000000d3330000)
 concurrent mark-sweep generation total 699072K, used 92832K [0x00000000d5550000, 0x0000000100000000, 0x0000000100000000)
 Metaspace       used 73315K, capacity 85767K, committed 85840K, reserved 1120256K
  class space    used 12168K, capacity 15517K, committed 15584K, reserved 1048576K
}
Event: 31,181 GC heap before
{Heap before GC invocations=7 (full 2):
 par new generation   total 314560K, used 164547K [0x00000000c0000000, 0x00000000d5550000, 0x00000000d5550000)
  eden space 279616K,  46% used [0x00000000c0000000, 0x00000000c7e90e78, 0x00000000d1110000)
  from space 34944K, 100% used [0x00000000d3330000, 0x00000000d5550000, 0x00000000d5550000)
  to   space 34944K,   0% used [0x00000000d1110000, 0x00000000d1110000, 0x00000000d3330000)
 concurrent mark-sweep generation total 699072K, used 92832K [0x00000000d5550000, 0x0000000100000000, 0x0000000100000000)
 Metaspace       used 74433K, capacity 87931K, committed 88088K, reserved 1122304K
  class space    used 12293K, capacity 15785K, committed 15796K, reserved 1048576K
Event: 31,795 GC heap after
Heap after GC invocations=8 (full 3):
 par new generation   total 314560K, used 0K [0x00000000c0000000, 0x00000000d5550000, 0x00000000d5550000)
  eden space 279616K,   0% used [0x00000000c0000000, 0x00000000c0000000, 0x00000000d1110000)
  from space 34944K,   0% used [0x00000000d3330000, 0x00000000d3330000, 0x00000000d5550000)
  to   space 34944K,   0% used [0x00000000d1110000, 0x00000000d1110000, 0x00000000d3330000)
 concurrent mark-sweep generation total 699072K, used 108159K [0x00000000d5550000, 0x0000000100000000, 0x0000000100000000)
 Metaspace       used 74324K, capacity 87731K, committed 88088K, reserved 1122304K
  class space    used 12272K, capacity 15737K, committed 15796K, reserved 1048576K
}
Event: 36,944 GC heap before
{Heap before GC invocations=8 (full 4):
 par new generation   total 314560K, used 279616K [0x00000000c0000000, 0x00000000d5550000, 0x00000000d5550000)
  eden space 279616K, 100% used [0x00000000c0000000, 0x00000000d1110000, 0x00000000d1110000)
  from space 34944K,   0% used [0x00000000d3330000, 0x00000000d3330000, 0x00000000d5550000)
  to   space 34944K,   0% used [0x00000000d1110000, 0x00000000d1110000, 0x00000000d3330000)
 concurrent mark-sweep generation total 699072K, used 108159K [0x00000000d5550000, 0x0000000100000000, 0x0000000100000000)
 Metaspace       used 86218K, capacity 100937K, committed 101196K, reserved 1132544K
  class space    used 13510K, capacity 17313K, committed 17332K, reserved 1048576K
Event: 36,966 GC heap after
Heap after GC invocations=9 (full 4):
 par new generation   total 314560K, used 34944K [0x00000000c0000000, 0x00000000d5550000, 0x00000000d5550000)
  eden space 279616K,   0% used [0x00000000c0000000, 0x00000000c0000000, 0x00000000d1110000)
  from space 34944K, 100% used [0x00000000d1110000, 0x00000000d3330000, 0x00000000d3330000)
  to   space 34944K,   0% used [0x00000000d3330000, 0x00000000d3330000, 0x00000000d5550000)
 concurrent mark-sweep generation total 699072K, used 111660K [0x00000000d5550000, 0x0000000100000000, 0x0000000100000000)
 Metaspace       used 86218K, capacity 100937K, committed 101196K, reserved 1132544K
  class space    used 13510K, capacity 17313K, committed 17332K, reserved 1048576K
}

Deoptimization events (10 events):
Event: 37,430 Thread 0x00007fbca80dd000 Uncommon trap: reason=unstable_if action=reinterpret pc=0x00007fbd3664974c method=org.jruby.runtime.ThreadContext.pushCallFrame(Lorg/jruby/RubyModule;Ljava/lang/String;Lorg/jruby/runtime/builtin/IRubyObject;Lorg/jruby/runtime/Visibility;Lorg/jruby/runtime
Event: 37,466 Thread 0x00007fbca80dd000 Uncommon trap: reason=unstable_if action=reinterpret pc=0x00007fbd36ec6e8c method=java.lang.invoke.LambdaFormEditor$Transform.packedBytes([B)J @ 4
Event: 37,486 Thread 0x00007fbca80dd000 Uncommon trap: reason=unstable_if action=reinterpret pc=0x00007fbd3591544c method=java.lang.invoke.LambdaFormEditor$Transform.packedBytes([B)J @ 4
Event: 37,530 Thread 0x00007fbca80dd000 Uncommon trap: reason=bimorphic action=maybe_recompile pc=0x00007fbd366ebab4 method=java.util.Collections$UnmodifiableList$1.<init>(Ljava/util/Collections$UnmodifiableList;I)V @ 26
Event: 37,534 Thread 0x00007fbca80dd000 Uncommon trap: reason=bimorphic action=maybe_recompile pc=0x00007fbd36b2ade4 method=java.util.LinkedHashMap.afterNodeInsertion(Z)V @ 15
Event: 37,549 Thread 0x00007fbca80dd000 Uncommon trap: reason=class_check action=maybe_recompile pc=0x00007fbd3735a830 method=org.jruby.RubyModule.searchMethodEntryInner(Ljava/lang/String;)Lorg/jruby/runtime/callsite/CacheEntry; @ 44
Event: 37,550 Thread 0x00007fbca80dd000 Uncommon trap: reason=class_check action=maybe_recompile pc=0x00007fbd3735a830 method=org.jruby.RubyModule.searchMethodEntryInner(Ljava/lang/String;)Lorg/jruby/runtime/callsite/CacheEntry; @ 44
Event: 37,756 Thread 0x00007fbca80dd000 Uncommon trap: reason=class_check action=maybe_recompile pc=0x00007fbd3735a830 method=org.jruby.RubyModule.searchMethodEntryInner(Ljava/lang/String;)Lorg/jruby/runtime/callsite/CacheEntry; @ 44
Event: 59,087 Thread 0x00007fbca801d000 Uncommon trap: reason=unstable_if action=reinterpret pc=0x00007fbd35fbfbe8 method=java.lang.invoke.MethodHandleImpl$CountingWrapper.countDown()Z @ 11
Event: 164,026 Thread 0x00007fbca80f3000 Uncommon trap: reason=range_check action=make_not_entrant pc=0x00007fbd381a8780 method=org.jruby.ir.runtime.IRRuntimeHelpers.getPreArgSafe(Lorg/jruby/runtime/ThreadContext;[Lorg/jruby/runtime/builtin/IRubyObject;I)Lorg/jruby/runtime/builtin/IRubyObject; @

Classes redefined (0 events):
No events

Internal exceptions (10 events):
Event: 36,795 Thread 0x00007fbca80f3000 Exception <a 'java/lang/ArrayIndexOutOfBoundsException'> (0x00000000d035b9f0) thrown at [/build/java8-openjdk/src/jdk8u-jdk8u242-b08/hotspot/src/share/vm/runtime/sharedRuntime.cpp, line 605]
Event: 36,828 Thread 0x00007fbca80f3000 Exception <a 'java/lang/ArrayIndexOutOfBoundsException'> (0x00000000d05b96b0) thrown at [/build/java8-openjdk/src/jdk8u-jdk8u242-b08/hotspot/src/share/vm/runtime/sharedRuntime.cpp, line 605]
Event: 36,850 Thread 0x00007fbca80f3000 Exception <a 'java/lang/ArrayIndexOutOfBoundsException'> (0x00000000d07a1160) thrown at [/build/java8-openjdk/src/jdk8u-jdk8u242-b08/hotspot/src/share/vm/runtime/sharedRuntime.cpp, line 605]
Event: 36,865 Thread 0x00007fbca80f3000 Exception <a 'java/lang/ArrayIndexOutOfBoundsException'> (0x00000000d0935518) thrown at [/build/java8-openjdk/src/jdk8u-jdk8u242-b08/hotspot/src/share/vm/runtime/sharedRuntime.cpp, line 605]
Event: 36,879 Thread 0x00007fbca80f3000 Exception <a 'java/lang/ArrayIndexOutOfBoundsException'> (0x00000000d0a97fe8) thrown at [/build/java8-openjdk/src/jdk8u-jdk8u242-b08/hotspot/src/share/vm/runtime/sharedRuntime.cpp, line 605]
Event: 36,890 Thread 0x00007fbca80f3000 Exception <a 'java/lang/ArrayIndexOutOfBoundsException'> (0x00000000d0bad940) thrown at [/build/java8-openjdk/src/jdk8u-jdk8u242-b08/hotspot/src/share/vm/runtime/sharedRuntime.cpp, line 605]
Event: 36,906 Thread 0x00007fbca80f3000 Exception <a 'java/lang/ArrayIndexOutOfBoundsException'> (0x00000000d0d0c378) thrown at [/build/java8-openjdk/src/jdk8u-jdk8u242-b08/hotspot/src/share/vm/runtime/sharedRuntime.cpp, line 605]
Event: 37,010 Thread 0x00007fbca80f3000 Implicit null exception at 0x00007fbd37a18e74 to 0x00007fbd37a1a22d
Event: 37,019 Thread 0x00007fbcb445d000 Implicit null exception at 0x00007fbd35ef8674 to 0x00007fbd35efab71
Event: 37,203 Thread 0x00007fbcb445d000 Implicit null exception at 0x00007fbd36a3fdbb to 0x00007fbd36a4123d

Events (10 events):
Event: 159,861 Thread 0x00007fbd44137800 flushing nmethod 0x00007fbd371ca290
Event: 159,871 Thread 0x00007fbd44137800 flushing nmethod 0x00007fbd37a474d0
Event: 159,871 Thread 0x00007fbd44137800 flushing nmethod 0x00007fbd37a621d0
Event: 159,871 Thread 0x00007fbd44137800 flushing nmethod 0x00007fbd37a64e10
Event: 159,872 Thread 0x00007fbd44137800 flushing nmethod 0x00007fbd37c0db90
Event: 164,026 Thread 0x00007fbca80f3000 Uncommon trap: trap_request=0xffffffe4 fr.pc=0x00007fbd381a8780
Event: 164,026 Thread 0x00007fbca80f3000 DEOPT PACKING pc=0x00007fbd381a8780 sp=0x00007fbc9befbc50
Event: 164,026 Thread 0x00007fbca80f3000 DEOPT UNPACKING pc=0x00007fbd3504547a sp=0x00007fbc9befbb88 mode 2
Event: 174,989 Thread 0x00007fbcbc00a800 DEOPT PACKING pc=0x00007fbd35e6eacc sp=0x00007fbcd06c0130
Event: 174,989 Thread 0x00007fbcbc00a800 DEOPT UNPACKING pc=0x00007fbd350474c4 sp=0x00007fbcd06bfea8 mode 0


Dynamic libraries:
c0000000-10118d000 rw-p 00000000 00:00 0 
10118d000-140000000 ---p 00000000 00:00 0 
55687e3d8000-55687e3d9000 r--p 00000000 103:04 662552                    /usr/lib/jvm/java-8-openjdk/jre/bin/java
55687e3d9000-55687e3da000 r-xp 00001000 103:04 662552                    /usr/lib/jvm/java-8-openjdk/jre/bin/java
55687e3da000-55687e3db000 r--p 00002000 103:04 662552                    /usr/lib/jvm/java-8-openjdk/jre/bin/java
55687e3db000-55687e3dc000 r--p 00002000 103:04 662552                    /usr/lib/jvm/java-8-openjdk/jre/bin/java
55687e3dc000-55687e3dd000 rw-p 00003000 103:04 662552                    /usr/lib/jvm/java-8-openjdk/jre/bin/java
55688036d000-5568803ef000 rw-p 00000000 00:00 0                          [heap]
7fbc70000000-7fbc7003a000 rw-p 00000000 00:00 0 
7fbc7003a000-7fbc74000000 ---p 00000000 00:00 0 
7fbc78000000-7fbc78021000 rw-p 00000000 00:00 0 
7fbc78021000-7fbc7c000000 ---p 00000000 00:00 0 
7fbc7c000000-7fbc7c021000 rw-p 00000000 00:00 0 
7fbc7c021000-7fbc80000000 ---p 00000000 00:00 0 
7fbc80000000-7fbc80021000 rw-p 00000000 00:00 0 
7fbc80021000-7fbc84000000 ---p 00000000 00:00 0 
7fbc84000000-7fbc84021000 rw-p 00000000 00:00 0 
7fbc84021000-7fbc88000000 ---p 00000000 00:00 0 
7fbc88000000-7fbc884fa000 rw-p 00000000 00:00 0 
7fbc884fa000-7fbc8c000000 ---p 00000000 00:00 0 
7fbc8c000000-7fbc8c052000 rw-p 00000000 00:00 0 
7fbc8c052000-7fbc90000000 ---p 00000000 00:00 0 
7fbc90000000-7fbc90021000 rw-p 00000000 00:00 0 
7fbc90021000-7fbc94000000 ---p 00000000 00:00 0 
7fbc94000000-7fbc94021000 rw-p 00000000 00:00 0 
7fbc94021000-7fbc98000000 ---p 00000000 00:00 0 
7fbc9abf8000-7fbc9abfb000 ---p 00000000 00:00 0 
7fbc9abfb000-7fbc9acf9000 rw-p 00000000 00:00 0 
7fbc9acf9000-7fbc9acfc000 ---p 00000000 00:00 0 
7fbc9acfc000-7fbc9adfa000 rw-p 00000000 00:00 0 
7fbc9adfa000-7fbc9adfd000 ---p 00000000 00:00 0 
7fbc9adfd000-7fbc9b03b000 rw-p 00000000 00:00 0 
7fbc9b03b000-7fbc9b0fb000 ---p 00000000 00:00 0 
7fbc9b0fb000-7fbc9b0fe000 ---p 00000000 00:00 0 
7fbc9b0fe000-7fbc9b1fc000 rw-p 00000000 00:00 0 
7fbc9b1fc000-7fbc9b1ff000 ---p 00000000 00:00 0 
7fbc9b1ff000-7fbc9b2fd000 rw-p 00000000 00:00 0 
7fbc9b2fd000-7fbc9b300000 ---p 00000000 00:00 0 
7fbc9b300000-7fbc9b5fe000 rw-p 00000000 00:00 0 
7fbc9b5fe000-7fbc9b7fe000 rw-p 00000000 00:00 0 
7fbc9b7fe000-7fbc9b9fe000 rw-p 00000000 00:00 0 
7fbc9b9fe000-7fbc9bbfe000 rw-p 00000000 00:00 0 
7fbc9bbfe000-7fbc9bdfe000 rw-p 00000000 00:00 0 
7fbc9bdfe000-7fbc9be01000 ---p 00000000 00:00 0 
7fbc9be01000-7fbc9beff000 rw-p 00000000 00:00 0 
7fbc9beff000-7fbc9bf02000 ---p 00000000 00:00 0 
7fbc9bf02000-7fbc9c000000 rw-p 00000000 00:00 0 
7fbc9c000000-7fbc9c021000 rw-p 00000000 00:00 0 
7fbc9c021000-7fbca0000000 ---p 00000000 00:00 0 
7fbca0000000-7fbca0021000 rw-p 00000000 00:00 0 
7fbca0021000-7fbca4000000 ---p 00000000 00:00 0 
7fbca4000000-7fbca4021000 rw-p 00000000 00:00 0 
7fbca4021000-7fbca8000000 ---p 00000000 00:00 0 
7fbca8000000-7fbca8141000 rw-p 00000000 00:00 0 
7fbca8141000-7fbcac000000 ---p 00000000 00:00 0 
7fbcac000000-7fbcac021000 rw-p 00000000 00:00 0 
7fbcac021000-7fbcb0000000 ---p 00000000 00:00 0 
7fbcb0000000-7fbcb002d000 rw-p 00000000 00:00 0 
7fbcb002d000-7fbcb4000000 ---p 00000000 00:00 0 
7fbcb4000000-7fbcb44a6000 rw-p 00000000 00:00 0 
7fbcb44a6000-7fbcb8000000 ---p 00000000 00:00 0 
7fbcb8000000-7fbcb8035000 rw-p 00000000 00:00 0 
7fbcb8035000-7fbcbc000000 ---p 00000000 00:00 0 
7fbcbc000000-7fbcbc029000 rw-p 00000000 00:00 0 
7fbcbc029000-7fbcc0000000 ---p 00000000 00:00 0 
7fbcc0000000-7fbcc0053000 rw-p 00000000 00:00 0 
7fbcc0053000-7fbcc4000000 ---p 00000000 00:00 0 
7fbcc4000000-7fbcc47cf000 rw-p 00000000 00:00 0 
7fbcc47cf000-7fbcc8000000 ---p 00000000 00:00 0 
7fbcc8000000-7fbcc8021000 rw-p 00000000 00:00 0 
7fbcc8021000-7fbccc000000 ---p 00000000 00:00 0 
7fbccc000000-7fbccc02a000 rw-p 00000000 00:00 0 
7fbccc02a000-7fbcd0000000 ---p 00000000 00:00 0 
7fbcd00bd000-7fbcd00c0000 ---p 00000000 00:00 0 
7fbcd00c0000-7fbcd01be000 rw-p 00000000 00:00 0 
7fbcd01be000-7fbcd01c1000 ---p 00000000 00:00 0 
7fbcd01c1000-7fbcd02bf000 rw-p 00000000 00:00 0 
7fbcd02bf000-7fbcd02c2000 ---p 00000000 00:00 0 
7fbcd02c2000-7fbcd03c0000 rw-p 00000000 00:00 0 
7fbcd03c0000-7fbcd03c3000 ---p 00000000 00:00 0 
7fbcd03c3000-7fbcd04c1000 rw-p 00000000 00:00 0 
7fbcd04c1000-7fbcd04c4000 ---p 00000000 00:00 0 
7fbcd04c4000-7fbcd05c2000 rw-p 00000000 00:00 0 
7fbcd05c2000-7fbcd05c5000 ---p 00000000 00:00 0 
7fbcd05c5000-7fbcd06c3000 rw-p 00000000 00:00 0 
7fbcd06c3000-7fbcd06c6000 ---p 00000000 00:00 0 
7fbcd06c6000-7fbcd07c4000 rw-p 00000000 00:00 0 
7fbcd07c4000-7fbcd07c7000 ---p 00000000 00:00 0 
7fbcd07c7000-7fbcd0ac5000 rw-p 00000000 00:00 0 
7fbcd0ac5000-7fbcd0cc5000 rw-p 00000000 00:00 0 
7fbcd0cc5000-7fbcd0ec5000 rw-p 00000000 00:00 0 
7fbcd0ec5000-7fbcd0ec8000 ---p 00000000 00:00 0 
7fbcd0ec8000-7fbcd0fc6000 rw-p 00000000 00:00 0 
7fbcd0fc6000-7fbcd0fc9000 ---p 00000000 00:00 0 
7fbcd0fc9000-7fbcd10c7000 rw-p 00000000 00:00 0 
7fbcd10c7000-7fbcd10ca000 ---p 00000000 00:00 0 
7fbcd10ca000-7fbcd13c8000 rw-p 00000000 00:00 0 
7fbcd13c8000-7fbcd13cb000 ---p 00000000 00:00 0 
7fbcd13cb000-7fbcd16c9000 rw-p 00000000 00:00 0 
7fbcd16c9000-7fbcd18c9000 rw-p 00000000 00:00 0 
7fbcd18c9000-7fbcd1ac2000 rw-p 00000000 00:00 0 
7fbcd1ac2000-7fbcd1ac9000 ---p 00000000 00:00 0 
7fbcd1ac9000-7fbcd1cc2000 rw-p 00000000 00:00 0 
7fbcd1cc2000-7fbcd1cc9000 ---p 00000000 00:00 0 
7fbcd1cc9000-7fbcd1ec9000 rw-p 00000000 00:00 0 
7fbcd1ec9000-7fbcd20c9000 rw-p 00000000 00:00 0 
7fbcd20c9000-7fbcd22c9000 rw-p 00000000 00:00 0 
7fbcd22c9000-7fbcd24c9000 rw-p 00000000 00:00 0 
7fbcd24e5000-7fbcd24e7000 rw-p 00000000 00:00 0 
7fbcd24e7000-7fbcd24e8000 r--s 00002000 103:04 670927                    /home/trofis/Documents/Worldline/autoPairing/logstash/vendor/bundle/jruby/2.5.0/gems/logstash-input-file-4.1.16/lib/jars/filewatch-1.0.1.jar
7fbcd24e8000-7fbcd24f5000 r--s 00088000 103:04 670451                    /home/trofis/Documents/Worldline/autoPairing/logstash/vendor/bundle/jruby/2.5.0/gems/march_hare-4.1.1-java/lib/ext/rabbitmq-client.jar
7fbcd24f5000-7fbcd24f7000 r--s 00009000 103:04 670450                    /home/trofis/Documents/Worldline/autoPairing/logstash/vendor/bundle/jruby/2.5.0/gems/march_hare-4.1.1-java/lib/ext/slf4j-api.jar
7fbcd24f7000-7fbcd24fc000 r--s 0003d000 103:04 662625                    /usr/lib/jvm/java-8-openjdk/jre/lib/ext/sunjce_provider.jar
7fbcd24fc000-7fbcd2503000 r--s 00049000 103:04 538954                    /home/trofis/Documents/Worldline/autoPairing/logstash/vendor/bundle/jruby/2.5.0/gems/manticore-0.6.4-java/lib/org/apache/httpcomponents/httpcore/4.4.4/httpcore-4.4.4.jar
7fbcd2503000-7fbcd2510000 r--s 000a7000 103:04 538957                    /home/trofis/Documents/Worldline/autoPairing/logstash/vendor/bundle/jruby/2.5.0/gems/manticore-0.6.4-java/lib/org/apache/httpcomponents/httpclient/4.5.2/httpclient-4.5.2.jar
7fbcd2510000-7fbcd2710000 rw-p 00000000 00:00 0 
7fbcd2710000-7fbcd2713000 r--p 00000000 103:04 2363725                   /usr/lib/libgcc_s.so.1
7fbcd2713000-7fbcd2724000 r-xp 00003000 103:04 2363725                   /usr/lib/libgcc_s.so.1
7fbcd2724000-7fbcd2728000 r--p 00014000 103:04 2363725                   /usr/lib/libgcc_s.so.1
7fbcd2728000-7fbcd2729000 r--p 00017000 103:04 2363725                   /usr/lib/libgcc_s.so.1
7fbcd2729000-7fbcd272a000 rw-p 00018000 103:04 2363725                   /usr/lib/libgcc_s.so.1
7fbcd272a000-7fbcd272b000 r--s 00003000 103:04 670452                    /home/trofis/Documents/Worldline/autoPairing/logstash/vendor/bundle/jruby/2.5.0/gems/march_hare-4.1.1-java/lib/ext/slf4j-simple.jar
7fbcd272b000-7fbcd272d000 r--s 00000000 103:04 440125                    /home/trofis/Documents/Worldline/autoPairing/logstash/vendor/bundle/jruby/2.5.0/gems/manticore-0.6.4-java/lib/org/manticore/manticore-ext.jar
7fbcd272d000-7fbcd2734000 r--s 0003f000 103:04 440118                    /home/trofis/Documents/Worldline/autoPairing/logstash/vendor/bundle/jruby/2.5.0/gems/manticore-0.6.4-java/lib/commons-codec/commons-codec/1.10/commons-codec-1.10.jar
7fbcd2734000-7fbcd2736000 r--s 00009000 103:04 538960                    /home/trofis/Documents/Worldline/autoPairing/logstash/vendor/bundle/jruby/2.5.0/gems/manticore-0.6.4-java/lib/org/apache/httpcomponents/httpmime/4.5.2/httpmime-4.5.2.jar
7fbcd2736000-7fbcd2738000 r--s 0000e000 103:04 440122                    /home/trofis/Documents/Worldline/autoPairing/logstash/vendor/bundle/jruby/2.5.0/gems/manticore-0.6.4-java/lib/commons-logging/commons-logging/1.2/commons-logging-1.2.jar
7fbcd2738000-7fbcd273a000 r--s 00004000 103:04 807907                    /home/trofis/Documents/Worldline/autoPairing/logstash/vendor/bundle/jruby/2.5.0/gems/puma-4.3.1-java/lib/puma/puma_http11.jar
7fbcd273a000-7fbcd273c000 r--s 00002000 103:04 810358                    /home/trofis/Documents/Worldline/autoPairing/logstash/vendor/bundle/jruby/2.5.0/gems/nio4r-2.5.2-java/lib/nio4r_ext.jar
7fbcd273c000-7fbcd273e000 r--s 0000d000 103:04 809293                    /home/trofis/Documents/Worldline/autoPairing/logstash/vendor/bundle/jruby/2.5.0/gems/jrjackson-0.4.11-java/lib/jrjackson/jars/jrjackson-1.2.29.jar
7fbcd273e000-7fbcd2741000 r--s 00022000 103:04 1842316                   /home/trofis/Documents/Worldline/autoPairing/logstash/vendor/bundle/jruby/2.5.0/gems/logstash-input-beats-6.0.8-java/vendor/jar-dependencies/com/fasterxml/jackson/module/jackson-module-afterburner/2.9.10/jackson-module-afterburner-2.9.10.jar
7fbcd2741000-7fbcd2745000 r--s 0004c000 103:04 1842309                   /home/trofis/Documents/Worldline/autoPairing/logstash/vendor/bundle/jruby/2.5.0/gems/logstash-input-beats-6.0.8-java/vendor/jar-dependencies/com/fasterxml/jackson/core/jackson-core/2.9.10/jackson-core-2.9.10.jar
7fbcd2745000-7fbcd2748000 r--s 0000e000 103:04 1842312                   /home/trofis/Documents/Worldline/autoPairing/logstash/vendor/bundle/jruby/2.5.0/gems/logstash-input-beats-6.0.8-java/vendor/jar-dependencies/com/fasterxml/jackson/core/jackson-annotations/2.9.10/jackson-annotations-2.9.10.jar
7fbcd2748000-7fbcd275b000 r--s 00137000 103:04 1842306                   /home/trofis/Documents/Worldline/autoPairing/logstash/vendor/bundle/jruby/2.5.0/gems/logstash-input-beats-6.0.8-java/vendor/jar-dependencies/com/fasterxml/jackson/core/jackson-databind/2.9.10.1/jackson-databind-2.9.10.1.jar
7fbcd275b000-7fbcd275f000 r--s 0001a000 103:04 1976672                   /home/trofis/Documents/Worldline/autoPairing/logstash/vendor/bundle/jruby/2.5.0/gems/thread_safe-0.3.6-java/lib/thread_safe/jruby_cache_backend.jar
7fbcd275f000-7fbcd2769000 r--p 00000000 103:04 662606                    /usr/lib/jvm/java-8-openjdk/jre/lib/amd64/libsunec.so
7fbcd2769000-7fbcd278e000 r-xp 0000a000 103:04 662606                    /usr/lib/jvm/java-8-openjdk/jre/lib/amd64/libsunec.so
7fbcd278e000-7fbcd279b000 r--p 0002f000 103:04 662606                    /usr/lib/jvm/java-8-openjdk/jre/lib/amd64/libsunec.so
7fbcd279b000-7fbcd27a0000 r--p 0003b000 103:04 662606                    /usr/lib/jvm/java-8-openjdk/jre/lib/amd64/libsunec.so
7fbcd27a0000-7fbcd27a1000 rw-p 00040000 103:04 662606                    /usr/lib/jvm/java-8-openjdk/jre/lib/amd64/libsunec.so
7fbcd27a1000-7fbcd29a1000 rw-p 00000000 00:00 0 
7fbcd29a1000-7fbcd2ba1000 rw-p 00000000 00:00 0 
7fbcd2ba1000-7fbcd2c00000 r--s 003fa000 103:04 672864                    /home/trofis/Documents/Worldline/autoPairing/logstash/vendor/bundle/jruby/2.5.0/gems/jruby-openssl-0.10.4-java/lib/org/bouncycastle/bcprov-jdk15on/1.62/bcprov-jdk15on-1.62.jar
7fbcd2c00000-7fbcd2e00000 rw-p 00000000 00:00 0 
7fbcd2e00000-7fbcd3000000 rw-p 00000000 00:00 0 
7fbcd3000000-7fbcd3200000 rw-p 00000000 00:00 0 
7fbcd3200000-7fbcd3400000 rw-p 00000000 00:00 0 
7fbcd3400000-7fbcd3600000 rw-p 00000000 00:00 0 
7fbcd3600000-7fbcd3800000 rw-p 00000000 00:00 0 
7fbcd3800000-7fbcd3a00000 rw-p 00000000 00:00 0 
7fbcd3a00000-7fbcd3bff000 rw-p 00000000 00:00 0 
7fbcd3bff000-7fbcd3c00000 ---p 00000000 00:00 0 
7fbcd3c00000-7fbcd3df9000 rw-p 00000000 00:00 0 
7fbcd3df9000-7fbcd3e00000 ---p 00000000 00:00 0 
7fbcd3e00000-7fbcd4000000 rw-p 00000000 00:00 0 
7fbcd4000000-7fbcd4021000 rw-p 00000000 00:00 0 
7fbcd4021000-7fbcd8000000 ---p 00000000 00:00 0 
7fbcd8000000-7fbcd8021000 rw-p 00000000 00:00 0 
7fbcd8021000-7fbcdc000000 ---p 00000000 00:00 0 
7fbcdc000000-7fbcdde09000 rw-p 00000000 00:00 0 
7fbcdde09000-7fbce0000000 ---p 00000000 00:00 0 
7fbce0000000-7fbce2d62000 rw-p 00000000 00:00 0 
7fbce2d62000-7fbce4000000 ---p 00000000 00:00 0 
7fbce4000000-7fbce7ffc000 rw-p 00000000 00:00 0 
7fbce7ffc000-7fbce8000000 ---p 00000000 00:00 0 
7fbce8000000-7fbceab1c000 rw-p 00000000 00:00 0 
7fbceab1c000-7fbcec000000 ---p 00000000 00:00 0 
7fbcec000000-7fbcec021000 rw-p 00000000 00:00 0 
7fbcec021000-7fbcf0000000 ---p 00000000 00:00 0 
7fbcf0000000-7fbcf0021000 rw-p 00000000 00:00 0 
7fbcf0021000-7fbcf4000000 ---p 00000000 00:00 0 
7fbcf4000000-7fbcf4021000 rw-p 00000000 00:00 0 
7fbcf4021000-7fbcf8000000 ---p 00000000 00:00 0 
7fbcf8000000-7fbcf8021000 rw-p 00000000 00:00 0 
7fbcf8021000-7fbcfc000000 ---p 00000000 00:00 0 
7fbcfc000000-7fbcfc34a000 rw-p 00000000 00:00 0 
7fbcfc34a000-7fbd00000000 ---p 00000000 00:00 0 
7fbd00000000-7fbd00001000 r--s 00008000 103:04 809868                    /home/trofis/Documents/Worldline/autoPairing/logstash/vendor/bundle/jruby/2.5.0/gems/json-1.8.6-java/lib/json/ext/generator.jar
7fbd00001000-7fbd00003000 r--s 00006000 103:04 809867                    /home/trofis/Documents/Worldline/autoPairing/logstash/vendor/bundle/jruby/2.5.0/gems/json-1.8.6-java/lib/json/ext/parser.jar
7fbd00003000-7fbd00004000 r--s 0000d000 103:04 662624                    /usr/lib/jvm/java-8-openjdk/jre/lib/ext/sunec.jar
7fbd00004000-7fbd00008000 r--s 0003a000 103:04 662626                    /usr/lib/jvm/java-8-openjdk/jre/lib/ext/sunpkcs11.jar
7fbd00008000-7fbd0001f000 r--s 00104000 103:04 672838                    /home/trofis/Documents/Worldline/autoPairing/logstash/vendor/bundle/jruby/2.5.0/gems/jruby-openssl-0.10.4-java/lib/jopenssl.jar
7fbd0001f000-7fbd00036000 r--s 000ff000 103:04 672870                    /home/trofis/Documents/Worldline/autoPairing/logstash/vendor/bundle/jruby/2.5.0/gems/jruby-openssl-0.10.4-java/lib/org/bouncycastle/bctls-jdk15on/1.62/bctls-jdk15on-1.62.jar
7fbd00036000-7fbd00039000 ---p 00000000 00:00 0 
7fbd00039000-7fbd00333000 rw-p 00000000 00:00 0 
7fbd00333000-7fbd00337000 ---p 00000000 00:00 0 
7fbd00337000-7fbd00537000 rw-p 00000000 00:00 0 
7fbd00537000-7fbd00737000 rw-p 00000000 00:00 0 
7fbd00737000-7fbd00937000 rw-p 00000000 00:00 0 
7fbd00937000-7fbd00938000 r--p 00000000 103:04 2368466                   /usr/lib/libcrypt-2.31.so
7fbd00938000-7fbd0093e000 r-xp 00001000 103:04 2368466                   /usr/lib/libcrypt-2.31.so
7fbd0093e000-7fbd00940000 r--p 00007000 103:04 2368466                   /usr/lib/libcrypt-2.31.so
7fbd00940000-7fbd00941000 ---p 00009000 103:04 2368466                   /usr/lib/libcrypt-2.31.so
7fbd00941000-7fbd00942000 r--p 00009000 103:04 2368466                   /usr/lib/libcrypt-2.31.so
7fbd00942000-7fbd00943000 rw-p 0000a000 103:04 2368466                   /usr/lib/libcrypt-2.31.so
7fbd00943000-7fbd00971000 rw-p 00000000 00:00 0 
7fbd00971000-7fbd00985000 r--s 000c1000 103:04 672867                    /home/trofis/Documents/Worldline/autoPairing/logstash/vendor/bundle/jruby/2.5.0/gems/jruby-openssl-0.10.4-java/lib/org/bouncycastle/bcpkix-jdk15on/1.62/bcpkix-jdk15on-1.62.jar
7fbd00985000-7fbd00989000 r--s 0001e000 103:04 539071                    /home/trofis/Documents/Worldline/autoPairing/logstash/vendor/bundle/jruby/2.5.0/gems/concurrent-ruby-1.1.6/lib/concurrent-ruby/concurrent/concurrent_ruby.jar
7fbd00989000-7fbd00990000 r--s 00043000 00:2e 174                        /tmp/jruby-145739/jruby4863437934965775665snakeyaml-1.23.jar
7fbd00990000-7fbd00991000 r--s 00004000 00:2e 173                        /tmp/jruby-145739/jruby3148947398456086095psych.jar
7fbd00991000-7fbd00993000 r--s 00016000 103:04 662567                    /usr/lib/jvm/java-8-openjdk/jre/lib/jce.jar
7fbd00993000-7fbd009a6000 r--s 00346000 103:04 662573                    /usr/lib/jvm/java-8-openjdk/jre/lib/resources.jar
7fbd009a6000-7fbd00ba6000 rw-p 00000000 00:00 0 
7fbd00ba6000-7fbd00bb8000 r-xp 00000000 00:2e 168                        /tmp/jffi2284412429740412098.so (deleted)
7fbd00bb8000-7fbd00db7000 ---p 00012000 00:2e 168                        /tmp/jffi2284412429740412098.so (deleted)
7fbd00db7000-7fbd00db8000 rw-p 00011000 00:2e 168                        /tmp/jffi2284412429740412098.so (deleted)
7fbd00db8000-7fbd00fb8000 rw-p 00000000 00:00 0 
7fbd00fb8000-7fbd011b8000 rw-p 00000000 00:00 0 
7fbd011b8000-7fbd011b9000 r--p 00000000 103:04 662587                    /usr/lib/jvm/java-8-openjdk/jre/lib/amd64/libjaas_unix.so
7fbd011b9000-7fbd011ba000 r-xp 00001000 103:04 662587                    /usr/lib/jvm/java-8-openjdk/jre/lib/amd64/libjaas_unix.so
7fbd011ba000-7fbd011bb000 r--p 00002000 103:04 662587                    /usr/lib/jvm/java-8-openjdk/jre/lib/amd64/libjaas_unix.so
7fbd011bb000-7fbd011bc000 r--p 00002000 103:04 662587                    /usr/lib/jvm/java-8-openjdk/jre/lib/amd64/libjaas_unix.so
7fbd011bc000-7fbd011bd000 rw-p 00003000 103:04 662587                    /usr/lib/jvm/java-8-openjdk/jre/lib/amd64/libjaas_unix.so
7fbd011bd000-7fbd013bd000 rw-p 00000000 00:00 0 
7fbd013bd000-7fbd013d8000 r--s 001d6000 103:04 662623                    /usr/lib/jvm/java-8-openjdk/jre/lib/ext/nashorn.jar
7fbd013d8000-7fbd013dd000 r--s 000a3000 103:04 662569                    /usr/lib/jvm/java-8-openjdk/jre/lib/jsse.jar
7fbd013dd000-7fbd013e1000 r--p 00000000 103:04 662598                    /usr/lib/jvm/java-8-openjdk/jre/lib/amd64/libmanagement.so
7fbd013e1000-7fbd013e4000 r-xp 00004000 103:04 662598                    /usr/lib/jvm/java-8-openjdk/jre/lib/amd64/libmanagement.so
7fbd013e4000-7fbd013e6000 r--p 00007000 103:04 662598                    /usr/lib/jvm/java-8-openjdk/jre/lib/amd64/libmanagement.so
7fbd013e6000-7fbd013e7000 r--p 00008000 103:04 662598                    /usr/lib/jvm/java-8-openjdk/jre/lib/amd64/libmanagement.so
7fbd013e7000-7fbd013e8000 rw-p 00009000 103:04 662598                    /usr/lib/jvm/java-8-openjdk/jre/lib/amd64/libmanagement.so
7fbd013e8000-7fbd013ea000 r--s 00009000 103:04 1582098                   /home/trofis/Documents/Worldline/autoPairing/logstash/logstash-core/lib/jars/slf4j-api-1.7.25.jar
7fbd013ea000-7fbd013ed000 r--s 0001e000 103:04 1582092                   /home/trofis/Documents/Worldline/autoPairing/logstash/logstash-core/lib/jars/reflections-0.9.11.jar
7fbd013ed000-7fbd013f2000 r--s 00038000 103:04 1582125                   /home/trofis/Documents/Worldline/autoPairing/logstash/logstash-core/lib/jars/org.eclipse.text-3.5.101.jar
7fbd013f2000-7fbd01405000 r--s 0013a000 103:04 1582123                   /home/trofis/Documents/Worldline/autoPairing/logstash/logstash-core/lib/jars/org.eclipse.osgi-3.7.1.jar
7fbd01405000-7fbd01432000 r--s 00522000 103:04 1582110                   /home/trofis/Documents/Worldline/autoPairing/logstash/logstash-core/lib/jars/org.eclipse.jdt.core-3.10.0.jar
7fbd01432000-7fbd01436000 r--s 00029000 103:04 1582120                   /home/trofis/Documents/Worldline/autoPairing/logstash/logstash-core/lib/jars/org.eclipse.equinox.registry-3.5.101.jar
7fbd01436000-7fbd01439000 r--s 00019000 103:04 1582093                   /home/trofis/Documents/Worldline/autoPairing/logstash/logstash-core/lib/jars/org.eclipse.equinox.preferences-3.4.1.jar
7fbd01439000-7fbd0143b000 r--s 00018000 103:04 1582122                   /home/trofis/Documents/Worldline/autoPairing/logstash/logstash-core/lib/jars/org.eclipse.equinox.common-3.6.0.jar
7fbd0143b000-7fbd0143d000 r--s 00013000 103:04 1582108                   /home/trofis/Documents/Worldline/autoPairing/logstash/logstash-core/lib/jars/org.eclipse.equinox.app-1.3.100.jar
7fbd0143d000-7fbd0143f000 r--s 00010000 103:04 1582099                   /home/trofis/Documents/Worldline/autoPairing/logstash/logstash-core/lib/jars/org.eclipse.core.runtime-3.7.0.jar
7fbd0143f000-7fbd0144a000 r--s 000bb000 103:04 1582106                   /home/trofis/Documents/Worldline/autoPairing/logstash/logstash-core/lib/jars/org.eclipse.core.resources-3.7.100.jar
7fbd0144a000-7fbd0144d000 r--s 00014000 103:04 1582121                   /home/trofis/Documents/Worldline/autoPairing/logstash/logstash-core/lib/jars/org.eclipse.core.jobs-3.5.100.jar
7fbd0144d000-7fbd0144f000 r--s 0000b000 103:04 1582096                   /home/trofis/Documents/Worldline/autoPairing/logstash/logstash-core/lib/jars/org.eclipse.core.filesystem-1.3.100.jar
7fbd0144f000-7fbd01452000 r--s 00013000 103:04 1582103                   /home/trofis/Documents/Worldline/autoPairing/logstash/logstash-core/lib/jars/org.eclipse.core.expressions-3.4.300.jar
7fbd01452000-7fbd02c53000 rw-p 00000000 00:00 0 
7fbd02c53000-7fbd02c58000 r--p 00000000 103:04 662600                    /usr/lib/jvm/java-8-openjdk/jre/lib/amd64/libnet.so
7fbd02c58000-7fbd02c67000 r-xp 00005000 103:04 662600                    /usr/lib/jvm/java-8-openjdk/jre/lib/amd64/libnet.so
7fbd02c67000-7fbd02c6b000 r--p 00014000 103:04 662600                    /usr/lib/jvm/java-8-openjdk/jre/lib/amd64/libnet.so
7fbd02c6b000-7fbd02c6c000 r--p 00017000 103:04 662600                    /usr/lib/jvm/java-8-openjdk/jre/lib/amd64/libnet.so
7fbd02c6c000-7fbd02c6d000 rw-p 00018000 103:04 662600                    /usr/lib/jvm/java-8-openjdk/jre/lib/amd64/libnet.so
7fbd02c6d000-7fbd02c74000 r--p 00000000 103:04 662601                    /usr/lib/jvm/java-8-openjdk/jre/lib/amd64/libnio.so
7fbd02c74000-7fbd02c7c000 r-xp 00007000 103:04 662601                    /usr/lib/jvm/java-8-openjdk/jre/lib/amd64/libnio.so
7fbd02c7c000-7fbd02c7f000 r--p 0000f000 103:04 662601                    /usr/lib/jvm/java-8-openjdk/jre/lib/amd64/libnio.so
7fbd02c7f000-7fbd02c80000 ---p 00012000 103:04 662601                    /usr/lib/jvm/java-8-openjdk/jre/lib/amd64/libnio.so
7fbd02c80000-7fbd02c81000 r--p 00012000 103:04 662601                    /usr/lib/jvm/java-8-openjdk/jre/lib/amd64/libnio.so
7fbd02c81000-7fbd02c82000 rw-p 00013000 103:04 662601                    /usr/lib/jvm/java-8-openjdk/jre/lib/amd64/libnio.so
7fbd02c82000-7fbd02c8e000 r--s 00088000 103:04 1582107                   /home/trofis/Documents/Worldline/autoPairing/logstash/logstash-core/lib/jars/logstash-core.jar
7fbd02c8e000-7fbd02caf000 r--s 00178000 103:04 1582091                   /home/trofis/Documents/Worldline/autoPairing/logstash/logstash-core/lib/jars/log4j-core-2.12.1.jar
7fbd02caf000-7fbd02ce3000 rw-p 00000000 00:00 0 
7fbd02ce3000-7fbd02e12000 r--s 017af000 103:04 1582114                   /home/trofis/Documents/Worldline/autoPairing/logstash/logstash-core/lib/jars/jruby-complete-9.2.9.0.jar
7fbd02e12000-7fbd02e13000 ---p 00000000 00:00 0 
7fbd02e13000-7fbd02f13000 rw-p 00000000 00:00 0 
7fbd02f13000-7fbd02f16000 ---p 00000000 00:00 0 
7fbd02f16000-7fbd03014000 rw-p 00000000 00:00 0 
7fbd03014000-7fbd03015000 ---p 00000000 00:00 0 
7fbd03015000-7fbd03018000 ---p 00000000 00:00 0 
7fbd03018000-7fbd03115000 rw-p 00000000 00:00 0 
7fbd03115000-7fbd03116000 ---p 00000000 00:00 0 
7fbd03116000-7fbd03119000 ---p 00000000 00:00 0 
7fbd03119000-7fbd03216000 rw-p 00000000 00:00 0 
7fbd03216000-7fbd03217000 ---p 00000000 00:00 0 
7fbd03217000-7fbd0321a000 ---p 00000000 00:00 0 
7fbd0321a000-7fbd03317000 rw-p 00000000 00:00 0 
7fbd03317000-7fbd03318000 ---p 00000000 00:00 0 
7fbd03318000-7fbd0331b000 ---p 00000000 00:00 0 
7fbd0331b000-7fbd03418000 rw-p 00000000 00:00 0 
7fbd03418000-7fbd0341b000 ---p 00000000 00:00 0 
7fbd0341b000-7fbd03519000 rw-p 00000000 00:00 0 
7fbd03519000-7fbd03800000 r--p 00000000 103:04 2374792                   /usr/lib/locale/locale-archive
7fbd03800000-7fbd04000000 rw-p 00000000 00:00 0 
7fbd04000000-7fbd04021000 rw-p 00000000 00:00 0 
7fbd04021000-7fbd08000000 ---p 00000000 00:00 0 
7fbd08000000-7fbd08021000 rw-p 00000000 00:00 0 
7fbd08021000-7fbd0c000000 ---p 00000000 00:00 0 
7fbd0c000000-7fbd0c021000 rw-p 00000000 00:00 0 
7fbd0c021000-7fbd10000000 ---p 00000000 00:00 0 
7fbd10000000-7fbd10023000 rw-p 00000000 00:00 0 
7fbd10023000-7fbd14000000 ---p 00000000 00:00 0 
7fbd14000000-7fbd14003000 r--s 00014000 103:04 1582115                   /home/trofis/Documents/Worldline/autoPairing/logstash/logstash-core/lib/jars/org.eclipse.core.contenttype-3.4.100.jar
7fbd14003000-7fbd14007000 r--s 00017000 103:04 1582102                   /home/trofis/Documents/Worldline/autoPairing/logstash/logstash-core/lib/jars/org.eclipse.core.commands-3.6.0.jar
7fbd14007000-7fbd14008000 r--s 00005000 103:04 1582090                   /home/trofis/Documents/Worldline/autoPairing/logstash/logstash-core/lib/jars/log4j-slf4j-impl-2.12.1.jar
7fbd14008000-7fbd1400e000 r--s 0003e000 103:04 1582100                   /home/trofis/Documents/Worldline/autoPairing/logstash/logstash-core/lib/jars/log4j-api-2.12.1.jar
7fbd1400e000-7fbd14011000 r--s 00006000 103:04 1582094                   /home/trofis/Documents/Worldline/autoPairing/logstash/logstash-core/lib/jars/jsr305-1.3.9.jar
7fbd14011000-7fbd1401c000 r--s 000b5000 103:04 1582124                   /home/trofis/Documents/Worldline/autoPairing/logstash/logstash-core/lib/jars/javassist-3.26.0-GA.jar
7fbd1401c000-7fbd14028000 r--s 000c9000 103:04 1582116                   /home/trofis/Documents/Worldline/autoPairing/logstash/logstash-core/lib/jars/janino-3.1.0.jar
7fbd14028000-7fbd1403b000 r--s 00137000 103:04 1582117                   /home/trofis/Documents/Worldline/autoPairing/logstash/logstash-core/lib/jars/jackson-databind-2.9.10.1.jar
7fbd1403b000-7fbd1403f000 r--s 0004c000 103:04 1582105                   /home/trofis/Documents/Worldline/autoPairing/logstash/logstash-core/lib/jars/jackson-core-2.9.10.jar
7fbd1403f000-7fbd14042000 r--s 0000e000 103:04 1582113                   /home/trofis/Documents/Worldline/autoPairing/logstash/logstash-core/lib/jars/jackson-annotations-2.9.10.jar
7fbd14042000-7fbd14072000 r--s 00245000 103:04 1582097                   /home/trofis/Documents/Worldline/autoPairing/logstash/logstash-core/lib/jars/guava-22.0.jar
7fbd14072000-7fbd14075000 ---p 00000000 00:00 0 
7fbd14075000-7fbd14173000 rw-p 00000000 00:00 0 
7fbd14173000-7fbd14176000 ---p 00000000 00:00 0 
7fbd14176000-7fbd14274000 rw-p 00000000 00:00 0 
7fbd14274000-7fbd14277000 ---p 00000000 00:00 0 
7fbd14277000-7fbd14375000 rw-p 00000000 00:00 0 
7fbd14375000-7fbd14376000 ---p 00000000 00:00 0 
7fbd14376000-7fbd144c4000 rw-p 00000000 00:00 0 
7fbd144c4000-7fbd14694000 r--s 03c68000 103:04 662574                    /usr/lib/jvm/java-8-openjdk/jre/lib/rt.jar
7fbd14694000-7fbd147f3000 rw-p 00000000 00:00 0 
7fbd147f3000-7fbd147f4000 ---p 00000000 00:00 0 
7fbd147f4000-7fbd150fc000 rw-p 00000000 00:00 0 
7fbd150fc000-7fbd150fd000 ---p 00000000 00:00 0 
7fbd150fd000-7fbd151fd000 rw-p 00000000 00:00 0 
7fbd151fd000-7fbd151fe000 ---p 00000000 00:00 0 
7fbd151fe000-7fbd18000000 rw-p 00000000 00:00 0 
7fbd18000000-7fbd1802c000 rw-p 00000000 00:00 0 
7fbd1802c000-7fbd1c000000 ---p 00000000 00:00 0 
7fbd1c000000-7fbd1c021000 rw-p 00000000 00:00 0 
7fbd1c021000-7fbd20000000 ---p 00000000 00:00 0 
7fbd20000000-7fbd20021000 rw-p 00000000 00:00 0 
7fbd20021000-7fbd24000000 ---p 00000000 00:00 0 
7fbd24000000-7fbd24021000 rw-p 00000000 00:00 0 
7fbd24021000-7fbd28000000 ---p 00000000 00:00 0 
7fbd28000000-7fbd28021000 rw-p 00000000 00:00 0 
7fbd28021000-7fbd2c000000 ---p 00000000 00:00 0 
7fbd2c000000-7fbd2c021000 rw-p 00000000 00:00 0 
7fbd2c021000-7fbd30000000 ---p 00000000 00:00 0 
7fbd30000000-7fbd3002d000 rw-p 00000000 00:00 0 
7fbd3002d000-7fbd34000000 ---p 00000000 00:00 0 
7fbd34000000-7fbd34002000 r--s 0000b000 103:04 1582101                   /home/trofis/Documents/Worldline/autoPairing/logstash/logstash-core/lib/jars/jackson-dataformat-cbor-2.9.10.jar
7fbd34002000-7fbd34004000 r--s 00001000 103:04 1582112                   /home/trofis/Documents/Worldline/autoPairing/logstash/logstash-core/lib/jars/j2objc-annotations-1.1.jar
7fbd34004000-7fbd349f9000 rw-p 00000000 00:00 0 
7fbd349f9000-7fbd349fa000 rw-p 00000000 00:00 0 
7fbd349fa000-7fbd349fb000 ---p 00000000 00:00 0 
7fbd349fb000-7fbd34afb000 rw-p 00000000 00:00 0 
7fbd34afb000-7fbd34afc000 ---p 00000000 00:00 0 
7fbd34afc000-7fbd34bfc000 rw-p 00000000 00:00 0 
7fbd34bfc000-7fbd34bfd000 ---p 00000000 00:00 0 
7fbd34bfd000-7fbd34cfd000 rw-p 00000000 00:00 0 
7fbd34cfd000-7fbd34cfe000 ---p 00000000 00:00 0 
7fbd34cfe000-7fbd34dfe000 rw-p 00000000 00:00 0 
7fbd34dfe000-7fbd34dff000 ---p 00000000 00:00 0 
7fbd34dff000-7fbd34eff000 rw-p 00000000 00:00 0 
7fbd34eff000-7fbd34f00000 ---p 00000000 00:00 0 
7fbd34f00000-7fbd35000000 rw-p 00000000 00:00 0 
7fbd35000000-7fbd38290000 rwxp 00000000 00:00 0 
7fbd38290000-7fbd44000000 ---p 00000000 00:00 0 
7fbd44000000-7fbd45d8e000 rw-p 00000000 00:00 0 
7fbd45d8e000-7fbd48000000 ---p 00000000 00:00 0 
7fbd48000000-7fbd48005000 r--s 0003c000 103:04 1582104                   /home/trofis/Documents/Worldline/autoPairing/logstash/logstash-core/lib/jars/gradle-license-report-0.7.1.jar
7fbd48005000-7fbd48009000 r--s 0002a000 103:04 1582111                   /home/trofis/Documents/Worldline/autoPairing/logstash/logstash-core/lib/jars/google-java-format-1.1.jar
7fbd48009000-7fbd4800a000 r--s 00002000 103:04 1582095                   /home/trofis/Documents/Worldline/autoPairing/logstash/logstash-core/lib/jars/error_prone_annotations-2.0.18.jar
7fbd4800a000-7fbd48011000 r--s 0004e000 103:04 1582109                   /home/trofis/Documents/Worldline/autoPairing/logstash/logstash-core/lib/jars/commons-codec-1.13.jar
7fbd48011000-7fbd48063000 rw-p 00000000 00:00 0 
7fbd48063000-7fbd48064000 ---p 00000000 00:00 0 
7fbd48064000-7fbd48164000 rw-p 00000000 00:00 0 
7fbd48164000-7fbd48165000 ---p 00000000 00:00 0 
7fbd48165000-7fbd48330000 rw-p 00000000 00:00 0 
7fbd48330000-7fbd48625000 ---p 00000000 00:00 0 
7fbd48625000-7fbd48628000 r--p 00000000 103:04 662609                    /usr/lib/jvm/java-8-openjdk/jre/lib/amd64/libzip.so
7fbd48628000-7fbd4862c000 r-xp 00003000 103:04 662609                    /usr/lib/jvm/java-8-openjdk/jre/lib/amd64/libzip.so
7fbd4862c000-7fbd4862e000 r--p 00007000 103:04 662609                    /usr/lib/jvm/java-8-openjdk/jre/lib/amd64/libzip.so
7fbd4862e000-7fbd4862f000 r--p 00008000 103:04 662609                    /usr/lib/jvm/java-8-openjdk/jre/lib/amd64/libzip.so
7fbd4862f000-7fbd48630000 rw-p 00009000 103:04 662609                    /usr/lib/jvm/java-8-openjdk/jre/lib/amd64/libzip.so
7fbd48630000-7fbd4863d000 r--p 00000000 103:04 662588                    /usr/lib/jvm/java-8-openjdk/jre/lib/amd64/libjava.so
7fbd4863d000-7fbd48653000 r-xp 0000d000 103:04 662588                    /usr/lib/jvm/java-8-openjdk/jre/lib/amd64/libjava.so
7fbd48653000-7fbd4865a000 r--p 00023000 103:04 662588                    /usr/lib/jvm/java-8-openjdk/jre/lib/amd64/libjava.so
7fbd4865a000-7fbd4865b000 r--p 00029000 103:04 662588                    /usr/lib/jvm/java-8-openjdk/jre/lib/amd64/libjava.so
7fbd4865b000-7fbd4865c000 rw-p 0002a000 103:04 662588                    /usr/lib/jvm/java-8-openjdk/jre/lib/amd64/libjava.so
7fbd4865c000-7fbd4865d000 rw-p 00000000 00:00 0 
7fbd4865d000-7fbd48660000 r--p 00000000 103:04 2368512                   /usr/lib/librt-2.31.so
7fbd48660000-7fbd48664000 r-xp 00003000 103:04 2368512                   /usr/lib/librt-2.31.so
7fbd48664000-7fbd48665000 r--p 00007000 103:04 2368512                   /usr/lib/librt-2.31.so
7fbd48665000-7fbd48666000 ---p 00008000 103:04 2368512                   /usr/lib/librt-2.31.so
7fbd48666000-7fbd48667000 r--p 00008000 103:04 2368512                   /usr/lib/librt-2.31.so
7fbd48667000-7fbd48668000 rw-p 00009000 103:04 2368512                   /usr/lib/librt-2.31.so
7fbd48668000-7fbd48669000 ---p 00000000 00:00 0 
7fbd48669000-7fbd4866c000 ---p 00000000 00:00 0 
7fbd4866c000-7fbd48769000 rw-p 00000000 00:00 0 
7fbd48769000-7fbd48778000 r--p 00000000 103:04 2368476                   /usr/lib/libm-2.31.so
7fbd48778000-7fbd48814000 r-xp 0000f000 103:04 2368476                   /usr/lib/libm-2.31.so
7fbd48814000-7fbd488ad000 r--p 000ab000 103:04 2368476                   /usr/lib/libm-2.31.so
7fbd488ad000-7fbd488ae000 r--p 00143000 103:04 2368476                   /usr/lib/libm-2.31.so
7fbd488ae000-7fbd488af000 rw-p 00144000 103:04 2368476                   /usr/lib/libm-2.31.so
7fbd488af000-7fbd48aa1000 r--p 00000000 103:04 662612                    /usr/lib/jvm/java-8-openjdk/jre/lib/amd64/server/libjvm.so
7fbd48aa1000-7fbd4934d000 r-xp 001f2000 103:04 662612                    /usr/lib/jvm/java-8-openjdk/jre/lib/amd64/server/libjvm.so
7fbd4934d000-7fbd494ef000 r--p 00a9e000 103:04 662612                    /usr/lib/jvm/java-8-openjdk/jre/lib/amd64/server/libjvm.so
7fbd494ef000-7fbd494f0000 ---p 00c40000 103:04 662612                    /usr/lib/jvm/java-8-openjdk/jre/lib/amd64/server/libjvm.so
7fbd494f0000-7fbd49585000 r--p 00c40000 103:04 662612                    /usr/lib/jvm/java-8-openjdk/jre/lib/amd64/server/libjvm.so
7fbd49585000-7fbd495ad000 rw-p 00cd5000 103:04 662612                    /usr/lib/jvm/java-8-openjdk/jre/lib/amd64/server/libjvm.so
7fbd495ad000-7fbd495e0000 rw-p 00000000 00:00 0 
7fbd495e0000-7fbd495e7000 r--p 00000000 103:04 2368504                   /usr/lib/libpthread-2.31.so
7fbd495e7000-7fbd495f7000 r-xp 00007000 103:04 2368504                   /usr/lib/libpthread-2.31.so
7fbd495f7000-7fbd495fc000 r--p 00017000 103:04 2368504                   /usr/lib/libpthread-2.31.so
7fbd495fc000-7fbd495fd000 r--p 0001b000 103:04 2368504                   /usr/lib/libpthread-2.31.so
7fbd495fd000-7fbd495fe000 rw-p 0001c000 103:04 2368504                   /usr/lib/libpthread-2.31.so
7fbd495fe000-7fbd49602000 rw-p 00000000 00:00 0 
7fbd49602000-7fbd49603000 r--p 00000000 103:04 2368470                   /usr/lib/libdl-2.31.so
7fbd49603000-7fbd49604000 r-xp 00001000 103:04 2368470                   /usr/lib/libdl-2.31.so
7fbd49604000-7fbd49605000 r--p 00002000 103:04 2368470                   /usr/lib/libdl-2.31.so
7fbd49605000-7fbd49606000 r--p 00002000 103:04 2368470                   /usr/lib/libdl-2.31.so
7fbd49606000-7fbd49607000 rw-p 00003000 103:04 2368470                   /usr/lib/libdl-2.31.so
7fbd49607000-7fbd4960a000 r--p 00000000 103:04 2365659                   /usr/lib/libz.so.1.2.11
7fbd4960a000-7fbd49618000 r-xp 00003000 103:04 2365659                   /usr/lib/libz.so.1.2.11
7fbd49618000-7fbd4961e000 r--p 00011000 103:04 2365659                   /usr/lib/libz.so.1.2.11
7fbd4961e000-7fbd4961f000 ---p 00017000 103:04 2365659                   /usr/lib/libz.so.1.2.11
7fbd4961f000-7fbd49620000 r--p 00017000 103:04 2365659                   /usr/lib/libz.so.1.2.11
7fbd49620000-7fbd49621000 rw-p 00018000 103:04 2365659                   /usr/lib/libz.so.1.2.11
7fbd49621000-7fbd49646000 r--p 00000000 103:04 2368461                   /usr/lib/libc-2.31.so
7fbd49646000-7fbd49792000 r-xp 00025000 103:04 2368461                   /usr/lib/libc-2.31.so
7fbd49792000-7fbd497dd000 r--p 00171000 103:04 2368461                   /usr/lib/libc-2.31.so
7fbd497dd000-7fbd497e0000 r--p 001bb000 103:04 2368461                   /usr/lib/libc-2.31.so
7fbd497e0000-7fbd497e3000 rw-p 001be000 103:04 2368461                   /usr/lib/libc-2.31.so
7fbd497e3000-7fbd497e7000 rw-p 00000000 00:00 0 
7fbd497e7000-7fbd497ec000 r--s 0001f000 103:04 1582119                   /home/trofis/Documents/Worldline/autoPairing/logstash/logstash-core/lib/jars/commons-compiler-3.1.0.jar
7fbd497ec000-7fbd497ed000 r--s 00000000 103:04 1582118                   /home/trofis/Documents/Worldline/autoPairing/logstash/logstash-core/lib/jars/animal-sniffer-annotations-1.14.jar
7fbd497ed000-7fbd497f5000 rw-s 00000000 00:2e 152                        /tmp/hsperfdata_trofis/145739
7fbd497f5000-7fbd497f8000 r--p 00000000 103:04 2368497                   /usr/lib/libnss_files-2.31.so
7fbd497f8000-7fbd497ff000 r-xp 00003000 103:04 2368497                   /usr/lib/libnss_files-2.31.so
7fbd497ff000-7fbd49801000 r--p 0000a000 103:04 2368497                   /usr/lib/libnss_files-2.31.so
7fbd49801000-7fbd49802000 r--p 0000b000 103:04 2368497                   /usr/lib/libnss_files-2.31.so
7fbd49802000-7fbd49803000 rw-p 0000c000 103:04 2368497                   /usr/lib/libnss_files-2.31.so
7fbd49803000-7fbd4980a000 rw-p 00000000 00:00 0 
7fbd4980a000-7fbd4980f000 r--p 00000000 103:04 662608                    /usr/lib/jvm/java-8-openjdk/jre/lib/amd64/libverify.so
7fbd4980f000-7fbd49816000 r-xp 00005000 103:04 662608                    /usr/lib/jvm/java-8-openjdk/jre/lib/amd64/libverify.so
7fbd49816000-7fbd49818000 r--p 0000c000 103:04 662608                    /usr/lib/jvm/java-8-openjdk/jre/lib/amd64/libverify.so
7fbd49818000-7fbd49819000 ---p 0000e000 103:04 662608                    /usr/lib/jvm/java-8-openjdk/jre/lib/amd64/libverify.so
7fbd49819000-7fbd4981b000 r--p 0000e000 103:04 662608                    /usr/lib/jvm/java-8-openjdk/jre/lib/amd64/libverify.so
7fbd4981b000-7fbd4981c000 rw-p 00010000 103:04 662608                    /usr/lib/jvm/java-8-openjdk/jre/lib/amd64/libverify.so
7fbd4981c000-7fbd4981f000 r--p 00000000 103:04 662610                    /usr/lib/jvm/java-8-openjdk/jre/lib/amd64/jli/libjli.so
7fbd4981f000-7fbd49828000 r-xp 00003000 103:04 662610                    /usr/lib/jvm/java-8-openjdk/jre/lib/amd64/jli/libjli.so
7fbd49828000-7fbd4982b000 r--p 0000c000 103:04 662610                    /usr/lib/jvm/java-8-openjdk/jre/lib/amd64/jli/libjli.so
7fbd4982b000-7fbd4982c000 r--p 0000e000 103:04 662610                    /usr/lib/jvm/java-8-openjdk/jre/lib/amd64/jli/libjli.so
7fbd4982c000-7fbd4982d000 rw-p 0000f000 103:04 662610                    /usr/lib/jvm/java-8-openjdk/jre/lib/amd64/jli/libjli.so
7fbd4982d000-7fbd4982f000 rw-p 00000000 00:00 0 
7fbd4982f000-7fbd49831000 r--p 00000000 103:04 2368449                   /usr/lib/ld-2.31.so
7fbd49831000-7fbd49851000 r-xp 00002000 103:04 2368449                   /usr/lib/ld-2.31.so
7fbd49851000-7fbd49859000 r--p 00022000 103:04 2368449                   /usr/lib/ld-2.31.so
7fbd49859000-7fbd4985a000 r--p 00000000 00:00 0 
7fbd4985a000-7fbd4985b000 r--p 0002a000 103:04 2368449                   /usr/lib/ld-2.31.so
7fbd4985b000-7fbd4985c000 rw-p 0002b000 103:04 2368449                   /usr/lib/ld-2.31.so
7fbd4985c000-7fbd4985d000 rw-p 00000000 00:00 0 
7ffc88616000-7ffc8863a000 rw-p 00000000 00:00 0                          [stack]
7ffc8863c000-7ffc8863f000 r--p 00000000 00:00 0                          [vvar]
7ffc8863f000-7ffc88640000 r-xp 00000000 00:00 0                          [vdso]
ffffffffff600000-ffffffffff601000 --xp 00000000 00:00 0                  [vsyscall]

VM Arguments:
jvm_args: -Xms1g -Xmx1g -XX:+UseConcMarkSweepGC -XX:CMSInitiatingOccupancyFraction=75 -XX:+UseCMSInitiatingOccupancyOnly -Djava.awt.headless=true -Dfile.encoding=UTF-8 -Djruby.compile.invokedynamic=true -Djruby.jit.threshold=0 -Djruby.regexp.interruptible=true -XX:+HeapDumpOnOutOfMemoryError -Djava.security.egd=file:/dev/urandom -Dlog4j2.isThreadContextMapInheritable=true 
java_command: org.logstash.Logstash -f /home/trofis/Documents/Worldline/autoPairing/config/logstash-config.conf -w 1
java_class_path (initial): /home/trofis/Documents/Worldline/autoPairing/logstash/logstash-core/lib/jars/animal-sniffer-annotations-1.14.jar:/home/trofis/Documents/Worldline/autoPairing/logstash/logstash-core/lib/jars/commons-codec-1.13.jar:/home/trofis/Documents/Worldline/autoPairing/logstash/logstash-core/lib/jars/commons-compiler-3.1.0.jar:/home/trofis/Documents/Worldline/autoPairing/logstash/logstash-core/lib/jars/error_prone_annotations-2.0.18.jar:/home/trofis/Documents/Worldline/autoPairing/logstash/logstash-core/lib/jars/google-java-format-1.1.jar:/home/trofis/Documents/Worldline/autoPairing/logstash/logstash-core/lib/jars/gradle-license-report-0.7.1.jar:/home/trofis/Documents/Worldline/autoPairing/logstash/logstash-core/lib/jars/guava-22.0.jar:/home/trofis/Documents/Worldline/autoPairing/logstash/logstash-core/lib/jars/j2objc-annotations-1.1.jar:/home/trofis/Documents/Worldline/autoPairing/logstash/logstash-core/lib/jars/jackson-annotations-2.9.10.jar:/home/trofis/Documents/Worldline/autoPairing/logstash/logstash-core/lib/jars/jackson-core-2.9.10.jar:/home/trofis/Documents/Worldline/autoPairing/logstash/logstash-core/lib/jars/jackson-databind-2.9.10.1.jar:/home/trofis/Documents/Worldline/autoPairing/logstash/logstash-core/lib/jars/jackson-dataformat-cbor-2.9.10.jar:/home/trofis/Documents/Worldline/autoPairing/logstash/logstash-core/lib/jars/janino-3.1.0.jar:/home/trofis/Documents/Worldline/autoPairing/logstash/logstash-core/lib/jars/javassist-3.26.0-GA.jar:/home/trofis/Documents/Worldline/autoPairing/logstash/logstash-core/lib/jars/jruby-complete-9.2.9.0.jar:/home/trofis/Documents/Worldline/autoPairing/logstash/logstash-core/lib/jars/jsr305-1.3.9.jar:/home/trofis/Documents/Worldline/autoPairing/logstash/logstash-core/lib/jars/log4j-api-2.12.1.jar:/home/trofis/Documents/Worldline/autoPairing/logstash/logstash-core/lib/jars/log4j-core-2.12.1.jar:/home/trofis/Documents/Worldline/autoPairing/logstash/logstash-core/lib/jars/log4j-slf4j-impl-2.12.1.jar:/home/trof
Launcher Type: SUN_STANDARD

Environment Variables:
PATH=/home/trofis/Documents/Worldline/autoPairing/logstash/vendor/bundle/jruby/2.5.0/bin:/usr/lib/node_modules/npm/node_modules/npm-lifecycle/node-gyp-bin:/home/trofis/Documents/auto-pairing-app/server/node_modules/.bin:/home/trofis/.local/bin:/usr/local/bin:/usr/local/sbin:/usr/bin:/usr/lib/jvm/default/bin:/usr/bin/site_perl:/usr/bin/vendor_perl:/usr/bin/core_perl:/var/lib/snapd/snap/bin
USERNAME=trofis
SHELL=/bin/bash
DISPLAY=:1

Signal Handlers:
SIGSEGV: [libjvm.so+0xa6a400], sa_mask[0]=11111111011111111101111111111110, sa_flags=SA_RESTART|SA_SIGINFO
SIGBUS: [libjvm.so+0xa6a400], sa_mask[0]=11111111011111111101111111111110, sa_flags=SA_RESTART|SA_SIGINFO
SIGFPE: [libjvm.so+0x8c7be0], sa_mask[0]=11111111011111111101111111111110, sa_flags=SA_RESTART|SA_SIGINFO
SIGPIPE: [libjvm.so+0x8c7be0], sa_mask[0]=11111111011111111101111111111110, sa_flags=SA_RESTART|SA_SIGINFO
SIGXFSZ: [libjvm.so+0x8c7be0], sa_mask[0]=11111111011111111101111111111110, sa_flags=SA_RESTART|SA_SIGINFO
SIGILL: [libjvm.so+0x8c7be0], sa_mask[0]=11111111011111111101111111111110, sa_flags=SA_RESTART|SA_SIGINFO
SIGUSR1: SIG_DFL, sa_mask[0]=00000000000000000000000000000000, sa_flags=none
SIGUSR2: [libjvm.so+0x8c7ab0], sa_mask[0]=00000000000000000000000000000000, sa_flags=SA_RESTART|SA_SIGINFO
SIGHUP: [libjvm.so+0x8c7e80], sa_mask[0]=11111111011111111101111111111110, sa_flags=SA_RESTART|SA_SIGINFO
SIGINT: [libjvm.so+0x8c7e80], sa_mask[0]=11111111011111111101111111111110, sa_flags=SA_RESTART|SA_SIGINFO
SIGTERM: [libjvm.so+0x8c7e80], sa_mask[0]=11111111011111111101111111111110, sa_flags=SA_RESTART|SA_SIGINFO
SIGQUIT: [libjvm.so+0x8c7e80], sa_mask[0]=11111111011111111101111111111110, sa_flags=SA_RESTART|SA_SIGINFO


---------------  S Y S T E M  ---------------

OS:DISTRIB_ID=ManjaroLinux
DISTRIB_RELEASE=20.0
DISTRIB_CODENAME=Lysia
DISTRIB_DESCRIPTION="Manjaro Linux"

uname:Linux 5.4.36-1-MANJARO #1 SMP PREEMPT Wed Apr 29 18:47:01 UTC 2020 x86_64
libc:glibc 2.31 NPTL 2.31 
rlimit: STACK 8192k, CORE infinity, NPROC 30891, NOFILE 524288, AS infinity
load average:2,17 2,50 2,10

/proc/meminfo:
MemTotal:        7927548 kB
MemFree:          236708 kB
MemAvailable:     532636 kB
Buffers:           32920 kB
Cached:          1672804 kB
SwapCached:            0 kB
Active:          5593840 kB
Inactive:         750416 kB
Active(anon):    5383516 kB
Inactive(anon):   490864 kB
Active(file):     210324 kB
Inactive(file):   259552 kB
Unevictable:      728160 kB
Mlocked:              80 kB
SwapTotal:             0 kB
SwapFree:              0 kB
Dirty:               344 kB
Writeback:             0 kB
AnonPages:       5367216 kB
Mapped:           575640 kB
Shmem:           1255844 kB
KReclaimable:     108608 kB
Slab:             324084 kB
SReclaimable:     108608 kB
SUnreclaim:       215476 kB
KernelStack:       21808 kB
PageTables:        79324 kB
NFS_Unstable:          0 kB
Bounce:                0 kB
WritebackTmp:          0 kB
CommitLimit:     3963772 kB
Committed_AS:   22212600 kB
VmallocTotal:   34359738367 kB
VmallocUsed:       44360 kB
VmallocChunk:          0 kB
Percpu:             5760 kB
HardwareCorrupted:     0 kB
AnonHugePages:         0 kB
ShmemHugePages:        0 kB
ShmemPmdMapped:        0 kB
FileHugePages:         0 kB
FilePmdMapped:         0 kB
HugePages_Total:       0
HugePages_Free:        0
HugePages_Rsvd:        0
HugePages_Surp:        0
Hugepagesize:       2048 kB
Hugetlb:               0 kB
DirectMap4k:      527304 kB
DirectMap2M:     7634944 kB
DirectMap1G:           0 kB

container (cgroup) information:
container_type: cgroupv1
cpu_cpuset_cpus: 0-7
cpu_memory_nodes: 0
active_processor_count: 8
cpu_quota: -1
cpu_period: 100000
cpu_shares: -1
memory_limit_in_bytes: -1
memory_and_swap_limit_in_bytes: -1
memory_soft_limit_in_bytes: -1
memory_usage_in_bytes: 7145480192
memory_max_usage_in_bytes: 7396589568


CPU:total 8 (initial active 8) (4 cores per cpu, 2 threads per core) family 6 model 142 stepping 12, cmov, cx8, fxsr, mmx, sse, sse2, sse3, ssse3, sse4.1, sse4.2, popcnt, avx, avx2, aes, clmul, erms, 3dnowpref, lzcnt, ht, tsc, tscinvbit, bmi1, bmi2, adx

/proc/cpuinfo:
processor	: 0
vendor_id	: GenuineIntel
cpu family	: 6
model		: 142
model name	: Intel(R) Core(TM) i5-8265U CPU @ 1.60GHz
stepping	: 12
microcode	: 0xca
cpu MHz		: 799.998
cache size	: 6144 KB
physical id	: 0
siblings	: 8
core id		: 0
cpu cores	: 4
apicid		: 0
initial apicid	: 0
fpu		: yes
fpu_exception	: yes
cpuid level	: 22
wp		: yes
flags		: fpu vme de pse tsc msr pae mce cx8 apic sep mtrr pge mca cmov pat pse36 clflush dts acpi mmx fxsr sse sse2 ss ht tm pbe syscall nx pdpe1gb rdtscp lm constant_tsc art arch_perfmon pebs bts rep_good nopl xtopology nonstop_tsc cpuid aperfmperf pni pclmulqdq dtes64 monitor ds_cpl vmx est tm2 ssse3 sdbg fma cx16 xtpr pdcm pcid sse4_1 sse4_2 x2apic movbe popcnt tsc_deadline_timer aes xsave avx f16c rdrand lahf_lm abm 3dnowprefetch cpuid_fault epb invpcid_single ssbd ibrs ibpb stibp ibrs_enhanced tpr_shadow vnmi flexpriority ept vpid ept_ad fsgsbase tsc_adjust bmi1 avx2 smep bmi2 erms invpcid mpx rdseed adx smap clflushopt intel_pt xsaveopt xsavec xgetbv1 xsaves dtherm ida arat pln pts hwp hwp_notify hwp_act_window hwp_epp md_clear flush_l1d arch_capabilities
bugs		: spectre_v1 spectre_v2 spec_store_bypass swapgs itlb_multihit
bogomips	: 3601.00
clflush size	: 64
cache_alignment	: 64
address sizes	: 39 bits physical, 48 bits virtual
power management:

processor	: 1
vendor_id	: GenuineIntel
cpu family	: 6
model		: 142
model name	: Intel(R) Core(TM) i5-8265U CPU @ 1.60GHz
stepping	: 12
microcode	: 0xca
cpu MHz		: 800.002
cache size	: 6144 KB
physical id	: 0
siblings	: 8
core id		: 1
cpu cores	: 4
apicid		: 2
initial apicid	: 2
fpu		: yes
fpu_exception	: yes
cpuid level	: 22
wp		: yes
flags		: fpu vme de pse tsc msr pae mce cx8 apic sep mtrr pge mca cmov pat pse36 clflush dts acpi mmx fxsr sse sse2 ss ht tm pbe syscall nx pdpe1gb rdtscp lm constant_tsc art arch_perfmon pebs bts rep_good nopl xtopology nonstop_tsc cpuid aperfmperf pni pclmulqdq dtes64 monitor ds_cpl vmx est tm2 ssse3 sdbg fma cx16 xtpr pdcm pcid sse4_1 sse4_2 x2apic movbe popcnt tsc_deadline_timer aes xsave avx f16c rdrand lahf_lm abm 3dnowprefetch cpuid_fault epb invpcid_single ssbd ibrs ibpb stibp ibrs_enhanced tpr_shadow vnmi flexpriority ept vpid ept_ad fsgsbase tsc_adjust bmi1 avx2 smep bmi2 erms invpcid mpx rdseed adx smap clflushopt intel_pt xsaveopt xsavec xgetbv1 xsaves dtherm ida arat pln pts hwp hwp_notify hwp_act_window hwp_epp md_clear flush_l1d arch_capabilities
bugs		: spectre_v1 spectre_v2 spec_store_bypass swapgs itlb_multihit
bogomips	: 3601.00
clflush size	: 64
cache_alignment	: 64
address sizes	: 39 bits physical, 48 bits virtual
power management:

processor	: 2
vendor_id	: GenuineIntel
cpu family	: 6
model		: 142
model name	: Intel(R) Core(TM) i5-8265U CPU @ 1.60GHz
stepping	: 12
microcode	: 0xca
cpu MHz		: 799.999
cache size	: 6144 KB
physical id	: 0
siblings	: 8
core id		: 2
cpu cores	: 4
apicid		: 4
initial apicid	: 4
fpu		: yes
fpu_exception	: yes
cpuid level	: 22
wp		: yes
flags		: fpu vme de pse tsc msr pae mce cx8 apic sep mtrr pge mca cmov pat pse36 clflush dts acpi mmx fxsr sse sse2 ss ht tm pbe syscall nx pdpe1gb rdtscp lm constant_tsc art arch_perfmon pebs bts rep_good nopl xtopology nonstop_tsc cpuid aperfmperf pni pclmulqdq dtes64 monitor ds_cpl vmx est tm2 ssse3 sdbg fma cx16 xtpr pdcm pcid sse4_1 sse4_2 x2apic movbe popcnt tsc_deadline_timer aes xsave avx f16c rdrand lahf_lm abm 3dnowprefetch cpuid_fault epb invpcid_single ssbd ibrs ibpb stibp ibrs_enhanced tpr_shadow vnmi flexpriority ept vpid ept_ad fsgsbase tsc_adjust bmi1 avx2 smep bmi2 erms invpcid mpx rdseed adx smap clflushopt intel_pt xsaveopt xsavec xgetbv1 xsaves dtherm ida arat pln pts hwp hwp_notify hwp_act_window hwp_epp md_clear flush_l1d arch_capabilities
bugs		: spectre_v1 spectre_v2 spec_store_bypass swapgs itlb_multihit
bogomips	: 3601.00
clflush size	: 64
cache_alignment	: 64
address sizes	: 39 bits physical, 48 bits virtual
power management:

processor	: 3
vendor_id	: GenuineIntel
cpu family	: 6
model		: 142
model name	: Intel(R) Core(TM) i5-8265U CPU @ 1.60GHz
stepping	: 12
microcode	: 0xca
cpu MHz		: 800.021
cache size	: 6144 KB
physical id	: 0
siblings	: 8
core id		: 3
cpu cores	: 4
apicid		: 6
initial apicid	: 6
fpu		: yes
fpu_exception	: yes
cpuid level	: 22
wp		: yes
flags		: fpu vme de pse tsc msr pae mce cx8 apic sep mtrr pge mca cmov pat pse36 clflush dts acpi mmx fxsr sse sse2 ss ht tm pbe syscall nx pdpe1gb rdtscp lm constant_tsc art arch_perfmon pebs bts rep_good nopl xtopology nonstop_tsc cpuid aperfmperf pni pclmulqdq dtes64 monitor ds_cpl vmx est tm2 ssse3 sdbg fma cx16 xtpr pdcm pcid sse4_1 sse4_2 x2apic movbe popcnt tsc_deadline_timer aes xsave avx f16c rdrand lahf_lm abm 3dnowprefetch cpuid_fault epb invpcid_single ssbd ibrs ibpb stibp ibrs_enhanced tpr_shadow vnmi flexpriority ept vpid ept_ad fsgsbase tsc_adjust bmi1 avx2 smep bmi2 erms invpcid mpx rdseed adx smap clflushopt intel_pt xsaveopt xsavec xgetbv1 xsaves dtherm ida arat pln pts hwp hwp_notify hwp_act_window hwp_epp md_clear flush_l1d arch_capabilities
bugs		: spectre_v1 spectre_v2 spec_store_bypass swapgs itlb_multihit
bogomips	: 3601.00
clflush size	: 64
cache_alignment	: 64
address sizes	: 39 bits physical, 48 bits virtual
power management:

processor	: 4
vendor_id	: GenuineIntel
cpu family	: 6
model		: 142
model name	: Intel(R) Core(TM) i5-8265U CPU @ 1.60GHz
stepping	: 12
microcode	: 0xca
cpu MHz		: 800.017
cache size	: 6144 KB
physical id	: 0
siblings	: 8
core id		: 0
cpu cores	: 4
apicid		: 1
initial apicid	: 1
fpu		: yes
fpu_exception	: yes
cpuid level	: 22
wp		: yes
flags		: fpu vme de pse tsc msr pae mce cx8 apic sep mtrr pge mca cmov pat pse36 clflush dts acpi mmx fxsr sse sse2 ss ht tm pbe syscall nx pdpe1gb rdtscp lm constant_tsc art arch_perfmon pebs bts rep_good nopl xtopology nonstop_tsc cpuid aperfmperf pni pclmulqdq dtes64 monitor ds_cpl vmx est tm2 ssse3 sdbg fma cx16 xtpr pdcm pcid sse4_1 sse4_2 x2apic movbe popcnt tsc_deadline_timer aes xsave avx f16c rdrand lahf_lm abm 3dnowprefetch cpuid_fault epb invpcid_single ssbd ibrs ibpb stibp ibrs_enhanced tpr_shadow vnmi flexpriority ept vpid ept_ad fsgsbase tsc_adjust bmi1 avx2 smep bmi2 erms invpcid mpx rdseed adx smap clflushopt intel_pt xsaveopt xsavec xgetbv1 xsaves dtherm ida arat pln pts hwp hwp_notify hwp_act_window hwp_epp md_clear flush_l1d arch_capabilities
bugs		: spectre_v1 spectre_v2 spec_store_bypass swapgs itlb_multihit
bogomips	: 3601.00
clflush size	: 64
cache_alignment	: 64
address sizes	: 39 bits physical, 48 bits virtual
power management:

processor	: 5
vendor_id	: GenuineIntel
cpu family	: 6
model		: 142
model name	: Intel(R) Core(TM) i5-8265U CPU @ 1.60GHz
stepping	: 12
microcode	: 0xca
cpu MHz		: 799.999
cache size	: 6144 KB
physical id	: 0
siblings	: 8
core id		: 1
cpu cores	: 4
apicid		: 3
initial apicid	: 3
fpu		: yes
fpu_exception	: yes
cpuid level	: 22
wp		: yes
flags		: fpu vme de pse tsc msr pae mce cx8 apic sep mtrr pge mca cmov pat pse36 clflush dts acpi mmx fxsr sse sse2 ss ht tm pbe syscall nx pdpe1gb rdtscp lm constant_tsc art arch_perfmon pebs bts rep_good nopl xtopology nonstop_tsc cpuid aperfmperf pni pclmulqdq dtes64 monitor ds_cpl vmx est tm2 ssse3 sdbg fma cx16 xtpr pdcm pcid sse4_1 sse4_2 x2apic movbe popcnt tsc_deadline_timer aes xsave avx f16c rdrand lahf_lm abm 3dnowprefetch cpuid_fault epb invpcid_single ssbd ibrs ibpb stibp ibrs_enhanced tpr_shadow vnmi flexpriority ept vpid ept_ad fsgsbase tsc_adjust bmi1 avx2 smep bmi2 erms invpcid mpx rdseed adx smap clflushopt intel_pt xsaveopt xsavec xgetbv1 xsaves dtherm ida arat pln pts hwp hwp_notify hwp_act_window hwp_epp md_clear flush_l1d arch_capabilities
bugs		: spectre_v1 spectre_v2 spec_store_bypass swapgs itlb_multihit
bogomips	: 3601.00
clflush size	: 64
cache_alignment	: 64
address sizes	: 39 bits physical, 48 bits virtual
power management:

processor	: 6
vendor_id	: GenuineIntel
cpu family	: 6
model		: 142
model name	: Intel(R) Core(TM) i5-8265U CPU @ 1.60GHz
stepping	: 12
microcode	: 0xca
cpu MHz		: 800.000
cache size	: 6144 KB
physical id	: 0
siblings	: 8
core id		: 2
cpu cores	: 4
apicid		: 5
initial apicid	: 5
fpu		: yes
fpu_exception	: yes
cpuid level	: 22
wp		: yes
flags		: fpu vme de pse tsc msr pae mce cx8 apic sep mtrr pge mca cmov pat pse36 clflush dts acpi mmx fxsr sse sse2 ss ht tm pbe syscall nx pdpe1gb rdtscp lm constant_tsc art arch_perfmon pebs bts rep_good nopl xtopology nonstop_tsc cpuid aperfmperf pni pclmulqdq dtes64 monitor ds_cpl vmx est tm2 ssse3 sdbg fma cx16 xtpr pdcm pcid sse4_1 sse4_2 x2apic movbe popcnt tsc_deadline_timer aes xsave avx f16c rdrand lahf_lm abm 3dnowprefetch cpuid_fault epb invpcid_single ssbd ibrs ibpb stibp ibrs_enhanced tpr_shadow vnmi flexpriority ept vpid ept_ad fsgsbase tsc_adjust bmi1 avx2 smep bmi2 erms invpcid mpx rdseed adx smap clflushopt intel_pt xsaveopt xsavec xgetbv1 xsaves dtherm ida arat pln pts hwp hwp_notify hwp_act_window hwp_epp md_clear flush_l1d arch_capabilities
bugs		: spectre_v1 spectre_v2 spec_store_bypass swapgs itlb_multihit
bogomips	: 3601.00
clflush size	: 64
cache_alignment	: 64
address sizes	: 39 bits physical, 48 bits virtual
power management:

processor	: 7
vendor_id	: GenuineIntel
cpu family	: 6
model		: 142
model name	: Intel(R) Core(TM) i5-8265U CPU @ 1.60GHz
stepping	: 12
microcode	: 0xca
cpu MHz		: 799.999
cache size	: 6144 KB
physical id	: 0
siblings	: 8
core id		: 3
cpu cores	: 4
apicid		: 7
initial apicid	: 7
fpu		: yes
fpu_exception	: yes
cpuid level	: 22
wp		: yes
flags		: fpu vme de pse tsc msr pae mce cx8 apic sep mtrr pge mca cmov pat pse36 clflush dts acpi mmx fxsr sse sse2 ss ht tm pbe syscall nx pdpe1gb rdtscp lm constant_tsc art arch_perfmon pebs bts rep_good nopl xtopology nonstop_tsc cpuid aperfmperf pni pclmulqdq dtes64 monitor ds_cpl vmx est tm2 ssse3 sdbg fma cx16 xtpr pdcm pcid sse4_1 sse4_2 x2apic movbe popcnt tsc_deadline_timer aes xsave avx f16c rdrand lahf_lm abm 3dnowprefetch cpuid_fault epb invpcid_single ssbd ibrs ibpb stibp ibrs_enhanced tpr_shadow vnmi flexpriority ept vpid ept_ad fsgsbase tsc_adjust bmi1 avx2 smep bmi2 erms invpcid mpx rdseed adx smap clflushopt intel_pt xsaveopt xsavec xgetbv1 xsaves dtherm ida arat pln pts hwp hwp_notify hwp_act_window hwp_epp md_clear flush_l1d arch_capabilities
bugs		: spectre_v1 spectre_v2 spec_store_bypass swapgs itlb_multihit
bogomips	: 3601.00
clflush size	: 64
cache_alignment	: 64
address sizes	: 39 bits physical, 48 bits virtual
power management:



Memory: 4k page, physical 7927548k(234392k free), swap 0k(0k free)

vm_info: OpenJDK 64-Bit Server VM (25.242-b08) for linux-amd64 JRE (1.8.0_242-b08), built on Jan 26 2020 11:52:10 by "builduser" with gcc 9.2.0

time: Fri May 15 17:21:36 2020
timezone: CEST
elapsed time: 183 seconds (0d 0h 3m 3s)

