#
# A fatal error has been detected by the Java Runtime Environment:
#
#  SIGSEGV (0xb) at pc=0x00007fc268911ae9, pid=142766, tid=0x00007fc268d7a400
#
# JRE version: OpenJDK Runtime Environment (8.0_242-b08) (build 1.8.0_242-b08)
# Java VM: OpenJDK 64-Bit Server VM (25.242-b08 mixed mode linux-amd64 compressed oops)
# Problematic frame:
# V  [libjvm.so+0x8c7ae9]
#
# Core dump written. Default location: /home/trofis/Documents/auto-pairing-app/server/core or core.142766
#
# If you would like to submit a bug report, please visit:
#   http://bugreport.java.com/bugreport/crash.jsp
#

---------------  T H R E A D  ---------------

Current thread is native thread

siginfo: si_signo: 11 (SIGSEGV), si_code: 1 (SEGV_MAPERR), si_addr: 0x0000000000000110

Registers:
RAX=0x0000000000000000, RBX=0x00007fc268d7a380, RCX=0x00007fc268d85a67, RDX=0x00007fc268d7a400
RSP=0x00007ffe20e34830, RBP=0x00007ffe20e348f0, RSI=0x00007ffe20e34a30, RDI=0x0000000000000001
R8 =0x0000000000000000, R9 =0x00007fc267f03700, R10=0x0000000000000000, R11=0x0000000000000246
R12=0x00007ffe20e34a30, R13=0x00007fc267f039d0, R14=0x0000000000000000, R15=0x00007fc267f03700
RIP=0x00007fc268911ae9, EFLAGS=0x0000000000010246, CSGSFS=0x002b000000000033, ERR=0x0000000000000004
  TRAPNO=0x000000000000000e

Top of Stack: (sp=0x00007ffe20e34830)
0x00007ffe20e34830:   0000000020e34900 00007ffe20e34900
0x00007ffe20e34840:   00007ffe20e30000 0000000000000000
0x00007ffe20e34850:   00007ffe20e34f28 0000000000000000
0x00007ffe20e34860:   ffffffffffffffff 0000000000000000
0x00007ffe20e34870:   0000000000000000 0000000000000002
0x00007ffe20e34880:   00007ffe20e34ac0 00007fc268f78520
0x00007ffe20e34890:   0000000000000000 00007fc268f7d000
0x00007ffe20e348a0:   0000000000000000 0000000000000000
0x00007ffe20e348b0:   0000000000000000 00007ffe20e34aa0
0x00007ffe20e348c0:   0000000100000001 00000000000000ca
0x00007ffe20e348d0:   0000000000022dba 00007fc267f039d0
0x00007ffe20e348e0:   0000000000100000 00007fc267f03700
0x00007ffe20e348f0:   00007ffe20e35068 00007fc268df7d70
0x00007ffe20e34900:   0000000000000007 0000000000000000
0x00007ffe20e34910:   0000000000000000 00007ffe00000002
0x00007ffe20e34920:   0000000000000000 0000000000000000
0x00007ffe20e34930:   00007fc267f03700 0000000000000000
0x00007ffe20e34940:   0000000000000246 0000000000022dba
0x00007ffe20e34950:   00007fc267f039d0 0000000000100000
0x00007ffe20e34960:   00007fc267f03700 00007fc267f039d0
0x00007ffe20e34970:   0000000000000000 00007ffe20e35068
0x00007ffe20e34980:   00000000000000ca 0000000000022dba
0x00007ffe20e34990:   00000000000000ca 00007fc268d85a67
0x00007ffe20e349a0:   00007ffe20e34fc0 00007fc268d85a65
0x00007ffe20e349b0:   0000000000000246 002b000000000033
0x00007ffe20e349c0:   0000000000000000 0000000000000000
0x00007ffe20e349d0:   0000000000000000 0000000000000000
0x00007ffe20e349e0:   00007ffe20e34ac0 00007fc268e26a98
0x00007ffe20e349f0:   00007fc268fc32a0 0000000000000018
0x00007ffe20e34a00:   0000000000000001 0000000000000000
0x00007ffe20e34a10:   0000000000000000 0000000000000000
0x00007ffe20e34a20:   ffffffffffffffff 0000000000000000 

Instructions: (pc=0x00007fc268911ae9)
0x00007fc268911ac9:   95 48 ff ff ff ff 15 74 db 40 00 44 8b 30 48 89
0x00007fc268911ad9:   c3 48 8d 05 67 23 42 00 8b 38 ff 15 a7 e1 40 00
0x00007fc268911ae9:   4c 8b a8 10 01 00 00 41 8b 85 a8 00 00 00 83 f8
0x00007fc268911af9:   01 74 1c 44 89 33 48 81 c4 98 00 00 00 5b 41 5c 

Register to memory mapping:

RAX=0x0000000000000000 is an unknown value
RBX=0x00007fc268d7a380 is an unknown value
RCX=0x00007fc268d85a67: <offset 0xaa67> in /usr/lib/libpthread.so.0 at 0x00007fc268d7b000
RDX=0x00007fc268d7a400 is an unknown value
RSP=0x00007ffe20e34830 is an unknown value
RBP=0x00007ffe20e348f0 is an unknown value
RSI=0x00007ffe20e34a30 is an unknown value
RDI=0x0000000000000001 is an unknown value
R8 =0x0000000000000000 is an unknown value
R9 =0x00007fc267f03700 is pointing into the stack for thread: 0x00007fc26000d000
R10=0x0000000000000000 is an unknown value
R11=0x0000000000000246 is an unknown value
R12=0x00007ffe20e34a30 is an unknown value
R13=0x00007fc267f039d0 is pointing into the stack for thread: 0x00007fc26000d000
R14=0x0000000000000000 is an unknown value
R15=0x00007fc267f03700 is pointing into the stack for thread: 0x00007fc26000d000


Stack: [0x00007ffe20d3e000,0x00007ffe20e3e000],  sp=0x00007ffe20e34830,  free space=986k
Native frames: (J=compiled Java code, j=interpreted, Vv=VM code, C=native code)
V  [libjvm.so+0x8c7ae9]
C  [libc.so.6+0x3bd70]


---------------  P R O C E S S  ---------------

VM state:not at safepoint (normal execution)

VM Mutex/Monitor currently owned by a thread: None

heap address: 0x00000000c0000000, size: 1024 MB, Compressed Oops mode: 32-bit
Narrow klass base: 0x0000000000000000, Narrow klass shift: 3
Compressed class space size: 1073741824 Address: 0x0000000100000000

Heap:
 par new generation   total 314560K, used 118893K [0x00000000c0000000, 0x00000000d5550000, 0x00000000d5550000)
  eden space 279616K,  33% used [0x00000000c0000000, 0x00000000c5c5e128, 0x00000000d1110000)
  from space 34944K,  69% used [0x00000000d1110000, 0x00000000d28cd4c8, 0x00000000d3330000)
  to   space 34944K,   0% used [0x00000000d3330000, 0x00000000d3330000, 0x00000000d5550000)
 concurrent mark-sweep generation total 699072K, used 20344K [0x00000000d5550000, 0x0000000100000000, 0x0000000100000000)
 Metaspace       used 45474K, capacity 50344K, committed 50504K, reserved 1091584K
  class space    used 7601K, capacity 8993K, committed 9076K, reserved 1048576K

Card table byte_map: [0x00007fc266ff7000,0x00007fc2671f8000] byte_map_base: 0x00007fc2669f7000

Marking Bits: (CMSBitMap*) 0x00007fc260096098
 Bits: [0x00007fc265bee000, 0x00007fc266698c00)

Mod Union Table: (CMSBitMap*) 0x00007fc260096158
 Bits: [0x00007fc265bc3000, 0x00007fc265bedab0)

Polling page: 0x00007fc268ff4000

CodeCache: size=245760Kb used=27548Kb max_used=27548Kb free=218211Kb
 bounds [0x00007fc251000000, 0x00007fc252b00000, 0x00007fc260000000]
 total_blobs=7764 nmethods=7120 adapters=556
 compilation: enabled

Compilation events (10 events):
Event: 14,149 Thread 0x00007fc260137800 nmethod 7698 0x00007fc252adc150 code [0x00007fc252adc3c0, 0x00007fc252add658]
Event: 14,149 Thread 0x00007fc260137800 7700       3       org.jruby.ir.instructions.ThrowExceptionInstr::getException (5 bytes)
Event: 14,149 Thread 0x00007fc260137800 nmethod 7700 0x00007fc252adddd0 code [0x00007fc252addf40, 0x00007fc252ade130]
Event: 14,160 Thread 0x00007fc260131000 nmethod 7685% 0x00007fc252ae1910 code [0x00007fc252ae1a80, 0x00007fc252ae2578]
Event: 14,160 Thread 0x00007fc260131000 7691       4       org.jruby.ir.passes.LocalOptimizationPass::runLocalOptsOnBasicBlock (134 bytes)
Event: 14,173 Thread 0x00007fc260137800 7702       3       java.lang.invoke.LambdaForm$MH/747152360::invokeExact_MT (20 bytes)
Event: 14,174 Thread 0x00007fc260137800 nmethod 7702 0x00007fc252ae0910 code [0x00007fc252ae0b00, 0x00007fc252ae15d8]
Event: 14,174 Thread 0x00007fc260137800 7703       3       org.jruby.runtime.invokedynamic.VariableSite::ivarGet (591 bytes)
Event: 14,188 Thread 0x00007fc260131000 nmethod 7691 0x00007fc252ae4910 code [0x00007fc252ae4b20, 0x00007fc252ae5458]
Event: 14,188 Thread 0x00007fc260131000 7704       4       java.lang.invoke.MethodHandles::dropArguments (118 bytes)

GC Heap History (4 events):
Event: 7,452 GC heap before
{Heap before GC invocations=0 (full 1):
 par new generation   total 314560K, used 279616K [0x00000000c0000000, 0x00000000d5550000, 0x00000000d5550000)
  eden space 279616K, 100% used [0x00000000c0000000, 0x00000000d1110000, 0x00000000d1110000)
  from space 34944K,   0% used [0x00000000d1110000, 0x00000000d1110000, 0x00000000d3330000)
  to   space 34944K,   0% used [0x00000000d3330000, 0x00000000d3330000, 0x00000000d5550000)
 concurrent mark-sweep generation total 699072K, used 0K [0x00000000d5550000, 0x0000000100000000, 0x0000000100000000)
 Metaspace       used 38888K, capacity 40280K, committed 40552K, reserved 1083392K
  class space    used 6752K, capacity 7090K, committed 7184K, reserved 1048576K
Event: 7,531 GC heap after
Heap after GC invocations=1 (full 1):
 par new generation   total 314560K, used 34944K [0x00000000c0000000, 0x00000000d5550000, 0x00000000d5550000)
  eden space 279616K,   0% used [0x00000000c0000000, 0x00000000c0000000, 0x00000000d1110000)
  from space 34944K, 100% used [0x00000000d3330000, 0x00000000d5550000, 0x00000000d5550000)
  to   space 34944K,   0% used [0x00000000d1110000, 0x00000000d1110000, 0x00000000d3330000)
 concurrent mark-sweep generation total 699072K, used 2122K [0x00000000d5550000, 0x0000000100000000, 0x0000000100000000)
 Metaspace       used 38888K, capacity 40280K, committed 40552K, reserved 1083392K
  class space    used 6752K, capacity 7090K, committed 7184K, reserved 1048576K
}
Event: 12,800 GC heap before
{Heap before GC invocations=1 (full 1):
 par new generation   total 314560K, used 314560K [0x00000000c0000000, 0x00000000d5550000, 0x00000000d5550000)
  eden space 279616K, 100% used [0x00000000c0000000, 0x00000000d1110000, 0x00000000d1110000)
  from space 34944K, 100% used [0x00000000d3330000, 0x00000000d5550000, 0x00000000d5550000)
  to   space 34944K,   0% used [0x00000000d1110000, 0x00000000d1110000, 0x00000000d3330000)
 concurrent mark-sweep generation total 699072K, used 2122K [0x00000000d5550000, 0x0000000100000000, 0x0000000100000000)
 Metaspace       used 44043K, capacity 48286K, committed 48584K, reserved 1089536K
  class space    used 7397K, capacity 8624K, committed 8692K, reserved 1048576K
Event: 12,977 GC heap after
Heap after GC invocations=2 (full 1):
 par new generation   total 314560K, used 24309K [0x00000000c0000000, 0x00000000d5550000, 0x00000000d5550000)
  eden space 279616K,   0% used [0x00000000c0000000, 0x00000000c0000000, 0x00000000d1110000)
  from space 34944K,  69% used [0x00000000d1110000, 0x00000000d28cd4c8, 0x00000000d3330000)
  to   space 34944K,   0% used [0x00000000d3330000, 0x00000000d3330000, 0x00000000d5550000)
 concurrent mark-sweep generation total 699072K, used 20344K [0x00000000d5550000, 0x0000000100000000, 0x0000000100000000)
 Metaspace       used 44043K, capacity 48286K, committed 48584K, reserved 1089536K
  class space    used 7397K, capacity 8624K, committed 8692K, reserved 1048576K
}

Deoptimization events (10 events):
Event: 13,845 Thread 0x00007fc26000d000 Uncommon trap: reason=class_check action=maybe_recompile pc=0x00007fc2520ef1f0 method=java.util.HashMap.removeNode(ILjava/lang/Object;Ljava/lang/Object;ZZ)Ljava/util/HashMap$Node; @ 283
Event: 13,847 Thread 0x00007fc26000d000 Uncommon trap: reason=class_check action=maybe_recompile pc=0x00007fc2520ef1f0 method=java.util.HashMap.removeNode(ILjava/lang/Object;Ljava/lang/Object;ZZ)Ljava/util/HashMap$Node; @ 283
Event: 13,854 Thread 0x00007fc26000d000 Uncommon trap: reason=class_check action=maybe_recompile pc=0x00007fc2520ef1f0 method=java.util.HashMap.removeNode(ILjava/lang/Object;Ljava/lang/Object;ZZ)Ljava/util/HashMap$Node; @ 283
Event: 13,855 Thread 0x00007fc26000d000 Uncommon trap: reason=class_check action=maybe_recompile pc=0x00007fc2520ef1f0 method=java.util.HashMap.removeNode(ILjava/lang/Object;Ljava/lang/Object;ZZ)Ljava/util/HashMap$Node; @ 283
Event: 13,909 Thread 0x00007fc26000d000 Uncommon trap: reason=unstable_if action=reinterpret pc=0x00007fc2527098e0 method=java.util.BitSet.trimToSize()V @ 9
Event: 13,910 Thread 0x00007fc26000d000 Uncommon trap: reason=unstable_if action=reinterpret pc=0x00007fc252479e98 method=java.util.BitSet.trimToSize()V @ 9
Event: 13,910 Thread 0x00007fc26000d000 Uncommon trap: reason=unstable_if action=reinterpret pc=0x00007fc2523ed76c method=java.util.BitSet.trimToSize()V @ 9
Event: 14,002 Thread 0x00007fc26000d000 Uncommon trap: reason=unstable_if action=reinterpret pc=0x00007fc252658bd8 method=org.joni.Matcher.searchCommon(IIIZ)I @ 663
Event: 14,102 Thread 0x00007fc26000d000 Uncommon trap: reason=unhandled action=reinterpret pc=0x00007fc252ab8da8 method=java.lang.invoke.CallSite.<init>(Ljava/lang/invoke/MethodHandle;)V @ 11
Event: 14,120 Thread 0x00007fc26000d000 Uncommon trap: reason=speculate_class_check action=maybe_recompile pc=0x00007fc25201d2d0 method=java.lang.invoke.Invokers.getCallSiteTarget(Ljava/lang/Object;)Ljava/lang/Object; @ 1

Classes redefined (0 events):
No events

Internal exceptions (10 events):
Event: 2,157 Thread 0x00007fc26000d000 Exception <a 'java/lang/UnsatisfiedLinkError': /usr/lib/libc.so.6: undefined symbol: lstat64> (0x00000000c4141090) thrown at [/build/java8-openjdk/src/jdk8u-jdk8u242-b08/hotspot/src/share/vm/prims/jni.cpp, line 737]
Event: 7,560 Thread 0x00007fc2600fb800 Implicit null exception at 0x00007fc25177168b to 0x00007fc25177173d
Event: 8,354 Thread 0x00007fc26000d000 Implicit null exception at 0x00007fc251120ed3 to 0x00007fc2511212ad
Event: 8,504 Thread 0x00007fc26000d000 Implicit null exception at 0x00007fc251873957 to 0x00007fc251875061
Event: 9,088 Thread 0x00007fc26000d000 Exception <a 'java/lang/UnsatisfiedLinkError': /usr/lib/libc.so.6: undefined symbol: kqueue> (0x00000000c5767a38) thrown at [/build/java8-openjdk/src/jdk8u-jdk8u242-b08/hotspot/src/share/vm/prims/jni.cpp, line 737]
Event: 9,088 Thread 0x00007fc26000d000 Exception <a 'java/lang/UnsatisfiedLinkError': /usr/lib/libc.so.6: undefined symbol: kevent> (0x00000000c5769ba8) thrown at [/build/java8-openjdk/src/jdk8u-jdk8u242-b08/hotspot/src/share/vm/prims/jni.cpp, line 737]
Event: 9,088 Thread 0x00007fc26000d000 Exception <a 'java/lang/UnsatisfiedLinkError': /usr/lib/libc.so.6: undefined symbol: kevent> (0x00000000c576c938) thrown at [/build/java8-openjdk/src/jdk8u-jdk8u242-b08/hotspot/src/share/vm/prims/jni.cpp, line 737]
Event: 10,927 Thread 0x00007fc26000d000 Exception <a 'java/lang/NoSuchFieldError': method resolution failed> (0x00000000cc4939a0) thrown at [/build/java8-openjdk/src/jdk8u-jdk8u242-b08/hotspot/src/share/vm/prims/methodHandles.cpp, line 1167]
Event: 12,985 Thread 0x00007fc26000d000 Implicit null exception at 0x00007fc251566518 to 0x00007fc251566a2d
Event: 13,381 Thread 0x00007fc26000d000 Implicit null exception at 0x00007fc25122d676 to 0x00007fc25122da29

Events (10 events):
Event: 14,187 loading class org/jruby/runtime/ThreadContext
Event: 14,187 loading class org/jruby/runtime/ThreadContext done
Event: 14,187 loading class org/jruby/runtime/ThreadContext
Event: 14,187 loading class org/jruby/runtime/ThreadContext done
Event: 14,187 loading class org/jruby/runtime/ThreadContext
Event: 14,187 loading class org/jruby/runtime/ThreadContext done
Event: 14,187 loading class org/jruby/runtime/ThreadContext
Event: 14,187 loading class org/jruby/runtime/ThreadContext done
Event: 14,187 loading class org/jruby/runtime/ThreadContext
Event: 14,187 loading class org/jruby/runtime/ThreadContext done


Dynamic libraries:
c0000000-1008dd000 rw-p 00000000 00:00 0 
1008dd000-140000000 ---p 00000000 00:00 0 
55dcb7599000-55dcb759a000 r--p 00000000 103:04 662552                    /usr/lib/jvm/java-8-openjdk/jre/bin/java
55dcb759a000-55dcb759b000 r-xp 00001000 103:04 662552                    /usr/lib/jvm/java-8-openjdk/jre/bin/java
55dcb759b000-55dcb759c000 r--p 00002000 103:04 662552                    /usr/lib/jvm/java-8-openjdk/jre/bin/java
55dcb759c000-55dcb759d000 r--p 00002000 103:04 662552                    /usr/lib/jvm/java-8-openjdk/jre/bin/java
55dcb759d000-55dcb759e000 rw-p 00003000 103:04 662552                    /usr/lib/jvm/java-8-openjdk/jre/bin/java
55dcb85d3000-55dcb8655000 rw-p 00000000 00:00 0                          [heap]
7fc1f0000000-7fc1f0021000 rw-p 00000000 00:00 0 
7fc1f0021000-7fc1f4000000 ---p 00000000 00:00 0 
7fc1f625c000-7fc1f62dc000 rw-p 00000000 00:00 0 
7fc1f62dc000-7fc1f645c000 ---p 00000000 00:00 0 
7fc1f645c000-7fc1f665c000 rw-p 00000000 00:00 0 
7fc1f665c000-7fc1f685c000 rw-p 00000000 00:00 0 
7fc1f685c000-7fc1f6a51000 rw-p 00000000 00:00 0 
7fc1f6a51000-7fc1f6a5c000 ---p 00000000 00:00 0 
7fc1f6a5c000-7fc1f6c5c000 rw-p 00000000 00:00 0 
7fc1f6c5c000-7fc1f6e5c000 rw-p 00000000 00:00 0 
7fc1f6e5c000-7fc1f705c000 rw-p 00000000 00:00 0 
7fc1f705c000-7fc1f725c000 rw-p 00000000 00:00 0 
7fc1f7400000-7fc1f7600000 rw-p 00000000 00:00 0 
7fc1f7600000-7fc1f7800000 rw-p 00000000 00:00 0 
7fc1f7800000-7fc1f7a00000 rw-p 00000000 00:00 0 
7fc1f7a00000-7fc1f7c00000 rw-p 00000000 00:00 0 
7fc1f7c00000-7fc1f7e00000 rw-p 00000000 00:00 0 
7fc1f7e00000-7fc1f8000000 rw-p 00000000 00:00 0 
7fc1f8000000-7fc1f92ca000 rw-p 00000000 00:00 0 
7fc1f92ca000-7fc1fc000000 ---p 00000000 00:00 0 
7fc1fc000000-7fc1fc021000 rw-p 00000000 00:00 0 
7fc1fc021000-7fc200000000 ---p 00000000 00:00 0 
7fc200000000-7fc201da8000 rw-p 00000000 00:00 0 
7fc201da8000-7fc204000000 ---p 00000000 00:00 0 
7fc204000000-7fc2052da000 rw-p 00000000 00:00 0 
7fc2052da000-7fc208000000 ---p 00000000 00:00 0 
7fc208000000-7fc208021000 rw-p 00000000 00:00 0 
7fc208021000-7fc20c000000 ---p 00000000 00:00 0 
7fc20c000000-7fc20db11000 rw-p 00000000 00:00 0 
7fc20db11000-7fc210000000 ---p 00000000 00:00 0 
7fc210000000-7fc210021000 rw-p 00000000 00:00 0 
7fc210021000-7fc214000000 ---p 00000000 00:00 0 
7fc214000000-7fc214021000 rw-p 00000000 00:00 0 
7fc214021000-7fc218000000 ---p 00000000 00:00 0 
7fc218000000-7fc218023000 rw-p 00000000 00:00 0 
7fc218023000-7fc21c000000 ---p 00000000 00:00 0 
7fc21c000000-7fc21c021000 rw-p 00000000 00:00 0 
7fc21c021000-7fc220000000 ---p 00000000 00:00 0 
7fc220000000-7fc220021000 rw-p 00000000 00:00 0 
7fc220021000-7fc224000000 ---p 00000000 00:00 0 
7fc224000000-7fc224021000 rw-p 00000000 00:00 0 
7fc224021000-7fc228000000 ---p 00000000 00:00 0 
7fc228000000-7fc228021000 rw-p 00000000 00:00 0 
7fc228021000-7fc22c000000 ---p 00000000 00:00 0 
7fc22c000000-7fc22c021000 rw-p 00000000 00:00 0 
7fc22c021000-7fc230000000 ---p 00000000 00:00 0 
7fc2301ed000-7fc2301ff000 r-xp 00000000 00:2e 280                        /tmp/jffi6714827162620468313.so (deleted)
7fc2301ff000-7fc2303fe000 ---p 00012000 00:2e 280                        /tmp/jffi6714827162620468313.so (deleted)
7fc2303fe000-7fc2303ff000 rw-p 00011000 00:2e 280                        /tmp/jffi6714827162620468313.so (deleted)
7fc2303ff000-7fc2305ff000 rw-p 00000000 00:00 0 
7fc2305ff000-7fc2307ff000 rw-p 00000000 00:00 0 
7fc2307ff000-7fc234000000 rw-p 00000000 00:00 0 
7fc234000000-7fc234021000 rw-p 00000000 00:00 0 
7fc234021000-7fc238000000 ---p 00000000 00:00 0 
7fc238000000-7fc238021000 rw-p 00000000 00:00 0 
7fc238021000-7fc23c000000 ---p 00000000 00:00 0 
7fc23c000000-7fc23c02c000 rw-p 00000000 00:00 0 
7fc23c02c000-7fc240000000 ---p 00000000 00:00 0 
7fc240000000-7fc240021000 rw-p 00000000 00:00 0 
7fc240021000-7fc244000000 ---p 00000000 00:00 0 
7fc244000000-7fc244021000 rw-p 00000000 00:00 0 
7fc244021000-7fc248000000 ---p 00000000 00:00 0 
7fc248000000-7fc248021000 rw-p 00000000 00:00 0 
7fc248021000-7fc24c000000 ---p 00000000 00:00 0 
7fc24c000000-7fc24c021000 rw-p 00000000 00:00 0 
7fc24c021000-7fc250000000 ---p 00000000 00:00 0 
7fc2500e5000-7fc2500e6000 r--p 00000000 103:04 2368466                   /usr/lib/libcrypt-2.31.so
7fc2500e6000-7fc2500ec000 r-xp 00001000 103:04 2368466                   /usr/lib/libcrypt-2.31.so
7fc2500ec000-7fc2500ee000 r--p 00007000 103:04 2368466                   /usr/lib/libcrypt-2.31.so
7fc2500ee000-7fc2500ef000 ---p 00009000 103:04 2368466                   /usr/lib/libcrypt-2.31.so
7fc2500ef000-7fc2500f0000 r--p 00009000 103:04 2368466                   /usr/lib/libcrypt-2.31.so
7fc2500f0000-7fc2500f1000 rw-p 0000a000 103:04 2368466                   /usr/lib/libcrypt-2.31.so
7fc2500f1000-7fc25011f000 rw-p 00000000 00:00 0 
7fc250137000-7fc25013e000 r--s 00043000 00:2e 284                        /tmp/jruby-142766/jruby8667048746619284916snakeyaml-1.23.jar
7fc25013e000-7fc25013f000 r--s 00004000 00:2e 282                        /tmp/jruby-142766/jruby972914683535817947psych.jar
7fc25013f000-7fc250141000 r--s 00016000 103:04 662567                    /usr/lib/jvm/java-8-openjdk/jre/lib/jce.jar
7fc250141000-7fc250154000 r--s 00346000 103:04 662573                    /usr/lib/jvm/java-8-openjdk/jre/lib/resources.jar
7fc250154000-7fc250155000 r--p 00000000 103:04 662587                    /usr/lib/jvm/java-8-openjdk/jre/lib/amd64/libjaas_unix.so
7fc250155000-7fc250156000 r-xp 00001000 103:04 662587                    /usr/lib/jvm/java-8-openjdk/jre/lib/amd64/libjaas_unix.so
7fc250156000-7fc250157000 r--p 00002000 103:04 662587                    /usr/lib/jvm/java-8-openjdk/jre/lib/amd64/libjaas_unix.so
7fc250157000-7fc250158000 r--p 00002000 103:04 662587                    /usr/lib/jvm/java-8-openjdk/jre/lib/amd64/libjaas_unix.so
7fc250158000-7fc250159000 rw-p 00003000 103:04 662587                    /usr/lib/jvm/java-8-openjdk/jre/lib/amd64/libjaas_unix.so
7fc250159000-7fc250359000 rw-p 00000000 00:00 0 
7fc250359000-7fc250374000 r--s 001d6000 103:04 662623                    /usr/lib/jvm/java-8-openjdk/jre/lib/ext/nashorn.jar
7fc250374000-7fc250379000 r--s 000a3000 103:04 662569                    /usr/lib/jvm/java-8-openjdk/jre/lib/jsse.jar
7fc250379000-7fc25037d000 r--p 00000000 103:04 662598                    /usr/lib/jvm/java-8-openjdk/jre/lib/amd64/libmanagement.so
7fc25037d000-7fc250380000 r-xp 00004000 103:04 662598                    /usr/lib/jvm/java-8-openjdk/jre/lib/amd64/libmanagement.so
7fc250380000-7fc250382000 r--p 00007000 103:04 662598                    /usr/lib/jvm/java-8-openjdk/jre/lib/amd64/libmanagement.so
7fc250382000-7fc250383000 r--p 00008000 103:04 662598                    /usr/lib/jvm/java-8-openjdk/jre/lib/amd64/libmanagement.so
7fc250383000-7fc250384000 rw-p 00009000 103:04 662598                    /usr/lib/jvm/java-8-openjdk/jre/lib/amd64/libmanagement.so
7fc250384000-7fc250386000 r--s 00009000 103:04 1582098                   /home/trofis/Documents/Worldline/autoPairing/logstash/logstash-core/lib/jars/slf4j-api-1.7.25.jar
7fc250386000-7fc250389000 r--s 0001e000 103:04 1582092                   /home/trofis/Documents/Worldline/autoPairing/logstash/logstash-core/lib/jars/reflections-0.9.11.jar
7fc250389000-7fc25038e000 r--s 00038000 103:04 1582125                   /home/trofis/Documents/Worldline/autoPairing/logstash/logstash-core/lib/jars/org.eclipse.text-3.5.101.jar
7fc25038e000-7fc2503a1000 r--s 0013a000 103:04 1582123                   /home/trofis/Documents/Worldline/autoPairing/logstash/logstash-core/lib/jars/org.eclipse.osgi-3.7.1.jar
7fc2503a1000-7fc2503ce000 r--s 00522000 103:04 1582110                   /home/trofis/Documents/Worldline/autoPairing/logstash/logstash-core/lib/jars/org.eclipse.jdt.core-3.10.0.jar
7fc2503ce000-7fc2503d2000 r--s 00029000 103:04 1582120                   /home/trofis/Documents/Worldline/autoPairing/logstash/logstash-core/lib/jars/org.eclipse.equinox.registry-3.5.101.jar
7fc2503d2000-7fc2503d5000 r--s 00019000 103:04 1582093                   /home/trofis/Documents/Worldline/autoPairing/logstash/logstash-core/lib/jars/org.eclipse.equinox.preferences-3.4.1.jar
7fc2503d5000-7fc2503d7000 r--s 00018000 103:04 1582122                   /home/trofis/Documents/Worldline/autoPairing/logstash/logstash-core/lib/jars/org.eclipse.equinox.common-3.6.0.jar
7fc2503d7000-7fc2503d9000 r--s 00013000 103:04 1582108                   /home/trofis/Documents/Worldline/autoPairing/logstash/logstash-core/lib/jars/org.eclipse.equinox.app-1.3.100.jar
7fc2503d9000-7fc2503db000 r--s 00010000 103:04 1582099                   /home/trofis/Documents/Worldline/autoPairing/logstash/logstash-core/lib/jars/org.eclipse.core.runtime-3.7.0.jar
7fc2503db000-7fc2503e6000 r--s 000bb000 103:04 1582106                   /home/trofis/Documents/Worldline/autoPairing/logstash/logstash-core/lib/jars/org.eclipse.core.resources-3.7.100.jar
7fc2503e6000-7fc2503e9000 r--s 00014000 103:04 1582121                   /home/trofis/Documents/Worldline/autoPairing/logstash/logstash-core/lib/jars/org.eclipse.core.jobs-3.5.100.jar
7fc2503e9000-7fc2503ec000 r--s 00013000 103:04 1582103                   /home/trofis/Documents/Worldline/autoPairing/logstash/logstash-core/lib/jars/org.eclipse.core.expressions-3.4.300.jar
7fc2503ec000-7fc2503ef000 r--s 00014000 103:04 1582115                   /home/trofis/Documents/Worldline/autoPairing/logstash/logstash-core/lib/jars/org.eclipse.core.contenttype-3.4.100.jar
7fc2503ef000-7fc2503f3000 r--s 00017000 103:04 1582102                   /home/trofis/Documents/Worldline/autoPairing/logstash/logstash-core/lib/jars/org.eclipse.core.commands-3.6.0.jar
7fc2503f3000-7fc2503f8000 r--p 00000000 103:04 662600                    /usr/lib/jvm/java-8-openjdk/jre/lib/amd64/libnet.so
7fc2503f8000-7fc250407000 r-xp 00005000 103:04 662600                    /usr/lib/jvm/java-8-openjdk/jre/lib/amd64/libnet.so
7fc250407000-7fc25040b000 r--p 00014000 103:04 662600                    /usr/lib/jvm/java-8-openjdk/jre/lib/amd64/libnet.so
7fc25040b000-7fc25040c000 r--p 00017000 103:04 662600                    /usr/lib/jvm/java-8-openjdk/jre/lib/amd64/libnet.so
7fc25040c000-7fc25040d000 rw-p 00018000 103:04 662600                    /usr/lib/jvm/java-8-openjdk/jre/lib/amd64/libnet.so
7fc25040d000-7fc250414000 r--p 00000000 103:04 662601                    /usr/lib/jvm/java-8-openjdk/jre/lib/amd64/libnio.so
7fc250414000-7fc25041c000 r-xp 00007000 103:04 662601                    /usr/lib/jvm/java-8-openjdk/jre/lib/amd64/libnio.so
7fc25041c000-7fc25041f000 r--p 0000f000 103:04 662601                    /usr/lib/jvm/java-8-openjdk/jre/lib/amd64/libnio.so
7fc25041f000-7fc250420000 ---p 00012000 103:04 662601                    /usr/lib/jvm/java-8-openjdk/jre/lib/amd64/libnio.so
7fc250420000-7fc250421000 r--p 00012000 103:04 662601                    /usr/lib/jvm/java-8-openjdk/jre/lib/amd64/libnio.so
7fc250421000-7fc250422000 rw-p 00013000 103:04 662601                    /usr/lib/jvm/java-8-openjdk/jre/lib/amd64/libnio.so
7fc250422000-7fc25042e000 r--s 00088000 103:04 1582107                   /home/trofis/Documents/Worldline/autoPairing/logstash/logstash-core/lib/jars/logstash-core.jar
7fc25042e000-7fc25044f000 r--s 00178000 103:04 1582091                   /home/trofis/Documents/Worldline/autoPairing/logstash/logstash-core/lib/jars/log4j-core-2.12.1.jar
7fc25044f000-7fc250455000 r--s 0003e000 103:04 1582100                   /home/trofis/Documents/Worldline/autoPairing/logstash/logstash-core/lib/jars/log4j-api-2.12.1.jar
7fc250455000-7fc250489000 rw-p 00000000 00:00 0 
7fc250489000-7fc2505b8000 r--s 017af000 103:04 1582114                   /home/trofis/Documents/Worldline/autoPairing/logstash/logstash-core/lib/jars/jruby-complete-9.2.9.0.jar
7fc2505b8000-7fc2505c3000 r--s 000b5000 103:04 1582124                   /home/trofis/Documents/Worldline/autoPairing/logstash/logstash-core/lib/jars/javassist-3.26.0-GA.jar
7fc2505c3000-7fc2505cf000 r--s 000c9000 103:04 1582116                   /home/trofis/Documents/Worldline/autoPairing/logstash/logstash-core/lib/jars/janino-3.1.0.jar
7fc2505cf000-7fc2505e2000 r--s 00137000 103:04 1582117                   /home/trofis/Documents/Worldline/autoPairing/logstash/logstash-core/lib/jars/jackson-databind-2.9.10.1.jar
7fc2505e2000-7fc250612000 r--s 00245000 103:04 1582097                   /home/trofis/Documents/Worldline/autoPairing/logstash/logstash-core/lib/jars/guava-22.0.jar
7fc250612000-7fc250613000 ---p 00000000 00:00 0 
7fc250613000-7fc250713000 rw-p 00000000 00:00 0 
7fc250713000-7fc250716000 ---p 00000000 00:00 0 
7fc250716000-7fc250814000 rw-p 00000000 00:00 0 
7fc250814000-7fc250815000 ---p 00000000 00:00 0 
7fc250815000-7fc250818000 ---p 00000000 00:00 0 
7fc250818000-7fc250915000 rw-p 00000000 00:00 0 
7fc250915000-7fc250916000 ---p 00000000 00:00 0 
7fc250916000-7fc250919000 ---p 00000000 00:00 0 
7fc250919000-7fc250a16000 rw-p 00000000 00:00 0 
7fc250a16000-7fc250a17000 ---p 00000000 00:00 0 
7fc250a17000-7fc250a1a000 ---p 00000000 00:00 0 
7fc250a1a000-7fc250b17000 rw-p 00000000 00:00 0 
7fc250b17000-7fc250b18000 ---p 00000000 00:00 0 
7fc250b18000-7fc250b1b000 ---p 00000000 00:00 0 
7fc250b1b000-7fc250c18000 rw-p 00000000 00:00 0 
7fc250c18000-7fc250c1b000 ---p 00000000 00:00 0 
7fc250c1b000-7fc250d19000 rw-p 00000000 00:00 0 
7fc250d19000-7fc251000000 r--p 00000000 103:04 2374792                   /usr/lib/locale/locale-archive
7fc251000000-7fc252b00000 rwxp 00000000 00:00 0 
7fc252b00000-7fc260000000 ---p 00000000 00:00 0 
7fc260000000-7fc2615f9000 rw-p 00000000 00:00 0 
7fc2615f9000-7fc264000000 ---p 00000000 00:00 0 
7fc264000000-7fc264002000 r--s 0000b000 103:04 1582096                   /home/trofis/Documents/Worldline/autoPairing/logstash/logstash-core/lib/jars/org.eclipse.core.filesystem-1.3.100.jar
7fc264002000-7fc264003000 r--s 00005000 103:04 1582090                   /home/trofis/Documents/Worldline/autoPairing/logstash/logstash-core/lib/jars/log4j-slf4j-impl-2.12.1.jar
7fc264003000-7fc264006000 r--s 00006000 103:04 1582094                   /home/trofis/Documents/Worldline/autoPairing/logstash/logstash-core/lib/jars/jsr305-1.3.9.jar
7fc264006000-7fc264008000 r--s 0000b000 103:04 1582101                   /home/trofis/Documents/Worldline/autoPairing/logstash/logstash-core/lib/jars/jackson-dataformat-cbor-2.9.10.jar
7fc264008000-7fc26400c000 r--s 0004c000 103:04 1582105                   /home/trofis/Documents/Worldline/autoPairing/logstash/logstash-core/lib/jars/jackson-core-2.9.10.jar
7fc26400c000-7fc26400f000 r--s 0000e000 103:04 1582113                   /home/trofis/Documents/Worldline/autoPairing/logstash/logstash-core/lib/jars/jackson-annotations-2.9.10.jar
7fc26400f000-7fc264011000 r--s 00001000 103:04 1582112                   /home/trofis/Documents/Worldline/autoPairing/logstash/logstash-core/lib/jars/j2objc-annotations-1.1.jar
7fc264011000-7fc264016000 r--s 0003c000 103:04 1582104                   /home/trofis/Documents/Worldline/autoPairing/logstash/logstash-core/lib/jars/gradle-license-report-0.7.1.jar
7fc264016000-7fc26401a000 r--s 0002a000 103:04 1582111                   /home/trofis/Documents/Worldline/autoPairing/logstash/logstash-core/lib/jars/google-java-format-1.1.jar
7fc26401a000-7fc26401b000 r--s 00002000 103:04 1582095                   /home/trofis/Documents/Worldline/autoPairing/logstash/logstash-core/lib/jars/error_prone_annotations-2.0.18.jar
7fc26401b000-7fc264022000 r--s 0004e000 103:04 1582109                   /home/trofis/Documents/Worldline/autoPairing/logstash/logstash-core/lib/jars/commons-codec-1.13.jar
7fc264022000-7fc264025000 ---p 00000000 00:00 0 
7fc264025000-7fc264123000 rw-p 00000000 00:00 0 
7fc264123000-7fc264126000 ---p 00000000 00:00 0 
7fc264126000-7fc264224000 rw-p 00000000 00:00 0 
7fc264224000-7fc264227000 ---p 00000000 00:00 0 
7fc264227000-7fc264325000 rw-p 00000000 00:00 0 
7fc264325000-7fc264326000 ---p 00000000 00:00 0 
7fc264326000-7fc264474000 rw-p 00000000 00:00 0 
7fc264474000-7fc264644000 r--s 03c68000 103:04 662574                    /usr/lib/jvm/java-8-openjdk/jre/lib/rt.jar
7fc264644000-7fc264f3d000 rw-p 00000000 00:00 0 
7fc264f3d000-7fc2650b8000 rw-p 00000000 00:00 0 
7fc2650b8000-7fc2650b9000 ---p 00000000 00:00 0 
7fc2650b9000-7fc2659c1000 rw-p 00000000 00:00 0 
7fc2659c1000-7fc2659c2000 ---p 00000000 00:00 0 
7fc2659c2000-7fc265ac2000 rw-p 00000000 00:00 0 
7fc265ac2000-7fc265ac3000 ---p 00000000 00:00 0 
7fc265ac3000-7fc2671f7000 rw-p 00000000 00:00 0 
7fc2671f7000-7fc2671f8000 rw-p 00000000 00:00 0 
7fc2671f8000-7fc2671f9000 ---p 00000000 00:00 0 
7fc2671f9000-7fc2672f9000 rw-p 00000000 00:00 0 
7fc2672f9000-7fc2672fa000 ---p 00000000 00:00 0 
7fc2672fa000-7fc2673fa000 rw-p 00000000 00:00 0 
7fc2673fa000-7fc2673fb000 ---p 00000000 00:00 0 
7fc2673fb000-7fc2674fb000 rw-p 00000000 00:00 0 
7fc2674fb000-7fc2674fc000 ---p 00000000 00:00 0 
7fc2674fc000-7fc2675fc000 rw-p 00000000 00:00 0 
7fc2675fc000-7fc2675fd000 ---p 00000000 00:00 0 
7fc2675fd000-7fc2676fd000 rw-p 00000000 00:00 0 
7fc2676fd000-7fc2676fe000 ---p 00000000 00:00 0 
7fc2676fe000-7fc2677fe000 rw-p 00000000 00:00 0 
7fc2677fe000-7fc2677ff000 ---p 00000000 00:00 0 
7fc2677ff000-7fc2678ff000 rw-p 00000000 00:00 0 
7fc2678ff000-7fc267900000 ---p 00000000 00:00 0 
7fc267900000-7fc267a6c000 rw-p 00000000 00:00 0 
7fc267a6c000-7fc267dc0000 ---p 00000000 00:00 0 
7fc267dc0000-7fc267dc3000 r--p 00000000 103:04 662609                    /usr/lib/jvm/java-8-openjdk/jre/lib/amd64/libzip.so
7fc267dc3000-7fc267dc7000 r-xp 00003000 103:04 662609                    /usr/lib/jvm/java-8-openjdk/jre/lib/amd64/libzip.so
7fc267dc7000-7fc267dc9000 r--p 00007000 103:04 662609                    /usr/lib/jvm/java-8-openjdk/jre/lib/amd64/libzip.so
7fc267dc9000-7fc267dca000 r--p 00008000 103:04 662609                    /usr/lib/jvm/java-8-openjdk/jre/lib/amd64/libzip.so
7fc267dca000-7fc267dcb000 rw-p 00009000 103:04 662609                    /usr/lib/jvm/java-8-openjdk/jre/lib/amd64/libzip.so
7fc267dcb000-7fc267dd8000 r--p 00000000 103:04 662588                    /usr/lib/jvm/java-8-openjdk/jre/lib/amd64/libjava.so
7fc267dd8000-7fc267dee000 r-xp 0000d000 103:04 662588                    /usr/lib/jvm/java-8-openjdk/jre/lib/amd64/libjava.so
7fc267dee000-7fc267df5000 r--p 00023000 103:04 662588                    /usr/lib/jvm/java-8-openjdk/jre/lib/amd64/libjava.so
7fc267df5000-7fc267df6000 r--p 00029000 103:04 662588                    /usr/lib/jvm/java-8-openjdk/jre/lib/amd64/libjava.so
7fc267df6000-7fc267df7000 rw-p 0002a000 103:04 662588                    /usr/lib/jvm/java-8-openjdk/jre/lib/amd64/libjava.so
7fc267df7000-7fc267df8000 rw-p 00000000 00:00 0 
7fc267df8000-7fc267dfb000 r--p 00000000 103:04 2368512                   /usr/lib/librt-2.31.so
7fc267dfb000-7fc267dff000 r-xp 00003000 103:04 2368512                   /usr/lib/librt-2.31.so
7fc267dff000-7fc267e00000 r--p 00007000 103:04 2368512                   /usr/lib/librt-2.31.so
7fc267e00000-7fc267e01000 ---p 00008000 103:04 2368512                   /usr/lib/librt-2.31.so
7fc267e01000-7fc267e02000 r--p 00008000 103:04 2368512                   /usr/lib/librt-2.31.so
7fc267e02000-7fc267e03000 rw-p 00009000 103:04 2368512                   /usr/lib/librt-2.31.so
7fc267e03000-7fc267e04000 ---p 00000000 00:00 0 
7fc267e04000-7fc267e07000 ---p 00000000 00:00 0 
7fc267e07000-7fc267f04000 rw-p 00000000 00:00 0 
7fc267f04000-7fc267f13000 r--p 00000000 103:04 2368476                   /usr/lib/libm-2.31.so
7fc267f13000-7fc267faf000 r-xp 0000f000 103:04 2368476                   /usr/lib/libm-2.31.so
7fc267faf000-7fc268048000 r--p 000ab000 103:04 2368476                   /usr/lib/libm-2.31.so
7fc268048000-7fc268049000 r--p 00143000 103:04 2368476                   /usr/lib/libm-2.31.so
7fc268049000-7fc26804a000 rw-p 00144000 103:04 2368476                   /usr/lib/libm-2.31.so
7fc26804a000-7fc26823c000 r--p 00000000 103:04 662612                    /usr/lib/jvm/java-8-openjdk/jre/lib/amd64/server/libjvm.so
7fc26823c000-7fc268ae8000 r-xp 001f2000 103:04 662612                    /usr/lib/jvm/java-8-openjdk/jre/lib/amd64/server/libjvm.so
7fc268ae8000-7fc268c8a000 r--p 00a9e000 103:04 662612                    /usr/lib/jvm/java-8-openjdk/jre/lib/amd64/server/libjvm.so
7fc268c8a000-7fc268c8b000 ---p 00c40000 103:04 662612                    /usr/lib/jvm/java-8-openjdk/jre/lib/amd64/server/libjvm.so
7fc268c8b000-7fc268d20000 r--p 00c40000 103:04 662612                    /usr/lib/jvm/java-8-openjdk/jre/lib/amd64/server/libjvm.so
7fc268d20000-7fc268d48000 rw-p 00cd5000 103:04 662612                    /usr/lib/jvm/java-8-openjdk/jre/lib/amd64/server/libjvm.so
7fc268d48000-7fc268d7b000 rw-p 00000000 00:00 0 
7fc268d7b000-7fc268d82000 r--p 00000000 103:04 2368504                   /usr/lib/libpthread-2.31.so
7fc268d82000-7fc268d92000 r-xp 00007000 103:04 2368504                   /usr/lib/libpthread-2.31.so
7fc268d92000-7fc268d97000 r--p 00017000 103:04 2368504                   /usr/lib/libpthread-2.31.so
7fc268d97000-7fc268d98000 r--p 0001b000 103:04 2368504                   /usr/lib/libpthread-2.31.so
7fc268d98000-7fc268d99000 rw-p 0001c000 103:04 2368504                   /usr/lib/libpthread-2.31.so
7fc268d99000-7fc268d9d000 rw-p 00000000 00:00 0 
7fc268d9d000-7fc268d9e000 r--p 00000000 103:04 2368470                   /usr/lib/libdl-2.31.so
7fc268d9e000-7fc268d9f000 r-xp 00001000 103:04 2368470                   /usr/lib/libdl-2.31.so
7fc268d9f000-7fc268da0000 r--p 00002000 103:04 2368470                   /usr/lib/libdl-2.31.so
7fc268da0000-7fc268da1000 r--p 00002000 103:04 2368470                   /usr/lib/libdl-2.31.so
7fc268da1000-7fc268da2000 rw-p 00003000 103:04 2368470                   /usr/lib/libdl-2.31.so
7fc268da2000-7fc268da5000 r--p 00000000 103:04 2365659                   /usr/lib/libz.so.1.2.11
7fc268da5000-7fc268db3000 r-xp 00003000 103:04 2365659                   /usr/lib/libz.so.1.2.11
7fc268db3000-7fc268db9000 r--p 00011000 103:04 2365659                   /usr/lib/libz.so.1.2.11
7fc268db9000-7fc268dba000 ---p 00017000 103:04 2365659                   /usr/lib/libz.so.1.2.11
7fc268dba000-7fc268dbb000 r--p 00017000 103:04 2365659                   /usr/lib/libz.so.1.2.11
7fc268dbb000-7fc268dbc000 rw-p 00018000 103:04 2365659                   /usr/lib/libz.so.1.2.11
7fc268dbc000-7fc268de1000 r--p 00000000 103:04 2368461                   /usr/lib/libc-2.31.so
7fc268de1000-7fc268f2d000 r-xp 00025000 103:04 2368461                   /usr/lib/libc-2.31.so
7fc268f2d000-7fc268f78000 r--p 00171000 103:04 2368461                   /usr/lib/libc-2.31.so
7fc268f78000-7fc268f7b000 r--p 001bb000 103:04 2368461                   /usr/lib/libc-2.31.so
7fc268f7b000-7fc268f7e000 rw-p 001be000 103:04 2368461                   /usr/lib/libc-2.31.so
7fc268f7e000-7fc268f82000 rw-p 00000000 00:00 0 
7fc268f82000-7fc268f87000 r--s 0001f000 103:04 1582119                   /home/trofis/Documents/Worldline/autoPairing/logstash/logstash-core/lib/jars/commons-compiler-3.1.0.jar
7fc268f87000-7fc268f88000 r--s 00000000 103:04 1582118                   /home/trofis/Documents/Worldline/autoPairing/logstash/logstash-core/lib/jars/animal-sniffer-annotations-1.14.jar
7fc268f88000-7fc268f90000 rw-s 00000000 00:2e 279                        /tmp/hsperfdata_trofis/142766
7fc268f90000-7fc268f93000 r--p 00000000 103:04 2368497                   /usr/lib/libnss_files-2.31.so
7fc268f93000-7fc268f9a000 r-xp 00003000 103:04 2368497                   /usr/lib/libnss_files-2.31.so
7fc268f9a000-7fc268f9c000 r--p 0000a000 103:04 2368497                   /usr/lib/libnss_files-2.31.so
7fc268f9c000-7fc268f9d000 r--p 0000b000 103:04 2368497                   /usr/lib/libnss_files-2.31.so
7fc268f9d000-7fc268f9e000 rw-p 0000c000 103:04 2368497                   /usr/lib/libnss_files-2.31.so
7fc268f9e000-7fc268fa5000 rw-p 00000000 00:00 0 
7fc268fa5000-7fc268faa000 r--p 00000000 103:04 662608                    /usr/lib/jvm/java-8-openjdk/jre/lib/amd64/libverify.so
7fc268faa000-7fc268fb1000 r-xp 00005000 103:04 662608                    /usr/lib/jvm/java-8-openjdk/jre/lib/amd64/libverify.so
7fc268fb1000-7fc268fb3000 r--p 0000c000 103:04 662608                    /usr/lib/jvm/java-8-openjdk/jre/lib/amd64/libverify.so
7fc268fb3000-7fc268fb4000 ---p 0000e000 103:04 662608                    /usr/lib/jvm/java-8-openjdk/jre/lib/amd64/libverify.so
7fc268fb4000-7fc268fb6000 r--p 0000e000 103:04 662608                    /usr/lib/jvm/java-8-openjdk/jre/lib/amd64/libverify.so
7fc268fb6000-7fc268fb7000 rw-p 00010000 103:04 662608                    /usr/lib/jvm/java-8-openjdk/jre/lib/amd64/libverify.so
7fc268fb7000-7fc268fba000 r--p 00000000 103:04 662610                    /usr/lib/jvm/java-8-openjdk/jre/lib/amd64/jli/libjli.so
7fc268fba000-7fc268fc3000 r-xp 00003000 103:04 662610                    /usr/lib/jvm/java-8-openjdk/jre/lib/amd64/jli/libjli.so
7fc268fc3000-7fc268fc6000 r--p 0000c000 103:04 662610                    /usr/lib/jvm/java-8-openjdk/jre/lib/amd64/jli/libjli.so
7fc268fc6000-7fc268fc7000 r--p 0000e000 103:04 662610                    /usr/lib/jvm/java-8-openjdk/jre/lib/amd64/jli/libjli.so
7fc268fc7000-7fc268fc8000 rw-p 0000f000 103:04 662610                    /usr/lib/jvm/java-8-openjdk/jre/lib/amd64/jli/libjli.so
7fc268fc8000-7fc268fca000 rw-p 00000000 00:00 0 
7fc268fca000-7fc268fcc000 r--p 00000000 103:04 2368449                   /usr/lib/ld-2.31.so
7fc268fcc000-7fc268fec000 r-xp 00002000 103:04 2368449                   /usr/lib/ld-2.31.so
7fc268fec000-7fc268ff4000 r--p 00022000 103:04 2368449                   /usr/lib/ld-2.31.so
7fc268ff4000-7fc268ff5000 r--p 00000000 00:00 0 
7fc268ff5000-7fc268ff6000 r--p 0002a000 103:04 2368449                   /usr/lib/ld-2.31.so
7fc268ff6000-7fc268ff7000 rw-p 0002b000 103:04 2368449                   /usr/lib/ld-2.31.so
7fc268ff7000-7fc268ff8000 rw-p 00000000 00:00 0 
7ffe20e1a000-7ffe20e3e000 rw-p 00000000 00:00 0                          [stack]
7ffe20e7a000-7ffe20e7d000 r--p 00000000 00:00 0                          [vvar]
7ffe20e7d000-7ffe20e7e000 r-xp 00000000 00:00 0                          [vdso]
ffffffffff600000-ffffffffff601000 --xp 00000000 00:00 0                  [vsyscall]

VM Arguments:
jvm_args: -Xms1g -Xmx1g -XX:+UseConcMarkSweepGC -XX:CMSInitiatingOccupancyFraction=75 -XX:+UseCMSInitiatingOccupancyOnly -Djava.awt.headless=true -Dfile.encoding=UTF-8 -Djruby.compile.invokedynamic=true -Djruby.jit.threshold=0 -Djruby.regexp.interruptible=true -XX:+HeapDumpOnOutOfMemoryError -Djava.security.egd=file:/dev/urandom -Dlog4j2.isThreadContextMapInheritable=true 
java_command: org.logstash.Logstash -f /home/trofis/Documents/Worldline/autoPairing/config/logstash-config.conf -w 1
java_class_path (initial): /home/trofis/Documents/Worldline/autoPairing/logstash/logstash-core/lib/jars/animal-sniffer-annotations-1.14.jar:/home/trofis/Documents/Worldline/autoPairing/logstash/logstash-core/lib/jars/commons-codec-1.13.jar:/home/trofis/Documents/Worldline/autoPairing/logstash/logstash-core/lib/jars/commons-compiler-3.1.0.jar:/home/trofis/Documents/Worldline/autoPairing/logstash/logstash-core/lib/jars/error_prone_annotations-2.0.18.jar:/home/trofis/Documents/Worldline/autoPairing/logstash/logstash-core/lib/jars/google-java-format-1.1.jar:/home/trofis/Documents/Worldline/autoPairing/logstash/logstash-core/lib/jars/gradle-license-report-0.7.1.jar:/home/trofis/Documents/Worldline/autoPairing/logstash/logstash-core/lib/jars/guava-22.0.jar:/home/trofis/Documents/Worldline/autoPairing/logstash/logstash-core/lib/jars/j2objc-annotations-1.1.jar:/home/trofis/Documents/Worldline/autoPairing/logstash/logstash-core/lib/jars/jackson-annotations-2.9.10.jar:/home/trofis/Documents/Worldline/autoPairing/logstash/logstash-core/lib/jars/jackson-core-2.9.10.jar:/home/trofis/Documents/Worldline/autoPairing/logstash/logstash-core/lib/jars/jackson-databind-2.9.10.1.jar:/home/trofis/Documents/Worldline/autoPairing/logstash/logstash-core/lib/jars/jackson-dataformat-cbor-2.9.10.jar:/home/trofis/Documents/Worldline/autoPairing/logstash/logstash-core/lib/jars/janino-3.1.0.jar:/home/trofis/Documents/Worldline/autoPairing/logstash/logstash-core/lib/jars/javassist-3.26.0-GA.jar:/home/trofis/Documents/Worldline/autoPairing/logstash/logstash-core/lib/jars/jruby-complete-9.2.9.0.jar:/home/trofis/Documents/Worldline/autoPairing/logstash/logstash-core/lib/jars/jsr305-1.3.9.jar:/home/trofis/Documents/Worldline/autoPairing/logstash/logstash-core/lib/jars/log4j-api-2.12.1.jar:/home/trofis/Documents/Worldline/autoPairing/logstash/logstash-core/lib/jars/log4j-core-2.12.1.jar:/home/trofis/Documents/Worldline/autoPairing/logstash/logstash-core/lib/jars/log4j-slf4j-impl-2.12.1.jar:/home/trof
Launcher Type: SUN_STANDARD

Environment Variables:
PATH=/usr/lib/node_modules/npm/node_modules/npm-lifecycle/node-gyp-bin:/home/trofis/Documents/auto-pairing-app/server/node_modules/.bin:/home/trofis/.local/bin:/usr/local/bin:/usr/local/sbin:/usr/bin:/usr/lib/jvm/default/bin:/usr/bin/site_perl:/usr/bin/vendor_perl:/usr/bin/core_perl:/var/lib/snapd/snap/bin
USERNAME=trofis
SHELL=/bin/bash
DISPLAY=:1

Signal Handlers:
SIGSEGV: [libjvm.so+0xa6a400], sa_mask[0]=11111111011111111101111111111110, sa_flags=SA_RESTART|SA_SIGINFO
SIGBUS: [libjvm.so+0xa6a400], sa_mask[0]=11111111011111111101111111111110, sa_flags=SA_RESTART|SA_SIGINFO
SIGFPE: [libjvm.so+0x8c7be0], sa_mask[0]=11111111011111111101111111111110, sa_flags=SA_RESTART|SA_SIGINFO
SIGPIPE: [libjvm.so+0x8c7be0], sa_mask[0]=11111111011111111101111111111110, sa_flags=SA_RESTART|SA_SIGINFO
SIGXFSZ: [libjvm.so+0x8c7be0], sa_mask[0]=11111111011111111101111111111110, sa_flags=SA_RESTART|SA_SIGINFO
SIGILL: [libjvm.so+0x8c7be0], sa_mask[0]=11111111011111111101111111111110, sa_flags=SA_RESTART|SA_SIGINFO
SIGUSR1: SIG_DFL, sa_mask[0]=00000000000000000000000000000000, sa_flags=none
SIGUSR2: [libjvm.so+0x8c7ab0], sa_mask[0]=00000000000000000000000000000000, sa_flags=SA_RESTART|SA_SIGINFO
SIGHUP: [libjvm.so+0x8c7e80], sa_mask[0]=11111111011111111101111111111110, sa_flags=SA_RESTART|SA_SIGINFO
SIGINT: [libjvm.so+0x8c7e80], sa_mask[0]=11111111011111111101111111111110, sa_flags=SA_RESTART|SA_SIGINFO
SIGTERM: [libjvm.so+0x8c7e80], sa_mask[0]=11111111011111111101111111111110, sa_flags=SA_RESTART|SA_SIGINFO
SIGQUIT: [libjvm.so+0x8c7e80], sa_mask[0]=11111111011111111101111111111110, sa_flags=SA_RESTART|SA_SIGINFO


---------------  S Y S T E M  ---------------

OS:DISTRIB_ID=ManjaroLinux
DISTRIB_RELEASE=20.0
DISTRIB_CODENAME=Lysia
DISTRIB_DESCRIPTION="Manjaro Linux"

uname:Linux 5.4.36-1-MANJARO #1 SMP PREEMPT Wed Apr 29 18:47:01 UTC 2020 x86_64
libc:glibc 2.31 NPTL 2.31 
rlimit: STACK 8192k, CORE infinity, NPROC 30891, NOFILE 524288, AS infinity
load average:3,49 3,17 2,48

/proc/meminfo:
MemTotal:        7927548 kB
MemFree:          687188 kB
MemAvailable:     939452 kB
Buffers:           20744 kB
Cached:          1645476 kB
SwapCached:            0 kB
Active:          5188532 kB
Inactive:         712600 kB
Active(anon):    4966884 kB
Inactive(anon):   468236 kB
Active(file):     221648 kB
Inactive(file):   244364 kB
Unevictable:      730156 kB
Mlocked:              80 kB
SwapTotal:             0 kB
SwapFree:              0 kB
Dirty:               296 kB
Writeback:             0 kB
AnonPages:       4964980 kB
Mapped:           553356 kB
Shmem:           1248468 kB
KReclaimable:     107868 kB
Slab:             321384 kB
SReclaimable:     107868 kB
SUnreclaim:       213516 kB
KernelStack:       20048 kB
PageTables:        73264 kB
NFS_Unstable:          0 kB
Bounce:                0 kB
WritebackTmp:          0 kB
CommitLimit:     3963772 kB
Committed_AS:   20557632 kB
VmallocTotal:   34359738367 kB
VmallocUsed:       42456 kB
VmallocChunk:          0 kB
Percpu:             5760 kB
HardwareCorrupted:     0 kB
AnonHugePages:         0 kB
ShmemHugePages:        0 kB
ShmemPmdMapped:        0 kB
FileHugePages:         0 kB
FilePmdMapped:         0 kB
HugePages_Total:       0
HugePages_Free:        0
HugePages_Rsvd:        0
HugePages_Surp:        0
Hugepagesize:       2048 kB
Hugetlb:               0 kB
DirectMap4k:      527304 kB
DirectMap2M:     7634944 kB
DirectMap1G:           0 kB

container (cgroup) information:
container_type: cgroupv1
cpu_cpuset_cpus: 0-7
cpu_memory_nodes: 0
active_processor_count: 8
cpu_quota: -1
cpu_period: 100000
cpu_shares: -1
memory_limit_in_bytes: -1
memory_and_swap_limit_in_bytes: -1
memory_soft_limit_in_bytes: -1
memory_usage_in_bytes: 6705561600
memory_max_usage_in_bytes: 7388897280


CPU:total 8 (initial active 8) (4 cores per cpu, 2 threads per core) family 6 model 142 stepping 12, cmov, cx8, fxsr, mmx, sse, sse2, sse3, ssse3, sse4.1, sse4.2, popcnt, avx, avx2, aes, clmul, erms, 3dnowpref, lzcnt, ht, tsc, tscinvbit, bmi1, bmi2, adx

/proc/cpuinfo:
processor	: 0
vendor_id	: GenuineIntel
cpu family	: 6
model		: 142
model name	: Intel(R) Core(TM) i5-8265U CPU @ 1.60GHz
stepping	: 12
microcode	: 0xca
cpu MHz		: 1800.000
cache size	: 6144 KB
physical id	: 0
siblings	: 8
core id		: 0
cpu cores	: 4
apicid		: 0
initial apicid	: 0
fpu		: yes
fpu_exception	: yes
cpuid level	: 22
wp		: yes
flags		: fpu vme de pse tsc msr pae mce cx8 apic sep mtrr pge mca cmov pat pse36 clflush dts acpi mmx fxsr sse sse2 ss ht tm pbe syscall nx pdpe1gb rdtscp lm constant_tsc art arch_perfmon pebs bts rep_good nopl xtopology nonstop_tsc cpuid aperfmperf pni pclmulqdq dtes64 monitor ds_cpl vmx est tm2 ssse3 sdbg fma cx16 xtpr pdcm pcid sse4_1 sse4_2 x2apic movbe popcnt tsc_deadline_timer aes xsave avx f16c rdrand lahf_lm abm 3dnowprefetch cpuid_fault epb invpcid_single ssbd ibrs ibpb stibp ibrs_enhanced tpr_shadow vnmi flexpriority ept vpid ept_ad fsgsbase tsc_adjust bmi1 avx2 smep bmi2 erms invpcid mpx rdseed adx smap clflushopt intel_pt xsaveopt xsavec xgetbv1 xsaves dtherm ida arat pln pts hwp hwp_notify hwp_act_window hwp_epp md_clear flush_l1d arch_capabilities
bugs		: spectre_v1 spectre_v2 spec_store_bypass swapgs itlb_multihit
bogomips	: 3601.00
clflush size	: 64
cache_alignment	: 64
address sizes	: 39 bits physical, 48 bits virtual
power management:

processor	: 1
vendor_id	: GenuineIntel
cpu family	: 6
model		: 142
model name	: Intel(R) Core(TM) i5-8265U CPU @ 1.60GHz
stepping	: 12
microcode	: 0xca
cpu MHz		: 1799.999
cache size	: 6144 KB
physical id	: 0
siblings	: 8
core id		: 1
cpu cores	: 4
apicid		: 2
initial apicid	: 2
fpu		: yes
fpu_exception	: yes
cpuid level	: 22
wp		: yes
flags		: fpu vme de pse tsc msr pae mce cx8 apic sep mtrr pge mca cmov pat pse36 clflush dts acpi mmx fxsr sse sse2 ss ht tm pbe syscall nx pdpe1gb rdtscp lm constant_tsc art arch_perfmon pebs bts rep_good nopl xtopology nonstop_tsc cpuid aperfmperf pni pclmulqdq dtes64 monitor ds_cpl vmx est tm2 ssse3 sdbg fma cx16 xtpr pdcm pcid sse4_1 sse4_2 x2apic movbe popcnt tsc_deadline_timer aes xsave avx f16c rdrand lahf_lm abm 3dnowprefetch cpuid_fault epb invpcid_single ssbd ibrs ibpb stibp ibrs_enhanced tpr_shadow vnmi flexpriority ept vpid ept_ad fsgsbase tsc_adjust bmi1 avx2 smep bmi2 erms invpcid mpx rdseed adx smap clflushopt intel_pt xsaveopt xsavec xgetbv1 xsaves dtherm ida arat pln pts hwp hwp_notify hwp_act_window hwp_epp md_clear flush_l1d arch_capabilities
bugs		: spectre_v1 spectre_v2 spec_store_bypass swapgs itlb_multihit
bogomips	: 3601.00
clflush size	: 64
cache_alignment	: 64
address sizes	: 39 bits physical, 48 bits virtual
power management:

processor	: 2
vendor_id	: GenuineIntel
cpu family	: 6
model		: 142
model name	: Intel(R) Core(TM) i5-8265U CPU @ 1.60GHz
stepping	: 12
microcode	: 0xca
cpu MHz		: 1799.999
cache size	: 6144 KB
physical id	: 0
siblings	: 8
core id		: 2
cpu cores	: 4
apicid		: 4
initial apicid	: 4
fpu		: yes
fpu_exception	: yes
cpuid level	: 22
wp		: yes
flags		: fpu vme de pse tsc msr pae mce cx8 apic sep mtrr pge mca cmov pat pse36 clflush dts acpi mmx fxsr sse sse2 ss ht tm pbe syscall nx pdpe1gb rdtscp lm constant_tsc art arch_perfmon pebs bts rep_good nopl xtopology nonstop_tsc cpuid aperfmperf pni pclmulqdq dtes64 monitor ds_cpl vmx est tm2 ssse3 sdbg fma cx16 xtpr pdcm pcid sse4_1 sse4_2 x2apic movbe popcnt tsc_deadline_timer aes xsave avx f16c rdrand lahf_lm abm 3dnowprefetch cpuid_fault epb invpcid_single ssbd ibrs ibpb stibp ibrs_enhanced tpr_shadow vnmi flexpriority ept vpid ept_ad fsgsbase tsc_adjust bmi1 avx2 smep bmi2 erms invpcid mpx rdseed adx smap clflushopt intel_pt xsaveopt xsavec xgetbv1 xsaves dtherm ida arat pln pts hwp hwp_notify hwp_act_window hwp_epp md_clear flush_l1d arch_capabilities
bugs		: spectre_v1 spectre_v2 spec_store_bypass swapgs itlb_multihit
bogomips	: 3601.00
clflush size	: 64
cache_alignment	: 64
address sizes	: 39 bits physical, 48 bits virtual
power management:

processor	: 3
vendor_id	: GenuineIntel
cpu family	: 6
model		: 142
model name	: Intel(R) Core(TM) i5-8265U CPU @ 1.60GHz
stepping	: 12
microcode	: 0xca
cpu MHz		: 1799.998
cache size	: 6144 KB
physical id	: 0
siblings	: 8
core id		: 3
cpu cores	: 4
apicid		: 6
initial apicid	: 6
fpu		: yes
fpu_exception	: yes
cpuid level	: 22
wp		: yes
flags		: fpu vme de pse tsc msr pae mce cx8 apic sep mtrr pge mca cmov pat pse36 clflush dts acpi mmx fxsr sse sse2 ss ht tm pbe syscall nx pdpe1gb rdtscp lm constant_tsc art arch_perfmon pebs bts rep_good nopl xtopology nonstop_tsc cpuid aperfmperf pni pclmulqdq dtes64 monitor ds_cpl vmx est tm2 ssse3 sdbg fma cx16 xtpr pdcm pcid sse4_1 sse4_2 x2apic movbe popcnt tsc_deadline_timer aes xsave avx f16c rdrand lahf_lm abm 3dnowprefetch cpuid_fault epb invpcid_single ssbd ibrs ibpb stibp ibrs_enhanced tpr_shadow vnmi flexpriority ept vpid ept_ad fsgsbase tsc_adjust bmi1 avx2 smep bmi2 erms invpcid mpx rdseed adx smap clflushopt intel_pt xsaveopt xsavec xgetbv1 xsaves dtherm ida arat pln pts hwp hwp_notify hwp_act_window hwp_epp md_clear flush_l1d arch_capabilities
bugs		: spectre_v1 spectre_v2 spec_store_bypass swapgs itlb_multihit
bogomips	: 3601.00
clflush size	: 64
cache_alignment	: 64
address sizes	: 39 bits physical, 48 bits virtual
power management:

processor	: 4
vendor_id	: GenuineIntel
cpu family	: 6
model		: 142
model name	: Intel(R) Core(TM) i5-8265U CPU @ 1.60GHz
stepping	: 12
microcode	: 0xca
cpu MHz		: 1800.000
cache size	: 6144 KB
physical id	: 0
siblings	: 8
core id		: 0
cpu cores	: 4
apicid		: 1
initial apicid	: 1
fpu		: yes
fpu_exception	: yes
cpuid level	: 22
wp		: yes
flags		: fpu vme de pse tsc msr pae mce cx8 apic sep mtrr pge mca cmov pat pse36 clflush dts acpi mmx fxsr sse sse2 ss ht tm pbe syscall nx pdpe1gb rdtscp lm constant_tsc art arch_perfmon pebs bts rep_good nopl xtopology nonstop_tsc cpuid aperfmperf pni pclmulqdq dtes64 monitor ds_cpl vmx est tm2 ssse3 sdbg fma cx16 xtpr pdcm pcid sse4_1 sse4_2 x2apic movbe popcnt tsc_deadline_timer aes xsave avx f16c rdrand lahf_lm abm 3dnowprefetch cpuid_fault epb invpcid_single ssbd ibrs ibpb stibp ibrs_enhanced tpr_shadow vnmi flexpriority ept vpid ept_ad fsgsbase tsc_adjust bmi1 avx2 smep bmi2 erms invpcid mpx rdseed adx smap clflushopt intel_pt xsaveopt xsavec xgetbv1 xsaves dtherm ida arat pln pts hwp hwp_notify hwp_act_window hwp_epp md_clear flush_l1d arch_capabilities
bugs		: spectre_v1 spectre_v2 spec_store_bypass swapgs itlb_multihit
bogomips	: 3601.00
clflush size	: 64
cache_alignment	: 64
address sizes	: 39 bits physical, 48 bits virtual
power management:

processor	: 5
vendor_id	: GenuineIntel
cpu family	: 6
model		: 142
model name	: Intel(R) Core(TM) i5-8265U CPU @ 1.60GHz
stepping	: 12
microcode	: 0xca
cpu MHz		: 1799.999
cache size	: 6144 KB
physical id	: 0
siblings	: 8
core id		: 1
cpu cores	: 4
apicid		: 3
initial apicid	: 3
fpu		: yes
fpu_exception	: yes
cpuid level	: 22
wp		: yes
flags		: fpu vme de pse tsc msr pae mce cx8 apic sep mtrr pge mca cmov pat pse36 clflush dts acpi mmx fxsr sse sse2 ss ht tm pbe syscall nx pdpe1gb rdtscp lm constant_tsc art arch_perfmon pebs bts rep_good nopl xtopology nonstop_tsc cpuid aperfmperf pni pclmulqdq dtes64 monitor ds_cpl vmx est tm2 ssse3 sdbg fma cx16 xtpr pdcm pcid sse4_1 sse4_2 x2apic movbe popcnt tsc_deadline_timer aes xsave avx f16c rdrand lahf_lm abm 3dnowprefetch cpuid_fault epb invpcid_single ssbd ibrs ibpb stibp ibrs_enhanced tpr_shadow vnmi flexpriority ept vpid ept_ad fsgsbase tsc_adjust bmi1 avx2 smep bmi2 erms invpcid mpx rdseed adx smap clflushopt intel_pt xsaveopt xsavec xgetbv1 xsaves dtherm ida arat pln pts hwp hwp_notify hwp_act_window hwp_epp md_clear flush_l1d arch_capabilities
bugs		: spectre_v1 spectre_v2 spec_store_bypass swapgs itlb_multihit
bogomips	: 3601.00
clflush size	: 64
cache_alignment	: 64
address sizes	: 39 bits physical, 48 bits virtual
power management:

processor	: 6
vendor_id	: GenuineIntel
cpu family	: 6
model		: 142
model name	: Intel(R) Core(TM) i5-8265U CPU @ 1.60GHz
stepping	: 12
microcode	: 0xca
cpu MHz		: 1799.999
cache size	: 6144 KB
physical id	: 0
siblings	: 8
core id		: 2
cpu cores	: 4
apicid		: 5
initial apicid	: 5
fpu		: yes
fpu_exception	: yes
cpuid level	: 22
wp		: yes
flags		: fpu vme de pse tsc msr pae mce cx8 apic sep mtrr pge mca cmov pat pse36 clflush dts acpi mmx fxsr sse sse2 ss ht tm pbe syscall nx pdpe1gb rdtscp lm constant_tsc art arch_perfmon pebs bts rep_good nopl xtopology nonstop_tsc cpuid aperfmperf pni pclmulqdq dtes64 monitor ds_cpl vmx est tm2 ssse3 sdbg fma cx16 xtpr pdcm pcid sse4_1 sse4_2 x2apic movbe popcnt tsc_deadline_timer aes xsave avx f16c rdrand lahf_lm abm 3dnowprefetch cpuid_fault epb invpcid_single ssbd ibrs ibpb stibp ibrs_enhanced tpr_shadow vnmi flexpriority ept vpid ept_ad fsgsbase tsc_adjust bmi1 avx2 smep bmi2 erms invpcid mpx rdseed adx smap clflushopt intel_pt xsaveopt xsavec xgetbv1 xsaves dtherm ida arat pln pts hwp hwp_notify hwp_act_window hwp_epp md_clear flush_l1d arch_capabilities
bugs		: spectre_v1 spectre_v2 spec_store_bypass swapgs itlb_multihit
bogomips	: 3601.00
clflush size	: 64
cache_alignment	: 64
address sizes	: 39 bits physical, 48 bits virtual
power management:

processor	: 7
vendor_id	: GenuineIntel
cpu family	: 6
model		: 142
model name	: Intel(R) Core(TM) i5-8265U CPU @ 1.60GHz
stepping	: 12
microcode	: 0xca
cpu MHz		: 1799.999
cache size	: 6144 KB
physical id	: 0
siblings	: 8
core id		: 3
cpu cores	: 4
apicid		: 7
initial apicid	: 7
fpu		: yes
fpu_exception	: yes
cpuid level	: 22
wp		: yes
flags		: fpu vme de pse tsc msr pae mce cx8 apic sep mtrr pge mca cmov pat pse36 clflush dts acpi mmx fxsr sse sse2 ss ht tm pbe syscall nx pdpe1gb rdtscp lm constant_tsc art arch_perfmon pebs bts rep_good nopl xtopology nonstop_tsc cpuid aperfmperf pni pclmulqdq dtes64 monitor ds_cpl vmx est tm2 ssse3 sdbg fma cx16 xtpr pdcm pcid sse4_1 sse4_2 x2apic movbe popcnt tsc_deadline_timer aes xsave avx f16c rdrand lahf_lm abm 3dnowprefetch cpuid_fault epb invpcid_single ssbd ibrs ibpb stibp ibrs_enhanced tpr_shadow vnmi flexpriority ept vpid ept_ad fsgsbase tsc_adjust bmi1 avx2 smep bmi2 erms invpcid mpx rdseed adx smap clflushopt intel_pt xsaveopt xsavec xgetbv1 xsaves dtherm ida arat pln pts hwp hwp_notify hwp_act_window hwp_epp md_clear flush_l1d arch_capabilities
bugs		: spectre_v1 spectre_v2 spec_store_bypass swapgs itlb_multihit
bogomips	: 3601.00
clflush size	: 64
cache_alignment	: 64
address sizes	: 39 bits physical, 48 bits virtual
power management:



Memory: 4k page, physical 7927548k(685076k free), swap 0k(0k free)

vm_info: OpenJDK 64-Bit Server VM (25.242-b08) for linux-amd64 JRE (1.8.0_242-b08), built on Jan 26 2020 11:52:10 by "builduser" with gcc 9.2.0

time: Fri May 15 16:41:05 2020
timezone: CEST
elapsed time: 14 seconds (0d 0h 0m 14s)

