#
# A fatal error has been detected by the Java Runtime Environment:
#
#  SIGSEGV (0xb) at pc=0x00007f914d35aae9, pid=152936, tid=0x00007f914d7c3400
#
# JRE version: OpenJDK Runtime Environment (8.0_242-b08) (build 1.8.0_242-b08)
# Java VM: OpenJDK 64-Bit Server VM (25.242-b08 mixed mode linux-amd64 compressed oops)
# Problematic frame:
# V  [libjvm.so+0x8c7ae9]
#
# Core dump written. Default location: /home/trofis/Documents/auto-pairing-app/server/core or core.152936
#
# If you would like to submit a bug report, please visit:
#   http://bugreport.java.com/bugreport/crash.jsp
#

---------------  T H R E A D  ---------------

Current thread is native thread

siginfo: si_signo: 11 (SIGSEGV), si_code: 1 (SEGV_MAPERR), si_addr: 0x0000000000000110

Registers:
RAX=0x0000000000000000, RBX=0x00007f914d7c3380, RCX=0x00007f914d7cea67, RDX=0x00007f914d7c3400
RSP=0x00007ffe1f2320b0, RBP=0x00007ffe1f232170, RSI=0x00007ffe1f2322b0, RDI=0x0000000000000001
R8 =0x0000000000000000, R9 =0x00007f914c94c700, R10=0x0000000000000000, R11=0x0000000000000246
R12=0x00007ffe1f2322b0, R13=0x00007f914c94c9d0, R14=0x0000000000000000, R15=0x00007f914c94c700
RIP=0x00007f914d35aae9, EFLAGS=0x0000000000010246, CSGSFS=0x002b000000000033, ERR=0x0000000000000004
  TRAPNO=0x000000000000000e

Top of Stack: (sp=0x00007ffe1f2320b0)
0x00007ffe1f2320b0:   00007ffe1f230000 00007ffe1f232180
0x00007ffe1f2320c0:   00007ffe1f232798 0000000000000000
0x00007ffe1f2320d0:   ffffffffffffffff 0000000000000000
0x00007ffe1f2320e0:   0000000000000000 0000000000000002
0x00007ffe1f2320f0:   00007ffe1f232330 00007f914d9c1520
0x00007ffe1f232100:   0000000000000000 00007f914d9c6000
0x00007ffe1f232110:   0000000000000000 0000000000000000
0x00007ffe1f232120:   0000000000000000 00007ffe1f232310
0x00007ffe1f232130:   0000000100000001 00007f914d9c5300
0x00007ffe1f232140:   00007f914d81a330 00000000000000ca
0x00007ffe1f232150:   0000000000025574 00007f914c94c9d0
0x00007ffe1f232160:   0000000000100000 00007f914c94c700
0x00007ffe1f232170:   00007ffe1f2328d8 00007f914d840d70
0x00007ffe1f232180:   0000000000000007 0000000000000000
0x00007ffe1f232190:   0000000000000000 00007ffe00000002
0x00007ffe1f2321a0:   0000000000000000 0000000000000000
0x00007ffe1f2321b0:   00007f914c94c700 0000000000000000
0x00007ffe1f2321c0:   0000000000000246 0000000000025574
0x00007ffe1f2321d0:   00007f914c94c9d0 0000000000100000
0x00007ffe1f2321e0:   00007f914c94c700 00007f914c94c9d0
0x00007ffe1f2321f0:   0000000000000000 00007ffe1f2328d8
0x00007ffe1f232200:   00000000000000ca 0000000000025574
0x00007ffe1f232210:   00000000000000ca 00007f914d7cea67
0x00007ffe1f232220:   00007ffe1f232830 00007f914d7cea65
0x00007ffe1f232230:   0000000000000246 002b000000000033
0x00007ffe1f232240:   0000000000000000 0000000000000000
0x00007ffe1f232250:   0000000000000000 0000000000000000
0x00007ffe1f232260:   00007ffe1f232340 0000000000000018
0x00007ffe1f232270:   0000000000000001 0000000000000000
0x00007ffe1f232280:   0000000000000000 0000000000000000
0x00007ffe1f232290:   ffffffffffffffff 0000000200000000
0x00007ffe1f2322a0:   0000000000000000 0000000000000000 

Instructions: (pc=0x00007f914d35aae9)
0x00007f914d35aac9:   95 48 ff ff ff ff 15 74 db 40 00 44 8b 30 48 89
0x00007f914d35aad9:   c3 48 8d 05 67 23 42 00 8b 38 ff 15 a7 e1 40 00
0x00007f914d35aae9:   4c 8b a8 10 01 00 00 41 8b 85 a8 00 00 00 83 f8
0x00007f914d35aaf9:   01 74 1c 44 89 33 48 81 c4 98 00 00 00 5b 41 5c 

Register to memory mapping:

RAX=0x0000000000000000 is an unknown value
RBX=0x00007f914d7c3380 is an unknown value
RCX=0x00007f914d7cea67: <offset 0xaa67> in /usr/lib/libpthread.so.0 at 0x00007f914d7c4000
RDX=0x00007f914d7c3400 is an unknown value
RSP=0x00007ffe1f2320b0 is an unknown value
RBP=0x00007ffe1f232170 is an unknown value
RSI=0x00007ffe1f2322b0 is an unknown value
RDI=0x0000000000000001 is an unknown value
R8 =0x0000000000000000 is an unknown value
R9 =0x00007f914c94c700 is pointing into the stack for thread: 0x00007f914800d000
R10=0x0000000000000000 is an unknown value
R11=0x0000000000000246 is an unknown value
R12=0x00007ffe1f2322b0 is an unknown value
R13=0x00007f914c94c9d0 is pointing into the stack for thread: 0x00007f914800d000
R14=0x0000000000000000 is an unknown value
R15=0x00007f914c94c700 is pointing into the stack for thread: 0x00007f914800d000


Stack: [0x00007ffe1f13b000,0x00007ffe1f23b000],  sp=0x00007ffe1f2320b0,  free space=988k
Native frames: (J=compiled Java code, j=interpreted, Vv=VM code, C=native code)
V  [libjvm.so+0x8c7ae9]
C  [libc.so.6+0x3bd70]


---------------  P R O C E S S  ---------------

VM state:not at safepoint (normal execution)

VM Mutex/Monitor currently owned by a thread: None

heap address: 0x00000000c0000000, size: 1024 MB, Compressed Oops mode: 32-bit
Narrow klass base: 0x0000000000000000, Narrow klass shift: 3
Compressed class space size: 1073741824 Address: 0x0000000100000000

Heap:
 par new generation   total 314560K, used 129619K [0x00000000c0000000, 0x00000000d5550000, 0x00000000d5550000)
  eden space 279616K,  40% used [0x00000000c0000000, 0x00000000c6f47f30, 0x00000000d1110000)
  from space 34944K,  44% used [0x00000000d3330000, 0x00000000d427cd68, 0x00000000d5550000)
  to   space 34944K,   0% used [0x00000000d1110000, 0x00000000d1110000, 0x00000000d3330000)
 concurrent mark-sweep generation total 699072K, used 124841K [0x00000000d5550000, 0x0000000100000000, 0x0000000100000000)
 Metaspace       used 90635K, capacity 108701K, committed 108816K, reserved 1140736K
  class space    used 13947K, capacity 18456K, committed 18556K, reserved 1048576K

Card table byte_map: [0x00007f91389fb000,0x00007f9138bfc000] byte_map_base: 0x00007f91383fb000

Marking Bits: (CMSBitMap*) 0x00007f9148096098
 Bits: [0x00007f911b555000, 0x00007f911bfffc00)

Mod Union Table: (CMSBitMap*) 0x00007f9148096158
 Bits: [0x00007f914c01a000, 0x00007f914c044ab0)

Polling page: 0x00007f914da3d000

CodeCache: size=245760Kb used=59648Kb max_used=61062Kb free=186111Kb
 bounds [0x00007f9139000000, 0x00007f913cc00000, 0x00007f9148000000]
 total_blobs=12613 nmethods=11837 adapters=689
 compilation: enabled

Compilation events (10 events):
Event: 304,530 Thread 0x00007f9148131000 16392       4       org.jruby.RubyFloat::op_cmp (242 bytes)
Event: 304,540 Thread 0x00007f9148131000 nmethod 16392 0x00007f913a0bbd90 code [0x00007f913a0bc000, 0x00007f913a0bc628]
Event: 304,570 Thread 0x00007f9148137800 16393       3       org.jruby.RubyArray::all_p (97 bytes)
Event: 304,575 Thread 0x00007f9148137800 nmethod 16393 0x00007f913c837cd0 code [0x00007f913c837fa0, 0x00007f913c8397a8]
Event: 304,707 Thread 0x00007f9148137800 16394       3       sun.misc.FloatingDecimal$ASCIIToBinaryBuffer::doubleValue (1194 bytes)
Event: 304,717 Thread 0x00007f9148137800 nmethod 16394 0x00007f913b6f3350 code [0x00007f913b6f3800, 0x00007f913b6f5b68]
Event: 305,168 Thread 0x00007f9148133800 16395       4       org.logstash.generated.CompiledDataset3::compute (38 bytes)
Event: 305,193 Thread 0x00007f9148133800 nmethod 16395 0x00007f91391f2290 code [0x00007f91391f24a0, 0x00007f91391f2ae0]
Event: 307,552 Thread 0x00007f9148137800 16396       3       java.lang.invoke.LambdaForm$MH/1226841840::guard (115 bytes)
Event: 307,559 Thread 0x00007f9148137800 nmethod 16396 0x00007f913aed5590 code [0x00007f913aed5940, 0x00007f913aed7b88]

GC Heap History (10 events):
Event: 15,817 GC heap before
{Heap before GC invocations=7 (full 2):
 par new generation   total 314560K, used 166262K [0x00000000c0000000, 0x00000000d5550000, 0x00000000d5550000)
  eden space 279616K,  46% used [0x00000000c0000000, 0x00000000c803da40, 0x00000000d1110000)
  from space 34944K, 100% used [0x00000000d3330000, 0x00000000d5550000, 0x00000000d5550000)
  to   space 34944K,   0% used [0x00000000d1110000, 0x00000000d1110000, 0x00000000d3330000)
 concurrent mark-sweep generation total 699072K, used 94032K [0x00000000d5550000, 0x0000000100000000, 0x0000000100000000)
 Metaspace       used 74398K, capacity 87951K, committed 88208K, reserved 1122304K
  class space    used 12292K, capacity 15785K, committed 15868K, reserved 1048576K
Event: 16,233 GC heap after
Heap after GC invocations=8 (full 3):
 par new generation   total 314560K, used 0K [0x00000000c0000000, 0x00000000d5550000, 0x00000000d5550000)
  eden space 279616K,   0% used [0x00000000c0000000, 0x00000000c0000000, 0x00000000d1110000)
  from space 34944K,   0% used [0x00000000d3330000, 0x00000000d3330000, 0x00000000d5550000)
  to   space 34944K,   0% used [0x00000000d1110000, 0x00000000d1110000, 0x00000000d3330000)
 concurrent mark-sweep generation total 699072K, used 107573K [0x00000000d5550000, 0x0000000100000000, 0x0000000100000000)
 Metaspace       used 74290K, capacity 87755K, committed 88208K, reserved 1122304K
  class space    used 12271K, capacity 15737K, committed 15868K, reserved 1048576K
}
Event: 19,304 GC heap before
{Heap before GC invocations=8 (full 4):
 par new generation   total 314560K, used 279616K [0x00000000c0000000, 0x00000000d5550000, 0x00000000d5550000)
  eden space 279616K, 100% used [0x00000000c0000000, 0x00000000d1110000, 0x00000000d1110000)
  from space 34944K,   0% used [0x00000000d3330000, 0x00000000d3330000, 0x00000000d5550000)
  to   space 34944K,   0% used [0x00000000d1110000, 0x00000000d1110000, 0x00000000d3330000)
 concurrent mark-sweep generation total 699072K, used 107573K [0x00000000d5550000, 0x0000000100000000, 0x0000000100000000)
 Metaspace       used 86324K, capacity 101083K, committed 101264K, reserved 1132544K
  class space    used 13516K, capacity 17321K, committed 17404K, reserved 1048576K
Event: 19,330 GC heap after
Heap after GC invocations=9 (full 4):
 par new generation   total 314560K, used 34943K [0x00000000c0000000, 0x00000000d5550000, 0x00000000d5550000)
  eden space 279616K,   0% used [0x00000000c0000000, 0x00000000c0000000, 0x00000000d1110000)
  from space 34944K,  99% used [0x00000000d1110000, 0x00000000d332fff8, 0x00000000d3330000)
  to   space 34944K,   0% used [0x00000000d3330000, 0x00000000d3330000, 0x00000000d5550000)
 concurrent mark-sweep generation total 699072K, used 110586K [0x00000000d5550000, 0x0000000100000000, 0x0000000100000000)
 Metaspace       used 86324K, capacity 101083K, committed 101264K, reserved 1132544K
  class space    used 13516K, capacity 17321K, committed 17404K, reserved 1048576K
}
Event: 172,078 GC heap before
{Heap before GC invocations=9 (full 4):
 par new generation   total 314560K, used 314559K [0x00000000c0000000, 0x00000000d5550000, 0x00000000d5550000)
  eden space 279616K, 100% used [0x00000000c0000000, 0x00000000d1110000, 0x00000000d1110000)
  from space 34944K,  99% used [0x00000000d1110000, 0x00000000d332fff8, 0x00000000d3330000)
  to   space 34944K,   0% used [0x00000000d3330000, 0x00000000d3330000, 0x00000000d5550000)
 concurrent mark-sweep generation total 699072K, used 109376K [0x00000000d5550000, 0x0000000100000000, 0x0000000100000000)
 Metaspace       used 89867K, capacity 107109K, committed 107280K, reserved 1138688K
  class space    used 13900K, capacity 18296K, committed 18300K, reserved 1048576K
Event: 172,153 GC heap after
Heap after GC invocations=10 (full 4):
 par new generation   total 314560K, used 18925K [0x00000000c0000000, 0x00000000d5550000, 0x00000000d5550000)
  eden space 279616K,   0% used [0x00000000c0000000, 0x00000000c0000000, 0x00000000d1110000)
  from space 34944K,  54% used [0x00000000d3330000, 0x00000000d45ab5a0, 0x00000000d5550000)
  to   space 34944K,   0% used [0x00000000d1110000, 0x00000000d1110000, 0x00000000d3330000)
 concurrent mark-sweep generation total 699072K, used 124841K [0x00000000d5550000, 0x0000000100000000, 0x0000000100000000)
 Metaspace       used 89867K, capacity 107109K, committed 107280K, reserved 1138688K
  class space    used 13900K, capacity 18296K, committed 18300K, reserved 1048576K
}
Event: 175,676 GC heap before
{Heap before GC invocations=10 (full 4):
 par new generation   total 314560K, used 298541K [0x00000000c0000000, 0x00000000d5550000, 0x00000000d5550000)
  eden space 279616K, 100% used [0x00000000c0000000, 0x00000000d1110000, 0x00000000d1110000)
  from space 34944K,  54% used [0x00000000d3330000, 0x00000000d45ab5a0, 0x00000000d5550000)
  to   space 34944K,   0% used [0x00000000d1110000, 0x00000000d1110000, 0x00000000d3330000)
 concurrent mark-sweep generation total 699072K, used 124841K [0x00000000d5550000, 0x0000000100000000, 0x0000000100000000)
 Metaspace       used 90269K, capacity 107825K, committed 107920K, reserved 1138688K
  class space    used 13919K, capacity 18372K, committed 18428K, reserved 1048576K
Event: 175,692 GC heap after
Heap after GC invocations=11 (full 4):
 par new generation   total 314560K, used 16956K [0x00000000c0000000, 0x00000000d5550000, 0x00000000d5550000)
  eden space 279616K,   0% used [0x00000000c0000000, 0x00000000c0000000, 0x00000000d1110000)
  from space 34944K,  48% used [0x00000000d1110000, 0x00000000d219f198, 0x00000000d3330000)
  to   space 34944K,   0% used [0x00000000d3330000, 0x00000000d3330000, 0x00000000d5550000)
 concurrent mark-sweep generation total 699072K, used 124841K [0x00000000d5550000, 0x0000000100000000, 0x0000000100000000)
 Metaspace       used 90269K, capacity 107825K, committed 107920K, reserved 1138688K
  class space    used 13919K, capacity 18372K, committed 18428K, reserved 1048576K
}
Event: 177,704 GC heap before
{Heap before GC invocations=11 (full 4):
 par new generation   total 314560K, used 296572K [0x00000000c0000000, 0x00000000d5550000, 0x00000000d5550000)
  eden space 279616K, 100% used [0x00000000c0000000, 0x00000000d1110000, 0x00000000d1110000)
  from space 34944K,  48% used [0x00000000d1110000, 0x00000000d219f198, 0x00000000d3330000)
  to   space 34944K,   0% used [0x00000000d3330000, 0x00000000d3330000, 0x00000000d5550000)
 concurrent mark-sweep generation total 699072K, used 124841K [0x00000000d5550000, 0x0000000100000000, 0x0000000100000000)
 Metaspace       used 90271K, capacity 107831K, committed 107920K, reserved 1138688K
  class space    used 13920K, capacity 18373K, committed 18428K, reserved 1048576K
Event: 177,716 GC heap after
Heap after GC invocations=12 (full 4):
 par new generation   total 314560K, used 15667K [0x00000000c0000000, 0x00000000d5550000, 0x00000000d5550000)
  eden space 279616K,   0% used [0x00000000c0000000, 0x00000000c0000000, 0x00000000d1110000)
  from space 34944K,  44% used [0x00000000d3330000, 0x00000000d427cd68, 0x00000000d5550000)
  to   space 34944K,   0% used [0x00000000d1110000, 0x00000000d1110000, 0x00000000d3330000)
 concurrent mark-sweep generation total 699072K, used 124841K [0x00000000d5550000, 0x0000000100000000, 0x0000000100000000)
 Metaspace       used 90271K, capacity 107831K, committed 107920K, reserved 1138688K
  class space    used 13920K, capacity 18373K, committed 18428K, reserved 1048576K
}

Deoptimization events (10 events):
Event: 194,762 Thread 0x00007f90b8055000 Uncommon trap: reason=unstable_if action=reinterpret pc=0x00007f913b6f5b0c method=org.logstash.Event.getField(Ljava/lang/String;)Ljava/lang/Object; @ 10
Event: 194,770 Thread 0x00007f90b8055000 Uncommon trap: reason=unstable_if action=reinterpret pc=0x00007f91395bcbb4 method=java.lang.String.regionMatches(ILjava/lang/String;II)Z @ 55
Event: 194,771 Thread 0x00007f90b8055000 Uncommon trap: reason=intrinsic action=reinterpret pc=0x00007f913bb5cb4c method=java.lang.invoke.LambdaForm$MH/2006166872.guard(Ljava/lang/Object;Ljava/lang/Object;Ljava/lang/Object;Ljava/lang/Object;Ljava/lang/Object;)Ljava/lang/Object; @ 53
Event: 194,777 Thread 0x00007f90b8055000 Uncommon trap: reason=intrinsic action=reinterpret pc=0x00007f913bb68d38 method=java.lang.invoke.LambdaForm$MH/633514467.guard(Ljava/lang/Object;Ljava/lang/Object;Ljava/lang/Object;Ljava/lang/Object;)Ljava/lang/Object; @ 51
Event: 199,375 Thread 0x00007f90cc008000 Uncommon trap: reason=array_check action=maybe_recompile pc=0x00007f913bf869a0 method=java.util.concurrent.ConcurrentHashMap$CollectionView.toArray([Ljava/lang/Object;)[Ljava/lang/Object; @ 161
Event: 199,375 Thread 0x00007f90cc00a800 Uncommon trap: reason=array_check action=maybe_recompile pc=0x00007f913bf869a0 method=java.util.concurrent.ConcurrentHashMap$CollectionView.toArray([Ljava/lang/Object;)[Ljava/lang/Object; @ 161
Event: 199,536 Thread 0x00007f9149e26000 Uncommon trap: reason=array_check action=maybe_recompile pc=0x00007f913bf869a0 method=java.util.concurrent.ConcurrentHashMap$CollectionView.toArray([Ljava/lang/Object;)[Ljava/lang/Object; @ 161
Event: 199,536 Thread 0x00007f9149e26000 Uncommon trap: reason=array_check action=maybe_recompile pc=0x00007f913bf869a0 method=java.util.concurrent.ConcurrentHashMap$CollectionView.toArray([Ljava/lang/Object;)[Ljava/lang/Object; @ 161
Event: 200,305 Thread 0x00007f90b8010000 Uncommon trap: reason=class_check action=maybe_recompile pc=0x00007f913be574c4 method=org.jruby.RubyBasicObject.respond_to_p(Lorg/jruby/runtime/ThreadContext;Lorg/jruby/runtime/builtin/IRubyObject;Z)Lorg/jruby/RubyBoolean; @ 82
Event: 207,361 Thread 0x00007f90b8010000 Uncommon trap: reason=class_check action=maybe_recompile pc=0x00007f913c3a1678 method=org.jruby.internal.runtime.methods.SynchronizedDynamicMethod.call(Lorg/jruby/runtime/ThreadContext;Lorg/jruby/runtime/builtin/IRubyObject;Lorg/jruby/RubyModule;Ljava/lan

Classes redefined (0 events):
No events

Internal exceptions (10 events):
Event: 19,082 Thread 0x00007f90b8055000 Exception <a 'java/lang/ArrayIndexOutOfBoundsException'> (0x00000000cee825c8) thrown at [/build/java8-openjdk/src/jdk8u-jdk8u242-b08/hotspot/src/share/vm/runtime/sharedRuntime.cpp, line 605]
Event: 19,112 Thread 0x00007f90b8055000 Exception <a 'java/lang/ArrayIndexOutOfBoundsException'> (0x00000000cf4f8d18) thrown at [/build/java8-openjdk/src/jdk8u-jdk8u242-b08/hotspot/src/share/vm/runtime/sharedRuntime.cpp, line 605]
Event: 19,134 Thread 0x00007f90b8055000 Exception <a 'java/lang/ArrayIndexOutOfBoundsException'> (0x00000000cf6e09f8) thrown at [/build/java8-openjdk/src/jdk8u-jdk8u242-b08/hotspot/src/share/vm/runtime/sharedRuntime.cpp, line 605]
Event: 19,151 Thread 0x00007f90b8055000 Exception <a 'java/lang/ArrayIndexOutOfBoundsException'> (0x00000000cf874990) thrown at [/build/java8-openjdk/src/jdk8u-jdk8u242-b08/hotspot/src/share/vm/runtime/sharedRuntime.cpp, line 605]
Event: 19,170 Thread 0x00007f90b8055000 Exception <a 'java/lang/ArrayIndexOutOfBoundsException'> (0x00000000cfb34c68) thrown at [/build/java8-openjdk/src/jdk8u-jdk8u242-b08/hotspot/src/share/vm/runtime/sharedRuntime.cpp, line 605]
Event: 19,187 Thread 0x00007f90b8055000 Exception <a 'java/lang/ArrayIndexOutOfBoundsException'> (0x00000000d0062fa8) thrown at [/build/java8-openjdk/src/jdk8u-jdk8u242-b08/hotspot/src/share/vm/runtime/sharedRuntime.cpp, line 605]
Event: 19,206 Thread 0x00007f90b8055000 Exception <a 'java/lang/ArrayIndexOutOfBoundsException'> (0x00000000d01c18f8) thrown at [/build/java8-openjdk/src/jdk8u-jdk8u242-b08/hotspot/src/share/vm/runtime/sharedRuntime.cpp, line 605]
Event: 19,388 Thread 0x00007f90c42b5800 Implicit null exception at 0x00007f913a6cbcd0 to 0x00007f913a6cc8c1
Event: 170,840 Thread 0x00007f90b8010000 Implicit null exception at 0x00007f91399badd7 to 0x00007f91399bb2d9
Event: 194,762 Thread 0x00007f90b8055000 Implicit null exception at 0x00007f913b6f3973 to 0x00007f913b6f5ae1

Events (10 events):
Event: 214,582 Thread 0x00007f9148137800 flushing nmethod 0x00007f913c8f74d0
Event: 214,583 Thread 0x00007f9148137800 flushing nmethod 0x00007f913c93a610
Event: 214,583 Thread 0x00007f9148137800 flushing nmethod 0x00007f913ca62650
Event: 214,583 Thread 0x00007f9148137800 flushing nmethod 0x00007f913ca98c50
Event: 234,369 Thread 0x00007f90cc006800 Thread exited: 0x00007f90cc006800
Event: 294,339 Thread 0x00007f90cc006800 Thread added: 0x00007f90cc006800
Event: 294,340 Executing VM operation: RevokeBias
Event: 294,340 Executing VM operation: RevokeBias done
Event: 299,700 Thread 0x00007f9148137800 flushing nmethod 0x00007f9139361910
Event: 300,546 Thread 0x00007f9148137800 flushing nmethod 0x00007f913950fb10


Dynamic libraries:
c0000000-10121f000 rw-p 00000000 00:00 0 
10121f000-140000000 ---p 00000000 00:00 0 
564897108000-564897109000 r--p 00000000 103:04 662552                    /usr/lib/jvm/java-8-openjdk/jre/bin/java
564897109000-56489710a000 r-xp 00001000 103:04 662552                    /usr/lib/jvm/java-8-openjdk/jre/bin/java
56489710a000-56489710b000 r--p 00002000 103:04 662552                    /usr/lib/jvm/java-8-openjdk/jre/bin/java
56489710b000-56489710c000 r--p 00002000 103:04 662552                    /usr/lib/jvm/java-8-openjdk/jre/bin/java
56489710c000-56489710d000 rw-p 00003000 103:04 662552                    /usr/lib/jvm/java-8-openjdk/jre/bin/java
564898e4d000-564898ecf000 rw-p 00000000 00:00 0                          [heap]
7f9058000000-7f9058021000 rw-p 00000000 00:00 0 
7f9058021000-7f905c000000 ---p 00000000 00:00 0 
7f9060000000-7f9060021000 rw-p 00000000 00:00 0 
7f9060021000-7f9064000000 ---p 00000000 00:00 0 
7f9064000000-7f9064021000 rw-p 00000000 00:00 0 
7f9064021000-7f9068000000 ---p 00000000 00:00 0 
7f9068000000-7f9068021000 rw-p 00000000 00:00 0 
7f9068021000-7f906c000000 ---p 00000000 00:00 0 
7f906c000000-7f906c021000 rw-p 00000000 00:00 0 
7f906c021000-7f9070000000 ---p 00000000 00:00 0 
7f9070000000-7f9070021000 rw-p 00000000 00:00 0 
7f9070021000-7f9074000000 ---p 00000000 00:00 0 
7f9074000000-7f9074021000 rw-p 00000000 00:00 0 
7f9074021000-7f9078000000 ---p 00000000 00:00 0 
7f9078000000-7f9078021000 rw-p 00000000 00:00 0 
7f9078021000-7f907c000000 ---p 00000000 00:00 0 
7f907c000000-7f907c021000 rw-p 00000000 00:00 0 
7f907c021000-7f9080000000 ---p 00000000 00:00 0 
7f9080000000-7f9080021000 rw-p 00000000 00:00 0 
7f9080021000-7f9084000000 ---p 00000000 00:00 0 
7f9084000000-7f9084036000 rw-p 00000000 00:00 0 
7f9084036000-7f9088000000 ---p 00000000 00:00 0 
7f9088000000-7f9088046000 rw-p 00000000 00:00 0 
7f9088046000-7f908c000000 ---p 00000000 00:00 0 
7f908c000000-7f908c025000 rw-p 00000000 00:00 0 
7f908c025000-7f9090000000 ---p 00000000 00:00 0 
7f9090000000-7f909017e000 rw-p 00000000 00:00 0 
7f909017e000-7f9094000000 ---p 00000000 00:00 0 
7f9094000000-7f9094021000 rw-p 00000000 00:00 0 
7f9094021000-7f9098000000 ---p 00000000 00:00 0 
7f9098000000-7f9098021000 rw-p 00000000 00:00 0 
7f9098021000-7f909c000000 ---p 00000000 00:00 0 
7f909c000000-7f909c021000 rw-p 00000000 00:00 0 
7f909c021000-7f90a0000000 ---p 00000000 00:00 0 
7f90a0000000-7f90a0057000 rw-p 00000000 00:00 0 
7f90a0057000-7f90a4000000 ---p 00000000 00:00 0 
7f90a61ee000-7f90a622e000 rw-p 00000000 00:00 0 
7f90a622e000-7f90a63ee000 ---p 00000000 00:00 0 
7f90a63ee000-7f90a63f1000 ---p 00000000 00:00 0 
7f90a63f1000-7f90a64ef000 rw-p 00000000 00:00 0 
7f90a64ef000-7f90a64f2000 ---p 00000000 00:00 0 
7f90a64f2000-7f90a65f0000 rw-p 00000000 00:00 0 
7f90a65f0000-7f90a65f3000 ---p 00000000 00:00 0 
7f90a65f3000-7f90a66f1000 rw-p 00000000 00:00 0 
7f90a66f1000-7f90a66f4000 ---p 00000000 00:00 0 
7f90a66f4000-7f90a67f2000 rw-p 00000000 00:00 0 
7f90a67f2000-7f90a67f5000 ---p 00000000 00:00 0 
7f90a67f5000-7f90a68f3000 rw-p 00000000 00:00 0 
7f90a68f3000-7f90a68f6000 ---p 00000000 00:00 0 
7f90a68f6000-7f90a69f4000 rw-p 00000000 00:00 0 
7f90a69f4000-7f90a69f7000 ---p 00000000 00:00 0 
7f90a69f7000-7f90a6af5000 rw-p 00000000 00:00 0 
7f90a6af5000-7f90a6af8000 ---p 00000000 00:00 0 
7f90a6af8000-7f90a6bf6000 rw-p 00000000 00:00 0 
7f90a6bf6000-7f90a6bf9000 ---p 00000000 00:00 0 
7f90a6bf9000-7f90a6ef7000 rw-p 00000000 00:00 0 
7f90a6ef7000-7f90a6efa000 ---p 00000000 00:00 0 
7f90a6efa000-7f90a6ff8000 rw-p 00000000 00:00 0 
7f90a6ff8000-7f90a6ffb000 ---p 00000000 00:00 0 
7f90a6ffb000-7f90a70f9000 rw-p 00000000 00:00 0 
7f90a70f9000-7f90a70fc000 ---p 00000000 00:00 0 
7f90a70fc000-7f90a71fa000 rw-p 00000000 00:00 0 
7f90a71fa000-7f90a71fd000 ---p 00000000 00:00 0 
7f90a71fd000-7f90a74fb000 rw-p 00000000 00:00 0 
7f90a74fb000-7f90a74fe000 ---p 00000000 00:00 0 
7f90a74fe000-7f90a75fc000 rw-p 00000000 00:00 0 
7f90a75fc000-7f90a75ff000 ---p 00000000 00:00 0 
7f90a75ff000-7f90a78fd000 rw-p 00000000 00:00 0 
7f90a78fd000-7f90a7900000 ---p 00000000 00:00 0 
7f90a7900000-7f90a79fe000 rw-p 00000000 00:00 0 
7f90a79fe000-7f90a7a01000 ---p 00000000 00:00 0 
7f90a7a01000-7f90a7aff000 rw-p 00000000 00:00 0 
7f90a7aff000-7f90a7b02000 ---p 00000000 00:00 0 
7f90a7b02000-7f90a7e00000 rw-p 00000000 00:00 0 
7f90a7e00000-7f90a8000000 rw-p 00000000 00:00 0 
7f90a8000000-7f90a8021000 rw-p 00000000 00:00 0 
7f90a8021000-7f90ac000000 ---p 00000000 00:00 0 
7f90ac000000-7f90ac45c000 rw-p 00000000 00:00 0 
7f90ac45c000-7f90b0000000 ---p 00000000 00:00 0 
7f90b0000000-7f90b0021000 rw-p 00000000 00:00 0 
7f90b0021000-7f90b4000000 ---p 00000000 00:00 0 
7f90b4000000-7f90b4021000 rw-p 00000000 00:00 0 
7f90b4021000-7f90b8000000 ---p 00000000 00:00 0 
7f90b8000000-7f90b80aa000 rw-p 00000000 00:00 0 
7f90b80aa000-7f90bc000000 ---p 00000000 00:00 0 
7f90bc000000-7f90bc021000 rw-p 00000000 00:00 0 
7f90bc021000-7f90c0000000 ---p 00000000 00:00 0 
7f90c0000000-7f90c0050000 rw-p 00000000 00:00 0 
7f90c0050000-7f90c4000000 ---p 00000000 00:00 0 
7f90c4000000-7f90c4399000 rw-p 00000000 00:00 0 
7f90c4399000-7f90c8000000 ---p 00000000 00:00 0 
7f90c8000000-7f90c8021000 rw-p 00000000 00:00 0 
7f90c8021000-7f90cc000000 ---p 00000000 00:00 0 
7f90cc000000-7f90cc02a000 rw-p 00000000 00:00 0 
7f90cc02a000-7f90d0000000 ---p 00000000 00:00 0 
7f90d0000000-7f90d0021000 rw-p 00000000 00:00 0 
7f90d0021000-7f90d4000000 ---p 00000000 00:00 0 
7f90d40bf000-7f90d42bf000 rw-p 00000000 00:00 0 
7f90d42bf000-7f90d44bf000 rw-p 00000000 00:00 0 
7f90d44bf000-7f90d44c2000 ---p 00000000 00:00 0 
7f90d44c2000-7f90d45c0000 rw-p 00000000 00:00 0 
7f90d45c0000-7f90d45c3000 ---p 00000000 00:00 0 
7f90d45c3000-7f90d46c1000 rw-p 00000000 00:00 0 
7f90d46c1000-7f90d46c4000 ---p 00000000 00:00 0 
7f90d46c4000-7f90d47c2000 rw-p 00000000 00:00 0 
7f90d47c2000-7f90d47c5000 ---p 00000000 00:00 0 
7f90d47c5000-7f90d48c3000 rw-p 00000000 00:00 0 
7f90d48c3000-7f90d48c6000 ---p 00000000 00:00 0 
7f90d48c6000-7f90d49c4000 rw-p 00000000 00:00 0 
7f90d49c4000-7f90d49c7000 ---p 00000000 00:00 0 
7f90d49c7000-7f90d4cc5000 rw-p 00000000 00:00 0 
7f90d4cc5000-7f90d4eb8000 rw-p 00000000 00:00 0 
7f90d4eb8000-7f90d4ec5000 ---p 00000000 00:00 0 
7f90d4ec5000-7f90d50c5000 rw-p 00000000 00:00 0 
7f90d50c6000-7f90d50c9000 ---p 00000000 00:00 0 
7f90d50c9000-7f90d51c7000 rw-p 00000000 00:00 0 
7f90d51c8000-7f90d51cb000 ---p 00000000 00:00 0 
7f90d51cb000-7f90d52c9000 rw-p 00000000 00:00 0 
7f90d52c9000-7f90d52cc000 ---p 00000000 00:00 0 
7f90d52cc000-7f90d55ca000 rw-p 00000000 00:00 0 
7f90d55ca000-7f90d55cd000 ---p 00000000 00:00 0 
7f90d55cd000-7f90d56cb000 rw-p 00000000 00:00 0 
7f90d56cb000-7f90d56cc000 r--s 00002000 103:04 670927                    /home/trofis/Documents/Worldline/autoPairing/logstash/vendor/bundle/jruby/2.5.0/gems/logstash-input-file-4.1.16/lib/jars/filewatch-1.0.1.jar
7f90d56cc000-7f90d58cc000 rw-p 00000000 00:00 0 
7f90d58cc000-7f90d5acc000 rw-p 00000000 00:00 0 
7f90d5acc000-7f90d5cca000 rw-p 00000000 00:00 0 
7f90d5cca000-7f90d5ccc000 ---p 00000000 00:00 0 
7f90d5ccc000-7f90d5ecc000 rw-p 00000000 00:00 0 
7f90d5ecc000-7f90d5ed9000 r--s 00088000 103:04 670451                    /home/trofis/Documents/Worldline/autoPairing/logstash/vendor/bundle/jruby/2.5.0/gems/march_hare-4.1.1-java/lib/ext/rabbitmq-client.jar
7f90d5ed9000-7f90d60d9000 rw-p 00000000 00:00 0 
7f90d60d9000-7f90d60de000 r--s 0003d000 103:04 662625                    /usr/lib/jvm/java-8-openjdk/jre/lib/ext/sunjce_provider.jar
7f90d60de000-7f90d60e5000 r--s 00049000 103:04 538954                    /home/trofis/Documents/Worldline/autoPairing/logstash/vendor/bundle/jruby/2.5.0/gems/manticore-0.6.4-java/lib/org/apache/httpcomponents/httpcore/4.4.4/httpcore-4.4.4.jar
7f90d60e5000-7f90d62e5000 rw-p 00000000 00:00 0 
7f90d62e5000-7f90d64e5000 rw-p 00000000 00:00 0 
7f90d64e5000-7f90d66e5000 rw-p 00000000 00:00 0 
7f90d66e5000-7f90d66e8000 r--p 00000000 103:04 2363725                   /usr/lib/libgcc_s.so.1
7f90d66e8000-7f90d66f9000 r-xp 00003000 103:04 2363725                   /usr/lib/libgcc_s.so.1
7f90d66f9000-7f90d66fd000 r--p 00014000 103:04 2363725                   /usr/lib/libgcc_s.so.1
7f90d66fd000-7f90d66fe000 r--p 00017000 103:04 2363725                   /usr/lib/libgcc_s.so.1
7f90d66fe000-7f90d66ff000 rw-p 00018000 103:04 2363725                   /usr/lib/libgcc_s.so.1
7f90d66ff000-7f90d68ff000 rw-p 00000000 00:00 0 
7f90d68ff000-7f90d6aff000 rw-p 00000000 00:00 0 
7f90d6aff000-7f90d6b02000 ---p 00000000 00:00 0 
7f90d6b02000-7f90d6e00000 rw-p 00000000 00:00 0 
7f90d6e00000-7f90d7000000 rw-p 00000000 00:00 0 
7f90d7000000-7f90d7200000 rw-p 00000000 00:00 0 
7f90d7200000-7f90d7400000 rw-p 00000000 00:00 0 
7f90d7400000-7f90d7600000 rw-p 00000000 00:00 0 
7f90d7600000-7f90d7800000 rw-p 00000000 00:00 0 
7f90d7800000-7f90d7a00000 rw-p 00000000 00:00 0 
7f90d7a00000-7f90d7c00000 rw-p 00000000 00:00 0 
7f90d7c00000-7f90d7dff000 rw-p 00000000 00:00 0 
7f90d7dff000-7f90d7e00000 ---p 00000000 00:00 0 
7f90d7e00000-7f90d8000000 rw-p 00000000 00:00 0 
7f90d8000000-7f90d8021000 rw-p 00000000 00:00 0 
7f90d8021000-7f90dc000000 ---p 00000000 00:00 0 
7f90dc000000-7f90dc021000 rw-p 00000000 00:00 0 
7f90dc021000-7f90e0000000 ---p 00000000 00:00 0 
7f90e0000000-7f90e1cbb000 rw-p 00000000 00:00 0 
7f90e1cbb000-7f90e4000000 ---p 00000000 00:00 0 
7f90e4000000-7f90e5b5d000 rw-p 00000000 00:00 0 
7f90e5b5d000-7f90e8000000 ---p 00000000 00:00 0 
7f90e8000000-7f90e9e58000 rw-p 00000000 00:00 0 
7f90e9e58000-7f90ec000000 ---p 00000000 00:00 0 
7f90ec000000-7f90ed9ea000 rw-p 00000000 00:00 0 
7f90ed9ea000-7f90f0000000 ---p 00000000 00:00 0 
7f90f0000000-7f90f0021000 rw-p 00000000 00:00 0 
7f90f0021000-7f90f4000000 ---p 00000000 00:00 0 
7f90f4000000-7f90f4021000 rw-p 00000000 00:00 0 
7f90f4021000-7f90f8000000 ---p 00000000 00:00 0 
7f90f8000000-7f90f8021000 rw-p 00000000 00:00 0 
7f90f8021000-7f90fc000000 ---p 00000000 00:00 0 
7f90fc000000-7f90fc021000 rw-p 00000000 00:00 0 
7f90fc021000-7f9100000000 ---p 00000000 00:00 0 
7f9100000000-7f9100267000 rw-p 00000000 00:00 0 
7f9100267000-7f9104000000 ---p 00000000 00:00 0 
7f9104000000-7f9104002000 r--s 00009000 103:04 670450                    /home/trofis/Documents/Worldline/autoPairing/logstash/vendor/bundle/jruby/2.5.0/gems/march_hare-4.1.1-java/lib/ext/slf4j-api.jar
7f9104002000-7f9104004000 r--s 00000000 103:04 440125                    /home/trofis/Documents/Worldline/autoPairing/logstash/vendor/bundle/jruby/2.5.0/gems/manticore-0.6.4-java/lib/org/manticore/manticore-ext.jar
7f9104004000-7f9104011000 r--s 000a7000 103:04 538957                    /home/trofis/Documents/Worldline/autoPairing/logstash/vendor/bundle/jruby/2.5.0/gems/manticore-0.6.4-java/lib/org/apache/httpcomponents/httpclient/4.5.2/httpclient-4.5.2.jar
7f9104011000-7f9104018000 r--s 0003f000 103:04 440118                    /home/trofis/Documents/Worldline/autoPairing/logstash/vendor/bundle/jruby/2.5.0/gems/manticore-0.6.4-java/lib/commons-codec/commons-codec/1.10/commons-codec-1.10.jar
7f9104018000-7f910401a000 r--s 00009000 103:04 538960                    /home/trofis/Documents/Worldline/autoPairing/logstash/vendor/bundle/jruby/2.5.0/gems/manticore-0.6.4-java/lib/org/apache/httpcomponents/httpmime/4.5.2/httpmime-4.5.2.jar
7f910401a000-7f910401c000 r--s 0000e000 103:04 440122                    /home/trofis/Documents/Worldline/autoPairing/logstash/vendor/bundle/jruby/2.5.0/gems/manticore-0.6.4-java/lib/commons-logging/commons-logging/1.2/commons-logging-1.2.jar
7f910401c000-7f910401e000 r--s 00004000 103:04 807907                    /home/trofis/Documents/Worldline/autoPairing/logstash/vendor/bundle/jruby/2.5.0/gems/puma-4.3.1-java/lib/puma/puma_http11.jar
7f910401e000-7f9104020000 r--s 00002000 103:04 810358                    /home/trofis/Documents/Worldline/autoPairing/logstash/vendor/bundle/jruby/2.5.0/gems/nio4r-2.5.2-java/lib/nio4r_ext.jar
7f9104020000-7f9104022000 r--s 0000d000 103:04 809293                    /home/trofis/Documents/Worldline/autoPairing/logstash/vendor/bundle/jruby/2.5.0/gems/jrjackson-0.4.11-java/lib/jrjackson/jars/jrjackson-1.2.29.jar
7f9104022000-7f9104025000 r--s 00022000 103:04 1842316                   /home/trofis/Documents/Worldline/autoPairing/logstash/vendor/bundle/jruby/2.5.0/gems/logstash-input-beats-6.0.8-java/vendor/jar-dependencies/com/fasterxml/jackson/module/jackson-module-afterburner/2.9.10/jackson-module-afterburner-2.9.10.jar
7f9104025000-7f9104029000 r--s 0004c000 103:04 1842309                   /home/trofis/Documents/Worldline/autoPairing/logstash/vendor/bundle/jruby/2.5.0/gems/logstash-input-beats-6.0.8-java/vendor/jar-dependencies/com/fasterxml/jackson/core/jackson-core/2.9.10/jackson-core-2.9.10.jar
7f9104029000-7f910403c000 r--s 00137000 103:04 1842306                   /home/trofis/Documents/Worldline/autoPairing/logstash/vendor/bundle/jruby/2.5.0/gems/logstash-input-beats-6.0.8-java/vendor/jar-dependencies/com/fasterxml/jackson/core/jackson-databind/2.9.10.1/jackson-databind-2.9.10.1.jar
7f910403c000-7f9104046000 r--p 00000000 103:04 662606                    /usr/lib/jvm/java-8-openjdk/jre/lib/amd64/libsunec.so
7f9104046000-7f910406b000 r-xp 0000a000 103:04 662606                    /usr/lib/jvm/java-8-openjdk/jre/lib/amd64/libsunec.so
7f910406b000-7f9104078000 r--p 0002f000 103:04 662606                    /usr/lib/jvm/java-8-openjdk/jre/lib/amd64/libsunec.so
7f9104078000-7f910407d000 r--p 0003b000 103:04 662606                    /usr/lib/jvm/java-8-openjdk/jre/lib/amd64/libsunec.so
7f910407d000-7f910407e000 rw-p 00040000 103:04 662606                    /usr/lib/jvm/java-8-openjdk/jre/lib/amd64/libsunec.so
7f910407e000-7f9104095000 r--s 00104000 103:04 672838                    /home/trofis/Documents/Worldline/autoPairing/logstash/vendor/bundle/jruby/2.5.0/gems/jruby-openssl-0.10.4-java/lib/jopenssl.jar
7f9104095000-7f9104291000 rw-p 00000000 00:00 0 
7f9104291000-7f9104295000 ---p 00000000 00:00 0 
7f9104295000-7f9104296000 r--s 00003000 103:04 670452                    /home/trofis/Documents/Worldline/autoPairing/logstash/vendor/bundle/jruby/2.5.0/gems/march_hare-4.1.1-java/lib/ext/slf4j-simple.jar
7f9104296000-7f9104299000 r--s 0000e000 103:04 1842312                   /home/trofis/Documents/Worldline/autoPairing/logstash/vendor/bundle/jruby/2.5.0/gems/logstash-input-beats-6.0.8-java/vendor/jar-dependencies/com/fasterxml/jackson/core/jackson-annotations/2.9.10/jackson-annotations-2.9.10.jar
7f9104299000-7f910429d000 r--s 0001a000 103:04 1976672                   /home/trofis/Documents/Worldline/autoPairing/logstash/vendor/bundle/jruby/2.5.0/gems/thread_safe-0.3.6-java/lib/thread_safe/jruby_cache_backend.jar
7f910429d000-7f910429e000 r--s 00008000 103:04 809868                    /home/trofis/Documents/Worldline/autoPairing/logstash/vendor/bundle/jruby/2.5.0/gems/json-1.8.6-java/lib/json/ext/generator.jar
7f910429e000-7f91042a0000 r--s 00006000 103:04 809867                    /home/trofis/Documents/Worldline/autoPairing/logstash/vendor/bundle/jruby/2.5.0/gems/json-1.8.6-java/lib/json/ext/parser.jar
7f91042a0000-7f91042a4000 r--s 0003a000 103:04 662626                    /usr/lib/jvm/java-8-openjdk/jre/lib/ext/sunpkcs11.jar
7f91042a4000-7f91042bb000 r--s 000ff000 103:04 672870                    /home/trofis/Documents/Worldline/autoPairing/logstash/vendor/bundle/jruby/2.5.0/gems/jruby-openssl-0.10.4-java/lib/org/bouncycastle/bctls-jdk15on/1.62/bctls-jdk15on-1.62.jar
7f91042bb000-7f910431a000 r--s 003fa000 103:04 672864                    /home/trofis/Documents/Worldline/autoPairing/logstash/vendor/bundle/jruby/2.5.0/gems/jruby-openssl-0.10.4-java/lib/org/bouncycastle/bcprov-jdk15on/1.62/bcprov-jdk15on-1.62.jar
7f910431a000-7f9104513000 rw-p 00000000 00:00 0 
7f9104513000-7f910451a000 ---p 00000000 00:00 0 
7f910451a000-7f910471a000 rw-p 00000000 00:00 0 
7f910471a000-7f910491a000 rw-p 00000000 00:00 0 
7f910491a000-7f9104b1a000 rw-p 00000000 00:00 0 
7f9104b1a000-7f9104b1b000 r--p 00000000 103:04 2368466                   /usr/lib/libcrypt-2.31.so
7f9104b1b000-7f9104b21000 r-xp 00001000 103:04 2368466                   /usr/lib/libcrypt-2.31.so
7f9104b21000-7f9104b23000 r--p 00007000 103:04 2368466                   /usr/lib/libcrypt-2.31.so
7f9104b23000-7f9104b24000 ---p 00009000 103:04 2368466                   /usr/lib/libcrypt-2.31.so
7f9104b24000-7f9104b25000 r--p 00009000 103:04 2368466                   /usr/lib/libcrypt-2.31.so
7f9104b25000-7f9104b26000 rw-p 0000a000 103:04 2368466                   /usr/lib/libcrypt-2.31.so
7f9104b26000-7f9104b54000 rw-p 00000000 00:00 0 
7f9104b54000-7f9104b55000 r--s 0000d000 103:04 662624                    /usr/lib/jvm/java-8-openjdk/jre/lib/ext/sunec.jar
7f9104b55000-7f9104b69000 r--s 000c1000 103:04 672867                    /home/trofis/Documents/Worldline/autoPairing/logstash/vendor/bundle/jruby/2.5.0/gems/jruby-openssl-0.10.4-java/lib/org/bouncycastle/bcpkix-jdk15on/1.62/bcpkix-jdk15on-1.62.jar
7f9104b69000-7f9104b6d000 r--s 0001e000 103:04 539071                    /home/trofis/Documents/Worldline/autoPairing/logstash/vendor/bundle/jruby/2.5.0/gems/concurrent-ruby-1.1.6/lib/concurrent-ruby/concurrent/concurrent_ruby.jar
7f9104b6d000-7f9104b74000 r--s 00043000 00:2e 227                        /tmp/jruby-152936/jruby3386685159378284726snakeyaml-1.23.jar
7f9104b74000-7f9104b76000 r--s 00016000 103:04 662567                    /usr/lib/jvm/java-8-openjdk/jre/lib/jce.jar
7f9104b76000-7f9104b89000 r--s 00346000 103:04 662573                    /usr/lib/jvm/java-8-openjdk/jre/lib/resources.jar
7f9104b89000-7f9104d89000 rw-p 00000000 00:00 0 
7f9104d89000-7f9104d9b000 r-xp 00000000 00:2e 223                        /tmp/jffi7821928627303013139.so (deleted)
7f9104d9b000-7f9104f9a000 ---p 00012000 00:2e 223                        /tmp/jffi7821928627303013139.so (deleted)
7f9104f9a000-7f9104f9b000 rw-p 00011000 00:2e 223                        /tmp/jffi7821928627303013139.so (deleted)
7f9104f9b000-7f910519b000 rw-p 00000000 00:00 0 
7f910519b000-7f910539b000 rw-p 00000000 00:00 0 
7f910539b000-7f910539c000 r--p 00000000 103:04 662587                    /usr/lib/jvm/java-8-openjdk/jre/lib/amd64/libjaas_unix.so
7f910539c000-7f910539d000 r-xp 00001000 103:04 662587                    /usr/lib/jvm/java-8-openjdk/jre/lib/amd64/libjaas_unix.so
7f910539d000-7f910539e000 r--p 00002000 103:04 662587                    /usr/lib/jvm/java-8-openjdk/jre/lib/amd64/libjaas_unix.so
7f910539e000-7f910539f000 r--p 00002000 103:04 662587                    /usr/lib/jvm/java-8-openjdk/jre/lib/amd64/libjaas_unix.so
7f910539f000-7f91053a0000 rw-p 00003000 103:04 662587                    /usr/lib/jvm/java-8-openjdk/jre/lib/amd64/libjaas_unix.so
7f91053a0000-7f91055a0000 rw-p 00000000 00:00 0 
7f91055a0000-7f91055bb000 r--s 001d6000 103:04 662623                    /usr/lib/jvm/java-8-openjdk/jre/lib/ext/nashorn.jar
7f91055bb000-7f91055c0000 r--s 000a3000 103:04 662569                    /usr/lib/jvm/java-8-openjdk/jre/lib/jsse.jar
7f91055c0000-7f91055c4000 r--p 00000000 103:04 662598                    /usr/lib/jvm/java-8-openjdk/jre/lib/amd64/libmanagement.so
7f91055c4000-7f91055c7000 r-xp 00004000 103:04 662598                    /usr/lib/jvm/java-8-openjdk/jre/lib/amd64/libmanagement.so
7f91055c7000-7f91055c9000 r--p 00007000 103:04 662598                    /usr/lib/jvm/java-8-openjdk/jre/lib/amd64/libmanagement.so
7f91055c9000-7f91055ca000 r--p 00008000 103:04 662598                    /usr/lib/jvm/java-8-openjdk/jre/lib/amd64/libmanagement.so
7f91055ca000-7f91055cb000 rw-p 00009000 103:04 662598                    /usr/lib/jvm/java-8-openjdk/jre/lib/amd64/libmanagement.so
7f91055cb000-7f91055cd000 r--s 00009000 103:04 1582098                   /home/trofis/Documents/Worldline/autoPairing/logstash/logstash-core/lib/jars/slf4j-api-1.7.25.jar
7f91055cd000-7f91055d0000 r--s 0001e000 103:04 1582092                   /home/trofis/Documents/Worldline/autoPairing/logstash/logstash-core/lib/jars/reflections-0.9.11.jar
7f91055d0000-7f91055d5000 r--s 00038000 103:04 1582125                   /home/trofis/Documents/Worldline/autoPairing/logstash/logstash-core/lib/jars/org.eclipse.text-3.5.101.jar
7f91055d5000-7f91055e8000 r--s 0013a000 103:04 1582123                   /home/trofis/Documents/Worldline/autoPairing/logstash/logstash-core/lib/jars/org.eclipse.osgi-3.7.1.jar
7f91055e8000-7f9105615000 r--s 00522000 103:04 1582110                   /home/trofis/Documents/Worldline/autoPairing/logstash/logstash-core/lib/jars/org.eclipse.jdt.core-3.10.0.jar
7f9105615000-7f9105619000 r--s 00029000 103:04 1582120                   /home/trofis/Documents/Worldline/autoPairing/logstash/logstash-core/lib/jars/org.eclipse.equinox.registry-3.5.101.jar
7f9105619000-7f910561c000 r--s 00019000 103:04 1582093                   /home/trofis/Documents/Worldline/autoPairing/logstash/logstash-core/lib/jars/org.eclipse.equinox.preferences-3.4.1.jar
7f910561c000-7f910561e000 r--s 00018000 103:04 1582122                   /home/trofis/Documents/Worldline/autoPairing/logstash/logstash-core/lib/jars/org.eclipse.equinox.common-3.6.0.jar
7f910561e000-7f9105620000 r--s 00013000 103:04 1582108                   /home/trofis/Documents/Worldline/autoPairing/logstash/logstash-core/lib/jars/org.eclipse.equinox.app-1.3.100.jar
7f9105620000-7f9105622000 r--s 00010000 103:04 1582099                   /home/trofis/Documents/Worldline/autoPairing/logstash/logstash-core/lib/jars/org.eclipse.core.runtime-3.7.0.jar
7f9105622000-7f910562d000 r--s 000bb000 103:04 1582106                   /home/trofis/Documents/Worldline/autoPairing/logstash/logstash-core/lib/jars/org.eclipse.core.resources-3.7.100.jar
7f910562d000-7f9105630000 r--s 00014000 103:04 1582121                   /home/trofis/Documents/Worldline/autoPairing/logstash/logstash-core/lib/jars/org.eclipse.core.jobs-3.5.100.jar
7f9105630000-7f9105633000 r--s 00013000 103:04 1582103                   /home/trofis/Documents/Worldline/autoPairing/logstash/logstash-core/lib/jars/org.eclipse.core.expressions-3.4.300.jar
7f9105633000-7f9105636000 r--s 00014000 103:04 1582115                   /home/trofis/Documents/Worldline/autoPairing/logstash/logstash-core/lib/jars/org.eclipse.core.contenttype-3.4.100.jar
7f9105636000-7f910563a000 r--s 00017000 103:04 1582102                   /home/trofis/Documents/Worldline/autoPairing/logstash/logstash-core/lib/jars/org.eclipse.core.commands-3.6.0.jar
7f910563a000-7f9106e3b000 rw-p 00000000 00:00 0 
7f9106e3b000-7f9106e40000 r--p 00000000 103:04 662600                    /usr/lib/jvm/java-8-openjdk/jre/lib/amd64/libnet.so
7f9106e40000-7f9106e4f000 r-xp 00005000 103:04 662600                    /usr/lib/jvm/java-8-openjdk/jre/lib/amd64/libnet.so
7f9106e4f000-7f9106e53000 r--p 00014000 103:04 662600                    /usr/lib/jvm/java-8-openjdk/jre/lib/amd64/libnet.so
7f9106e53000-7f9106e54000 r--p 00017000 103:04 662600                    /usr/lib/jvm/java-8-openjdk/jre/lib/amd64/libnet.so
7f9106e54000-7f9106e55000 rw-p 00018000 103:04 662600                    /usr/lib/jvm/java-8-openjdk/jre/lib/amd64/libnet.so
7f9106e55000-7f9106e5c000 r--p 00000000 103:04 662601                    /usr/lib/jvm/java-8-openjdk/jre/lib/amd64/libnio.so
7f9106e5c000-7f9106e64000 r-xp 00007000 103:04 662601                    /usr/lib/jvm/java-8-openjdk/jre/lib/amd64/libnio.so
7f9106e64000-7f9106e67000 r--p 0000f000 103:04 662601                    /usr/lib/jvm/java-8-openjdk/jre/lib/amd64/libnio.so
7f9106e67000-7f9106e68000 ---p 00012000 103:04 662601                    /usr/lib/jvm/java-8-openjdk/jre/lib/amd64/libnio.so
7f9106e68000-7f9106e69000 r--p 00012000 103:04 662601                    /usr/lib/jvm/java-8-openjdk/jre/lib/amd64/libnio.so
7f9106e69000-7f9106e6a000 rw-p 00013000 103:04 662601                    /usr/lib/jvm/java-8-openjdk/jre/lib/amd64/libnio.so
7f9106e6a000-7f9106e76000 r--s 00088000 103:04 1582107                   /home/trofis/Documents/Worldline/autoPairing/logstash/logstash-core/lib/jars/logstash-core.jar
7f9106e76000-7f9106e97000 r--s 00178000 103:04 1582091                   /home/trofis/Documents/Worldline/autoPairing/logstash/logstash-core/lib/jars/log4j-core-2.12.1.jar
7f9106e97000-7f9106e9d000 r--s 0003e000 103:04 1582100                   /home/trofis/Documents/Worldline/autoPairing/logstash/logstash-core/lib/jars/log4j-api-2.12.1.jar
7f9106e9d000-7f9106ea0000 r--s 00006000 103:04 1582094                   /home/trofis/Documents/Worldline/autoPairing/logstash/logstash-core/lib/jars/jsr305-1.3.9.jar
7f9106ea0000-7f9106ed4000 rw-p 00000000 00:00 0 
7f9106ed4000-7f9107003000 r--s 017af000 103:04 1582114                   /home/trofis/Documents/Worldline/autoPairing/logstash/logstash-core/lib/jars/jruby-complete-9.2.9.0.jar
7f9107003000-7f910700e000 r--s 000b5000 103:04 1582124                   /home/trofis/Documents/Worldline/autoPairing/logstash/logstash-core/lib/jars/javassist-3.26.0-GA.jar
7f910700e000-7f910703e000 r--s 00245000 103:04 1582097                   /home/trofis/Documents/Worldline/autoPairing/logstash/logstash-core/lib/jars/guava-22.0.jar
7f910703e000-7f910703f000 ---p 00000000 00:00 0 
7f910703f000-7f910713f000 rw-p 00000000 00:00 0 
7f910713f000-7f9107142000 ---p 00000000 00:00 0 
7f9107142000-7f9107240000 rw-p 00000000 00:00 0 
7f9107240000-7f9107241000 ---p 00000000 00:00 0 
7f9107241000-7f9107244000 ---p 00000000 00:00 0 
7f9107244000-7f9107341000 rw-p 00000000 00:00 0 
7f9107341000-7f9107342000 ---p 00000000 00:00 0 
7f9107342000-7f9107345000 ---p 00000000 00:00 0 
7f9107345000-7f9107442000 rw-p 00000000 00:00 0 
7f9107442000-7f9107443000 ---p 00000000 00:00 0 
7f9107443000-7f9107446000 ---p 00000000 00:00 0 
7f9107446000-7f9107543000 rw-p 00000000 00:00 0 
7f9107543000-7f9107544000 ---p 00000000 00:00 0 
7f9107544000-7f9107547000 ---p 00000000 00:00 0 
7f9107547000-7f9107644000 rw-p 00000000 00:00 0 
7f9107644000-7f9107647000 ---p 00000000 00:00 0 
7f9107647000-7f9107745000 rw-p 00000000 00:00 0 
7f9107745000-7f9107748000 ---p 00000000 00:00 0 
7f9107748000-7f9107846000 rw-p 00000000 00:00 0 
7f9107846000-7f9107b2d000 r--p 00000000 103:04 2374792                   /usr/lib/locale/locale-archive
7f9107b2d000-7f9107b30000 ---p 00000000 00:00 0 
7f9107b30000-7f9107c2e000 rw-p 00000000 00:00 0 
7f9107c2e000-7f9107c31000 ---p 00000000 00:00 0 
7f9107c31000-7f9107d2f000 rw-p 00000000 00:00 0 
7f9107d2f000-7f9107d30000 ---p 00000000 00:00 0 
7f9107d30000-7f9107e30000 rw-p 00000000 00:00 0 
7f9107e30000-7f9108000000 r--s 03c68000 103:04 662574                    /usr/lib/jvm/java-8-openjdk/jre/lib/rt.jar
7f9108000000-7f9108021000 rw-p 00000000 00:00 0 
7f9108021000-7f910c000000 ---p 00000000 00:00 0 
7f910c000000-7f910c021000 rw-p 00000000 00:00 0 
7f910c021000-7f9110000000 ---p 00000000 00:00 0 
7f9110000000-7f9110021000 rw-p 00000000 00:00 0 
7f9110021000-7f9114000000 ---p 00000000 00:00 0 
7f9114000000-7f911402a000 rw-p 00000000 00:00 0 
7f911402a000-7f9118000000 ---p 00000000 00:00 0 
7f9118000000-7f9118002000 r--s 0000b000 103:04 1582096                   /home/trofis/Documents/Worldline/autoPairing/logstash/logstash-core/lib/jars/org.eclipse.core.filesystem-1.3.100.jar
7f9118002000-7f9118015000 r--s 00137000 103:04 1582117                   /home/trofis/Documents/Worldline/autoPairing/logstash/logstash-core/lib/jars/jackson-databind-2.9.10.1.jar
7f9118015000-7f911895c000 rw-p 00000000 00:00 0 
7f911895c000-7f9118a4a000 rw-p 00000000 00:00 0 
7f9118a4a000-7f9118a4b000 ---p 00000000 00:00 0 
7f9118a4b000-7f9119353000 rw-p 00000000 00:00 0 
7f9119353000-7f9119354000 ---p 00000000 00:00 0 
7f9119354000-7f9119454000 rw-p 00000000 00:00 0 
7f9119454000-7f9119455000 ---p 00000000 00:00 0 
7f9119455000-7f911c000000 rw-p 00000000 00:00 0 
7f911c000000-7f911c036000 rw-p 00000000 00:00 0 
7f911c036000-7f9120000000 ---p 00000000 00:00 0 
7f9120000000-7f9120021000 rw-p 00000000 00:00 0 
7f9120021000-7f9124000000 ---p 00000000 00:00 0 
7f9124000000-7f9124044000 rw-p 00000000 00:00 0 
7f9124044000-7f9128000000 ---p 00000000 00:00 0 
7f9128000000-7f9128026000 rw-p 00000000 00:00 0 
7f9128026000-7f912c000000 ---p 00000000 00:00 0 
7f912c000000-7f912c028000 rw-p 00000000 00:00 0 
7f912c028000-7f9130000000 ---p 00000000 00:00 0 
7f9130000000-7f913002f000 rw-p 00000000 00:00 0 
7f913002f000-7f9134000000 ---p 00000000 00:00 0 
7f9134000000-7f9134024000 rw-p 00000000 00:00 0 
7f9134024000-7f9138000000 ---p 00000000 00:00 0 
7f9138000000-7f9138001000 r--s 00004000 00:2e 225                        /tmp/jruby-152936/jruby3825868563087216316psych.jar
7f9138001000-7f9138002000 r--s 00005000 103:04 1582090                   /home/trofis/Documents/Worldline/autoPairing/logstash/logstash-core/lib/jars/log4j-slf4j-impl-2.12.1.jar
7f9138002000-7f913800e000 r--s 000c9000 103:04 1582116                   /home/trofis/Documents/Worldline/autoPairing/logstash/logstash-core/lib/jars/janino-3.1.0.jar
7f913800e000-7f9138010000 r--s 0000b000 103:04 1582101                   /home/trofis/Documents/Worldline/autoPairing/logstash/logstash-core/lib/jars/jackson-dataformat-cbor-2.9.10.jar
7f9138010000-7f9138bfb000 rw-p 00000000 00:00 0 
7f9138bfb000-7f9138bfc000 rw-p 00000000 00:00 0 
7f9138bfc000-7f9138bfd000 ---p 00000000 00:00 0 
7f9138bfd000-7f9138cfd000 rw-p 00000000 00:00 0 
7f9138cfd000-7f9138cfe000 ---p 00000000 00:00 0 
7f9138cfe000-7f9138dfe000 rw-p 00000000 00:00 0 
7f9138dfe000-7f9138dff000 ---p 00000000 00:00 0 
7f9138dff000-7f9138eff000 rw-p 00000000 00:00 0 
7f9138eff000-7f9138f00000 ---p 00000000 00:00 0 
7f9138f00000-7f9139000000 rw-p 00000000 00:00 0 
7f9139000000-7f913cc00000 rwxp 00000000 00:00 0 
7f913cc00000-7f9148000000 ---p 00000000 00:00 0 
7f9148000000-7f9149ef7000 rw-p 00000000 00:00 0 
7f9149ef7000-7f914c000000 ---p 00000000 00:00 0 
7f914c000000-7f914c004000 r--s 0004c000 103:04 1582105                   /home/trofis/Documents/Worldline/autoPairing/logstash/logstash-core/lib/jars/jackson-core-2.9.10.jar
7f914c004000-7f914c007000 r--s 0000e000 103:04 1582113                   /home/trofis/Documents/Worldline/autoPairing/logstash/logstash-core/lib/jars/jackson-annotations-2.9.10.jar
7f914c007000-7f914c009000 r--s 00001000 103:04 1582112                   /home/trofis/Documents/Worldline/autoPairing/logstash/logstash-core/lib/jars/j2objc-annotations-1.1.jar
7f914c009000-7f914c00e000 r--s 0003c000 103:04 1582104                   /home/trofis/Documents/Worldline/autoPairing/logstash/logstash-core/lib/jars/gradle-license-report-0.7.1.jar
7f914c00e000-7f914c012000 r--s 0002a000 103:04 1582111                   /home/trofis/Documents/Worldline/autoPairing/logstash/logstash-core/lib/jars/google-java-format-1.1.jar
7f914c012000-7f914c013000 r--s 00002000 103:04 1582095                   /home/trofis/Documents/Worldline/autoPairing/logstash/logstash-core/lib/jars/error_prone_annotations-2.0.18.jar
7f914c013000-7f914c01a000 r--s 0004e000 103:04 1582109                   /home/trofis/Documents/Worldline/autoPairing/logstash/logstash-core/lib/jars/commons-codec-1.13.jar
7f914c01a000-7f914c045000 rw-p 00000000 00:00 0 
7f914c045000-7f914c046000 ---p 00000000 00:00 0 
7f914c046000-7f914c146000 rw-p 00000000 00:00 0 
7f914c146000-7f914c147000 ---p 00000000 00:00 0 
7f914c147000-7f914c247000 rw-p 00000000 00:00 0 
7f914c247000-7f914c248000 ---p 00000000 00:00 0 
7f914c248000-7f914c348000 rw-p 00000000 00:00 0 
7f914c348000-7f914c349000 ---p 00000000 00:00 0 
7f914c349000-7f914c539000 rw-p 00000000 00:00 0 
7f914c539000-7f914c809000 ---p 00000000 00:00 0 
7f914c809000-7f914c80c000 r--p 00000000 103:04 662609                    /usr/lib/jvm/java-8-openjdk/jre/lib/amd64/libzip.so
7f914c80c000-7f914c810000 r-xp 00003000 103:04 662609                    /usr/lib/jvm/java-8-openjdk/jre/lib/amd64/libzip.so
7f914c810000-7f914c812000 r--p 00007000 103:04 662609                    /usr/lib/jvm/java-8-openjdk/jre/lib/amd64/libzip.so
7f914c812000-7f914c813000 r--p 00008000 103:04 662609                    /usr/lib/jvm/java-8-openjdk/jre/lib/amd64/libzip.so
7f914c813000-7f914c814000 rw-p 00009000 103:04 662609                    /usr/lib/jvm/java-8-openjdk/jre/lib/amd64/libzip.so
7f914c814000-7f914c821000 r--p 00000000 103:04 662588                    /usr/lib/jvm/java-8-openjdk/jre/lib/amd64/libjava.so
7f914c821000-7f914c837000 r-xp 0000d000 103:04 662588                    /usr/lib/jvm/java-8-openjdk/jre/lib/amd64/libjava.so
7f914c837000-7f914c83e000 r--p 00023000 103:04 662588                    /usr/lib/jvm/java-8-openjdk/jre/lib/amd64/libjava.so
7f914c83e000-7f914c83f000 r--p 00029000 103:04 662588                    /usr/lib/jvm/java-8-openjdk/jre/lib/amd64/libjava.so
7f914c83f000-7f914c840000 rw-p 0002a000 103:04 662588                    /usr/lib/jvm/java-8-openjdk/jre/lib/amd64/libjava.so
7f914c840000-7f914c841000 rw-p 00000000 00:00 0 
7f914c841000-7f914c844000 r--p 00000000 103:04 2368512                   /usr/lib/librt-2.31.so
7f914c844000-7f914c848000 r-xp 00003000 103:04 2368512                   /usr/lib/librt-2.31.so
7f914c848000-7f914c849000 r--p 00007000 103:04 2368512                   /usr/lib/librt-2.31.so
7f914c849000-7f914c84a000 ---p 00008000 103:04 2368512                   /usr/lib/librt-2.31.so
7f914c84a000-7f914c84b000 r--p 00008000 103:04 2368512                   /usr/lib/librt-2.31.so
7f914c84b000-7f914c84c000 rw-p 00009000 103:04 2368512                   /usr/lib/librt-2.31.so
7f914c84c000-7f914c84d000 ---p 00000000 00:00 0 
7f914c84d000-7f914c850000 ---p 00000000 00:00 0 
7f914c850000-7f914c94d000 rw-p 00000000 00:00 0 
7f914c94d000-7f914c95c000 r--p 00000000 103:04 2368476                   /usr/lib/libm-2.31.so
7f914c95c000-7f914c9f8000 r-xp 0000f000 103:04 2368476                   /usr/lib/libm-2.31.so
7f914c9f8000-7f914ca91000 r--p 000ab000 103:04 2368476                   /usr/lib/libm-2.31.so
7f914ca91000-7f914ca92000 r--p 00143000 103:04 2368476                   /usr/lib/libm-2.31.so
7f914ca92000-7f914ca93000 rw-p 00144000 103:04 2368476                   /usr/lib/libm-2.31.so
7f914ca93000-7f914cc85000 r--p 00000000 103:04 662612                    /usr/lib/jvm/java-8-openjdk/jre/lib/amd64/server/libjvm.so
7f914cc85000-7f914d531000 r-xp 001f2000 103:04 662612                    /usr/lib/jvm/java-8-openjdk/jre/lib/amd64/server/libjvm.so
7f914d531000-7f914d6d3000 r--p 00a9e000 103:04 662612                    /usr/lib/jvm/java-8-openjdk/jre/lib/amd64/server/libjvm.so
7f914d6d3000-7f914d6d4000 ---p 00c40000 103:04 662612                    /usr/lib/jvm/java-8-openjdk/jre/lib/amd64/server/libjvm.so
7f914d6d4000-7f914d769000 r--p 00c40000 103:04 662612                    /usr/lib/jvm/java-8-openjdk/jre/lib/amd64/server/libjvm.so
7f914d769000-7f914d791000 rw-p 00cd5000 103:04 662612                    /usr/lib/jvm/java-8-openjdk/jre/lib/amd64/server/libjvm.so
7f914d791000-7f914d7c4000 rw-p 00000000 00:00 0 
7f914d7c4000-7f914d7cb000 r--p 00000000 103:04 2368504                   /usr/lib/libpthread-2.31.so
7f914d7cb000-7f914d7db000 r-xp 00007000 103:04 2368504                   /usr/lib/libpthread-2.31.so
7f914d7db000-7f914d7e0000 r--p 00017000 103:04 2368504                   /usr/lib/libpthread-2.31.so
7f914d7e0000-7f914d7e1000 r--p 0001b000 103:04 2368504                   /usr/lib/libpthread-2.31.so
7f914d7e1000-7f914d7e2000 rw-p 0001c000 103:04 2368504                   /usr/lib/libpthread-2.31.so
7f914d7e2000-7f914d7e6000 rw-p 00000000 00:00 0 
7f914d7e6000-7f914d7e7000 r--p 00000000 103:04 2368470                   /usr/lib/libdl-2.31.so
7f914d7e7000-7f914d7e8000 r-xp 00001000 103:04 2368470                   /usr/lib/libdl-2.31.so
7f914d7e8000-7f914d7e9000 r--p 00002000 103:04 2368470                   /usr/lib/libdl-2.31.so
7f914d7e9000-7f914d7ea000 r--p 00002000 103:04 2368470                   /usr/lib/libdl-2.31.so
7f914d7ea000-7f914d7eb000 rw-p 00003000 103:04 2368470                   /usr/lib/libdl-2.31.so
7f914d7eb000-7f914d7ee000 r--p 00000000 103:04 2365659                   /usr/lib/libz.so.1.2.11
7f914d7ee000-7f914d7fc000 r-xp 00003000 103:04 2365659                   /usr/lib/libz.so.1.2.11
7f914d7fc000-7f914d802000 r--p 00011000 103:04 2365659                   /usr/lib/libz.so.1.2.11
7f914d802000-7f914d803000 ---p 00017000 103:04 2365659                   /usr/lib/libz.so.1.2.11
7f914d803000-7f914d804000 r--p 00017000 103:04 2365659                   /usr/lib/libz.so.1.2.11
7f914d804000-7f914d805000 rw-p 00018000 103:04 2365659                   /usr/lib/libz.so.1.2.11
7f914d805000-7f914d82a000 r--p 00000000 103:04 2368461                   /usr/lib/libc-2.31.so
7f914d82a000-7f914d976000 r-xp 00025000 103:04 2368461                   /usr/lib/libc-2.31.so
7f914d976000-7f914d9c1000 r--p 00171000 103:04 2368461                   /usr/lib/libc-2.31.so
7f914d9c1000-7f914d9c4000 r--p 001bb000 103:04 2368461                   /usr/lib/libc-2.31.so
7f914d9c4000-7f914d9c7000 rw-p 001be000 103:04 2368461                   /usr/lib/libc-2.31.so
7f914d9c7000-7f914d9cb000 rw-p 00000000 00:00 0 
7f914d9cb000-7f914d9d0000 r--s 0001f000 103:04 1582119                   /home/trofis/Documents/Worldline/autoPairing/logstash/logstash-core/lib/jars/commons-compiler-3.1.0.jar
7f914d9d0000-7f914d9d1000 r--s 00000000 103:04 1582118                   /home/trofis/Documents/Worldline/autoPairing/logstash/logstash-core/lib/jars/animal-sniffer-annotations-1.14.jar
7f914d9d1000-7f914d9d9000 rw-s 00000000 00:2e 222                        /tmp/hsperfdata_trofis/152936
7f914d9d9000-7f914d9dc000 r--p 00000000 103:04 2368497                   /usr/lib/libnss_files-2.31.so
7f914d9dc000-7f914d9e3000 r-xp 00003000 103:04 2368497                   /usr/lib/libnss_files-2.31.so
7f914d9e3000-7f914d9e5000 r--p 0000a000 103:04 2368497                   /usr/lib/libnss_files-2.31.so
7f914d9e5000-7f914d9e6000 r--p 0000b000 103:04 2368497                   /usr/lib/libnss_files-2.31.so
7f914d9e6000-7f914d9e7000 rw-p 0000c000 103:04 2368497                   /usr/lib/libnss_files-2.31.so
7f914d9e7000-7f914d9ee000 rw-p 00000000 00:00 0 
7f914d9ee000-7f914d9f3000 r--p 00000000 103:04 662608                    /usr/lib/jvm/java-8-openjdk/jre/lib/amd64/libverify.so
7f914d9f3000-7f914d9fa000 r-xp 00005000 103:04 662608                    /usr/lib/jvm/java-8-openjdk/jre/lib/amd64/libverify.so
7f914d9fa000-7f914d9fc000 r--p 0000c000 103:04 662608                    /usr/lib/jvm/java-8-openjdk/jre/lib/amd64/libverify.so
7f914d9fc000-7f914d9fd000 ---p 0000e000 103:04 662608                    /usr/lib/jvm/java-8-openjdk/jre/lib/amd64/libverify.so
7f914d9fd000-7f914d9ff000 r--p 0000e000 103:04 662608                    /usr/lib/jvm/java-8-openjdk/jre/lib/amd64/libverify.so
7f914d9ff000-7f914da00000 rw-p 00010000 103:04 662608                    /usr/lib/jvm/java-8-openjdk/jre/lib/amd64/libverify.so
7f914da00000-7f914da03000 r--p 00000000 103:04 662610                    /usr/lib/jvm/java-8-openjdk/jre/lib/amd64/jli/libjli.so
7f914da03000-7f914da0c000 r-xp 00003000 103:04 662610                    /usr/lib/jvm/java-8-openjdk/jre/lib/amd64/jli/libjli.so
7f914da0c000-7f914da0f000 r--p 0000c000 103:04 662610                    /usr/lib/jvm/java-8-openjdk/jre/lib/amd64/jli/libjli.so
7f914da0f000-7f914da10000 r--p 0000e000 103:04 662610                    /usr/lib/jvm/java-8-openjdk/jre/lib/amd64/jli/libjli.so
7f914da10000-7f914da11000 rw-p 0000f000 103:04 662610                    /usr/lib/jvm/java-8-openjdk/jre/lib/amd64/jli/libjli.so
7f914da11000-7f914da13000 rw-p 00000000 00:00 0 
7f914da13000-7f914da15000 r--p 00000000 103:04 2368449                   /usr/lib/ld-2.31.so
7f914da15000-7f914da35000 r-xp 00002000 103:04 2368449                   /usr/lib/ld-2.31.so
7f914da35000-7f914da3d000 r--p 00022000 103:04 2368449                   /usr/lib/ld-2.31.so
7f914da3d000-7f914da3e000 r--p 00000000 00:00 0 
7f914da3e000-7f914da3f000 r--p 0002a000 103:04 2368449                   /usr/lib/ld-2.31.so
7f914da3f000-7f914da40000 rw-p 0002b000 103:04 2368449                   /usr/lib/ld-2.31.so
7f914da40000-7f914da41000 rw-p 00000000 00:00 0 
7ffe1f217000-7ffe1f23b000 rw-p 00000000 00:00 0                          [stack]
7ffe1f3e5000-7ffe1f3e8000 r--p 00000000 00:00 0                          [vvar]
7ffe1f3e8000-7ffe1f3e9000 r-xp 00000000 00:00 0                          [vdso]
ffffffffff600000-ffffffffff601000 --xp 00000000 00:00 0                  [vsyscall]

VM Arguments:
jvm_args: -Xms1g -Xmx1g -XX:+UseConcMarkSweepGC -XX:CMSInitiatingOccupancyFraction=75 -XX:+UseCMSInitiatingOccupancyOnly -Djava.awt.headless=true -Dfile.encoding=UTF-8 -Djruby.compile.invokedynamic=true -Djruby.jit.threshold=0 -Djruby.regexp.interruptible=true -XX:+HeapDumpOnOutOfMemoryError -Djava.security.egd=file:/dev/urandom -Dlog4j2.isThreadContextMapInheritable=true 
java_command: org.logstash.Logstash -f /home/trofis/Documents/Worldline/autoPairing/config/logstash-config.conf -w 1
java_class_path (initial): /home/trofis/Documents/Worldline/autoPairing/logstash/logstash-core/lib/jars/animal-sniffer-annotations-1.14.jar:/home/trofis/Documents/Worldline/autoPairing/logstash/logstash-core/lib/jars/commons-codec-1.13.jar:/home/trofis/Documents/Worldline/autoPairing/logstash/logstash-core/lib/jars/commons-compiler-3.1.0.jar:/home/trofis/Documents/Worldline/autoPairing/logstash/logstash-core/lib/jars/error_prone_annotations-2.0.18.jar:/home/trofis/Documents/Worldline/autoPairing/logstash/logstash-core/lib/jars/google-java-format-1.1.jar:/home/trofis/Documents/Worldline/autoPairing/logstash/logstash-core/lib/jars/gradle-license-report-0.7.1.jar:/home/trofis/Documents/Worldline/autoPairing/logstash/logstash-core/lib/jars/guava-22.0.jar:/home/trofis/Documents/Worldline/autoPairing/logstash/logstash-core/lib/jars/j2objc-annotations-1.1.jar:/home/trofis/Documents/Worldline/autoPairing/logstash/logstash-core/lib/jars/jackson-annotations-2.9.10.jar:/home/trofis/Documents/Worldline/autoPairing/logstash/logstash-core/lib/jars/jackson-core-2.9.10.jar:/home/trofis/Documents/Worldline/autoPairing/logstash/logstash-core/lib/jars/jackson-databind-2.9.10.1.jar:/home/trofis/Documents/Worldline/autoPairing/logstash/logstash-core/lib/jars/jackson-dataformat-cbor-2.9.10.jar:/home/trofis/Documents/Worldline/autoPairing/logstash/logstash-core/lib/jars/janino-3.1.0.jar:/home/trofis/Documents/Worldline/autoPairing/logstash/logstash-core/lib/jars/javassist-3.26.0-GA.jar:/home/trofis/Documents/Worldline/autoPairing/logstash/logstash-core/lib/jars/jruby-complete-9.2.9.0.jar:/home/trofis/Documents/Worldline/autoPairing/logstash/logstash-core/lib/jars/jsr305-1.3.9.jar:/home/trofis/Documents/Worldline/autoPairing/logstash/logstash-core/lib/jars/log4j-api-2.12.1.jar:/home/trofis/Documents/Worldline/autoPairing/logstash/logstash-core/lib/jars/log4j-core-2.12.1.jar:/home/trofis/Documents/Worldline/autoPairing/logstash/logstash-core/lib/jars/log4j-slf4j-impl-2.12.1.jar:/home/trof
Launcher Type: SUN_STANDARD

Environment Variables:
PATH=/home/trofis/Documents/Worldline/autoPairing/logstash/vendor/bundle/jruby/2.5.0/bin:/usr/lib/node_modules/npm/node_modules/npm-lifecycle/node-gyp-bin:/home/trofis/Documents/auto-pairing-app/server/node_modules/.bin:/home/trofis/.local/bin:/usr/local/bin:/usr/local/sbin:/usr/bin:/usr/lib/jvm/default/bin:/usr/bin/site_perl:/usr/bin/vendor_perl:/usr/bin/core_perl:/var/lib/snapd/snap/bin
USERNAME=trofis
SHELL=/bin/bash
DISPLAY=:1

Signal Handlers:
SIGSEGV: [libjvm.so+0xa6a400], sa_mask[0]=11111111011111111101111111111110, sa_flags=SA_RESTART|SA_SIGINFO
SIGBUS: [libjvm.so+0xa6a400], sa_mask[0]=11111111011111111101111111111110, sa_flags=SA_RESTART|SA_SIGINFO
SIGFPE: [libjvm.so+0x8c7be0], sa_mask[0]=11111111011111111101111111111110, sa_flags=SA_RESTART|SA_SIGINFO
SIGPIPE: [libjvm.so+0x8c7be0], sa_mask[0]=11111111011111111101111111111110, sa_flags=SA_RESTART|SA_SIGINFO
SIGXFSZ: [libjvm.so+0x8c7be0], sa_mask[0]=11111111011111111101111111111110, sa_flags=SA_RESTART|SA_SIGINFO
SIGILL: [libjvm.so+0x8c7be0], sa_mask[0]=11111111011111111101111111111110, sa_flags=SA_RESTART|SA_SIGINFO
SIGUSR1: SIG_DFL, sa_mask[0]=00000000000000000000000000000000, sa_flags=none
SIGUSR2: [libjvm.so+0x8c7ab0], sa_mask[0]=00000000000000000000000000000000, sa_flags=SA_RESTART|SA_SIGINFO
SIGHUP: [libjvm.so+0x8c7e80], sa_mask[0]=11111111011111111101111111111110, sa_flags=SA_RESTART|SA_SIGINFO
SIGINT: [libjvm.so+0x8c7e80], sa_mask[0]=11111111011111111101111111111110, sa_flags=SA_RESTART|SA_SIGINFO
SIGTERM: [libjvm.so+0x8c7e80], sa_mask[0]=11111111011111111101111111111110, sa_flags=SA_RESTART|SA_SIGINFO
SIGQUIT: [libjvm.so+0x8c7e80], sa_mask[0]=11111111011111111101111111111110, sa_flags=SA_RESTART|SA_SIGINFO


---------------  S Y S T E M  ---------------

OS:DISTRIB_ID=ManjaroLinux
DISTRIB_RELEASE=20.0
DISTRIB_CODENAME=Lysia
DISTRIB_DESCRIPTION="Manjaro Linux"

uname:Linux 5.4.36-1-MANJARO #1 SMP PREEMPT Wed Apr 29 18:47:01 UTC 2020 x86_64
libc:glibc 2.31 NPTL 2.31 
rlimit: STACK 8192k, CORE infinity, NPROC 30891, NOFILE 524288, AS infinity
load average:1,34 1,71 1,83

/proc/meminfo:
MemTotal:        7927548 kB
MemFree:          207796 kB
MemAvailable:    1058388 kB
Buffers:           83944 kB
Cached:          2014820 kB
SwapCached:            0 kB
Active:          5457652 kB
Inactive:         918972 kB
Active(anon):    4885412 kB
Inactive(anon):   467004 kB
Active(file):     572240 kB
Inactive(file):   451968 kB
Unevictable:      733948 kB
Mlocked:              80 kB
SwapTotal:             0 kB
SwapFree:              0 kB
Dirty:               164 kB
Writeback:             4 kB
AnonPages:       5012344 kB
Mapped:           716020 kB
Shmem:           1243992 kB
KReclaimable:     113368 kB
Slab:             328012 kB
SReclaimable:     113368 kB
SUnreclaim:       214644 kB
KernelStack:       19872 kB
PageTables:        71084 kB
NFS_Unstable:          0 kB
Bounce:                0 kB
WritebackTmp:          0 kB
CommitLimit:     3963772 kB
Committed_AS:   19808760 kB
VmallocTotal:   34359738367 kB
VmallocUsed:       42176 kB
VmallocChunk:          0 kB
Percpu:             5760 kB
HardwareCorrupted:     0 kB
AnonHugePages:         0 kB
ShmemHugePages:        0 kB
ShmemPmdMapped:        0 kB
FileHugePages:         0 kB
FilePmdMapped:         0 kB
HugePages_Total:       0
HugePages_Free:        0
HugePages_Rsvd:        0
HugePages_Surp:        0
Hugepagesize:       2048 kB
Hugetlb:               0 kB
DirectMap4k:      549832 kB
DirectMap2M:     7612416 kB
DirectMap1G:           0 kB

container (cgroup) information:
container_type: cgroupv1
cpu_cpuset_cpus: 0-7
cpu_memory_nodes: 0
active_processor_count: 8
cpu_quota: -1
cpu_period: 100000
cpu_shares: -1
memory_limit_in_bytes: -1
memory_and_swap_limit_in_bytes: -1
memory_soft_limit_in_bytes: -1
memory_usage_in_bytes: 7185620992
memory_max_usage_in_bytes: 7396589568


CPU:total 8 (initial active 8) (4 cores per cpu, 2 threads per core) family 6 model 142 stepping 12, cmov, cx8, fxsr, mmx, sse, sse2, sse3, ssse3, sse4.1, sse4.2, popcnt, avx, avx2, aes, clmul, erms, 3dnowpref, lzcnt, ht, tsc, tscinvbit, bmi1, bmi2, adx

/proc/cpuinfo:
processor	: 0
vendor_id	: GenuineIntel
cpu family	: 6
model		: 142
model name	: Intel(R) Core(TM) i5-8265U CPU @ 1.60GHz
stepping	: 12
microcode	: 0xca
cpu MHz		: 1899.995
cache size	: 6144 KB
physical id	: 0
siblings	: 8
core id		: 0
cpu cores	: 4
apicid		: 0
initial apicid	: 0
fpu		: yes
fpu_exception	: yes
cpuid level	: 22
wp		: yes
flags		: fpu vme de pse tsc msr pae mce cx8 apic sep mtrr pge mca cmov pat pse36 clflush dts acpi mmx fxsr sse sse2 ss ht tm pbe syscall nx pdpe1gb rdtscp lm constant_tsc art arch_perfmon pebs bts rep_good nopl xtopology nonstop_tsc cpuid aperfmperf pni pclmulqdq dtes64 monitor ds_cpl vmx est tm2 ssse3 sdbg fma cx16 xtpr pdcm pcid sse4_1 sse4_2 x2apic movbe popcnt tsc_deadline_timer aes xsave avx f16c rdrand lahf_lm abm 3dnowprefetch cpuid_fault epb invpcid_single ssbd ibrs ibpb stibp ibrs_enhanced tpr_shadow vnmi flexpriority ept vpid ept_ad fsgsbase tsc_adjust bmi1 avx2 smep bmi2 erms invpcid mpx rdseed adx smap clflushopt intel_pt xsaveopt xsavec xgetbv1 xsaves dtherm ida arat pln pts hwp hwp_notify hwp_act_window hwp_epp md_clear flush_l1d arch_capabilities
bugs		: spectre_v1 spectre_v2 spec_store_bypass swapgs itlb_multihit
bogomips	: 3601.00
clflush size	: 64
cache_alignment	: 64
address sizes	: 39 bits physical, 48 bits virtual
power management:

processor	: 1
vendor_id	: GenuineIntel
cpu family	: 6
model		: 142
model name	: Intel(R) Core(TM) i5-8265U CPU @ 1.60GHz
stepping	: 12
microcode	: 0xca
cpu MHz		: 1899.990
cache size	: 6144 KB
physical id	: 0
siblings	: 8
core id		: 1
cpu cores	: 4
apicid		: 2
initial apicid	: 2
fpu		: yes
fpu_exception	: yes
cpuid level	: 22
wp		: yes
flags		: fpu vme de pse tsc msr pae mce cx8 apic sep mtrr pge mca cmov pat pse36 clflush dts acpi mmx fxsr sse sse2 ss ht tm pbe syscall nx pdpe1gb rdtscp lm constant_tsc art arch_perfmon pebs bts rep_good nopl xtopology nonstop_tsc cpuid aperfmperf pni pclmulqdq dtes64 monitor ds_cpl vmx est tm2 ssse3 sdbg fma cx16 xtpr pdcm pcid sse4_1 sse4_2 x2apic movbe popcnt tsc_deadline_timer aes xsave avx f16c rdrand lahf_lm abm 3dnowprefetch cpuid_fault epb invpcid_single ssbd ibrs ibpb stibp ibrs_enhanced tpr_shadow vnmi flexpriority ept vpid ept_ad fsgsbase tsc_adjust bmi1 avx2 smep bmi2 erms invpcid mpx rdseed adx smap clflushopt intel_pt xsaveopt xsavec xgetbv1 xsaves dtherm ida arat pln pts hwp hwp_notify hwp_act_window hwp_epp md_clear flush_l1d arch_capabilities
bugs		: spectre_v1 spectre_v2 spec_store_bypass swapgs itlb_multihit
bogomips	: 3601.00
clflush size	: 64
cache_alignment	: 64
address sizes	: 39 bits physical, 48 bits virtual
power management:

processor	: 2
vendor_id	: GenuineIntel
cpu family	: 6
model		: 142
model name	: Intel(R) Core(TM) i5-8265U CPU @ 1.60GHz
stepping	: 12
microcode	: 0xca
cpu MHz		: 1900.000
cache size	: 6144 KB
physical id	: 0
siblings	: 8
core id		: 2
cpu cores	: 4
apicid		: 4
initial apicid	: 4
fpu		: yes
fpu_exception	: yes
cpuid level	: 22
wp		: yes
flags		: fpu vme de pse tsc msr pae mce cx8 apic sep mtrr pge mca cmov pat pse36 clflush dts acpi mmx fxsr sse sse2 ss ht tm pbe syscall nx pdpe1gb rdtscp lm constant_tsc art arch_perfmon pebs bts rep_good nopl xtopology nonstop_tsc cpuid aperfmperf pni pclmulqdq dtes64 monitor ds_cpl vmx est tm2 ssse3 sdbg fma cx16 xtpr pdcm pcid sse4_1 sse4_2 x2apic movbe popcnt tsc_deadline_timer aes xsave avx f16c rdrand lahf_lm abm 3dnowprefetch cpuid_fault epb invpcid_single ssbd ibrs ibpb stibp ibrs_enhanced tpr_shadow vnmi flexpriority ept vpid ept_ad fsgsbase tsc_adjust bmi1 avx2 smep bmi2 erms invpcid mpx rdseed adx smap clflushopt intel_pt xsaveopt xsavec xgetbv1 xsaves dtherm ida arat pln pts hwp hwp_notify hwp_act_window hwp_epp md_clear flush_l1d arch_capabilities
bugs		: spectre_v1 spectre_v2 spec_store_bypass swapgs itlb_multihit
bogomips	: 3601.00
clflush size	: 64
cache_alignment	: 64
address sizes	: 39 bits physical, 48 bits virtual
power management:

processor	: 3
vendor_id	: GenuineIntel
cpu family	: 6
model		: 142
model name	: Intel(R) Core(TM) i5-8265U CPU @ 1.60GHz
stepping	: 12
microcode	: 0xca
cpu MHz		: 1899.999
cache size	: 6144 KB
physical id	: 0
siblings	: 8
core id		: 3
cpu cores	: 4
apicid		: 6
initial apicid	: 6
fpu		: yes
fpu_exception	: yes
cpuid level	: 22
wp		: yes
flags		: fpu vme de pse tsc msr pae mce cx8 apic sep mtrr pge mca cmov pat pse36 clflush dts acpi mmx fxsr sse sse2 ss ht tm pbe syscall nx pdpe1gb rdtscp lm constant_tsc art arch_perfmon pebs bts rep_good nopl xtopology nonstop_tsc cpuid aperfmperf pni pclmulqdq dtes64 monitor ds_cpl vmx est tm2 ssse3 sdbg fma cx16 xtpr pdcm pcid sse4_1 sse4_2 x2apic movbe popcnt tsc_deadline_timer aes xsave avx f16c rdrand lahf_lm abm 3dnowprefetch cpuid_fault epb invpcid_single ssbd ibrs ibpb stibp ibrs_enhanced tpr_shadow vnmi flexpriority ept vpid ept_ad fsgsbase tsc_adjust bmi1 avx2 smep bmi2 erms invpcid mpx rdseed adx smap clflushopt intel_pt xsaveopt xsavec xgetbv1 xsaves dtherm ida arat pln pts hwp hwp_notify hwp_act_window hwp_epp md_clear flush_l1d arch_capabilities
bugs		: spectre_v1 spectre_v2 spec_store_bypass swapgs itlb_multihit
bogomips	: 3601.00
clflush size	: 64
cache_alignment	: 64
address sizes	: 39 bits physical, 48 bits virtual
power management:

processor	: 4
vendor_id	: GenuineIntel
cpu family	: 6
model		: 142
model name	: Intel(R) Core(TM) i5-8265U CPU @ 1.60GHz
stepping	: 12
microcode	: 0xca
cpu MHz		: 1899.999
cache size	: 6144 KB
physical id	: 0
siblings	: 8
core id		: 0
cpu cores	: 4
apicid		: 1
initial apicid	: 1
fpu		: yes
fpu_exception	: yes
cpuid level	: 22
wp		: yes
flags		: fpu vme de pse tsc msr pae mce cx8 apic sep mtrr pge mca cmov pat pse36 clflush dts acpi mmx fxsr sse sse2 ss ht tm pbe syscall nx pdpe1gb rdtscp lm constant_tsc art arch_perfmon pebs bts rep_good nopl xtopology nonstop_tsc cpuid aperfmperf pni pclmulqdq dtes64 monitor ds_cpl vmx est tm2 ssse3 sdbg fma cx16 xtpr pdcm pcid sse4_1 sse4_2 x2apic movbe popcnt tsc_deadline_timer aes xsave avx f16c rdrand lahf_lm abm 3dnowprefetch cpuid_fault epb invpcid_single ssbd ibrs ibpb stibp ibrs_enhanced tpr_shadow vnmi flexpriority ept vpid ept_ad fsgsbase tsc_adjust bmi1 avx2 smep bmi2 erms invpcid mpx rdseed adx smap clflushopt intel_pt xsaveopt xsavec xgetbv1 xsaves dtherm ida arat pln pts hwp hwp_notify hwp_act_window hwp_epp md_clear flush_l1d arch_capabilities
bugs		: spectre_v1 spectre_v2 spec_store_bypass swapgs itlb_multihit
bogomips	: 3601.00
clflush size	: 64
cache_alignment	: 64
address sizes	: 39 bits physical, 48 bits virtual
power management:

processor	: 5
vendor_id	: GenuineIntel
cpu family	: 6
model		: 142
model name	: Intel(R) Core(TM) i5-8265U CPU @ 1.60GHz
stepping	: 12
microcode	: 0xca
cpu MHz		: 1900.002
cache size	: 6144 KB
physical id	: 0
siblings	: 8
core id		: 1
cpu cores	: 4
apicid		: 3
initial apicid	: 3
fpu		: yes
fpu_exception	: yes
cpuid level	: 22
wp		: yes
flags		: fpu vme de pse tsc msr pae mce cx8 apic sep mtrr pge mca cmov pat pse36 clflush dts acpi mmx fxsr sse sse2 ss ht tm pbe syscall nx pdpe1gb rdtscp lm constant_tsc art arch_perfmon pebs bts rep_good nopl xtopology nonstop_tsc cpuid aperfmperf pni pclmulqdq dtes64 monitor ds_cpl vmx est tm2 ssse3 sdbg fma cx16 xtpr pdcm pcid sse4_1 sse4_2 x2apic movbe popcnt tsc_deadline_timer aes xsave avx f16c rdrand lahf_lm abm 3dnowprefetch cpuid_fault epb invpcid_single ssbd ibrs ibpb stibp ibrs_enhanced tpr_shadow vnmi flexpriority ept vpid ept_ad fsgsbase tsc_adjust bmi1 avx2 smep bmi2 erms invpcid mpx rdseed adx smap clflushopt intel_pt xsaveopt xsavec xgetbv1 xsaves dtherm ida arat pln pts hwp hwp_notify hwp_act_window hwp_epp md_clear flush_l1d arch_capabilities
bugs		: spectre_v1 spectre_v2 spec_store_bypass swapgs itlb_multihit
bogomips	: 3601.00
clflush size	: 64
cache_alignment	: 64
address sizes	: 39 bits physical, 48 bits virtual
power management:

processor	: 6
vendor_id	: GenuineIntel
cpu family	: 6
model		: 142
model name	: Intel(R) Core(TM) i5-8265U CPU @ 1.60GHz
stepping	: 12
microcode	: 0xca
cpu MHz		: 1900.000
cache size	: 6144 KB
physical id	: 0
siblings	: 8
core id		: 2
cpu cores	: 4
apicid		: 5
initial apicid	: 5
fpu		: yes
fpu_exception	: yes
cpuid level	: 22
wp		: yes
flags		: fpu vme de pse tsc msr pae mce cx8 apic sep mtrr pge mca cmov pat pse36 clflush dts acpi mmx fxsr sse sse2 ss ht tm pbe syscall nx pdpe1gb rdtscp lm constant_tsc art arch_perfmon pebs bts rep_good nopl xtopology nonstop_tsc cpuid aperfmperf pni pclmulqdq dtes64 monitor ds_cpl vmx est tm2 ssse3 sdbg fma cx16 xtpr pdcm pcid sse4_1 sse4_2 x2apic movbe popcnt tsc_deadline_timer aes xsave avx f16c rdrand lahf_lm abm 3dnowprefetch cpuid_fault epb invpcid_single ssbd ibrs ibpb stibp ibrs_enhanced tpr_shadow vnmi flexpriority ept vpid ept_ad fsgsbase tsc_adjust bmi1 avx2 smep bmi2 erms invpcid mpx rdseed adx smap clflushopt intel_pt xsaveopt xsavec xgetbv1 xsaves dtherm ida arat pln pts hwp hwp_notify hwp_act_window hwp_epp md_clear flush_l1d arch_capabilities
bugs		: spectre_v1 spectre_v2 spec_store_bypass swapgs itlb_multihit
bogomips	: 3601.00
clflush size	: 64
cache_alignment	: 64
address sizes	: 39 bits physical, 48 bits virtual
power management:

processor	: 7
vendor_id	: GenuineIntel
cpu family	: 6
model		: 142
model name	: Intel(R) Core(TM) i5-8265U CPU @ 1.60GHz
stepping	: 12
microcode	: 0xca
cpu MHz		: 1899.998
cache size	: 6144 KB
physical id	: 0
siblings	: 8
core id		: 3
cpu cores	: 4
apicid		: 7
initial apicid	: 7
fpu		: yes
fpu_exception	: yes
cpuid level	: 22
wp		: yes
flags		: fpu vme de pse tsc msr pae mce cx8 apic sep mtrr pge mca cmov pat pse36 clflush dts acpi mmx fxsr sse sse2 ss ht tm pbe syscall nx pdpe1gb rdtscp lm constant_tsc art arch_perfmon pebs bts rep_good nopl xtopology nonstop_tsc cpuid aperfmperf pni pclmulqdq dtes64 monitor ds_cpl vmx est tm2 ssse3 sdbg fma cx16 xtpr pdcm pcid sse4_1 sse4_2 x2apic movbe popcnt tsc_deadline_timer aes xsave avx f16c rdrand lahf_lm abm 3dnowprefetch cpuid_fault epb invpcid_single ssbd ibrs ibpb stibp ibrs_enhanced tpr_shadow vnmi flexpriority ept vpid ept_ad fsgsbase tsc_adjust bmi1 avx2 smep bmi2 erms invpcid mpx rdseed adx smap clflushopt intel_pt xsaveopt xsavec xgetbv1 xsaves dtherm ida arat pln pts hwp hwp_notify hwp_act_window hwp_epp md_clear flush_l1d arch_capabilities
bugs		: spectre_v1 spectre_v2 spec_store_bypass swapgs itlb_multihit
bogomips	: 3601.00
clflush size	: 64
cache_alignment	: 64
address sizes	: 39 bits physical, 48 bits virtual
power management:



Memory: 4k page, physical 7927548k(202796k free), swap 0k(0k free)

vm_info: OpenJDK 64-Bit Server VM (25.242-b08) for linux-amd64 JRE (1.8.0_242-b08), built on Jan 26 2020 11:52:10 by "builduser" with gcc 9.2.0

time: Sat May 16 10:43:05 2020
timezone: CEST
elapsed time: 309 seconds (0d 0h 5m 9s)

