#
# A fatal error has been detected by the Java Runtime Environment:
#
#  SIGSEGV (0xb) at pc=0x00007fe65165aae9, pid=148035, tid=0x00007fe651ac3400
#
# JRE version: OpenJDK Runtime Environment (8.0_242-b08) (build 1.8.0_242-b08)
# Java VM: OpenJDK 64-Bit Server VM (25.242-b08 mixed mode linux-amd64 compressed oops)
# Problematic frame:
# V  [libjvm.so+0x8c7ae9]
#
# Core dump written. Default location: /home/trofis/Documents/auto-pairing-app/server/core or core.148035
#
# If you would like to submit a bug report, please visit:
#   http://bugreport.java.com/bugreport/crash.jsp
#

---------------  T H R E A D  ---------------

Current thread is native thread

siginfo: si_signo: 11 (SIGSEGV), si_code: 1 (SEGV_MAPERR), si_addr: 0x0000000000000110

Registers:
RAX=0x0000000000000000, RBX=0x00007fe651ac3380, RCX=0x00007fe651acea67, RDX=0x00007fe651ac3400
RSP=0x00007fff870172f0, RBP=0x00007fff870173b0, RSI=0x00007fff870174f0, RDI=0x0000000000000001
R8 =0x0000000000000000, R9 =0x00007fe650c4c700, R10=0x0000000000000000, R11=0x0000000000000246
R12=0x00007fff870174f0, R13=0x00007fe650c4c9d0, R14=0x0000000000000000, R15=0x00007fe650c4c700
RIP=0x00007fe65165aae9, EFLAGS=0x0000000000010246, CSGSFS=0x002b000000000033, ERR=0x0000000000000004
  TRAPNO=0x000000000000000e

Top of Stack: (sp=0x00007fff870172f0)
0x00007fff870172f0:   00000000870173c0 00007fff870173c0
0x00007fff87017300:   00007fff87010000 0000000000000000
0x00007fff87017310:   00007fff870179e8 0000000000000000
0x00007fff87017320:   ffffffffffffffff 0000000000000000
0x00007fff87017330:   0000000000000000 0000000000000002
0x00007fff87017340:   00007fff87017580 00007fe651cc1520
0x00007fff87017350:   0000000000000000 00007fe651cc6000
0x00007fff87017360:   0000000000000000 0000000000000000
0x00007fff87017370:   0000000000000000 00007fff87017560
0x00007fff87017380:   0000000100000001 00000000000000ca
0x00007fff87017390:   000000000002424f 00007fe650c4c9d0
0x00007fff870173a0:   0000000000100000 00007fe650c4c700
0x00007fff870173b0:   00007fff87017b28 00007fe651b40d70
0x00007fff870173c0:   0000000000000007 0000000000000000
0x00007fff870173d0:   0000000000000000 00007fff00000002
0x00007fff870173e0:   0000000000000000 0000000000000000
0x00007fff870173f0:   00007fe650c4c700 0000000000000000
0x00007fff87017400:   0000000000000246 000000000002424f
0x00007fff87017410:   00007fe650c4c9d0 0000000000100000
0x00007fff87017420:   00007fe650c4c700 00007fe650c4c9d0
0x00007fff87017430:   0000000000000000 00007fff87017b28
0x00007fff87017440:   00000000000000ca 000000000002424f
0x00007fff87017450:   00000000000000ca 00007fe651acea67
0x00007fff87017460:   00007fff87017a80 00007fe651acea65
0x00007fff87017470:   0000000000000246 002b000000000033
0x00007fff87017480:   0000000000000000 0000000000000000
0x00007fff87017490:   0000000000000000 0000000000000000
0x00007fff870174a0:   00007fff87017580 00007fe651b6fa98
0x00007fff870174b0:   00007fe651d0c2a0 0000000000000018
0x00007fff870174c0:   0000000000000001 0000000000000000
0x00007fff870174d0:   0000000000000000 0000000000000000
0x00007fff870174e0:   ffffffffffffffff 0000000000000000 

Instructions: (pc=0x00007fe65165aae9)
0x00007fe65165aac9:   95 48 ff ff ff ff 15 74 db 40 00 44 8b 30 48 89
0x00007fe65165aad9:   c3 48 8d 05 67 23 42 00 8b 38 ff 15 a7 e1 40 00
0x00007fe65165aae9:   4c 8b a8 10 01 00 00 41 8b 85 a8 00 00 00 83 f8
0x00007fe65165aaf9:   01 74 1c 44 89 33 48 81 c4 98 00 00 00 5b 41 5c 

Register to memory mapping:

RAX=0x0000000000000000 is an unknown value
RBX=0x00007fe651ac3380 is an unknown value
RCX=0x00007fe651acea67: <offset 0xaa67> in /usr/lib/libpthread.so.0 at 0x00007fe651ac4000
RDX=0x00007fe651ac3400 is an unknown value
RSP=0x00007fff870172f0 is an unknown value
RBP=0x00007fff870173b0 is an unknown value
RSI=0x00007fff870174f0 is an unknown value
RDI=0x0000000000000001 is an unknown value
R8 =0x0000000000000000 is an unknown value
R9 =0x00007fe650c4c700 is pointing into the stack for thread: 0x00007fe64c00d000
R10=0x0000000000000000 is an unknown value
R11=0x0000000000000246 is an unknown value
R12=0x00007fff870174f0 is an unknown value
R13=0x00007fe650c4c9d0 is pointing into the stack for thread: 0x00007fe64c00d000
R14=0x0000000000000000 is an unknown value
R15=0x00007fe650c4c700 is pointing into the stack for thread: 0x00007fe64c00d000


Stack: [0x00007fff86f21000,0x00007fff87021000],  sp=0x00007fff870172f0,  free space=984k
Native frames: (J=compiled Java code, j=interpreted, Vv=VM code, C=native code)
V  [libjvm.so+0x8c7ae9]
C  [libc.so.6+0x3bd70]


---------------  P R O C E S S  ---------------

VM state:not at safepoint (normal execution)

VM Mutex/Monitor currently owned by a thread: None

heap address: 0x00000000c0000000, size: 1024 MB, Compressed Oops mode: 32-bit
Narrow klass base: 0x0000000000000000, Narrow klass shift: 3
Compressed class space size: 1073741824 Address: 0x0000000100000000

Heap:
 par new generation   total 314560K, used 83618K [0x00000000c0000000, 0x00000000d5550000, 0x00000000d5550000)
  eden space 279616K,  23% used [0x00000000c0000000, 0x00000000c414fc08, 0x00000000d1110000)
  from space 34944K,  47% used [0x00000000d3330000, 0x00000000d4388c78, 0x00000000d5550000)
  to   space 34944K,   0% used [0x00000000d1110000, 0x00000000d1110000, 0x00000000d3330000)
 concurrent mark-sweep generation total 699072K, used 123991K [0x00000000d5550000, 0x0000000100000000, 0x0000000100000000)
 Metaspace       used 90259K, capacity 107785K, committed 108076K, reserved 1138688K
  class space    used 13915K, capacity 18388K, committed 18484K, reserved 1048576K

Card table byte_map: [0x00007fe63ccfe000,0x00007fe63ceff000] byte_map_base: 0x00007fe63c6fe000

Marking Bits: (CMSBitMap*) 0x00007fe64c096098
 Bits: [0x00007fe61f555000, 0x00007fe61ffffc00)

Mod Union Table: (CMSBitMap*) 0x00007fe64c096158
 Bits: [0x00007fe650017000, 0x00007fe650041ab0)

Polling page: 0x00007fe651d3d000

CodeCache: size=245760Kb used=57449Kb max_used=61503Kb free=188310Kb
 bounds [0x00007fe63d000000, 0x00007fe640c70000, 0x00007fe64c000000]
 total_blobs=12353 nmethods=11577 adapters=689
 compilation: enabled

Compilation events (10 events):
Event: 138,571 Thread 0x00007fe64c137800 16197       3       home.trofis.Documents.Worldline.autoPairing.logstash.vendor.bundle.jruby.$2_dot_5_dot_0.gems.concurrent_minus_ruby_minus_1_dot_1_dot_6.lib.concurrent_minus_ruby.concurrent.concern.obligation::RUBY$method$incomplete?$0 (27 bytes)
Event: 138,578 Thread 0x00007fe64c137800 nmethod 16197 0x00007fe640330810 code [0x00007fe640330de0, 0x00007fe640334818]
Event: 138,619 Thread 0x00007fe64c137800 16198   !   3       home.trofis.Documents.Worldline.autoPairing.logstash.logstash_minus_core.lib.logstash.instrument.periodic_poller.os::RUBY$block$save_metric$1 (191 bytes)
Event: 138,637 Thread 0x00007fe64c137800 nmethod 16198 0x00007fe6407e9c50 code [0x00007fe6407ea8e0, 0x00007fe6407f3d38]
Event: 138,693 Thread 0x00007fe64c137800 16199       3       org.jruby.RubyInteger::to_i (2 bytes)
Event: 138,693 Thread 0x00007fe64c133800 16200       4       org.logstash.instrument.metrics.AbstractSimpleMetricExt::gauge (10 bytes)
Event: 138,693 Thread 0x00007fe64c137800 nmethod 16199 0x00007fe63e653050 code [0x00007fe63e6531a0, 0x00007fe63e6532f0]
Event: 138,694 Thread 0x00007fe64c133800 nmethod 16200 0x00007fe63d455710 code [0x00007fe63d455860, 0x00007fe63d455908]
Event: 138,695 Thread 0x00007fe64c137800 16201       3       java.lang.invoke.LambdaForm$reinvoker/970900790::dontInline (28 bytes)
Event: 138,695 Thread 0x00007fe64c137800 nmethod 16201 0x00007fe63da2bc50 code [0x00007fe63da2be00, 0x00007fe63da2c378]

GC Heap History (10 events):
Event: 25,276 GC heap before
{Heap before GC invocations=7 (full 2):
 par new generation   total 314560K, used 164507K [0x00000000c0000000, 0x00000000d5550000, 0x00000000d5550000)
  eden space 279616K,  46% used [0x00000000c0000000, 0x00000000c7e86e98, 0x00000000d1110000)
  from space 34944K, 100% used [0x00000000d3330000, 0x00000000d5550000, 0x00000000d5550000)
  to   space 34944K,   0% used [0x00000000d1110000, 0x00000000d1110000, 0x00000000d3330000)
 concurrent mark-sweep generation total 699072K, used 94521K [0x00000000d5550000, 0x0000000100000000, 0x0000000100000000)
 Metaspace       used 74374K, capacity 87927K, committed 88096K, reserved 1122304K
  class space    used 12292K, capacity 15783K, committed 15796K, reserved 1048576K
Event: 25,854 GC heap after
Heap after GC invocations=8 (full 3):
 par new generation   total 314560K, used 0K [0x00000000c0000000, 0x00000000d5550000, 0x00000000d5550000)
  eden space 279616K,   0% used [0x00000000c0000000, 0x00000000c0000000, 0x00000000d1110000)
  from space 34944K,   0% used [0x00000000d3330000, 0x00000000d3330000, 0x00000000d5550000)
  to   space 34944K,   0% used [0x00000000d1110000, 0x00000000d1110000, 0x00000000d3330000)
 concurrent mark-sweep generation total 699072K, used 107763K [0x00000000d5550000, 0x0000000100000000, 0x0000000100000000)
 Metaspace       used 74267K, capacity 87735K, committed 88096K, reserved 1122304K
  class space    used 12272K, capacity 15735K, committed 15796K, reserved 1048576K
}
Event: 30,522 GC heap before
{Heap before GC invocations=8 (full 4):
 par new generation   total 314560K, used 279616K [0x00000000c0000000, 0x00000000d5550000, 0x00000000d5550000)
  eden space 279616K, 100% used [0x00000000c0000000, 0x00000000d1110000, 0x00000000d1110000)
  from space 34944K,   0% used [0x00000000d3330000, 0x00000000d3330000, 0x00000000d5550000)
  to   space 34944K,   0% used [0x00000000d1110000, 0x00000000d1110000, 0x00000000d3330000)
 concurrent mark-sweep generation total 699072K, used 107763K [0x00000000d5550000, 0x0000000100000000, 0x0000000100000000)
 Metaspace       used 86267K, capacity 101053K, committed 101292K, reserved 1132544K
  class space    used 13511K, capacity 17323K, committed 17332K, reserved 1048576K
Event: 30,545 GC heap after
Heap after GC invocations=9 (full 4):
 par new generation   total 314560K, used 34944K [0x00000000c0000000, 0x00000000d5550000, 0x00000000d5550000)
  eden space 279616K,   0% used [0x00000000c0000000, 0x00000000c0000000, 0x00000000d1110000)
  from space 34944K, 100% used [0x00000000d1110000, 0x00000000d3330000, 0x00000000d3330000)
  to   space 34944K,   0% used [0x00000000d3330000, 0x00000000d3330000, 0x00000000d5550000)
 concurrent mark-sweep generation total 699072K, used 111039K [0x00000000d5550000, 0x0000000100000000, 0x0000000100000000)
 Metaspace       used 86267K, capacity 101053K, committed 101292K, reserved 1132544K
  class space    used 13511K, capacity 17323K, committed 17332K, reserved 1048576K
}
Event: 94,138 GC heap before
{Heap before GC invocations=9 (full 4):
 par new generation   total 314560K, used 314560K [0x00000000c0000000, 0x00000000d5550000, 0x00000000d5550000)
  eden space 279616K, 100% used [0x00000000c0000000, 0x00000000d1110000, 0x00000000d1110000)
  from space 34944K, 100% used [0x00000000d1110000, 0x00000000d3330000, 0x00000000d3330000)
  to   space 34944K,   0% used [0x00000000d3330000, 0x00000000d3330000, 0x00000000d5550000)
 concurrent mark-sweep generation total 699072K, used 109683K [0x00000000d5550000, 0x0000000100000000, 0x0000000100000000)
 Metaspace       used 89684K, capacity 106573K, committed 106668K, reserved 1138688K
  class space    used 13879K, capacity 18300K, committed 18356K, reserved 1048576K
Event: 94,182 GC heap after
Heap after GC invocations=10 (full 4):
 par new generation   total 314560K, used 18032K [0x00000000c0000000, 0x00000000d5550000, 0x00000000d5550000)
  eden space 279616K,   0% used [0x00000000c0000000, 0x00000000c0000000, 0x00000000d1110000)
  from space 34944K,  51% used [0x00000000d3330000, 0x00000000d44cc328, 0x00000000d5550000)
  to   space 34944K,   0% used [0x00000000d1110000, 0x00000000d1110000, 0x00000000d3330000)
 concurrent mark-sweep generation total 699072K, used 123991K [0x00000000d5550000, 0x0000000100000000, 0x0000000100000000)
 Metaspace       used 89684K, capacity 106573K, committed 106668K, reserved 1138688K
  class space    used 13879K, capacity 18300K, committed 18356K, reserved 1048576K
}
Event: 97,889 GC heap before
{Heap before GC invocations=10 (full 4):
 par new generation   total 314560K, used 297648K [0x00000000c0000000, 0x00000000d5550000, 0x00000000d5550000)
  eden space 279616K, 100% used [0x00000000c0000000, 0x00000000d1110000, 0x00000000d1110000)
  from space 34944K,  51% used [0x00000000d3330000, 0x00000000d44cc328, 0x00000000d5550000)
  to   space 34944K,   0% used [0x00000000d1110000, 0x00000000d1110000, 0x00000000d3330000)
 concurrent mark-sweep generation total 699072K, used 123991K [0x00000000d5550000, 0x0000000100000000, 0x0000000100000000)
 Metaspace       used 90015K, capacity 107221K, committed 107436K, reserved 1138688K
  class space    used 13887K, capacity 18317K, committed 18356K, reserved 1048576K
Event: 97,911 GC heap after
Heap after GC invocations=11 (full 4):
 par new generation   total 314560K, used 18079K [0x00000000c0000000, 0x00000000d5550000, 0x00000000d5550000)
  eden space 279616K,   0% used [0x00000000c0000000, 0x00000000c0000000, 0x00000000d1110000)
  from space 34944K,  51% used [0x00000000d1110000, 0x00000000d22b7e00, 0x00000000d3330000)
  to   space 34944K,   0% used [0x00000000d3330000, 0x00000000d3330000, 0x00000000d5550000)
 concurrent mark-sweep generation total 699072K, used 123991K [0x00000000d5550000, 0x0000000100000000, 0x0000000100000000)
 Metaspace       used 90015K, capacity 107221K, committed 107436K, reserved 1138688K
  class space    used 13887K, capacity 18317K, committed 18356K, reserved 1048576K
}
Event: 100,040 GC heap before
{Heap before GC invocations=11 (full 4):
 par new generation   total 314560K, used 297695K [0x00000000c0000000, 0x00000000d5550000, 0x00000000d5550000)
  eden space 279616K, 100% used [0x00000000c0000000, 0x00000000d1110000, 0x00000000d1110000)
  from space 34944K,  51% used [0x00000000d1110000, 0x00000000d22b7e00, 0x00000000d3330000)
  to   space 34944K,   0% used [0x00000000d3330000, 0x00000000d3330000, 0x00000000d5550000)
 concurrent mark-sweep generation total 699072K, used 123991K [0x00000000d5550000, 0x0000000100000000, 0x0000000100000000)
 Metaspace       used 90049K, capacity 107287K, committed 107436K, reserved 1138688K
  class space    used 13893K, capacity 18328K, committed 18356K, reserved 1048576K
Event: 100,058 GC heap after
Heap after GC invocations=12 (full 4):
 par new generation   total 314560K, used 16739K [0x00000000c0000000, 0x00000000d5550000, 0x00000000d5550000)
  eden space 279616K,   0% used [0x00000000c0000000, 0x00000000c0000000, 0x00000000d1110000)
  from space 34944K,  47% used [0x00000000d3330000, 0x00000000d4388c78, 0x00000000d5550000)
  to   space 34944K,   0% used [0x00000000d1110000, 0x00000000d1110000, 0x00000000d3330000)
 concurrent mark-sweep generation total 699072K, used 123991K [0x00000000d5550000, 0x0000000100000000, 0x0000000100000000)
 Metaspace       used 90049K, capacity 107287K, committed 107436K, reserved 1138688K
  class space    used 13893K, capacity 18328K, committed 18356K, reserved 1048576K
}

Deoptimization events (10 events):
Event: 116,118 Thread 0x00007fe5ac005000 Uncommon trap: reason=unstable_if action=reinterpret pc=0x00007fe640b5ddb4 method=org.logstash.Event.getField(Ljava/lang/String;)Ljava/lang/Object; @ 10
Event: 116,129 Thread 0x00007fe5ac005000 Uncommon trap: reason=unstable_if action=reinterpret pc=0x00007fe63ff50134 method=java.lang.String.regionMatches(ILjava/lang/String;II)Z @ 55
Event: 116,130 Thread 0x00007fe5ac005000 Uncommon trap: reason=intrinsic action=reinterpret pc=0x00007fe6402d2b50 method=java.lang.invoke.LambdaForm$MH/2006166872.guard(Ljava/lang/Object;Ljava/lang/Object;Ljava/lang/Object;Ljava/lang/Object;Ljava/lang/Object;)Ljava/lang/Object; @ 53
Event: 116,140 Thread 0x00007fe5ac005000 Uncommon trap: reason=intrinsic action=reinterpret pc=0x00007fe63e45ad60 method=java.lang.invoke.LambdaForm$MH/633514467.guard(Ljava/lang/Object;Ljava/lang/Object;Ljava/lang/Object;Ljava/lang/Object;)Ljava/lang/Object; @ 51
Event: 118,947 Thread 0x00007fe5ac005000 Uncommon trap: reason=unstable_if action=reinterpret pc=0x00007fe63e3448bc method=org.jruby.RubyThread.tryLock(Ljava/util/concurrent/locks/Lock;)Z @ 32
Event: 129,488 Thread 0x00007fe5ac0c9800 Uncommon trap: reason=class_check action=maybe_recompile pc=0x00007fe63dffde38 method=org.jruby.internal.runtime.methods.SynchronizedDynamicMethod.call(Lorg/jruby/runtime/ThreadContext;Lorg/jruby/runtime/builtin/IRubyObject;Lorg/jruby/RubyModule;Ljava/lan
Event: 129,489 Thread 0x00007fe5ac0c9800 Uncommon trap: reason=class_check action=maybe_recompile pc=0x00007fe63dffde38 method=org.jruby.internal.runtime.methods.SynchronizedDynamicMethod.call(Lorg/jruby/runtime/ThreadContext;Lorg/jruby/runtime/builtin/IRubyObject;Lorg/jruby/RubyModule;Ljava/lan
Event: 130,395 Thread 0x00007fe5a0232000 Uncommon trap: reason=unstable_if action=reinterpret pc=0x00007fe63e4eefe0 method=java.util.concurrent.locks.AbstractQueuedSynchronizer$ConditionObject.awaitNanos(J)J @ 131
Event: 130,395 Thread 0x00007fe5a0011000 Uncommon trap: reason=unstable_if action=reinterpret pc=0x00007fe63e4eefe0 method=java.util.concurrent.locks.AbstractQueuedSynchronizer$ConditionObject.awaitNanos(J)J @ 131
Event: 133,565 Thread 0x00007fe5d0001800 Uncommon trap: reason=unstable_if action=reinterpret pc=0x00007fe63d2b11d8 method=java.lang.invoke.MethodHandleImpl$CountingWrapper.countDown()Z @ 11

Classes redefined (0 events):
No events

Internal exceptions (10 events):
Event: 30,340 Thread 0x00007fe5ac005000 Exception <a 'java/lang/ArrayIndexOutOfBoundsException'> (0x00000000cfe2ef08) thrown at [/build/java8-openjdk/src/jdk8u-jdk8u242-b08/hotspot/src/share/vm/runtime/sharedRuntime.cpp, line 605]
Event: 30,368 Thread 0x00007fe5ac005000 Exception <a 'java/lang/ArrayIndexOutOfBoundsException'> (0x00000000d0099750) thrown at [/build/java8-openjdk/src/jdk8u-jdk8u242-b08/hotspot/src/share/vm/runtime/sharedRuntime.cpp, line 605]
Event: 30,398 Thread 0x00007fe5ac005000 Exception <a 'java/lang/ArrayIndexOutOfBoundsException'> (0x00000000d02f7448) thrown at [/build/java8-openjdk/src/jdk8u-jdk8u242-b08/hotspot/src/share/vm/runtime/sharedRuntime.cpp, line 605]
Event: 30,423 Thread 0x00007fe5ac005000 Exception <a 'java/lang/ArrayIndexOutOfBoundsException'> (0x00000000d04def18) thrown at [/build/java8-openjdk/src/jdk8u-jdk8u242-b08/hotspot/src/share/vm/runtime/sharedRuntime.cpp, line 605]
Event: 30,437 Thread 0x00007fe5ac005000 Exception <a 'java/lang/ArrayIndexOutOfBoundsException'> (0x00000000d0672bd0) thrown at [/build/java8-openjdk/src/jdk8u-jdk8u242-b08/hotspot/src/share/vm/runtime/sharedRuntime.cpp, line 605]
Event: 30,450 Thread 0x00007fe5ac005000 Exception <a 'java/lang/ArrayIndexOutOfBoundsException'> (0x00000000d07d5f08) thrown at [/build/java8-openjdk/src/jdk8u-jdk8u242-b08/hotspot/src/share/vm/runtime/sharedRuntime.cpp, line 605]
Event: 30,460 Thread 0x00007fe5ac005000 Exception <a 'java/lang/ArrayIndexOutOfBoundsException'> (0x00000000d08eb860) thrown at [/build/java8-openjdk/src/jdk8u-jdk8u242-b08/hotspot/src/share/vm/runtime/sharedRuntime.cpp, line 605]
Event: 30,472 Thread 0x00007fe5ac005000 Exception <a 'java/lang/ArrayIndexOutOfBoundsException'> (0x00000000d0a4a1b0) thrown at [/build/java8-openjdk/src/jdk8u-jdk8u242-b08/hotspot/src/share/vm/runtime/sharedRuntime.cpp, line 605]
Event: 92,029 Thread 0x00007fe5ac0c9800 Implicit null exception at 0x00007fe63d93b7d7 to 0x00007fe63d93bcd9
Event: 116,118 Thread 0x00007fe5ac005000 Implicit null exception at 0x00007fe640b5b93e to 0x00007fe640b5dd91

Events (10 events):
Event: 129,489 Thread 0x00007fe5ac0c9800 DEOPT UNPACKING pc=0x00007fe63d04547a sp=0x00007fe5dc1b5da0 mode 2
Event: 130,395 Thread 0x00007fe5a0232000 Uncommon trap: trap_request=0xffffff65 fr.pc=0x00007fe63e4eefe0
Event: 130,395 Thread 0x00007fe5a0232000 DEOPT PACKING pc=0x00007fe63e4eefe0 sp=0x00007fe59abf46d0
Event: 130,395 Thread 0x00007fe5a0232000 DEOPT UNPACKING pc=0x00007fe63d04547a sp=0x00007fe59abf46b0 mode 2
Event: 130,395 Thread 0x00007fe5a0011000 Uncommon trap: trap_request=0xffffff65 fr.pc=0x00007fe63e4eefe0
Event: 130,395 Thread 0x00007fe5a0011000 DEOPT PACKING pc=0x00007fe63e4eefe0 sp=0x00007fe59aef76d0
Event: 130,395 Thread 0x00007fe5a0011000 DEOPT UNPACKING pc=0x00007fe63d04547a sp=0x00007fe59aef76b0 mode 2
Event: 133,565 Thread 0x00007fe5d0001800 Uncommon trap: trap_request=0xffffff65 fr.pc=0x00007fe63d2b11d8
Event: 133,565 Thread 0x00007fe5d0001800 DEOPT PACKING pc=0x00007fe63d2b11d8 sp=0x00007fe5dcabf860
Event: 133,565 Thread 0x00007fe5d0001800 DEOPT UNPACKING pc=0x00007fe63d04547a sp=0x00007fe5dcabf770 mode 2


Dynamic libraries:
c0000000-10120d000 rw-p 00000000 00:00 0 
10120d000-140000000 ---p 00000000 00:00 0 
564138ffa000-564138ffb000 r--p 00000000 103:04 662552                    /usr/lib/jvm/java-8-openjdk/jre/bin/java
564138ffb000-564138ffc000 r-xp 00001000 103:04 662552                    /usr/lib/jvm/java-8-openjdk/jre/bin/java
564138ffc000-564138ffd000 r--p 00002000 103:04 662552                    /usr/lib/jvm/java-8-openjdk/jre/bin/java
564138ffd000-564138ffe000 r--p 00002000 103:04 662552                    /usr/lib/jvm/java-8-openjdk/jre/bin/java
564138ffe000-564138fff000 rw-p 00003000 103:04 662552                    /usr/lib/jvm/java-8-openjdk/jre/bin/java
56413ad32000-56413adb4000 rw-p 00000000 00:00 0                          [heap]
7fe55c000000-7fe55c021000 rw-p 00000000 00:00 0 
7fe55c021000-7fe560000000 ---p 00000000 00:00 0 
7fe560000000-7fe560021000 rw-p 00000000 00:00 0 
7fe560021000-7fe564000000 ---p 00000000 00:00 0 
7fe564000000-7fe564021000 rw-p 00000000 00:00 0 
7fe564021000-7fe568000000 ---p 00000000 00:00 0 
7fe568000000-7fe568021000 rw-p 00000000 00:00 0 
7fe568021000-7fe56c000000 ---p 00000000 00:00 0 
7fe56c000000-7fe56c021000 rw-p 00000000 00:00 0 
7fe56c021000-7fe570000000 ---p 00000000 00:00 0 
7fe570000000-7fe570021000 rw-p 00000000 00:00 0 
7fe570021000-7fe574000000 ---p 00000000 00:00 0 
7fe574000000-7fe574021000 rw-p 00000000 00:00 0 
7fe574021000-7fe578000000 ---p 00000000 00:00 0 
7fe578000000-7fe578021000 rw-p 00000000 00:00 0 
7fe578021000-7fe57c000000 ---p 00000000 00:00 0 
7fe57c000000-7fe57c036000 rw-p 00000000 00:00 0 
7fe57c036000-7fe580000000 ---p 00000000 00:00 0 
7fe580000000-7fe580021000 rw-p 00000000 00:00 0 
7fe580021000-7fe584000000 ---p 00000000 00:00 0 
7fe584000000-7fe584021000 rw-p 00000000 00:00 0 
7fe584021000-7fe588000000 ---p 00000000 00:00 0 
7fe588000000-7fe588021000 rw-p 00000000 00:00 0 
7fe588021000-7fe58c000000 ---p 00000000 00:00 0 
7fe58c000000-7fe58c021000 rw-p 00000000 00:00 0 
7fe58c021000-7fe590000000 ---p 00000000 00:00 0 
7fe590000000-7fe590024000 rw-p 00000000 00:00 0 
7fe590024000-7fe594000000 ---p 00000000 00:00 0 
7fe594000000-7fe5940f2000 rw-p 00000000 00:00 0 
7fe5940f2000-7fe598000000 ---p 00000000 00:00 0 
7fe59a5f2000-7fe59a772000 rw-p 00000000 00:00 0 
7fe59a772000-7fe59a7f2000 ---p 00000000 00:00 0 
7fe59a7f2000-7fe59a7f5000 ---p 00000000 00:00 0 
7fe59a7f5000-7fe59a8f3000 rw-p 00000000 00:00 0 
7fe59a8f3000-7fe59a8f6000 ---p 00000000 00:00 0 
7fe59a8f6000-7fe59a9f4000 rw-p 00000000 00:00 0 
7fe59a9f4000-7fe59a9f7000 ---p 00000000 00:00 0 
7fe59a9f7000-7fe59aaf5000 rw-p 00000000 00:00 0 
7fe59aaf5000-7fe59aaf8000 ---p 00000000 00:00 0 
7fe59aaf8000-7fe59abf6000 rw-p 00000000 00:00 0 
7fe59abf6000-7fe59abf9000 ---p 00000000 00:00 0 
7fe59abf9000-7fe59acf7000 rw-p 00000000 00:00 0 
7fe59acf7000-7fe59acfa000 ---p 00000000 00:00 0 
7fe59acfa000-7fe59adf8000 rw-p 00000000 00:00 0 
7fe59adf8000-7fe59adfb000 ---p 00000000 00:00 0 
7fe59adfb000-7fe59aef9000 rw-p 00000000 00:00 0 
7fe59aef9000-7fe59aefc000 ---p 00000000 00:00 0 
7fe59aefc000-7fe59affa000 rw-p 00000000 00:00 0 
7fe59affa000-7fe59affd000 ---p 00000000 00:00 0 
7fe59affd000-7fe59b0fb000 rw-p 00000000 00:00 0 
7fe59b0fb000-7fe59b0fe000 ---p 00000000 00:00 0 
7fe59b0fe000-7fe59b1fc000 rw-p 00000000 00:00 0 
7fe59b1fc000-7fe59b1ff000 ---p 00000000 00:00 0 
7fe59b1ff000-7fe59b2fd000 rw-p 00000000 00:00 0 
7fe59b2fd000-7fe59b300000 ---p 00000000 00:00 0 
7fe59b300000-7fe59b3fe000 rw-p 00000000 00:00 0 
7fe59b3fe000-7fe59b401000 ---p 00000000 00:00 0 
7fe59b401000-7fe59b6ff000 rw-p 00000000 00:00 0 
7fe59b6ff000-7fe59b702000 ---p 00000000 00:00 0 
7fe59b702000-7fe59ba00000 rw-p 00000000 00:00 0 
7fe59ba00000-7fe59bc00000 rw-p 00000000 00:00 0 
7fe59bc00000-7fe59be00000 rw-p 00000000 00:00 0 
7fe59be00000-7fe59c000000 rw-p 00000000 00:00 0 
7fe59c000000-7fe59c021000 rw-p 00000000 00:00 0 
7fe59c021000-7fe5a0000000 ---p 00000000 00:00 0 
7fe5a0000000-7fe5a03d8000 rw-p 00000000 00:00 0 
7fe5a03d8000-7fe5a4000000 ---p 00000000 00:00 0 
7fe5a4000000-7fe5a4021000 rw-p 00000000 00:00 0 
7fe5a4021000-7fe5a8000000 ---p 00000000 00:00 0 
7fe5a8000000-7fe5a8021000 rw-p 00000000 00:00 0 
7fe5a8021000-7fe5ac000000 ---p 00000000 00:00 0 
7fe5ac000000-7fe5ac11b000 rw-p 00000000 00:00 0 
7fe5ac11b000-7fe5b0000000 ---p 00000000 00:00 0 
7fe5b0000000-7fe5b0021000 rw-p 00000000 00:00 0 
7fe5b0021000-7fe5b4000000 ---p 00000000 00:00 0 
7fe5b4000000-7fe5b4023000 rw-p 00000000 00:00 0 
7fe5b4023000-7fe5b8000000 ---p 00000000 00:00 0 
7fe5b8000000-7fe5b8024000 rw-p 00000000 00:00 0 
7fe5b8024000-7fe5bc000000 ---p 00000000 00:00 0 
7fe5bc000000-7fe5bc021000 rw-p 00000000 00:00 0 
7fe5bc021000-7fe5c0000000 ---p 00000000 00:00 0 
7fe5c0000000-7fe5c0021000 rw-p 00000000 00:00 0 
7fe5c0021000-7fe5c4000000 ---p 00000000 00:00 0 
7fe5c4000000-7fe5c4056000 rw-p 00000000 00:00 0 
7fe5c4056000-7fe5c8000000 ---p 00000000 00:00 0 
7fe5c8000000-7fe5c8288000 rw-p 00000000 00:00 0 
7fe5c8288000-7fe5cc000000 ---p 00000000 00:00 0 
7fe5cc000000-7fe5cc021000 rw-p 00000000 00:00 0 
7fe5cc021000-7fe5d0000000 ---p 00000000 00:00 0 
7fe5d0000000-7fe5d002a000 rw-p 00000000 00:00 0 
7fe5d002a000-7fe5d4000000 ---p 00000000 00:00 0 
7fe5d4000000-7fe5d4021000 rw-p 00000000 00:00 0 
7fe5d4021000-7fe5d8000000 ---p 00000000 00:00 0 
7fe5d8000000-7fe5d8021000 rw-p 00000000 00:00 0 
7fe5d8021000-7fe5dc000000 ---p 00000000 00:00 0 
7fe5dc0ba000-7fe5dc0bd000 ---p 00000000 00:00 0 
7fe5dc0bd000-7fe5dc3bb000 rw-p 00000000 00:00 0 
7fe5dc3bb000-7fe5dc3be000 ---p 00000000 00:00 0 
7fe5dc3be000-7fe5dc4bc000 rw-p 00000000 00:00 0 
7fe5dc4bc000-7fe5dc4bf000 ---p 00000000 00:00 0 
7fe5dc4bf000-7fe5dc5bd000 rw-p 00000000 00:00 0 
7fe5dc5bd000-7fe5dc5c0000 ---p 00000000 00:00 0 
7fe5dc5c0000-7fe5dc6be000 rw-p 00000000 00:00 0 
7fe5dc6be000-7fe5dc6c1000 ---p 00000000 00:00 0 
7fe5dc6c1000-7fe5dc7bf000 rw-p 00000000 00:00 0 
7fe5dc7bf000-7fe5dc7c2000 ---p 00000000 00:00 0 
7fe5dc7c2000-7fe5dc8c0000 rw-p 00000000 00:00 0 
7fe5dc8c0000-7fe5dc8c3000 ---p 00000000 00:00 0 
7fe5dc8c3000-7fe5dc9c1000 rw-p 00000000 00:00 0 
7fe5dc9c1000-7fe5dc9c4000 ---p 00000000 00:00 0 
7fe5dc9c4000-7fe5dcac2000 rw-p 00000000 00:00 0 
7fe5dcac2000-7fe5dcac5000 ---p 00000000 00:00 0 
7fe5dcac5000-7fe5dcbc3000 rw-p 00000000 00:00 0 
7fe5dcbc3000-7fe5dcbc6000 ---p 00000000 00:00 0 
7fe5dcbc6000-7fe5dccc4000 rw-p 00000000 00:00 0 
7fe5dccc4000-7fe5dccc7000 ---p 00000000 00:00 0 
7fe5dccc7000-7fe5dcfc5000 rw-p 00000000 00:00 0 
7fe5dcfc5000-7fe5dd1c5000 rw-p 00000000 00:00 0 
7fe5dd1c5000-7fe5dd3c5000 rw-p 00000000 00:00 0 
7fe5dd3c6000-7fe5dd3c9000 ---p 00000000 00:00 0 
7fe5dd3c9000-7fe5dd4c7000 rw-p 00000000 00:00 0 
7fe5dd4c8000-7fe5dd4cb000 ---p 00000000 00:00 0 
7fe5dd4cb000-7fe5dd5c9000 rw-p 00000000 00:00 0 
7fe5dd5c9000-7fe5dd5cc000 ---p 00000000 00:00 0 
7fe5dd5cc000-7fe5dd8ca000 rw-p 00000000 00:00 0 
7fe5dd8ca000-7fe5dd8cd000 ---p 00000000 00:00 0 
7fe5dd8cd000-7fe5ddbcb000 rw-p 00000000 00:00 0 
7fe5ddbcb000-7fe5dddcb000 rw-p 00000000 00:00 0 
7fe5dddcb000-7fe5ddfcb000 rw-p 00000000 00:00 0 
7fe5ddfcb000-7fe5de1cb000 rw-p 00000000 00:00 0 
7fe5de1cb000-7fe5de1d8000 r--s 00088000 103:04 670451                    /home/trofis/Documents/Worldline/autoPairing/logstash/vendor/bundle/jruby/2.5.0/gems/march_hare-4.1.1-java/lib/ext/rabbitmq-client.jar
7fe5de1d8000-7fe5de1da000 r--s 00009000 103:04 670450                    /home/trofis/Documents/Worldline/autoPairing/logstash/vendor/bundle/jruby/2.5.0/gems/march_hare-4.1.1-java/lib/ext/slf4j-api.jar
7fe5de1da000-7fe5de3da000 rw-p 00000000 00:00 0 
7fe5de3da000-7fe5de3df000 r--s 0003d000 103:04 662625                    /usr/lib/jvm/java-8-openjdk/jre/lib/ext/sunjce_provider.jar
7fe5de3df000-7fe5de3e6000 r--s 00049000 103:04 538954                    /home/trofis/Documents/Worldline/autoPairing/logstash/vendor/bundle/jruby/2.5.0/gems/manticore-0.6.4-java/lib/org/apache/httpcomponents/httpcore/4.4.4/httpcore-4.4.4.jar
7fe5de3e6000-7fe5de5e6000 rw-p 00000000 00:00 0 
7fe5de5e6000-7fe5de7e6000 rw-p 00000000 00:00 0 
7fe5de7e6000-7fe5de9e6000 rw-p 00000000 00:00 0 
7fe5de9e6000-7fe5de9e9000 r--p 00000000 103:04 2363725                   /usr/lib/libgcc_s.so.1
7fe5de9e9000-7fe5de9fa000 r-xp 00003000 103:04 2363725                   /usr/lib/libgcc_s.so.1
7fe5de9fa000-7fe5de9fe000 r--p 00014000 103:04 2363725                   /usr/lib/libgcc_s.so.1
7fe5de9fe000-7fe5de9ff000 r--p 00017000 103:04 2363725                   /usr/lib/libgcc_s.so.1
7fe5de9ff000-7fe5dea00000 rw-p 00018000 103:04 2363725                   /usr/lib/libgcc_s.so.1
7fe5dea00000-7fe5dec00000 rw-p 00000000 00:00 0 
7fe5dec00000-7fe5dee00000 rw-p 00000000 00:00 0 
7fe5dee00000-7fe5df000000 rw-p 00000000 00:00 0 
7fe5df000000-7fe5df200000 rw-p 00000000 00:00 0 
7fe5df200000-7fe5df400000 rw-p 00000000 00:00 0 
7fe5df400000-7fe5df600000 rw-p 00000000 00:00 0 
7fe5df600000-7fe5df800000 rw-p 00000000 00:00 0 
7fe5df800000-7fe5dfa00000 rw-p 00000000 00:00 0 
7fe5dfa00000-7fe5dfc00000 rw-p 00000000 00:00 0 
7fe5dfc00000-7fe5dfe00000 rw-p 00000000 00:00 0 
7fe5dfe00000-7fe5dfffe000 rw-p 00000000 00:00 0 
7fe5dfffe000-7fe5e0000000 ---p 00000000 00:00 0 
7fe5e0000000-7fe5e1f27000 rw-p 00000000 00:00 0 
7fe5e1f27000-7fe5e4000000 ---p 00000000 00:00 0 
7fe5e4000000-7fe5e4021000 rw-p 00000000 00:00 0 
7fe5e4021000-7fe5e8000000 ---p 00000000 00:00 0 
7fe5e8000000-7fe5e9971000 rw-p 00000000 00:00 0 
7fe5e9971000-7fe5ec000000 ---p 00000000 00:00 0 
7fe5ec000000-7fe5ed93d000 rw-p 00000000 00:00 0 
7fe5ed93d000-7fe5f0000000 ---p 00000000 00:00 0 
7fe5f0000000-7fe5f0021000 rw-p 00000000 00:00 0 
7fe5f0021000-7fe5f4000000 ---p 00000000 00:00 0 
7fe5f4000000-7fe5f5db7000 rw-p 00000000 00:00 0 
7fe5f5db7000-7fe5f8000000 ---p 00000000 00:00 0 
7fe5f8000000-7fe5f8021000 rw-p 00000000 00:00 0 
7fe5f8021000-7fe5fc000000 ---p 00000000 00:00 0 
7fe5fc000000-7fe5fc021000 rw-p 00000000 00:00 0 
7fe5fc021000-7fe600000000 ---p 00000000 00:00 0 
7fe600000000-7fe600021000 rw-p 00000000 00:00 0 
7fe600021000-7fe604000000 ---p 00000000 00:00 0 
7fe604000000-7fe6040d2000 rw-p 00000000 00:00 0 
7fe6040d2000-7fe608000000 ---p 00000000 00:00 0 
7fe608000000-7fe608001000 r--s 00002000 103:04 670927                    /home/trofis/Documents/Worldline/autoPairing/logstash/vendor/bundle/jruby/2.5.0/gems/logstash-input-file-4.1.16/lib/jars/filewatch-1.0.1.jar
7fe608001000-7fe608003000 r--s 00000000 103:04 440125                    /home/trofis/Documents/Worldline/autoPairing/logstash/vendor/bundle/jruby/2.5.0/gems/manticore-0.6.4-java/lib/org/manticore/manticore-ext.jar
7fe608003000-7fe608010000 r--s 000a7000 103:04 538957                    /home/trofis/Documents/Worldline/autoPairing/logstash/vendor/bundle/jruby/2.5.0/gems/manticore-0.6.4-java/lib/org/apache/httpcomponents/httpclient/4.5.2/httpclient-4.5.2.jar
7fe608010000-7fe608017000 r--s 0003f000 103:04 440118                    /home/trofis/Documents/Worldline/autoPairing/logstash/vendor/bundle/jruby/2.5.0/gems/manticore-0.6.4-java/lib/commons-codec/commons-codec/1.10/commons-codec-1.10.jar
7fe608017000-7fe608019000 r--s 00009000 103:04 538960                    /home/trofis/Documents/Worldline/autoPairing/logstash/vendor/bundle/jruby/2.5.0/gems/manticore-0.6.4-java/lib/org/apache/httpcomponents/httpmime/4.5.2/httpmime-4.5.2.jar
7fe608019000-7fe60801b000 r--s 0000e000 103:04 440122                    /home/trofis/Documents/Worldline/autoPairing/logstash/vendor/bundle/jruby/2.5.0/gems/manticore-0.6.4-java/lib/commons-logging/commons-logging/1.2/commons-logging-1.2.jar
7fe60801b000-7fe60801d000 r--s 00004000 103:04 807907                    /home/trofis/Documents/Worldline/autoPairing/logstash/vendor/bundle/jruby/2.5.0/gems/puma-4.3.1-java/lib/puma/puma_http11.jar
7fe60801d000-7fe60801f000 r--s 00002000 103:04 810358                    /home/trofis/Documents/Worldline/autoPairing/logstash/vendor/bundle/jruby/2.5.0/gems/nio4r-2.5.2-java/lib/nio4r_ext.jar
7fe60801f000-7fe608021000 r--s 0000d000 103:04 809293                    /home/trofis/Documents/Worldline/autoPairing/logstash/vendor/bundle/jruby/2.5.0/gems/jrjackson-0.4.11-java/lib/jrjackson/jars/jrjackson-1.2.29.jar
7fe608021000-7fe608024000 r--s 00022000 103:04 1842316                   /home/trofis/Documents/Worldline/autoPairing/logstash/vendor/bundle/jruby/2.5.0/gems/logstash-input-beats-6.0.8-java/vendor/jar-dependencies/com/fasterxml/jackson/module/jackson-module-afterburner/2.9.10/jackson-module-afterburner-2.9.10.jar
7fe608024000-7fe608028000 r--s 0004c000 103:04 1842309                   /home/trofis/Documents/Worldline/autoPairing/logstash/vendor/bundle/jruby/2.5.0/gems/logstash-input-beats-6.0.8-java/vendor/jar-dependencies/com/fasterxml/jackson/core/jackson-core/2.9.10/jackson-core-2.9.10.jar
7fe608028000-7fe60802b000 r--s 0000e000 103:04 1842312                   /home/trofis/Documents/Worldline/autoPairing/logstash/vendor/bundle/jruby/2.5.0/gems/logstash-input-beats-6.0.8-java/vendor/jar-dependencies/com/fasterxml/jackson/core/jackson-annotations/2.9.10/jackson-annotations-2.9.10.jar
7fe60802b000-7fe60803e000 r--s 00137000 103:04 1842306                   /home/trofis/Documents/Worldline/autoPairing/logstash/vendor/bundle/jruby/2.5.0/gems/logstash-input-beats-6.0.8-java/vendor/jar-dependencies/com/fasterxml/jackson/core/jackson-databind/2.9.10.1/jackson-databind-2.9.10.1.jar
7fe60803e000-7fe608048000 r--p 00000000 103:04 662606                    /usr/lib/jvm/java-8-openjdk/jre/lib/amd64/libsunec.so
7fe608048000-7fe60806d000 r-xp 0000a000 103:04 662606                    /usr/lib/jvm/java-8-openjdk/jre/lib/amd64/libsunec.so
7fe60806d000-7fe60807a000 r--p 0002f000 103:04 662606                    /usr/lib/jvm/java-8-openjdk/jre/lib/amd64/libsunec.so
7fe60807a000-7fe60807f000 r--p 0003b000 103:04 662606                    /usr/lib/jvm/java-8-openjdk/jre/lib/amd64/libsunec.so
7fe60807f000-7fe608080000 rw-p 00040000 103:04 662606                    /usr/lib/jvm/java-8-openjdk/jre/lib/amd64/libsunec.so
7fe608080000-7fe608097000 r--s 00104000 103:04 672838                    /home/trofis/Documents/Worldline/autoPairing/logstash/vendor/bundle/jruby/2.5.0/gems/jruby-openssl-0.10.4-java/lib/jopenssl.jar
7fe608097000-7fe60809a000 ---p 00000000 00:00 0 
7fe60809a000-7fe608398000 rw-p 00000000 00:00 0 
7fe608398000-7fe608598000 rw-p 00000000 00:00 0 
7fe608598000-7fe608599000 r--s 00003000 103:04 670452                    /home/trofis/Documents/Worldline/autoPairing/logstash/vendor/bundle/jruby/2.5.0/gems/march_hare-4.1.1-java/lib/ext/slf4j-simple.jar
7fe608599000-7fe60859d000 r--s 0001a000 103:04 1976672                   /home/trofis/Documents/Worldline/autoPairing/logstash/vendor/bundle/jruby/2.5.0/gems/thread_safe-0.3.6-java/lib/thread_safe/jruby_cache_backend.jar
7fe60859d000-7fe60859e000 r--s 00008000 103:04 809868                    /home/trofis/Documents/Worldline/autoPairing/logstash/vendor/bundle/jruby/2.5.0/gems/json-1.8.6-java/lib/json/ext/generator.jar
7fe60859e000-7fe6085a0000 r--s 00006000 103:04 809867                    /home/trofis/Documents/Worldline/autoPairing/logstash/vendor/bundle/jruby/2.5.0/gems/json-1.8.6-java/lib/json/ext/parser.jar
7fe6085a0000-7fe6085a4000 r--s 0003a000 103:04 662626                    /usr/lib/jvm/java-8-openjdk/jre/lib/ext/sunpkcs11.jar
7fe6085a4000-7fe6085bb000 r--s 000ff000 103:04 672870                    /home/trofis/Documents/Worldline/autoPairing/logstash/vendor/bundle/jruby/2.5.0/gems/jruby-openssl-0.10.4-java/lib/org/bouncycastle/bctls-jdk15on/1.62/bctls-jdk15on-1.62.jar
7fe6085bb000-7fe60861a000 r--s 003fa000 103:04 672864                    /home/trofis/Documents/Worldline/autoPairing/logstash/vendor/bundle/jruby/2.5.0/gems/jruby-openssl-0.10.4-java/lib/org/bouncycastle/bcprov-jdk15on/1.62/bcprov-jdk15on-1.62.jar
7fe60861a000-7fe60881a000 rw-p 00000000 00:00 0 
7fe60881a000-7fe608a1a000 rw-p 00000000 00:00 0 
7fe608a1a000-7fe608c1a000 rw-p 00000000 00:00 0 
7fe608c1a000-7fe608e1a000 rw-p 00000000 00:00 0 
7fe608e1a000-7fe608e1b000 r--p 00000000 103:04 2368466                   /usr/lib/libcrypt-2.31.so
7fe608e1b000-7fe608e21000 r-xp 00001000 103:04 2368466                   /usr/lib/libcrypt-2.31.so
7fe608e21000-7fe608e23000 r--p 00007000 103:04 2368466                   /usr/lib/libcrypt-2.31.so
7fe608e23000-7fe608e24000 ---p 00009000 103:04 2368466                   /usr/lib/libcrypt-2.31.so
7fe608e24000-7fe608e25000 r--p 00009000 103:04 2368466                   /usr/lib/libcrypt-2.31.so
7fe608e25000-7fe608e26000 rw-p 0000a000 103:04 2368466                   /usr/lib/libcrypt-2.31.so
7fe608e26000-7fe608e54000 rw-p 00000000 00:00 0 
7fe608e54000-7fe608e55000 r--s 0000d000 103:04 662624                    /usr/lib/jvm/java-8-openjdk/jre/lib/ext/sunec.jar
7fe608e55000-7fe608e69000 r--s 000c1000 103:04 672867                    /home/trofis/Documents/Worldline/autoPairing/logstash/vendor/bundle/jruby/2.5.0/gems/jruby-openssl-0.10.4-java/lib/org/bouncycastle/bcpkix-jdk15on/1.62/bcpkix-jdk15on-1.62.jar
7fe608e69000-7fe608e6d000 r--s 0001e000 103:04 539071                    /home/trofis/Documents/Worldline/autoPairing/logstash/vendor/bundle/jruby/2.5.0/gems/concurrent-ruby-1.1.6/lib/concurrent-ruby/concurrent/concurrent_ruby.jar
7fe608e6d000-7fe608e74000 r--s 00043000 00:2e 330                        /tmp/jruby-148035/jruby7161994434853957253snakeyaml-1.23.jar
7fe608e74000-7fe608e76000 r--s 00016000 103:04 662567                    /usr/lib/jvm/java-8-openjdk/jre/lib/jce.jar
7fe608e76000-7fe608e89000 r--s 00346000 103:04 662573                    /usr/lib/jvm/java-8-openjdk/jre/lib/resources.jar
7fe608e89000-7fe609089000 rw-p 00000000 00:00 0 
7fe609089000-7fe60909b000 r-xp 00000000 00:2e 182                        /tmp/jffi2485004993380492619.so (deleted)
7fe60909b000-7fe60929a000 ---p 00012000 00:2e 182                        /tmp/jffi2485004993380492619.so (deleted)
7fe60929a000-7fe60929b000 rw-p 00011000 00:2e 182                        /tmp/jffi2485004993380492619.so (deleted)
7fe60929b000-7fe60949b000 rw-p 00000000 00:00 0 
7fe60949b000-7fe60969b000 rw-p 00000000 00:00 0 
7fe60969b000-7fe60969c000 r--p 00000000 103:04 662587                    /usr/lib/jvm/java-8-openjdk/jre/lib/amd64/libjaas_unix.so
7fe60969c000-7fe60969d000 r-xp 00001000 103:04 662587                    /usr/lib/jvm/java-8-openjdk/jre/lib/amd64/libjaas_unix.so
7fe60969d000-7fe60969e000 r--p 00002000 103:04 662587                    /usr/lib/jvm/java-8-openjdk/jre/lib/amd64/libjaas_unix.so
7fe60969e000-7fe60969f000 r--p 00002000 103:04 662587                    /usr/lib/jvm/java-8-openjdk/jre/lib/amd64/libjaas_unix.so
7fe60969f000-7fe6096a0000 rw-p 00003000 103:04 662587                    /usr/lib/jvm/java-8-openjdk/jre/lib/amd64/libjaas_unix.so
7fe6096a0000-7fe6098a0000 rw-p 00000000 00:00 0 
7fe6098a0000-7fe6098bb000 r--s 001d6000 103:04 662623                    /usr/lib/jvm/java-8-openjdk/jre/lib/ext/nashorn.jar
7fe6098bb000-7fe6098c0000 r--s 000a3000 103:04 662569                    /usr/lib/jvm/java-8-openjdk/jre/lib/jsse.jar
7fe6098c0000-7fe6098c4000 r--p 00000000 103:04 662598                    /usr/lib/jvm/java-8-openjdk/jre/lib/amd64/libmanagement.so
7fe6098c4000-7fe6098c7000 r-xp 00004000 103:04 662598                    /usr/lib/jvm/java-8-openjdk/jre/lib/amd64/libmanagement.so
7fe6098c7000-7fe6098c9000 r--p 00007000 103:04 662598                    /usr/lib/jvm/java-8-openjdk/jre/lib/amd64/libmanagement.so
7fe6098c9000-7fe6098ca000 r--p 00008000 103:04 662598                    /usr/lib/jvm/java-8-openjdk/jre/lib/amd64/libmanagement.so
7fe6098ca000-7fe6098cb000 rw-p 00009000 103:04 662598                    /usr/lib/jvm/java-8-openjdk/jre/lib/amd64/libmanagement.so
7fe6098cb000-7fe6098cd000 r--s 00009000 103:04 1582098                   /home/trofis/Documents/Worldline/autoPairing/logstash/logstash-core/lib/jars/slf4j-api-1.7.25.jar
7fe6098cd000-7fe6098d0000 r--s 0001e000 103:04 1582092                   /home/trofis/Documents/Worldline/autoPairing/logstash/logstash-core/lib/jars/reflections-0.9.11.jar
7fe6098d0000-7fe6098d5000 r--s 00038000 103:04 1582125                   /home/trofis/Documents/Worldline/autoPairing/logstash/logstash-core/lib/jars/org.eclipse.text-3.5.101.jar
7fe6098d5000-7fe6098e8000 r--s 0013a000 103:04 1582123                   /home/trofis/Documents/Worldline/autoPairing/logstash/logstash-core/lib/jars/org.eclipse.osgi-3.7.1.jar
7fe6098e8000-7fe609915000 r--s 00522000 103:04 1582110                   /home/trofis/Documents/Worldline/autoPairing/logstash/logstash-core/lib/jars/org.eclipse.jdt.core-3.10.0.jar
7fe609915000-7fe609919000 r--s 00029000 103:04 1582120                   /home/trofis/Documents/Worldline/autoPairing/logstash/logstash-core/lib/jars/org.eclipse.equinox.registry-3.5.101.jar
7fe609919000-7fe60991c000 r--s 00019000 103:04 1582093                   /home/trofis/Documents/Worldline/autoPairing/logstash/logstash-core/lib/jars/org.eclipse.equinox.preferences-3.4.1.jar
7fe60991c000-7fe60991e000 r--s 00018000 103:04 1582122                   /home/trofis/Documents/Worldline/autoPairing/logstash/logstash-core/lib/jars/org.eclipse.equinox.common-3.6.0.jar
7fe60991e000-7fe609920000 r--s 00013000 103:04 1582108                   /home/trofis/Documents/Worldline/autoPairing/logstash/logstash-core/lib/jars/org.eclipse.equinox.app-1.3.100.jar
7fe609920000-7fe609922000 r--s 00010000 103:04 1582099                   /home/trofis/Documents/Worldline/autoPairing/logstash/logstash-core/lib/jars/org.eclipse.core.runtime-3.7.0.jar
7fe609922000-7fe60992d000 r--s 000bb000 103:04 1582106                   /home/trofis/Documents/Worldline/autoPairing/logstash/logstash-core/lib/jars/org.eclipse.core.resources-3.7.100.jar
7fe60992d000-7fe609930000 r--s 00014000 103:04 1582121                   /home/trofis/Documents/Worldline/autoPairing/logstash/logstash-core/lib/jars/org.eclipse.core.jobs-3.5.100.jar
7fe609930000-7fe609932000 r--s 0000b000 103:04 1582096                   /home/trofis/Documents/Worldline/autoPairing/logstash/logstash-core/lib/jars/org.eclipse.core.filesystem-1.3.100.jar
7fe609932000-7fe609935000 r--s 00013000 103:04 1582103                   /home/trofis/Documents/Worldline/autoPairing/logstash/logstash-core/lib/jars/org.eclipse.core.expressions-3.4.300.jar
7fe609935000-7fe609938000 r--s 00014000 103:04 1582115                   /home/trofis/Documents/Worldline/autoPairing/logstash/logstash-core/lib/jars/org.eclipse.core.contenttype-3.4.100.jar
7fe609938000-7fe60b139000 rw-p 00000000 00:00 0 
7fe60b139000-7fe60b13e000 r--p 00000000 103:04 662600                    /usr/lib/jvm/java-8-openjdk/jre/lib/amd64/libnet.so
7fe60b13e000-7fe60b14d000 r-xp 00005000 103:04 662600                    /usr/lib/jvm/java-8-openjdk/jre/lib/amd64/libnet.so
7fe60b14d000-7fe60b151000 r--p 00014000 103:04 662600                    /usr/lib/jvm/java-8-openjdk/jre/lib/amd64/libnet.so
7fe60b151000-7fe60b152000 r--p 00017000 103:04 662600                    /usr/lib/jvm/java-8-openjdk/jre/lib/amd64/libnet.so
7fe60b152000-7fe60b153000 rw-p 00018000 103:04 662600                    /usr/lib/jvm/java-8-openjdk/jre/lib/amd64/libnet.so
7fe60b153000-7fe60b15a000 r--p 00000000 103:04 662601                    /usr/lib/jvm/java-8-openjdk/jre/lib/amd64/libnio.so
7fe60b15a000-7fe60b162000 r-xp 00007000 103:04 662601                    /usr/lib/jvm/java-8-openjdk/jre/lib/amd64/libnio.so
7fe60b162000-7fe60b165000 r--p 0000f000 103:04 662601                    /usr/lib/jvm/java-8-openjdk/jre/lib/amd64/libnio.so
7fe60b165000-7fe60b166000 ---p 00012000 103:04 662601                    /usr/lib/jvm/java-8-openjdk/jre/lib/amd64/libnio.so
7fe60b166000-7fe60b167000 r--p 00012000 103:04 662601                    /usr/lib/jvm/java-8-openjdk/jre/lib/amd64/libnio.so
7fe60b167000-7fe60b168000 rw-p 00013000 103:04 662601                    /usr/lib/jvm/java-8-openjdk/jre/lib/amd64/libnio.so
7fe60b168000-7fe60b174000 r--s 00088000 103:04 1582107                   /home/trofis/Documents/Worldline/autoPairing/logstash/logstash-core/lib/jars/logstash-core.jar
7fe60b174000-7fe60b195000 r--s 00178000 103:04 1582091                   /home/trofis/Documents/Worldline/autoPairing/logstash/logstash-core/lib/jars/log4j-core-2.12.1.jar
7fe60b195000-7fe60b1c9000 rw-p 00000000 00:00 0 
7fe60b1c9000-7fe60b2f8000 r--s 017af000 103:04 1582114                   /home/trofis/Documents/Worldline/autoPairing/logstash/logstash-core/lib/jars/jruby-complete-9.2.9.0.jar
7fe60b2f8000-7fe60b303000 r--s 000b5000 103:04 1582124                   /home/trofis/Documents/Worldline/autoPairing/logstash/logstash-core/lib/jars/javassist-3.26.0-GA.jar
7fe60b303000-7fe60b30f000 r--s 000c9000 103:04 1582116                   /home/trofis/Documents/Worldline/autoPairing/logstash/logstash-core/lib/jars/janino-3.1.0.jar
7fe60b30f000-7fe60b310000 ---p 00000000 00:00 0 
7fe60b310000-7fe60b410000 rw-p 00000000 00:00 0 
7fe60b410000-7fe60b413000 ---p 00000000 00:00 0 
7fe60b413000-7fe60b511000 rw-p 00000000 00:00 0 
7fe60b511000-7fe60b512000 ---p 00000000 00:00 0 
7fe60b512000-7fe60b515000 ---p 00000000 00:00 0 
7fe60b515000-7fe60b612000 rw-p 00000000 00:00 0 
7fe60b612000-7fe60b613000 ---p 00000000 00:00 0 
7fe60b613000-7fe60b616000 ---p 00000000 00:00 0 
7fe60b616000-7fe60b713000 rw-p 00000000 00:00 0 
7fe60b713000-7fe60b714000 ---p 00000000 00:00 0 
7fe60b714000-7fe60b717000 ---p 00000000 00:00 0 
7fe60b717000-7fe60b814000 rw-p 00000000 00:00 0 
7fe60b814000-7fe60b815000 ---p 00000000 00:00 0 
7fe60b815000-7fe60b818000 ---p 00000000 00:00 0 
7fe60b818000-7fe60b915000 rw-p 00000000 00:00 0 
7fe60b915000-7fe60b918000 ---p 00000000 00:00 0 
7fe60b918000-7fe60ba16000 rw-p 00000000 00:00 0 
7fe60ba16000-7fe60ba19000 ---p 00000000 00:00 0 
7fe60ba19000-7fe60bb17000 rw-p 00000000 00:00 0 
7fe60bb17000-7fe60bdfe000 r--p 00000000 103:04 2374792                   /usr/lib/locale/locale-archive
7fe60bdfe000-7fe60be01000 ---p 00000000 00:00 0 
7fe60be01000-7fe60beff000 rw-p 00000000 00:00 0 
7fe60beff000-7fe60bf02000 ---p 00000000 00:00 0 
7fe60bf02000-7fe60c000000 rw-p 00000000 00:00 0 
7fe60c000000-7fe60c021000 rw-p 00000000 00:00 0 
7fe60c021000-7fe610000000 ---p 00000000 00:00 0 
7fe610000000-7fe610021000 rw-p 00000000 00:00 0 
7fe610021000-7fe614000000 ---p 00000000 00:00 0 
7fe614000000-7fe614021000 rw-p 00000000 00:00 0 
7fe614021000-7fe618000000 ---p 00000000 00:00 0 
7fe618000000-7fe618021000 rw-p 00000000 00:00 0 
7fe618021000-7fe61c000000 ---p 00000000 00:00 0 
7fe61c000000-7fe61c004000 r--s 00017000 103:04 1582102                   /home/trofis/Documents/Worldline/autoPairing/logstash/logstash-core/lib/jars/org.eclipse.core.commands-3.6.0.jar
7fe61c004000-7fe61c017000 r--s 00137000 103:04 1582117                   /home/trofis/Documents/Worldline/autoPairing/logstash/logstash-core/lib/jars/jackson-databind-2.9.10.1.jar
7fe61c017000-7fe61c047000 r--s 00245000 103:04 1582097                   /home/trofis/Documents/Worldline/autoPairing/logstash/logstash-core/lib/jars/guava-22.0.jar
7fe61c047000-7fe61c048000 ---p 00000000 00:00 0 
7fe61c048000-7fe61c196000 rw-p 00000000 00:00 0 
7fe61c196000-7fe61c366000 r--s 03c68000 103:04 662574                    /usr/lib/jvm/java-8-openjdk/jre/lib/rt.jar
7fe61c366000-7fe61cc5f000 rw-p 00000000 00:00 0 
7fe61cc5f000-7fe61cd4d000 rw-p 00000000 00:00 0 
7fe61cd4d000-7fe61cd4e000 ---p 00000000 00:00 0 
7fe61cd4e000-7fe620000000 rw-p 00000000 00:00 0 
7fe620000000-7fe62003e000 rw-p 00000000 00:00 0 
7fe62003e000-7fe624000000 ---p 00000000 00:00 0 
7fe624000000-7fe624027000 rw-p 00000000 00:00 0 
7fe624027000-7fe628000000 ---p 00000000 00:00 0 
7fe628000000-7fe628021000 rw-p 00000000 00:00 0 
7fe628021000-7fe62c000000 ---p 00000000 00:00 0 
7fe62c000000-7fe62c028000 rw-p 00000000 00:00 0 
7fe62c028000-7fe630000000 ---p 00000000 00:00 0 
7fe630000000-7fe630021000 rw-p 00000000 00:00 0 
7fe630021000-7fe634000000 ---p 00000000 00:00 0 
7fe634000000-7fe634021000 rw-p 00000000 00:00 0 
7fe634021000-7fe638000000 ---p 00000000 00:00 0 
7fe638000000-7fe638021000 rw-p 00000000 00:00 0 
7fe638021000-7fe63c000000 ---p 00000000 00:00 0 
7fe63c000000-7fe63c001000 r--s 00004000 00:2e 329                        /tmp/jruby-148035/jruby6396080133863440031psych.jar
7fe63c001000-7fe63c007000 r--s 0003e000 103:04 1582100                   /home/trofis/Documents/Worldline/autoPairing/logstash/logstash-core/lib/jars/log4j-api-2.12.1.jar
7fe63c007000-7fe63c00a000 r--s 00006000 103:04 1582094                   /home/trofis/Documents/Worldline/autoPairing/logstash/logstash-core/lib/jars/jsr305-1.3.9.jar
7fe63c00a000-7fe63c00c000 r--s 0000b000 103:04 1582101                   /home/trofis/Documents/Worldline/autoPairing/logstash/logstash-core/lib/jars/jackson-dataformat-cbor-2.9.10.jar
7fe63c00c000-7fe63c010000 r--s 0004c000 103:04 1582105                   /home/trofis/Documents/Worldline/autoPairing/logstash/logstash-core/lib/jars/jackson-core-2.9.10.jar
7fe63c010000-7fe63c19e000 rw-p 00000000 00:00 0 
7fe63c19e000-7fe63c19f000 ---p 00000000 00:00 0 
7fe63c19f000-7fe63c29f000 rw-p 00000000 00:00 0 
7fe63c29f000-7fe63c2a0000 ---p 00000000 00:00 0 
7fe63c2a0000-7fe63cefe000 rw-p 00000000 00:00 0 
7fe63cefe000-7fe63ceff000 rw-p 00000000 00:00 0 
7fe63ceff000-7fe63cf00000 ---p 00000000 00:00 0 
7fe63cf00000-7fe63d000000 rw-p 00000000 00:00 0 
7fe63d000000-7fe640c70000 rwxp 00000000 00:00 0 
7fe640c70000-7fe64c000000 ---p 00000000 00:00 0 
7fe64c000000-7fe64e29e000 rw-p 00000000 00:00 0 
7fe64e29e000-7fe650000000 ---p 00000000 00:00 0 
7fe650000000-7fe650001000 r--s 00005000 103:04 1582090                   /home/trofis/Documents/Worldline/autoPairing/logstash/logstash-core/lib/jars/log4j-slf4j-impl-2.12.1.jar
7fe650001000-7fe650004000 r--s 0000e000 103:04 1582113                   /home/trofis/Documents/Worldline/autoPairing/logstash/logstash-core/lib/jars/jackson-annotations-2.9.10.jar
7fe650004000-7fe650006000 r--s 00001000 103:04 1582112                   /home/trofis/Documents/Worldline/autoPairing/logstash/logstash-core/lib/jars/j2objc-annotations-1.1.jar
7fe650006000-7fe65000b000 r--s 0003c000 103:04 1582104                   /home/trofis/Documents/Worldline/autoPairing/logstash/logstash-core/lib/jars/gradle-license-report-0.7.1.jar
7fe65000b000-7fe65000f000 r--s 0002a000 103:04 1582111                   /home/trofis/Documents/Worldline/autoPairing/logstash/logstash-core/lib/jars/google-java-format-1.1.jar
7fe65000f000-7fe650010000 r--s 00002000 103:04 1582095                   /home/trofis/Documents/Worldline/autoPairing/logstash/logstash-core/lib/jars/error_prone_annotations-2.0.18.jar
7fe650010000-7fe650017000 r--s 0004e000 103:04 1582109                   /home/trofis/Documents/Worldline/autoPairing/logstash/logstash-core/lib/jars/commons-codec-1.13.jar
7fe650017000-7fe650042000 rw-p 00000000 00:00 0 
7fe650042000-7fe650043000 ---p 00000000 00:00 0 
7fe650043000-7fe650143000 rw-p 00000000 00:00 0 
7fe650143000-7fe650144000 ---p 00000000 00:00 0 
7fe650144000-7fe650244000 rw-p 00000000 00:00 0 
7fe650244000-7fe650245000 ---p 00000000 00:00 0 
7fe650245000-7fe650345000 rw-p 00000000 00:00 0 
7fe650345000-7fe650346000 ---p 00000000 00:00 0 
7fe650346000-7fe650446000 rw-p 00000000 00:00 0 
7fe650446000-7fe650447000 ---p 00000000 00:00 0 
7fe650447000-7fe650547000 rw-p 00000000 00:00 0 
7fe650547000-7fe650548000 ---p 00000000 00:00 0 
7fe650548000-7fe650648000 rw-p 00000000 00:00 0 
7fe650648000-7fe650649000 ---p 00000000 00:00 0 
7fe650649000-7fe65083b000 rw-p 00000000 00:00 0 
7fe65083b000-7fe650b09000 ---p 00000000 00:00 0 
7fe650b09000-7fe650b0c000 r--p 00000000 103:04 662609                    /usr/lib/jvm/java-8-openjdk/jre/lib/amd64/libzip.so
7fe650b0c000-7fe650b10000 r-xp 00003000 103:04 662609                    /usr/lib/jvm/java-8-openjdk/jre/lib/amd64/libzip.so
7fe650b10000-7fe650b12000 r--p 00007000 103:04 662609                    /usr/lib/jvm/java-8-openjdk/jre/lib/amd64/libzip.so
7fe650b12000-7fe650b13000 r--p 00008000 103:04 662609                    /usr/lib/jvm/java-8-openjdk/jre/lib/amd64/libzip.so
7fe650b13000-7fe650b14000 rw-p 00009000 103:04 662609                    /usr/lib/jvm/java-8-openjdk/jre/lib/amd64/libzip.so
7fe650b14000-7fe650b21000 r--p 00000000 103:04 662588                    /usr/lib/jvm/java-8-openjdk/jre/lib/amd64/libjava.so
7fe650b21000-7fe650b37000 r-xp 0000d000 103:04 662588                    /usr/lib/jvm/java-8-openjdk/jre/lib/amd64/libjava.so
7fe650b37000-7fe650b3e000 r--p 00023000 103:04 662588                    /usr/lib/jvm/java-8-openjdk/jre/lib/amd64/libjava.so
7fe650b3e000-7fe650b3f000 r--p 00029000 103:04 662588                    /usr/lib/jvm/java-8-openjdk/jre/lib/amd64/libjava.so
7fe650b3f000-7fe650b40000 rw-p 0002a000 103:04 662588                    /usr/lib/jvm/java-8-openjdk/jre/lib/amd64/libjava.so
7fe650b40000-7fe650b41000 rw-p 00000000 00:00 0 
7fe650b41000-7fe650b44000 r--p 00000000 103:04 2368512                   /usr/lib/librt-2.31.so
7fe650b44000-7fe650b48000 r-xp 00003000 103:04 2368512                   /usr/lib/librt-2.31.so
7fe650b48000-7fe650b49000 r--p 00007000 103:04 2368512                   /usr/lib/librt-2.31.so
7fe650b49000-7fe650b4a000 ---p 00008000 103:04 2368512                   /usr/lib/librt-2.31.so
7fe650b4a000-7fe650b4b000 r--p 00008000 103:04 2368512                   /usr/lib/librt-2.31.so
7fe650b4b000-7fe650b4c000 rw-p 00009000 103:04 2368512                   /usr/lib/librt-2.31.so
7fe650b4c000-7fe650b4d000 ---p 00000000 00:00 0 
7fe650b4d000-7fe650b50000 ---p 00000000 00:00 0 
7fe650b50000-7fe650c4d000 rw-p 00000000 00:00 0 
7fe650c4d000-7fe650c5c000 r--p 00000000 103:04 2368476                   /usr/lib/libm-2.31.so
7fe650c5c000-7fe650cf8000 r-xp 0000f000 103:04 2368476                   /usr/lib/libm-2.31.so
7fe650cf8000-7fe650d91000 r--p 000ab000 103:04 2368476                   /usr/lib/libm-2.31.so
7fe650d91000-7fe650d92000 r--p 00143000 103:04 2368476                   /usr/lib/libm-2.31.so
7fe650d92000-7fe650d93000 rw-p 00144000 103:04 2368476                   /usr/lib/libm-2.31.so
7fe650d93000-7fe650f85000 r--p 00000000 103:04 662612                    /usr/lib/jvm/java-8-openjdk/jre/lib/amd64/server/libjvm.so
7fe650f85000-7fe651831000 r-xp 001f2000 103:04 662612                    /usr/lib/jvm/java-8-openjdk/jre/lib/amd64/server/libjvm.so
7fe651831000-7fe6519d3000 r--p 00a9e000 103:04 662612                    /usr/lib/jvm/java-8-openjdk/jre/lib/amd64/server/libjvm.so
7fe6519d3000-7fe6519d4000 ---p 00c40000 103:04 662612                    /usr/lib/jvm/java-8-openjdk/jre/lib/amd64/server/libjvm.so
7fe6519d4000-7fe651a69000 r--p 00c40000 103:04 662612                    /usr/lib/jvm/java-8-openjdk/jre/lib/amd64/server/libjvm.so
7fe651a69000-7fe651a91000 rw-p 00cd5000 103:04 662612                    /usr/lib/jvm/java-8-openjdk/jre/lib/amd64/server/libjvm.so
7fe651a91000-7fe651ac4000 rw-p 00000000 00:00 0 
7fe651ac4000-7fe651acb000 r--p 00000000 103:04 2368504                   /usr/lib/libpthread-2.31.so
7fe651acb000-7fe651adb000 r-xp 00007000 103:04 2368504                   /usr/lib/libpthread-2.31.so
7fe651adb000-7fe651ae0000 r--p 00017000 103:04 2368504                   /usr/lib/libpthread-2.31.so
7fe651ae0000-7fe651ae1000 r--p 0001b000 103:04 2368504                   /usr/lib/libpthread-2.31.so
7fe651ae1000-7fe651ae2000 rw-p 0001c000 103:04 2368504                   /usr/lib/libpthread-2.31.so
7fe651ae2000-7fe651ae6000 rw-p 00000000 00:00 0 
7fe651ae6000-7fe651ae7000 r--p 00000000 103:04 2368470                   /usr/lib/libdl-2.31.so
7fe651ae7000-7fe651ae8000 r-xp 00001000 103:04 2368470                   /usr/lib/libdl-2.31.so
7fe651ae8000-7fe651ae9000 r--p 00002000 103:04 2368470                   /usr/lib/libdl-2.31.so
7fe651ae9000-7fe651aea000 r--p 00002000 103:04 2368470                   /usr/lib/libdl-2.31.so
7fe651aea000-7fe651aeb000 rw-p 00003000 103:04 2368470                   /usr/lib/libdl-2.31.so
7fe651aeb000-7fe651aee000 r--p 00000000 103:04 2365659                   /usr/lib/libz.so.1.2.11
7fe651aee000-7fe651afc000 r-xp 00003000 103:04 2365659                   /usr/lib/libz.so.1.2.11
7fe651afc000-7fe651b02000 r--p 00011000 103:04 2365659                   /usr/lib/libz.so.1.2.11
7fe651b02000-7fe651b03000 ---p 00017000 103:04 2365659                   /usr/lib/libz.so.1.2.11
7fe651b03000-7fe651b04000 r--p 00017000 103:04 2365659                   /usr/lib/libz.so.1.2.11
7fe651b04000-7fe651b05000 rw-p 00018000 103:04 2365659                   /usr/lib/libz.so.1.2.11
7fe651b05000-7fe651b2a000 r--p 00000000 103:04 2368461                   /usr/lib/libc-2.31.so
7fe651b2a000-7fe651c76000 r-xp 00025000 103:04 2368461                   /usr/lib/libc-2.31.so
7fe651c76000-7fe651cc1000 r--p 00171000 103:04 2368461                   /usr/lib/libc-2.31.so
7fe651cc1000-7fe651cc4000 r--p 001bb000 103:04 2368461                   /usr/lib/libc-2.31.so
7fe651cc4000-7fe651cc7000 rw-p 001be000 103:04 2368461                   /usr/lib/libc-2.31.so
7fe651cc7000-7fe651ccb000 rw-p 00000000 00:00 0 
7fe651ccb000-7fe651cd0000 r--s 0001f000 103:04 1582119                   /home/trofis/Documents/Worldline/autoPairing/logstash/logstash-core/lib/jars/commons-compiler-3.1.0.jar
7fe651cd0000-7fe651cd1000 r--s 00000000 103:04 1582118                   /home/trofis/Documents/Worldline/autoPairing/logstash/logstash-core/lib/jars/animal-sniffer-annotations-1.14.jar
7fe651cd1000-7fe651cd9000 rw-s 00000000 00:2e 181                        /tmp/hsperfdata_trofis/148035
7fe651cd9000-7fe651cdc000 r--p 00000000 103:04 2368497                   /usr/lib/libnss_files-2.31.so
7fe651cdc000-7fe651ce3000 r-xp 00003000 103:04 2368497                   /usr/lib/libnss_files-2.31.so
7fe651ce3000-7fe651ce5000 r--p 0000a000 103:04 2368497                   /usr/lib/libnss_files-2.31.so
7fe651ce5000-7fe651ce6000 r--p 0000b000 103:04 2368497                   /usr/lib/libnss_files-2.31.so
7fe651ce6000-7fe651ce7000 rw-p 0000c000 103:04 2368497                   /usr/lib/libnss_files-2.31.so
7fe651ce7000-7fe651cee000 rw-p 00000000 00:00 0 
7fe651cee000-7fe651cf3000 r--p 00000000 103:04 662608                    /usr/lib/jvm/java-8-openjdk/jre/lib/amd64/libverify.so
7fe651cf3000-7fe651cfa000 r-xp 00005000 103:04 662608                    /usr/lib/jvm/java-8-openjdk/jre/lib/amd64/libverify.so
7fe651cfa000-7fe651cfc000 r--p 0000c000 103:04 662608                    /usr/lib/jvm/java-8-openjdk/jre/lib/amd64/libverify.so
7fe651cfc000-7fe651cfd000 ---p 0000e000 103:04 662608                    /usr/lib/jvm/java-8-openjdk/jre/lib/amd64/libverify.so
7fe651cfd000-7fe651cff000 r--p 0000e000 103:04 662608                    /usr/lib/jvm/java-8-openjdk/jre/lib/amd64/libverify.so
7fe651cff000-7fe651d00000 rw-p 00010000 103:04 662608                    /usr/lib/jvm/java-8-openjdk/jre/lib/amd64/libverify.so
7fe651d00000-7fe651d03000 r--p 00000000 103:04 662610                    /usr/lib/jvm/java-8-openjdk/jre/lib/amd64/jli/libjli.so
7fe651d03000-7fe651d0c000 r-xp 00003000 103:04 662610                    /usr/lib/jvm/java-8-openjdk/jre/lib/amd64/jli/libjli.so
7fe651d0c000-7fe651d0f000 r--p 0000c000 103:04 662610                    /usr/lib/jvm/java-8-openjdk/jre/lib/amd64/jli/libjli.so
7fe651d0f000-7fe651d10000 r--p 0000e000 103:04 662610                    /usr/lib/jvm/java-8-openjdk/jre/lib/amd64/jli/libjli.so
7fe651d10000-7fe651d11000 rw-p 0000f000 103:04 662610                    /usr/lib/jvm/java-8-openjdk/jre/lib/amd64/jli/libjli.so
7fe651d11000-7fe651d13000 rw-p 00000000 00:00 0 
7fe651d13000-7fe651d15000 r--p 00000000 103:04 2368449                   /usr/lib/ld-2.31.so
7fe651d15000-7fe651d35000 r-xp 00002000 103:04 2368449                   /usr/lib/ld-2.31.so
7fe651d35000-7fe651d3d000 r--p 00022000 103:04 2368449                   /usr/lib/ld-2.31.so
7fe651d3d000-7fe651d3e000 r--p 00000000 00:00 0 
7fe651d3e000-7fe651d3f000 r--p 0002a000 103:04 2368449                   /usr/lib/ld-2.31.so
7fe651d3f000-7fe651d40000 rw-p 0002b000 103:04 2368449                   /usr/lib/ld-2.31.so
7fe651d40000-7fe651d41000 rw-p 00000000 00:00 0 
7fff86ffd000-7fff87021000 rw-p 00000000 00:00 0                          [stack]
7fff87103000-7fff87106000 r--p 00000000 00:00 0                          [vvar]
7fff87106000-7fff87107000 r-xp 00000000 00:00 0                          [vdso]
ffffffffff600000-ffffffffff601000 --xp 00000000 00:00 0                  [vsyscall]

VM Arguments:
jvm_args: -Xms1g -Xmx1g -XX:+UseConcMarkSweepGC -XX:CMSInitiatingOccupancyFraction=75 -XX:+UseCMSInitiatingOccupancyOnly -Djava.awt.headless=true -Dfile.encoding=UTF-8 -Djruby.compile.invokedynamic=true -Djruby.jit.threshold=0 -Djruby.regexp.interruptible=true -XX:+HeapDumpOnOutOfMemoryError -Djava.security.egd=file:/dev/urandom -Dlog4j2.isThreadContextMapInheritable=true 
java_command: org.logstash.Logstash -f /home/trofis/Documents/Worldline/autoPairing/config/logstash-config.conf -w 1
java_class_path (initial): /home/trofis/Documents/Worldline/autoPairing/logstash/logstash-core/lib/jars/animal-sniffer-annotations-1.14.jar:/home/trofis/Documents/Worldline/autoPairing/logstash/logstash-core/lib/jars/commons-codec-1.13.jar:/home/trofis/Documents/Worldline/autoPairing/logstash/logstash-core/lib/jars/commons-compiler-3.1.0.jar:/home/trofis/Documents/Worldline/autoPairing/logstash/logstash-core/lib/jars/error_prone_annotations-2.0.18.jar:/home/trofis/Documents/Worldline/autoPairing/logstash/logstash-core/lib/jars/google-java-format-1.1.jar:/home/trofis/Documents/Worldline/autoPairing/logstash/logstash-core/lib/jars/gradle-license-report-0.7.1.jar:/home/trofis/Documents/Worldline/autoPairing/logstash/logstash-core/lib/jars/guava-22.0.jar:/home/trofis/Documents/Worldline/autoPairing/logstash/logstash-core/lib/jars/j2objc-annotations-1.1.jar:/home/trofis/Documents/Worldline/autoPairing/logstash/logstash-core/lib/jars/jackson-annotations-2.9.10.jar:/home/trofis/Documents/Worldline/autoPairing/logstash/logstash-core/lib/jars/jackson-core-2.9.10.jar:/home/trofis/Documents/Worldline/autoPairing/logstash/logstash-core/lib/jars/jackson-databind-2.9.10.1.jar:/home/trofis/Documents/Worldline/autoPairing/logstash/logstash-core/lib/jars/jackson-dataformat-cbor-2.9.10.jar:/home/trofis/Documents/Worldline/autoPairing/logstash/logstash-core/lib/jars/janino-3.1.0.jar:/home/trofis/Documents/Worldline/autoPairing/logstash/logstash-core/lib/jars/javassist-3.26.0-GA.jar:/home/trofis/Documents/Worldline/autoPairing/logstash/logstash-core/lib/jars/jruby-complete-9.2.9.0.jar:/home/trofis/Documents/Worldline/autoPairing/logstash/logstash-core/lib/jars/jsr305-1.3.9.jar:/home/trofis/Documents/Worldline/autoPairing/logstash/logstash-core/lib/jars/log4j-api-2.12.1.jar:/home/trofis/Documents/Worldline/autoPairing/logstash/logstash-core/lib/jars/log4j-core-2.12.1.jar:/home/trofis/Documents/Worldline/autoPairing/logstash/logstash-core/lib/jars/log4j-slf4j-impl-2.12.1.jar:/home/trof
Launcher Type: SUN_STANDARD

Environment Variables:
PATH=/home/trofis/Documents/Worldline/autoPairing/logstash/vendor/bundle/jruby/2.5.0/bin:/usr/lib/node_modules/npm/node_modules/npm-lifecycle/node-gyp-bin:/home/trofis/Documents/auto-pairing-app/server/node_modules/.bin:/home/trofis/.local/bin:/usr/local/bin:/usr/local/sbin:/usr/bin:/usr/lib/jvm/default/bin:/usr/bin/site_perl:/usr/bin/vendor_perl:/usr/bin/core_perl:/var/lib/snapd/snap/bin
USERNAME=trofis
SHELL=/bin/bash
DISPLAY=:1

Signal Handlers:
SIGSEGV: [libjvm.so+0xa6a400], sa_mask[0]=11111111011111111101111111111110, sa_flags=SA_RESTART|SA_SIGINFO
SIGBUS: [libjvm.so+0xa6a400], sa_mask[0]=11111111011111111101111111111110, sa_flags=SA_RESTART|SA_SIGINFO
SIGFPE: [libjvm.so+0x8c7be0], sa_mask[0]=11111111011111111101111111111110, sa_flags=SA_RESTART|SA_SIGINFO
SIGPIPE: [libjvm.so+0x8c7be0], sa_mask[0]=11111111011111111101111111111110, sa_flags=SA_RESTART|SA_SIGINFO
SIGXFSZ: [libjvm.so+0x8c7be0], sa_mask[0]=11111111011111111101111111111110, sa_flags=SA_RESTART|SA_SIGINFO
SIGILL: [libjvm.so+0x8c7be0], sa_mask[0]=11111111011111111101111111111110, sa_flags=SA_RESTART|SA_SIGINFO
SIGUSR1: SIG_DFL, sa_mask[0]=00000000000000000000000000000000, sa_flags=none
SIGUSR2: [libjvm.so+0x8c7ab0], sa_mask[0]=00000000000000000000000000000000, sa_flags=SA_RESTART|SA_SIGINFO
SIGHUP: [libjvm.so+0x8c7e80], sa_mask[0]=11111111011111111101111111111110, sa_flags=SA_RESTART|SA_SIGINFO
SIGINT: [libjvm.so+0x8c7e80], sa_mask[0]=11111111011111111101111111111110, sa_flags=SA_RESTART|SA_SIGINFO
SIGTERM: [libjvm.so+0x8c7e80], sa_mask[0]=11111111011111111101111111111110, sa_flags=SA_RESTART|SA_SIGINFO
SIGQUIT: [libjvm.so+0x8c7e80], sa_mask[0]=11111111011111111101111111111110, sa_flags=SA_RESTART|SA_SIGINFO


---------------  S Y S T E M  ---------------

OS:DISTRIB_ID=ManjaroLinux
DISTRIB_RELEASE=20.0
DISTRIB_CODENAME=Lysia
DISTRIB_DESCRIPTION="Manjaro Linux"

uname:Linux 5.4.36-1-MANJARO #1 SMP PREEMPT Wed Apr 29 18:47:01 UTC 2020 x86_64
libc:glibc 2.31 NPTL 2.31 
rlimit: STACK 8192k, CORE infinity, NPROC 30891, NOFILE 524288, AS infinity
load average:1,55 1,99 1,86

/proc/meminfo:
MemTotal:        7927548 kB
MemFree:          226200 kB
MemAvailable:     497996 kB
Buffers:           30728 kB
Cached:          1582348 kB
SwapCached:            0 kB
Active:          5668624 kB
Inactive:         695988 kB
Active(anon):    5425548 kB
Inactive(anon):   493620 kB
Active(file):     243076 kB
Inactive(file):   202368 kB
Unevictable:      716048 kB
Mlocked:              80 kB
SwapTotal:             0 kB
SwapFree:              0 kB
Dirty:               408 kB
Writeback:             0 kB
AnonPages:       5467296 kB
Mapped:           547720 kB
Shmem:           1249284 kB
KReclaimable:     109204 kB
Slab:             324620 kB
SReclaimable:     109204 kB
SUnreclaim:       215416 kB
KernelStack:       21452 kB
PageTables:        78580 kB
NFS_Unstable:          0 kB
Bounce:                0 kB
WritebackTmp:          0 kB
CommitLimit:     3963772 kB
Committed_AS:   22025724 kB
VmallocTotal:   34359738367 kB
VmallocUsed:       43944 kB
VmallocChunk:          0 kB
Percpu:             5760 kB
HardwareCorrupted:     0 kB
AnonHugePages:         0 kB
ShmemHugePages:        0 kB
ShmemPmdMapped:        0 kB
FileHugePages:         0 kB
FilePmdMapped:         0 kB
HugePages_Total:       0
HugePages_Free:        0
HugePages_Rsvd:        0
HugePages_Surp:        0
Hugepagesize:       2048 kB
Hugetlb:               0 kB
DirectMap4k:      537544 kB
DirectMap2M:     7624704 kB
DirectMap1G:           0 kB

container (cgroup) information:
container_type: cgroupv1
cpu_cpuset_cpus: 0-7
cpu_memory_nodes: 0
active_processor_count: 8
cpu_quota: -1
cpu_period: 100000
cpu_shares: -1
memory_limit_in_bytes: -1
memory_and_swap_limit_in_bytes: -1
memory_soft_limit_in_bytes: -1
memory_usage_in_bytes: 7208464384
memory_max_usage_in_bytes: 7396589568


CPU:total 8 (initial active 8) (4 cores per cpu, 2 threads per core) family 6 model 142 stepping 12, cmov, cx8, fxsr, mmx, sse, sse2, sse3, ssse3, sse4.1, sse4.2, popcnt, avx, avx2, aes, clmul, erms, 3dnowpref, lzcnt, ht, tsc, tscinvbit, bmi1, bmi2, adx

/proc/cpuinfo:
processor	: 0
vendor_id	: GenuineIntel
cpu family	: 6
model		: 142
model name	: Intel(R) Core(TM) i5-8265U CPU @ 1.60GHz
stepping	: 12
microcode	: 0xca
cpu MHz		: 799.999
cache size	: 6144 KB
physical id	: 0
siblings	: 8
core id		: 0
cpu cores	: 4
apicid		: 0
initial apicid	: 0
fpu		: yes
fpu_exception	: yes
cpuid level	: 22
wp		: yes
flags		: fpu vme de pse tsc msr pae mce cx8 apic sep mtrr pge mca cmov pat pse36 clflush dts acpi mmx fxsr sse sse2 ss ht tm pbe syscall nx pdpe1gb rdtscp lm constant_tsc art arch_perfmon pebs bts rep_good nopl xtopology nonstop_tsc cpuid aperfmperf pni pclmulqdq dtes64 monitor ds_cpl vmx est tm2 ssse3 sdbg fma cx16 xtpr pdcm pcid sse4_1 sse4_2 x2apic movbe popcnt tsc_deadline_timer aes xsave avx f16c rdrand lahf_lm abm 3dnowprefetch cpuid_fault epb invpcid_single ssbd ibrs ibpb stibp ibrs_enhanced tpr_shadow vnmi flexpriority ept vpid ept_ad fsgsbase tsc_adjust bmi1 avx2 smep bmi2 erms invpcid mpx rdseed adx smap clflushopt intel_pt xsaveopt xsavec xgetbv1 xsaves dtherm ida arat pln pts hwp hwp_notify hwp_act_window hwp_epp md_clear flush_l1d arch_capabilities
bugs		: spectre_v1 spectre_v2 spec_store_bypass swapgs itlb_multihit
bogomips	: 3601.00
clflush size	: 64
cache_alignment	: 64
address sizes	: 39 bits physical, 48 bits virtual
power management:

processor	: 1
vendor_id	: GenuineIntel
cpu family	: 6
model		: 142
model name	: Intel(R) Core(TM) i5-8265U CPU @ 1.60GHz
stepping	: 12
microcode	: 0xca
cpu MHz		: 800.003
cache size	: 6144 KB
physical id	: 0
siblings	: 8
core id		: 1
cpu cores	: 4
apicid		: 2
initial apicid	: 2
fpu		: yes
fpu_exception	: yes
cpuid level	: 22
wp		: yes
flags		: fpu vme de pse tsc msr pae mce cx8 apic sep mtrr pge mca cmov pat pse36 clflush dts acpi mmx fxsr sse sse2 ss ht tm pbe syscall nx pdpe1gb rdtscp lm constant_tsc art arch_perfmon pebs bts rep_good nopl xtopology nonstop_tsc cpuid aperfmperf pni pclmulqdq dtes64 monitor ds_cpl vmx est tm2 ssse3 sdbg fma cx16 xtpr pdcm pcid sse4_1 sse4_2 x2apic movbe popcnt tsc_deadline_timer aes xsave avx f16c rdrand lahf_lm abm 3dnowprefetch cpuid_fault epb invpcid_single ssbd ibrs ibpb stibp ibrs_enhanced tpr_shadow vnmi flexpriority ept vpid ept_ad fsgsbase tsc_adjust bmi1 avx2 smep bmi2 erms invpcid mpx rdseed adx smap clflushopt intel_pt xsaveopt xsavec xgetbv1 xsaves dtherm ida arat pln pts hwp hwp_notify hwp_act_window hwp_epp md_clear flush_l1d arch_capabilities
bugs		: spectre_v1 spectre_v2 spec_store_bypass swapgs itlb_multihit
bogomips	: 3601.00
clflush size	: 64
cache_alignment	: 64
address sizes	: 39 bits physical, 48 bits virtual
power management:

processor	: 2
vendor_id	: GenuineIntel
cpu family	: 6
model		: 142
model name	: Intel(R) Core(TM) i5-8265U CPU @ 1.60GHz
stepping	: 12
microcode	: 0xca
cpu MHz		: 800.000
cache size	: 6144 KB
physical id	: 0
siblings	: 8
core id		: 2
cpu cores	: 4
apicid		: 4
initial apicid	: 4
fpu		: yes
fpu_exception	: yes
cpuid level	: 22
wp		: yes
flags		: fpu vme de pse tsc msr pae mce cx8 apic sep mtrr pge mca cmov pat pse36 clflush dts acpi mmx fxsr sse sse2 ss ht tm pbe syscall nx pdpe1gb rdtscp lm constant_tsc art arch_perfmon pebs bts rep_good nopl xtopology nonstop_tsc cpuid aperfmperf pni pclmulqdq dtes64 monitor ds_cpl vmx est tm2 ssse3 sdbg fma cx16 xtpr pdcm pcid sse4_1 sse4_2 x2apic movbe popcnt tsc_deadline_timer aes xsave avx f16c rdrand lahf_lm abm 3dnowprefetch cpuid_fault epb invpcid_single ssbd ibrs ibpb stibp ibrs_enhanced tpr_shadow vnmi flexpriority ept vpid ept_ad fsgsbase tsc_adjust bmi1 avx2 smep bmi2 erms invpcid mpx rdseed adx smap clflushopt intel_pt xsaveopt xsavec xgetbv1 xsaves dtherm ida arat pln pts hwp hwp_notify hwp_act_window hwp_epp md_clear flush_l1d arch_capabilities
bugs		: spectre_v1 spectre_v2 spec_store_bypass swapgs itlb_multihit
bogomips	: 3601.00
clflush size	: 64
cache_alignment	: 64
address sizes	: 39 bits physical, 48 bits virtual
power management:

processor	: 3
vendor_id	: GenuineIntel
cpu family	: 6
model		: 142
model name	: Intel(R) Core(TM) i5-8265U CPU @ 1.60GHz
stepping	: 12
microcode	: 0xca
cpu MHz		: 799.999
cache size	: 6144 KB
physical id	: 0
siblings	: 8
core id		: 3
cpu cores	: 4
apicid		: 6
initial apicid	: 6
fpu		: yes
fpu_exception	: yes
cpuid level	: 22
wp		: yes
flags		: fpu vme de pse tsc msr pae mce cx8 apic sep mtrr pge mca cmov pat pse36 clflush dts acpi mmx fxsr sse sse2 ss ht tm pbe syscall nx pdpe1gb rdtscp lm constant_tsc art arch_perfmon pebs bts rep_good nopl xtopology nonstop_tsc cpuid aperfmperf pni pclmulqdq dtes64 monitor ds_cpl vmx est tm2 ssse3 sdbg fma cx16 xtpr pdcm pcid sse4_1 sse4_2 x2apic movbe popcnt tsc_deadline_timer aes xsave avx f16c rdrand lahf_lm abm 3dnowprefetch cpuid_fault epb invpcid_single ssbd ibrs ibpb stibp ibrs_enhanced tpr_shadow vnmi flexpriority ept vpid ept_ad fsgsbase tsc_adjust bmi1 avx2 smep bmi2 erms invpcid mpx rdseed adx smap clflushopt intel_pt xsaveopt xsavec xgetbv1 xsaves dtherm ida arat pln pts hwp hwp_notify hwp_act_window hwp_epp md_clear flush_l1d arch_capabilities
bugs		: spectre_v1 spectre_v2 spec_store_bypass swapgs itlb_multihit
bogomips	: 3601.00
clflush size	: 64
cache_alignment	: 64
address sizes	: 39 bits physical, 48 bits virtual
power management:

processor	: 4
vendor_id	: GenuineIntel
cpu family	: 6
model		: 142
model name	: Intel(R) Core(TM) i5-8265U CPU @ 1.60GHz
stepping	: 12
microcode	: 0xca
cpu MHz		: 799.998
cache size	: 6144 KB
physical id	: 0
siblings	: 8
core id		: 0
cpu cores	: 4
apicid		: 1
initial apicid	: 1
fpu		: yes
fpu_exception	: yes
cpuid level	: 22
wp		: yes
flags		: fpu vme de pse tsc msr pae mce cx8 apic sep mtrr pge mca cmov pat pse36 clflush dts acpi mmx fxsr sse sse2 ss ht tm pbe syscall nx pdpe1gb rdtscp lm constant_tsc art arch_perfmon pebs bts rep_good nopl xtopology nonstop_tsc cpuid aperfmperf pni pclmulqdq dtes64 monitor ds_cpl vmx est tm2 ssse3 sdbg fma cx16 xtpr pdcm pcid sse4_1 sse4_2 x2apic movbe popcnt tsc_deadline_timer aes xsave avx f16c rdrand lahf_lm abm 3dnowprefetch cpuid_fault epb invpcid_single ssbd ibrs ibpb stibp ibrs_enhanced tpr_shadow vnmi flexpriority ept vpid ept_ad fsgsbase tsc_adjust bmi1 avx2 smep bmi2 erms invpcid mpx rdseed adx smap clflushopt intel_pt xsaveopt xsavec xgetbv1 xsaves dtherm ida arat pln pts hwp hwp_notify hwp_act_window hwp_epp md_clear flush_l1d arch_capabilities
bugs		: spectre_v1 spectre_v2 spec_store_bypass swapgs itlb_multihit
bogomips	: 3601.00
clflush size	: 64
cache_alignment	: 64
address sizes	: 39 bits physical, 48 bits virtual
power management:

processor	: 5
vendor_id	: GenuineIntel
cpu family	: 6
model		: 142
model name	: Intel(R) Core(TM) i5-8265U CPU @ 1.60GHz
stepping	: 12
microcode	: 0xca
cpu MHz		: 800.000
cache size	: 6144 KB
physical id	: 0
siblings	: 8
core id		: 1
cpu cores	: 4
apicid		: 3
initial apicid	: 3
fpu		: yes
fpu_exception	: yes
cpuid level	: 22
wp		: yes
flags		: fpu vme de pse tsc msr pae mce cx8 apic sep mtrr pge mca cmov pat pse36 clflush dts acpi mmx fxsr sse sse2 ss ht tm pbe syscall nx pdpe1gb rdtscp lm constant_tsc art arch_perfmon pebs bts rep_good nopl xtopology nonstop_tsc cpuid aperfmperf pni pclmulqdq dtes64 monitor ds_cpl vmx est tm2 ssse3 sdbg fma cx16 xtpr pdcm pcid sse4_1 sse4_2 x2apic movbe popcnt tsc_deadline_timer aes xsave avx f16c rdrand lahf_lm abm 3dnowprefetch cpuid_fault epb invpcid_single ssbd ibrs ibpb stibp ibrs_enhanced tpr_shadow vnmi flexpriority ept vpid ept_ad fsgsbase tsc_adjust bmi1 avx2 smep bmi2 erms invpcid mpx rdseed adx smap clflushopt intel_pt xsaveopt xsavec xgetbv1 xsaves dtherm ida arat pln pts hwp hwp_notify hwp_act_window hwp_epp md_clear flush_l1d arch_capabilities
bugs		: spectre_v1 spectre_v2 spec_store_bypass swapgs itlb_multihit
bogomips	: 3601.00
clflush size	: 64
cache_alignment	: 64
address sizes	: 39 bits physical, 48 bits virtual
power management:

processor	: 6
vendor_id	: GenuineIntel
cpu family	: 6
model		: 142
model name	: Intel(R) Core(TM) i5-8265U CPU @ 1.60GHz
stepping	: 12
microcode	: 0xca
cpu MHz		: 799.998
cache size	: 6144 KB
physical id	: 0
siblings	: 8
core id		: 2
cpu cores	: 4
apicid		: 5
initial apicid	: 5
fpu		: yes
fpu_exception	: yes
cpuid level	: 22
wp		: yes
flags		: fpu vme de pse tsc msr pae mce cx8 apic sep mtrr pge mca cmov pat pse36 clflush dts acpi mmx fxsr sse sse2 ss ht tm pbe syscall nx pdpe1gb rdtscp lm constant_tsc art arch_perfmon pebs bts rep_good nopl xtopology nonstop_tsc cpuid aperfmperf pni pclmulqdq dtes64 monitor ds_cpl vmx est tm2 ssse3 sdbg fma cx16 xtpr pdcm pcid sse4_1 sse4_2 x2apic movbe popcnt tsc_deadline_timer aes xsave avx f16c rdrand lahf_lm abm 3dnowprefetch cpuid_fault epb invpcid_single ssbd ibrs ibpb stibp ibrs_enhanced tpr_shadow vnmi flexpriority ept vpid ept_ad fsgsbase tsc_adjust bmi1 avx2 smep bmi2 erms invpcid mpx rdseed adx smap clflushopt intel_pt xsaveopt xsavec xgetbv1 xsaves dtherm ida arat pln pts hwp hwp_notify hwp_act_window hwp_epp md_clear flush_l1d arch_capabilities
bugs		: spectre_v1 spectre_v2 spec_store_bypass swapgs itlb_multihit
bogomips	: 3601.00
clflush size	: 64
cache_alignment	: 64
address sizes	: 39 bits physical, 48 bits virtual
power management:

processor	: 7
vendor_id	: GenuineIntel
cpu family	: 6
model		: 142
model name	: Intel(R) Core(TM) i5-8265U CPU @ 1.60GHz
stepping	: 12
microcode	: 0xca
cpu MHz		: 800.000
cache size	: 6144 KB
physical id	: 0
siblings	: 8
core id		: 3
cpu cores	: 4
apicid		: 7
initial apicid	: 7
fpu		: yes
fpu_exception	: yes
cpuid level	: 22
wp		: yes
flags		: fpu vme de pse tsc msr pae mce cx8 apic sep mtrr pge mca cmov pat pse36 clflush dts acpi mmx fxsr sse sse2 ss ht tm pbe syscall nx pdpe1gb rdtscp lm constant_tsc art arch_perfmon pebs bts rep_good nopl xtopology nonstop_tsc cpuid aperfmperf pni pclmulqdq dtes64 monitor ds_cpl vmx est tm2 ssse3 sdbg fma cx16 xtpr pdcm pcid sse4_1 sse4_2 x2apic movbe popcnt tsc_deadline_timer aes xsave avx f16c rdrand lahf_lm abm 3dnowprefetch cpuid_fault epb invpcid_single ssbd ibrs ibpb stibp ibrs_enhanced tpr_shadow vnmi flexpriority ept vpid ept_ad fsgsbase tsc_adjust bmi1 avx2 smep bmi2 erms invpcid mpx rdseed adx smap clflushopt intel_pt xsaveopt xsavec xgetbv1 xsaves dtherm ida arat pln pts hwp hwp_notify hwp_act_window hwp_epp md_clear flush_l1d arch_capabilities
bugs		: spectre_v1 spectre_v2 spec_store_bypass swapgs itlb_multihit
bogomips	: 3601.00
clflush size	: 64
cache_alignment	: 64
address sizes	: 39 bits physical, 48 bits virtual
power management:



Memory: 4k page, physical 7927548k(223548k free), swap 0k(0k free)

vm_info: OpenJDK 64-Bit Server VM (25.242-b08) for linux-amd64 JRE (1.8.0_242-b08), built on Jan 26 2020 11:52:10 by "builduser" with gcc 9.2.0

time: Fri May 15 17:51:29 2020
timezone: CEST
elapsed time: 141 seconds (0d 0h 2m 21s)

