#
# A fatal error has been detected by the Java Runtime Environment:
#
#  SIGSEGV (0xb) at pc=0x00007f22f0d29ae9, pid=143483, tid=0x00007f22f1192400
#
# JRE version: OpenJDK Runtime Environment (8.0_242-b08) (build 1.8.0_242-b08)
# Java VM: OpenJDK 64-Bit Server VM (25.242-b08 mixed mode linux-amd64 compressed oops)
# Problematic frame:
# V  [libjvm.so+0x8c7ae9]
#
# Core dump written. Default location: /home/trofis/Documents/auto-pairing-app/server/core or core.143483
#
# If you would like to submit a bug report, please visit:
#   http://bugreport.java.com/bugreport/crash.jsp
#

---------------  T H R E A D  ---------------

Current thread is native thread

siginfo: si_signo: 11 (SIGSEGV), si_code: 1 (SEGV_MAPERR), si_addr: 0x0000000000000110

Registers:
RAX=0x0000000000000000, RBX=0x00007f22f1192380, RCX=0x00007f22f119da67, RDX=0x00007f22f1192400
RSP=0x00007fff796aa0f0, RBP=0x00007fff796aa1b0, RSI=0x00007fff796aa2f0, RDI=0x0000000000000001
R8 =0x0000000000000000, R9 =0x00007f22f031b700, R10=0x0000000000000000, R11=0x0000000000000246
R12=0x00007fff796aa2f0, R13=0x00007f22f031b9d0, R14=0x0000000000000000, R15=0x00007f22f031b700
RIP=0x00007f22f0d29ae9, EFLAGS=0x0000000000010246, CSGSFS=0x002b000000000033, ERR=0x0000000000000004
  TRAPNO=0x000000000000000e

Top of Stack: (sp=0x00007fff796aa0f0)
0x00007fff796aa0f0:   00000000796aa1c0 00007fff796aa1c0
0x00007fff796aa100:   00007fff796a0000 0000000000000000
0x00007fff796aa110:   00007fff796aa7e8 0000000000000000
0x00007fff796aa120:   ffffffffffffffff 0000000000000000
0x00007fff796aa130:   0000000000000000 0000000000000002
0x00007fff796aa140:   00007fff796aa380 00007f22f1390520
0x00007fff796aa150:   0000000000000000 00007f22f1395000
0x00007fff796aa160:   0000000000000000 0000000000000000
0x00007fff796aa170:   0000000000000000 00007fff796aa360
0x00007fff796aa180:   0000000100000001 00000000000000ca
0x00007fff796aa190:   0000000000023087 00007f22f031b9d0
0x00007fff796aa1a0:   0000000000100000 00007f22f031b700
0x00007fff796aa1b0:   00007fff796aa928 00007f22f120fd70
0x00007fff796aa1c0:   0000000000000007 0000000000000000
0x00007fff796aa1d0:   0000000000000000 00007fff00000002
0x00007fff796aa1e0:   0000000000000000 0000000000000000
0x00007fff796aa1f0:   00007f22f031b700 0000000000000000
0x00007fff796aa200:   0000000000000246 0000000000023087
0x00007fff796aa210:   00007f22f031b9d0 0000000000100000
0x00007fff796aa220:   00007f22f031b700 00007f22f031b9d0
0x00007fff796aa230:   0000000000000000 00007fff796aa928
0x00007fff796aa240:   00000000000000ca 0000000000023087
0x00007fff796aa250:   00000000000000ca 00007f22f119da67
0x00007fff796aa260:   00007fff796aa880 00007f22f119da65
0x00007fff796aa270:   0000000000000246 002b000000000033
0x00007fff796aa280:   0000000000000000 0000000000000000
0x00007fff796aa290:   0000000000000000 0000000000000000
0x00007fff796aa2a0:   00007fff796aa380 00007f22f123ea98
0x00007fff796aa2b0:   00007f22f13db2a0 0000000000000018
0x00007fff796aa2c0:   0000000000000001 0000000000000000
0x00007fff796aa2d0:   0000000000000000 0000000000000000
0x00007fff796aa2e0:   ffffffffffffffff 0000000000000000 

Instructions: (pc=0x00007f22f0d29ae9)
0x00007f22f0d29ac9:   95 48 ff ff ff ff 15 74 db 40 00 44 8b 30 48 89
0x00007f22f0d29ad9:   c3 48 8d 05 67 23 42 00 8b 38 ff 15 a7 e1 40 00
0x00007f22f0d29ae9:   4c 8b a8 10 01 00 00 41 8b 85 a8 00 00 00 83 f8
0x00007f22f0d29af9:   01 74 1c 44 89 33 48 81 c4 98 00 00 00 5b 41 5c 

Register to memory mapping:

RAX=0x0000000000000000 is an unknown value
RBX=0x00007f22f1192380 is an unknown value
RCX=0x00007f22f119da67: <offset 0xaa67> in /usr/lib/libpthread.so.0 at 0x00007f22f1193000
RDX=0x00007f22f1192400 is an unknown value
RSP=0x00007fff796aa0f0 is an unknown value
RBP=0x00007fff796aa1b0 is an unknown value
RSI=0x00007fff796aa2f0 is an unknown value
RDI=0x0000000000000001 is an unknown value
R8 =0x0000000000000000 is an unknown value
R9 =0x00007f22f031b700 is pointing into the stack for thread: 0x00007f22ec00d000
R10=0x0000000000000000 is an unknown value
R11=0x0000000000000246 is an unknown value
R12=0x00007fff796aa2f0 is an unknown value
R13=0x00007f22f031b9d0 is pointing into the stack for thread: 0x00007f22ec00d000
R14=0x0000000000000000 is an unknown value
R15=0x00007f22f031b700 is pointing into the stack for thread: 0x00007f22ec00d000


Stack: [0x00007fff795b4000,0x00007fff796b4000],  sp=0x00007fff796aa0f0,  free space=984k
Native frames: (J=compiled Java code, j=interpreted, Vv=VM code, C=native code)
V  [libjvm.so+0x8c7ae9]
C  [libc.so.6+0x3bd70]


---------------  P R O C E S S  ---------------

VM state:not at safepoint (normal execution)

VM Mutex/Monitor currently owned by a thread: None

heap address: 0x00000000c0000000, size: 1024 MB, Compressed Oops mode: 32-bit
Narrow klass base: 0x0000000000000000, Narrow klass shift: 3
Compressed class space size: 1073741824 Address: 0x0000000100000000

Heap:
 par new generation   total 314560K, used 33305K [0x00000000c0000000, 0x00000000d5550000, 0x00000000d5550000)
  eden space 279616K,   3% used [0x00000000c0000000, 0x00000000c0acfd38, 0x00000000d1110000)
  from space 34944K,  63% used [0x00000000d1110000, 0x00000000d26c6878, 0x00000000d3330000)
  to   space 34944K,   0% used [0x00000000d3330000, 0x00000000d3330000, 0x00000000d5550000)
 concurrent mark-sweep generation total 699072K, used 120859K [0x00000000d5550000, 0x0000000100000000, 0x0000000100000000)
 Metaspace       used 89513K, capacity 106509K, committed 106840K, reserved 1138688K
  class space    used 13810K, capacity 18044K, committed 18120K, reserved 1048576K

Card table byte_map: [0x00007f22dc439000,0x00007f22dc63a000] byte_map_base: 0x00007f22dbe39000

Marking Bits: (CMSBitMap*) 0x00007f22ec096098
 Bits: [0x00007f22d6efa000, 0x00007f22d79a4c00)

Mod Union Table: (CMSBitMap*) 0x00007f22ec096158
 Bits: [0x00007f22f00ac000, 0x00007f22f00d6ab0)

Polling page: 0x00007f22f140c000

CodeCache: size=245760Kb used=63459Kb max_used=63468Kb free=182300Kb
 bounds [0x00007f22dd000000, 0x00007f22e0e30000, 0x00007f22ec000000]
 total_blobs=12537 nmethods=11765 adapters=685
 compilation: enabled

Compilation events (10 events):
Event: 1331,371 Thread 0x00007f22ec131000 15808       4       java.util.concurrent.locks.AbstractQueuedSynchronizer::cancelAcquire (154 bytes)
Event: 1331,374 Thread 0x00007f22ec131000 nmethod 15808 0x00007f22e0041190 code [0x00007f22e00412e0, 0x00007f22e0041458]
Event: 1332,043 Thread 0x00007f22ec133800 15809       4       org.jruby.ir.runtime.IRRuntimeHelpers::irSplat (53 bytes)
Event: 1332,057 Thread 0x00007f22ec133800 nmethod 15809 0x00007f22e0e23050 code [0x00007f22e0e23200, 0x00007f22e0e23648]
Event: 1333,318 Thread 0x00007f22ec135800 15810       4       jnr.ffi.provider.jffi.NativeRuntime::getMemoryManager (5 bytes)
Event: 1333,319 Thread 0x00007f22ec135800 nmethod 15810 0x00007f22de4bfc50 code [0x00007f22de4bfda0, 0x00007f22de4bfdf8]
Event: 1335,472 Thread 0x00007f22ec137800 15811       3       java.util.concurrent.locks.AbstractQueuedSynchronizer$ConditionObject::signal (33 bytes)
Event: 1335,473 Thread 0x00007f22ec137800 nmethod 15811 0x00007f22e0040a90 code [0x00007f22e0040c20, 0x00007f22e0040f88]
Event: 1335,473 Thread 0x00007f22ec137800 15812       3       java.util.concurrent.locks.AbstractQueuedSynchronizer$ConditionObject::doSignal (43 bytes)
Event: 1335,473 Thread 0x00007f22ec137800 nmethod 15812 0x00007f22e0e22a10 code [0x00007f22e0e22ba0, 0x00007f22e0e22f28]

GC Heap History (10 events):
Event: 32,316 GC heap before
{Heap before GC invocations=6 (full 2):
 par new generation   total 314560K, used 314560K [0x00000000c0000000, 0x00000000d5550000, 0x00000000d5550000)
  eden space 279616K, 100% used [0x00000000c0000000, 0x00000000d1110000, 0x00000000d1110000)
  from space 34944K, 100% used [0x00000000d1110000, 0x00000000d3330000, 0x00000000d3330000)
  to   space 34944K,   0% used [0x00000000d3330000, 0x00000000d3330000, 0x00000000d5550000)
 concurrent mark-sweep generation total 699072K, used 86433K [0x00000000d5550000, 0x0000000100000000, 0x0000000100000000)
 Metaspace       used 73517K, capacity 86207K, committed 86384K, reserved 1120256K
  class space    used 12179K, capacity 15537K, committed 15612K, reserved 1048576K
Event: 32,375 GC heap after
Heap after GC invocations=7 (full 2):
 par new generation   total 314560K, used 29495K [0x00000000c0000000, 0x00000000d5550000, 0x00000000d5550000)
  eden space 279616K,   0% used [0x00000000c0000000, 0x00000000c0000000, 0x00000000d1110000)
  from space 34944K,  84% used [0x00000000d3330000, 0x00000000d4ffdc88, 0x00000000d5550000)
  to   space 34944K,   0% used [0x00000000d1110000, 0x00000000d1110000, 0x00000000d3330000)
 concurrent mark-sweep generation total 699072K, used 105875K [0x00000000d5550000, 0x0000000100000000, 0x0000000100000000)
 Metaspace       used 73517K, capacity 86207K, committed 86384K, reserved 1120256K
  class space    used 12179K, capacity 15537K, committed 15612K, reserved 1048576K
}
Event: 34,057 GC heap before
{Heap before GC invocations=7 (full 2):
 par new generation   total 314560K, used 133100K [0x00000000c0000000, 0x00000000d5550000, 0x00000000d5550000)
  eden space 279616K,  37% used [0x00000000c0000000, 0x00000000c652d6c8, 0x00000000d1110000)
  from space 34944K,  84% used [0x00000000d3330000, 0x00000000d4ffdc88, 0x00000000d5550000)
  to   space 34944K,   0% used [0x00000000d1110000, 0x00000000d1110000, 0x00000000d3330000)
 concurrent mark-sweep generation total 699072K, used 105875K [0x00000000d5550000, 0x0000000100000000, 0x0000000100000000)
 Metaspace       used 74432K, capacity 87997K, committed 88044K, reserved 1122304K
  class space    used 12294K, capacity 15784K, committed 15816K, reserved 1048576K
Event: 34,717 GC heap after
Heap after GC invocations=8 (full 3):
 par new generation   total 314560K, used 0K [0x00000000c0000000, 0x00000000d5550000, 0x00000000d5550000)
  eden space 279616K,   0% used [0x00000000c0000000, 0x00000000c0000000, 0x00000000d1110000)
  from space 34944K,   0% used [0x00000000d3330000, 0x00000000d3330000, 0x00000000d5550000)
  to   space 34944K,   0% used [0x00000000d1110000, 0x00000000d1110000, 0x00000000d3330000)
 concurrent mark-sweep generation total 699072K, used 109381K [0x00000000d5550000, 0x0000000100000000, 0x0000000100000000)
 Metaspace       used 74324K, capacity 87797K, committed 88044K, reserved 1122304K
  class space    used 12273K, capacity 15736K, committed 15816K, reserved 1048576K
}
Event: 39,913 GC heap before
{Heap before GC invocations=8 (full 4):
 par new generation   total 314560K, used 279616K [0x00000000c0000000, 0x00000000d5550000, 0x00000000d5550000)
  eden space 279616K, 100% used [0x00000000c0000000, 0x00000000d1110000, 0x00000000d1110000)
  from space 34944K,   0% used [0x00000000d3330000, 0x00000000d3330000, 0x00000000d5550000)
  to   space 34944K,   0% used [0x00000000d1110000, 0x00000000d1110000, 0x00000000d3330000)
 concurrent mark-sweep generation total 699072K, used 109381K [0x00000000d5550000, 0x0000000100000000, 0x0000000100000000)
 Metaspace       used 86216K, capacity 100897K, committed 101208K, reserved 1132544K
  class space    used 13508K, capacity 17301K, committed 17352K, reserved 1048576K
Event: 39,939 GC heap after
Heap after GC invocations=9 (full 4):
 par new generation   total 314560K, used 25946K [0x00000000c0000000, 0x00000000d5550000, 0x00000000d5550000)
  eden space 279616K,   0% used [0x00000000c0000000, 0x00000000c0000000, 0x00000000d1110000)
  from space 34944K,  74% used [0x00000000d1110000, 0x00000000d2a66818, 0x00000000d3330000)
  to   space 34944K,   0% used [0x00000000d3330000, 0x00000000d3330000, 0x00000000d5550000)
 concurrent mark-sweep generation total 699072K, used 109381K [0x00000000d5550000, 0x0000000100000000, 0x0000000100000000)
 Metaspace       used 86216K, capacity 100897K, committed 101208K, reserved 1132544K
  class space    used 13508K, capacity 17301K, committed 17352K, reserved 1048576K
}
Event: 356,894 GC heap before
{Heap before GC invocations=9 (full 4):
 par new generation   total 314560K, used 305562K [0x00000000c0000000, 0x00000000d5550000, 0x00000000d5550000)
  eden space 279616K, 100% used [0x00000000c0000000, 0x00000000d1110000, 0x00000000d1110000)
  from space 34944K,  74% used [0x00000000d1110000, 0x00000000d2a66818, 0x00000000d3330000)
  to   space 34944K,   0% used [0x00000000d3330000, 0x00000000d3330000, 0x00000000d5550000)
 concurrent mark-sweep generation total 699072K, used 106165K [0x00000000d5550000, 0x0000000100000000, 0x0000000100000000)
 Metaspace       used 89281K, capacity 106177K, committed 106328K, reserved 1138688K
  class space    used 13804K, capacity 18032K, committed 18120K, reserved 1048576K
Event: 356,973 GC heap after
Heap after GC invocations=10 (full 4):
 par new generation   total 314560K, used 18301K [0x00000000c0000000, 0x00000000d5550000, 0x00000000d5550000)
  eden space 279616K,   0% used [0x00000000c0000000, 0x00000000c0000000, 0x00000000d1110000)
  from space 34944K,  52% used [0x00000000d3330000, 0x00000000d450f568, 0x00000000d5550000)
  to   space 34944K,   0% used [0x00000000d1110000, 0x00000000d1110000, 0x00000000d3330000)
 concurrent mark-sweep generation total 699072K, used 120859K [0x00000000d5550000, 0x0000000100000000, 0x0000000100000000)
 Metaspace       used 89281K, capacity 106177K, committed 106328K, reserved 1138688K
  class space    used 13804K, capacity 18032K, committed 18120K, reserved 1048576K
}
Event: 1337,567 GC heap before
{Heap before GC invocations=10 (full 4):
 par new generation   total 314560K, used 297917K [0x00000000c0000000, 0x00000000d5550000, 0x00000000d5550000)
  eden space 279616K, 100% used [0x00000000c0000000, 0x00000000d1110000, 0x00000000d1110000)
  from space 34944K,  52% used [0x00000000d3330000, 0x00000000d450f568, 0x00000000d5550000)
  to   space 34944K,   0% used [0x00000000d1110000, 0x00000000d1110000, 0x00000000d3330000)
 concurrent mark-sweep generation total 699072K, used 120859K [0x00000000d5550000, 0x0000000100000000, 0x0000000100000000)
 Metaspace       used 89513K, capacity 106509K, committed 106840K, reserved 1138688K
  class space    used 13810K, capacity 18044K, committed 18120K, reserved 1048576K
Event: 1337,614 GC heap after
Heap after GC invocations=11 (full 4):
 par new generation   total 314560K, used 22234K [0x00000000c0000000, 0x00000000d5550000, 0x00000000d5550000)
  eden space 279616K,   0% used [0x00000000c0000000, 0x00000000c0000000, 0x00000000d1110000)
  from space 34944K,  63% used [0x00000000d1110000, 0x00000000d26c6878, 0x00000000d3330000)
  to   space 34944K,   0% used [0x00000000d3330000, 0x00000000d3330000, 0x00000000d5550000)
 concurrent mark-sweep generation total 699072K, used 120859K [0x00000000d5550000, 0x0000000100000000, 0x0000000100000000)
 Metaspace       used 89513K, capacity 106509K, committed 106840K, reserved 1138688K
  class space    used 13810K, capacity 18044K, committed 18120K, reserved 1048576K
}

Deoptimization events (10 events):
Event: 41,260 Thread 0x00007f2270006800 Uncommon trap: reason=null_check action=make_not_entrant pc=0x00007f22dda2d1cc method=java.lang.StringCoding.deref(Ljava/lang/ThreadLocal;)Ljava/lang/Object; @ 4
Event: 72,114 Thread 0x00007f225801a800 Uncommon trap: reason=unstable_if action=reinterpret pc=0x00007f22ddfefac0 method=java.lang.invoke.MethodHandleImpl$CountingWrapper.countDown()Z @ 11
Event: 78,880 Thread 0x00007f2258067800 Uncommon trap: reason=unhandled action=reinterpret pc=0x00007f22dfd40a08 method=java.lang.invoke.CallSite.<init>(Ljava/lang/invoke/MethodHandle;)V @ 11
Event: 79,044 Thread 0x00007f2258067800 Uncommon trap: reason=unstable_if action=reinterpret pc=0x00007f22e00806e0 method=org.jruby.RubyArray.rb_clear()Lorg/jruby/runtime/builtin/IRubyObject; @ 32
Event: 148,230 Thread 0x00007f2258045000 Uncommon trap: reason=range_check action=make_not_entrant pc=0x00007f22e04958dc method=org.jruby.ir.runtime.IRRuntimeHelpers.getPreArgSafe(Lorg/jruby/runtime/ThreadContext;[Lorg/jruby/runtime/builtin/IRubyObject;I)Lorg/jruby/runtime/builtin/IRubyObject; @
Event: 203,411 Thread 0x00007f22ece4e000 Uncommon trap: reason=array_check action=maybe_recompile pc=0x00007f22e05a5520 method=java.util.concurrent.ConcurrentHashMap$CollectionView.toArray([Ljava/lang/Object;)[Ljava/lang/Object; @ 161
Event: 203,411 Thread 0x00007f22ece4e000 Uncommon trap: reason=array_check action=maybe_recompile pc=0x00007f22e05a5520 method=java.util.concurrent.ConcurrentHashMap$CollectionView.toArray([Ljava/lang/Object;)[Ljava/lang/Object; @ 161
Event: 203,912 Thread 0x00007f22ece4e000 Uncommon trap: reason=array_check action=maybe_recompile pc=0x00007f22e05a5520 method=java.util.concurrent.ConcurrentHashMap$CollectionView.toArray([Ljava/lang/Object;)[Ljava/lang/Object; @ 161
Event: 203,912 Thread 0x00007f22ece4e000 Uncommon trap: reason=array_check action=maybe_recompile pc=0x00007f22e05a5520 method=java.util.concurrent.ConcurrentHashMap$CollectionView.toArray([Ljava/lang/Object;)[Ljava/lang/Object; @ 161
Event: 281,298 Thread 0x00007f2270008000 Uncommon trap: reason=unstable_if action=reinterpret pc=0x00007f22dd90050c method=org.jruby.runtime.ThreadContext.pushCallFrame(Lorg/jruby/RubyModule;Ljava/lang/String;Lorg/jruby/runtime/builtin/IRubyObject;Lorg/jruby/runtime/Visibility;Lorg/jruby/runtime

Classes redefined (0 events):
No events

Internal exceptions (10 events):
Event: 39,703 Thread 0x00007f2258045000 Exception <a 'java/lang/ArrayIndexOutOfBoundsException'> (0x00000000d010b108) thrown at [/build/java8-openjdk/src/jdk8u-jdk8u242-b08/hotspot/src/share/vm/runtime/sharedRuntime.cpp, line 605]
Event: 39,740 Thread 0x00007f2258045000 Exception <a 'java/lang/ArrayIndexOutOfBoundsException'> (0x00000000d03607e0) thrown at [/build/java8-openjdk/src/jdk8u-jdk8u242-b08/hotspot/src/share/vm/runtime/sharedRuntime.cpp, line 605]
Event: 39,771 Thread 0x00007f2258045000 Exception <a 'java/lang/ArrayIndexOutOfBoundsException'> (0x00000000d05cac48) thrown at [/build/java8-openjdk/src/jdk8u-jdk8u242-b08/hotspot/src/share/vm/runtime/sharedRuntime.cpp, line 605]
Event: 39,804 Thread 0x00007f2258045000 Exception <a 'java/lang/ArrayIndexOutOfBoundsException'> (0x00000000d0828938) thrown at [/build/java8-openjdk/src/jdk8u-jdk8u242-b08/hotspot/src/share/vm/runtime/sharedRuntime.cpp, line 605]
Event: 39,827 Thread 0x00007f2258045000 Exception <a 'java/lang/ArrayIndexOutOfBoundsException'> (0x00000000d0a10478) thrown at [/build/java8-openjdk/src/jdk8u-jdk8u242-b08/hotspot/src/share/vm/runtime/sharedRuntime.cpp, line 605]
Event: 39,847 Thread 0x00007f2258045000 Exception <a 'java/lang/ArrayIndexOutOfBoundsException'> (0x00000000d0ba4bd8) thrown at [/build/java8-openjdk/src/jdk8u-jdk8u242-b08/hotspot/src/share/vm/runtime/sharedRuntime.cpp, line 605]
Event: 39,868 Thread 0x00007f2258045000 Exception <a 'java/lang/ArrayIndexOutOfBoundsException'> (0x00000000d0d08158) thrown at [/build/java8-openjdk/src/jdk8u-jdk8u242-b08/hotspot/src/share/vm/runtime/sharedRuntime.cpp, line 605]
Event: 39,878 Thread 0x00007f2258045000 Exception <a 'java/lang/ArrayIndexOutOfBoundsException'> (0x00000000d0e1db00) thrown at [/build/java8-openjdk/src/jdk8u-jdk8u242-b08/hotspot/src/share/vm/runtime/sharedRuntime.cpp, line 605]
Event: 39,891 Thread 0x00007f2258045000 Exception <a 'java/lang/ArrayIndexOutOfBoundsException'> (0x00000000d0f7c450) thrown at [/build/java8-openjdk/src/jdk8u-jdk8u242-b08/hotspot/src/share/vm/runtime/sharedRuntime.cpp, line 605]
Event: 41,260 Thread 0x00007f2270006800 Implicit null exception at 0x00007f22dda2cce4 to 0x00007f22dda2d1bd

Events (10 events):
Event: 1252,872 Thread 0x00007f22ec133800 flushing nmethod 0x00007f22dd32ac10
Event: 1288,280 Thread 0x00007f22ec137800 flushing nmethod 0x00007f22df13ee90
Event: 1337,567 Executing VM operation: GenCollectForAllocation
Event: 1337,615 Executing VM operation: GenCollectForAllocation done
Event: 1337,616 Executing VM operation: RevokeBias
Event: 1337,616 Executing VM operation: RevokeBias done
Event: 1337,617 Executing VM operation: RevokeBias
Event: 1337,617 Executing VM operation: RevokeBias done
Event: 1337,617 Executing VM operation: RevokeBias
Event: 1337,618 Executing VM operation: RevokeBias done


Dynamic libraries:
c0000000-1011b2000 rw-p 00000000 00:00 0 
1011b2000-140000000 ---p 00000000 00:00 0 
55705e2ad000-55705e2ae000 r--p 00000000 103:04 662552                    /usr/lib/jvm/java-8-openjdk/jre/bin/java
55705e2ae000-55705e2af000 r-xp 00001000 103:04 662552                    /usr/lib/jvm/java-8-openjdk/jre/bin/java
55705e2af000-55705e2b0000 r--p 00002000 103:04 662552                    /usr/lib/jvm/java-8-openjdk/jre/bin/java
55705e2b0000-55705e2b1000 r--p 00002000 103:04 662552                    /usr/lib/jvm/java-8-openjdk/jre/bin/java
55705e2b1000-55705e2b2000 rw-p 00003000 103:04 662552                    /usr/lib/jvm/java-8-openjdk/jre/bin/java
55705fd04000-55705fd86000 rw-p 00000000 00:00 0                          [heap]
7f2224000000-7f2224021000 rw-p 00000000 00:00 0 
7f2224021000-7f2228000000 ---p 00000000 00:00 0 
7f2228000000-7f222803c000 rw-p 00000000 00:00 0 
7f222803c000-7f222c000000 ---p 00000000 00:00 0 
7f222c000000-7f222c021000 rw-p 00000000 00:00 0 
7f222c021000-7f2230000000 ---p 00000000 00:00 0 
7f2230000000-7f2230021000 rw-p 00000000 00:00 0 
7f2230021000-7f2234000000 ---p 00000000 00:00 0 
7f2234000000-7f22341e8000 rw-p 00000000 00:00 0 
7f22341e8000-7f2238000000 ---p 00000000 00:00 0 
7f2238000000-7f2238021000 rw-p 00000000 00:00 0 
7f2238021000-7f223c000000 ---p 00000000 00:00 0 
7f223c000000-7f223c021000 rw-p 00000000 00:00 0 
7f223c021000-7f2240000000 ---p 00000000 00:00 0 
7f2240000000-7f22402ec000 rw-p 00000000 00:00 0 
7f22402ec000-7f2244000000 ---p 00000000 00:00 0 
7f2244000000-7f2244021000 rw-p 00000000 00:00 0 
7f2244021000-7f2248000000 ---p 00000000 00:00 0 
7f2248000000-7f2248021000 rw-p 00000000 00:00 0 
7f2248021000-7f224c000000 ---p 00000000 00:00 0 
7f224c000000-7f224c021000 rw-p 00000000 00:00 0 
7f224c021000-7f2250000000 ---p 00000000 00:00 0 
7f22526f5000-7f22527b5000 rw-p 00000000 00:00 0 
7f22527b5000-7f22528f5000 ---p 00000000 00:00 0 
7f22528f5000-7f22528f8000 ---p 00000000 00:00 0 
7f22528f8000-7f22529f6000 rw-p 00000000 00:00 0 
7f22529f6000-7f22529f9000 ---p 00000000 00:00 0 
7f22529f9000-7f2252af7000 rw-p 00000000 00:00 0 
7f2252af7000-7f2252afa000 ---p 00000000 00:00 0 
7f2252afa000-7f2252bf8000 rw-p 00000000 00:00 0 
7f2252bf8000-7f2252bfb000 ---p 00000000 00:00 0 
7f2252bfb000-7f2252ef9000 rw-p 00000000 00:00 0 
7f2252ef9000-7f2252efc000 ---p 00000000 00:00 0 
7f2252efc000-7f2252ffa000 rw-p 00000000 00:00 0 
7f2252ffa000-7f2252ffd000 ---p 00000000 00:00 0 
7f2252ffd000-7f22532fb000 rw-p 00000000 00:00 0 
7f22532fb000-7f22534fb000 rw-p 00000000 00:00 0 
7f22534fb000-7f22536fb000 rw-p 00000000 00:00 0 
7f22536fb000-7f22538fb000 rw-p 00000000 00:00 0 
7f22538fb000-7f2253afb000 rw-p 00000000 00:00 0 
7f2253afb000-7f2253afe000 ---p 00000000 00:00 0 
7f2253afe000-7f2253bfc000 rw-p 00000000 00:00 0 
7f2253bfc000-7f2253bff000 ---p 00000000 00:00 0 
7f2253bff000-7f2253cfd000 rw-p 00000000 00:00 0 
7f2253cfd000-7f2253d00000 ---p 00000000 00:00 0 
7f2253d00000-7f2253dfe000 rw-p 00000000 00:00 0 
7f2253dfe000-7f2253e01000 ---p 00000000 00:00 0 
7f2253e01000-7f2253eff000 rw-p 00000000 00:00 0 
7f2253eff000-7f2253f02000 ---p 00000000 00:00 0 
7f2253f02000-7f2254000000 rw-p 00000000 00:00 0 
7f2254000000-7f225402a000 rw-p 00000000 00:00 0 
7f225402a000-7f2258000000 ---p 00000000 00:00 0 
7f2258000000-7f22580d8000 rw-p 00000000 00:00 0 
7f22580d8000-7f225c000000 ---p 00000000 00:00 0 
7f225c000000-7f225c042000 rw-p 00000000 00:00 0 
7f225c042000-7f2260000000 ---p 00000000 00:00 0 
7f2260000000-7f226004f000 rw-p 00000000 00:00 0 
7f226004f000-7f2264000000 ---p 00000000 00:00 0 
7f2264000000-7f2264054000 rw-p 00000000 00:00 0 
7f2264054000-7f2268000000 ---p 00000000 00:00 0 
7f2268000000-7f2268304000 rw-p 00000000 00:00 0 
7f2268304000-7f226c000000 ---p 00000000 00:00 0 
7f226c000000-7f226c021000 rw-p 00000000 00:00 0 
7f226c021000-7f2270000000 ---p 00000000 00:00 0 
7f2270000000-7f227002b000 rw-p 00000000 00:00 0 
7f227002b000-7f2274000000 ---p 00000000 00:00 0 
7f2274000000-7f2274021000 rw-p 00000000 00:00 0 
7f2274021000-7f2278000000 ---p 00000000 00:00 0 
7f227803c000-7f227803f000 ---p 00000000 00:00 0 
7f227803f000-7f227813d000 rw-p 00000000 00:00 0 
7f227813d000-7f2278140000 ---p 00000000 00:00 0 
7f2278140000-7f227823e000 rw-p 00000000 00:00 0 
7f227823e000-7f2278241000 ---p 00000000 00:00 0 
7f2278241000-7f227833f000 rw-p 00000000 00:00 0 
7f227833f000-7f2278342000 ---p 00000000 00:00 0 
7f2278342000-7f2278640000 rw-p 00000000 00:00 0 
7f2278640000-7f2278840000 rw-p 00000000 00:00 0 
7f2278840000-7f2278a40000 rw-p 00000000 00:00 0 
7f2278a40000-7f2278a43000 ---p 00000000 00:00 0 
7f2278a43000-7f2278b41000 rw-p 00000000 00:00 0 
7f2278b41000-7f2278b44000 ---p 00000000 00:00 0 
7f2278b44000-7f2278c42000 rw-p 00000000 00:00 0 
7f2278c42000-7f2278c45000 ---p 00000000 00:00 0 
7f2278c45000-7f2278f36000 rw-p 00000000 00:00 0 
7f2278f36000-7f2278f43000 ---p 00000000 00:00 0 
7f2278f43000-7f2278f46000 ---p 00000000 00:00 0 
7f2278f46000-7f2279235000 rw-p 00000000 00:00 0 
7f2279235000-7f2279244000 ---p 00000000 00:00 0 
7f2279244000-7f2279444000 rw-p 00000000 00:00 0 
7f2279444000-7f2279644000 rw-p 00000000 00:00 0 
7f2279644000-7f2279844000 rw-p 00000000 00:00 0 
7f2279844000-7f2279a44000 rw-p 00000000 00:00 0 
7f2279a44000-7f2279c44000 rw-p 00000000 00:00 0 
7f2279c44000-7f2279e44000 rw-p 00000000 00:00 0 
7f2279e44000-7f227a044000 rw-p 00000000 00:00 0 
7f227a044000-7f227a244000 rw-p 00000000 00:00 0 
7f227a244000-7f227a444000 rw-p 00000000 00:00 0 
7f227a444000-7f227a447000 ---p 00000000 00:00 0 
7f227a447000-7f227a745000 rw-p 00000000 00:00 0 
7f227a745000-7f227a945000 rw-p 00000000 00:00 0 
7f227a945000-7f227ab45000 rw-p 00000000 00:00 0 
7f227ab45000-7f227ad45000 rw-p 00000000 00:00 0 
7f227ad45000-7f227af45000 rw-p 00000000 00:00 0 
7f227af45000-7f227b145000 rw-p 00000000 00:00 0 
7f227b145000-7f227b345000 rw-p 00000000 00:00 0 
7f227b345000-7f227b545000 rw-p 00000000 00:00 0 
7f227b545000-7f227b745000 rw-p 00000000 00:00 0 
7f227b745000-7f227b945000 rw-p 00000000 00:00 0 
7f227b945000-7f227bb45000 rw-p 00000000 00:00 0 
7f227bb9b000-7f227bba8000 r--s 00088000 103:04 670451                    /home/trofis/Documents/Worldline/autoPairing/logstash/vendor/bundle/jruby/2.5.0/gems/march_hare-4.1.1-java/lib/ext/rabbitmq-client.jar
7f227bba8000-7f227bbaa000 r--s 00009000 103:04 670450                    /home/trofis/Documents/Worldline/autoPairing/logstash/vendor/bundle/jruby/2.5.0/gems/march_hare-4.1.1-java/lib/ext/slf4j-api.jar
7f227bbaa000-7f227bbaf000 r--s 0003d000 103:04 662625                    /usr/lib/jvm/java-8-openjdk/jre/lib/ext/sunjce_provider.jar
7f227bbaf000-7f227bbb1000 r--s 00000000 103:04 440125                    /home/trofis/Documents/Worldline/autoPairing/logstash/vendor/bundle/jruby/2.5.0/gems/manticore-0.6.4-java/lib/org/manticore/manticore-ext.jar
7f227bbb1000-7f227bbb4000 r--p 00000000 103:04 2363725                   /usr/lib/libgcc_s.so.1
7f227bbb4000-7f227bbc5000 r-xp 00003000 103:04 2363725                   /usr/lib/libgcc_s.so.1
7f227bbc5000-7f227bbc9000 r--p 00014000 103:04 2363725                   /usr/lib/libgcc_s.so.1
7f227bbc9000-7f227bbca000 r--p 00017000 103:04 2363725                   /usr/lib/libgcc_s.so.1
7f227bbca000-7f227bbcb000 rw-p 00018000 103:04 2363725                   /usr/lib/libgcc_s.so.1
7f227bbcb000-7f227bbcc000 r--s 00002000 103:04 670927                    /home/trofis/Documents/Worldline/autoPairing/logstash/vendor/bundle/jruby/2.5.0/gems/logstash-input-file-4.1.16/lib/jars/filewatch-1.0.1.jar
7f227bbcc000-7f227bbd3000 r--s 00049000 103:04 538954                    /home/trofis/Documents/Worldline/autoPairing/logstash/vendor/bundle/jruby/2.5.0/gems/manticore-0.6.4-java/lib/org/apache/httpcomponents/httpcore/4.4.4/httpcore-4.4.4.jar
7f227bbd3000-7f227bbe0000 r--s 000a7000 103:04 538957                    /home/trofis/Documents/Worldline/autoPairing/logstash/vendor/bundle/jruby/2.5.0/gems/manticore-0.6.4-java/lib/org/apache/httpcomponents/httpclient/4.5.2/httpclient-4.5.2.jar
7f227bbe0000-7f227bbe7000 r--s 0003f000 103:04 440118                    /home/trofis/Documents/Worldline/autoPairing/logstash/vendor/bundle/jruby/2.5.0/gems/manticore-0.6.4-java/lib/commons-codec/commons-codec/1.10/commons-codec-1.10.jar
7f227bbe7000-7f227bbe9000 r--s 00009000 103:04 538960                    /home/trofis/Documents/Worldline/autoPairing/logstash/vendor/bundle/jruby/2.5.0/gems/manticore-0.6.4-java/lib/org/apache/httpcomponents/httpmime/4.5.2/httpmime-4.5.2.jar
7f227bbe9000-7f227bbeb000 r--s 0000e000 103:04 440122                    /home/trofis/Documents/Worldline/autoPairing/logstash/vendor/bundle/jruby/2.5.0/gems/manticore-0.6.4-java/lib/commons-logging/commons-logging/1.2/commons-logging-1.2.jar
7f227bbeb000-7f227bbed000 r--s 00004000 103:04 807907                    /home/trofis/Documents/Worldline/autoPairing/logstash/vendor/bundle/jruby/2.5.0/gems/puma-4.3.1-java/lib/puma/puma_http11.jar
7f227bbed000-7f227bc00000 r--s 00137000 103:04 1842306                   /home/trofis/Documents/Worldline/autoPairing/logstash/vendor/bundle/jruby/2.5.0/gems/logstash-input-beats-6.0.8-java/vendor/jar-dependencies/com/fasterxml/jackson/core/jackson-databind/2.9.10.1/jackson-databind-2.9.10.1.jar
7f227bc00000-7f227be00000 rw-p 00000000 00:00 0 
7f227be00000-7f227c000000 rw-p 00000000 00:00 0 
7f227c000000-7f227c021000 rw-p 00000000 00:00 0 
7f227c021000-7f2280000000 ---p 00000000 00:00 0 
7f2280000000-7f2280021000 rw-p 00000000 00:00 0 
7f2280021000-7f2284000000 ---p 00000000 00:00 0 
7f2284000000-7f2285ca3000 rw-p 00000000 00:00 0 
7f2285ca3000-7f2288000000 ---p 00000000 00:00 0 
7f2288000000-7f228b04a000 rw-p 00000000 00:00 0 
7f228b04a000-7f228c000000 ---p 00000000 00:00 0 
7f228c000000-7f228da55000 rw-p 00000000 00:00 0 
7f228da55000-7f2290000000 ---p 00000000 00:00 0 
7f2290000000-7f2291f35000 rw-p 00000000 00:00 0 
7f2291f35000-7f2294000000 ---p 00000000 00:00 0 
7f2294000000-7f2294021000 rw-p 00000000 00:00 0 
7f2294021000-7f2298000000 ---p 00000000 00:00 0 
7f2298000000-7f2298021000 rw-p 00000000 00:00 0 
7f2298021000-7f229c000000 ---p 00000000 00:00 0 
7f229c000000-7f229c021000 rw-p 00000000 00:00 0 
7f229c021000-7f22a0000000 ---p 00000000 00:00 0 
7f22a0000000-7f22a0021000 rw-p 00000000 00:00 0 
7f22a0021000-7f22a4000000 ---p 00000000 00:00 0 
7f22a4000000-7f22a4105000 rw-p 00000000 00:00 0 
7f22a4105000-7f22a8000000 ---p 00000000 00:00 0 
7f22a8000000-7f22a8021000 rw-p 00000000 00:00 0 
7f22a8021000-7f22ac000000 ---p 00000000 00:00 0 
7f22ac000000-7f22ac001000 r--s 00003000 103:04 670452                    /home/trofis/Documents/Worldline/autoPairing/logstash/vendor/bundle/jruby/2.5.0/gems/march_hare-4.1.1-java/lib/ext/slf4j-simple.jar
7f22ac001000-7f22ac003000 r--s 00002000 103:04 810358                    /home/trofis/Documents/Worldline/autoPairing/logstash/vendor/bundle/jruby/2.5.0/gems/nio4r-2.5.2-java/lib/nio4r_ext.jar
7f22ac003000-7f22ac005000 r--s 0000d000 103:04 809293                    /home/trofis/Documents/Worldline/autoPairing/logstash/vendor/bundle/jruby/2.5.0/gems/jrjackson-0.4.11-java/lib/jrjackson/jars/jrjackson-1.2.29.jar
7f22ac005000-7f22ac008000 r--s 00022000 103:04 1842316                   /home/trofis/Documents/Worldline/autoPairing/logstash/vendor/bundle/jruby/2.5.0/gems/logstash-input-beats-6.0.8-java/vendor/jar-dependencies/com/fasterxml/jackson/module/jackson-module-afterburner/2.9.10/jackson-module-afterburner-2.9.10.jar
7f22ac008000-7f22ac00c000 r--s 0004c000 103:04 1842309                   /home/trofis/Documents/Worldline/autoPairing/logstash/vendor/bundle/jruby/2.5.0/gems/logstash-input-beats-6.0.8-java/vendor/jar-dependencies/com/fasterxml/jackson/core/jackson-core/2.9.10/jackson-core-2.9.10.jar
7f22ac00c000-7f22ac00f000 r--s 0000e000 103:04 1842312                   /home/trofis/Documents/Worldline/autoPairing/logstash/vendor/bundle/jruby/2.5.0/gems/logstash-input-beats-6.0.8-java/vendor/jar-dependencies/com/fasterxml/jackson/core/jackson-annotations/2.9.10/jackson-annotations-2.9.10.jar
7f22ac00f000-7f22ac013000 r--s 0001a000 103:04 1976672                   /home/trofis/Documents/Worldline/autoPairing/logstash/vendor/bundle/jruby/2.5.0/gems/thread_safe-0.3.6-java/lib/thread_safe/jruby_cache_backend.jar
7f22ac013000-7f22ac014000 r--s 00008000 103:04 809868                    /home/trofis/Documents/Worldline/autoPairing/logstash/vendor/bundle/jruby/2.5.0/gems/json-1.8.6-java/lib/json/ext/generator.jar
7f22ac014000-7f22ac016000 r--s 00006000 103:04 809867                    /home/trofis/Documents/Worldline/autoPairing/logstash/vendor/bundle/jruby/2.5.0/gems/json-1.8.6-java/lib/json/ext/parser.jar
7f22ac016000-7f22ac020000 r--p 00000000 103:04 662606                    /usr/lib/jvm/java-8-openjdk/jre/lib/amd64/libsunec.so
7f22ac020000-7f22ac045000 r-xp 0000a000 103:04 662606                    /usr/lib/jvm/java-8-openjdk/jre/lib/amd64/libsunec.so
7f22ac045000-7f22ac052000 r--p 0002f000 103:04 662606                    /usr/lib/jvm/java-8-openjdk/jre/lib/amd64/libsunec.so
7f22ac052000-7f22ac057000 r--p 0003b000 103:04 662606                    /usr/lib/jvm/java-8-openjdk/jre/lib/amd64/libsunec.so
7f22ac057000-7f22ac058000 rw-p 00040000 103:04 662606                    /usr/lib/jvm/java-8-openjdk/jre/lib/amd64/libsunec.so
7f22ac058000-7f22ac059000 r--s 0000d000 103:04 662624                    /usr/lib/jvm/java-8-openjdk/jre/lib/ext/sunec.jar
7f22ac059000-7f22ac05d000 r--s 0003a000 103:04 662626                    /usr/lib/jvm/java-8-openjdk/jre/lib/ext/sunpkcs11.jar
7f22ac05d000-7f22ac074000 r--s 00104000 103:04 672838                    /home/trofis/Documents/Worldline/autoPairing/logstash/vendor/bundle/jruby/2.5.0/gems/jruby-openssl-0.10.4-java/lib/jopenssl.jar
7f22ac074000-7f22ac08b000 r--s 000ff000 103:04 672870                    /home/trofis/Documents/Worldline/autoPairing/logstash/vendor/bundle/jruby/2.5.0/gems/jruby-openssl-0.10.4-java/lib/org/bouncycastle/bctls-jdk15on/1.62/bctls-jdk15on-1.62.jar
7f22ac08b000-7f22ac0ea000 r--s 003fa000 103:04 672864                    /home/trofis/Documents/Worldline/autoPairing/logstash/vendor/bundle/jruby/2.5.0/gems/jruby-openssl-0.10.4-java/lib/org/bouncycastle/bcprov-jdk15on/1.62/bcprov-jdk15on-1.62.jar
7f22ac0ea000-7f22ac2ea000 rw-p 00000000 00:00 0 
7f22ac2ea000-7f22ac4ea000 rw-p 00000000 00:00 0 
7f22ac4ea000-7f22ac4eb000 r--p 00000000 103:04 2368466                   /usr/lib/libcrypt-2.31.so
7f22ac4eb000-7f22ac4f1000 r-xp 00001000 103:04 2368466                   /usr/lib/libcrypt-2.31.so
7f22ac4f1000-7f22ac4f3000 r--p 00007000 103:04 2368466                   /usr/lib/libcrypt-2.31.so
7f22ac4f3000-7f22ac4f4000 ---p 00009000 103:04 2368466                   /usr/lib/libcrypt-2.31.so
7f22ac4f4000-7f22ac4f5000 r--p 00009000 103:04 2368466                   /usr/lib/libcrypt-2.31.so
7f22ac4f5000-7f22ac4f6000 rw-p 0000a000 103:04 2368466                   /usr/lib/libcrypt-2.31.so
7f22ac4f6000-7f22ac524000 rw-p 00000000 00:00 0 
7f22ac524000-7f22ac538000 r--s 000c1000 103:04 672867                    /home/trofis/Documents/Worldline/autoPairing/logstash/vendor/bundle/jruby/2.5.0/gems/jruby-openssl-0.10.4-java/lib/org/bouncycastle/bcpkix-jdk15on/1.62/bcpkix-jdk15on-1.62.jar
7f22ac538000-7f22ac53c000 r--s 0001e000 103:04 539071                    /home/trofis/Documents/Worldline/autoPairing/logstash/vendor/bundle/jruby/2.5.0/gems/concurrent-ruby-1.1.6/lib/concurrent-ruby/concurrent/concurrent_ruby.jar
7f22ac53c000-7f22ac543000 r--s 00043000 00:2e 309                        /tmp/jruby-143483/jruby5026281066058637903snakeyaml-1.23.jar
7f22ac543000-7f22ac544000 r--s 00004000 00:2e 308                        /tmp/jruby-143483/jruby797389864533219082psych.jar
7f22ac544000-7f22ac546000 r--s 00016000 103:04 662567                    /usr/lib/jvm/java-8-openjdk/jre/lib/jce.jar
7f22ac546000-7f22ac559000 r--s 00346000 103:04 662573                    /usr/lib/jvm/java-8-openjdk/jre/lib/resources.jar
7f22ac559000-7f22ac759000 rw-p 00000000 00:00 0 
7f22ac759000-7f22ac76b000 r-xp 00000000 00:2e 304                        /tmp/jffi5877672411375737983.so (deleted)
7f22ac76b000-7f22ac96a000 ---p 00012000 00:2e 304                        /tmp/jffi5877672411375737983.so (deleted)
7f22ac96a000-7f22ac96b000 rw-p 00011000 00:2e 304                        /tmp/jffi5877672411375737983.so (deleted)
7f22ac96b000-7f22acb6b000 rw-p 00000000 00:00 0 
7f22acb6b000-7f22acd6b000 rw-p 00000000 00:00 0 
7f22acd6b000-7f22acd6c000 r--p 00000000 103:04 662587                    /usr/lib/jvm/java-8-openjdk/jre/lib/amd64/libjaas_unix.so
7f22acd6c000-7f22acd6d000 r-xp 00001000 103:04 662587                    /usr/lib/jvm/java-8-openjdk/jre/lib/amd64/libjaas_unix.so
7f22acd6d000-7f22acd6e000 r--p 00002000 103:04 662587                    /usr/lib/jvm/java-8-openjdk/jre/lib/amd64/libjaas_unix.so
7f22acd6e000-7f22acd6f000 r--p 00002000 103:04 662587                    /usr/lib/jvm/java-8-openjdk/jre/lib/amd64/libjaas_unix.so
7f22acd6f000-7f22acd70000 rw-p 00003000 103:04 662587                    /usr/lib/jvm/java-8-openjdk/jre/lib/amd64/libjaas_unix.so
7f22acd70000-7f22acf70000 rw-p 00000000 00:00 0 
7f22acf70000-7f22acf8b000 r--s 001d6000 103:04 662623                    /usr/lib/jvm/java-8-openjdk/jre/lib/ext/nashorn.jar
7f22acf8b000-7f22acf90000 r--s 000a3000 103:04 662569                    /usr/lib/jvm/java-8-openjdk/jre/lib/jsse.jar
7f22acf90000-7f22acf94000 r--p 00000000 103:04 662598                    /usr/lib/jvm/java-8-openjdk/jre/lib/amd64/libmanagement.so
7f22acf94000-7f22acf97000 r-xp 00004000 103:04 662598                    /usr/lib/jvm/java-8-openjdk/jre/lib/amd64/libmanagement.so
7f22acf97000-7f22acf99000 r--p 00007000 103:04 662598                    /usr/lib/jvm/java-8-openjdk/jre/lib/amd64/libmanagement.so
7f22acf99000-7f22acf9a000 r--p 00008000 103:04 662598                    /usr/lib/jvm/java-8-openjdk/jre/lib/amd64/libmanagement.so
7f22acf9a000-7f22acf9b000 rw-p 00009000 103:04 662598                    /usr/lib/jvm/java-8-openjdk/jre/lib/amd64/libmanagement.so
7f22acf9b000-7f22acf9d000 r--s 00009000 103:04 1582098                   /home/trofis/Documents/Worldline/autoPairing/logstash/logstash-core/lib/jars/slf4j-api-1.7.25.jar
7f22acf9d000-7f22acfa0000 r--s 0001e000 103:04 1582092                   /home/trofis/Documents/Worldline/autoPairing/logstash/logstash-core/lib/jars/reflections-0.9.11.jar
7f22acfa0000-7f22acfa5000 r--s 00038000 103:04 1582125                   /home/trofis/Documents/Worldline/autoPairing/logstash/logstash-core/lib/jars/org.eclipse.text-3.5.101.jar
7f22acfa5000-7f22acfb8000 r--s 0013a000 103:04 1582123                   /home/trofis/Documents/Worldline/autoPairing/logstash/logstash-core/lib/jars/org.eclipse.osgi-3.7.1.jar
7f22acfb8000-7f22acfe5000 r--s 00522000 103:04 1582110                   /home/trofis/Documents/Worldline/autoPairing/logstash/logstash-core/lib/jars/org.eclipse.jdt.core-3.10.0.jar
7f22acfe5000-7f22acfe9000 r--s 00029000 103:04 1582120                   /home/trofis/Documents/Worldline/autoPairing/logstash/logstash-core/lib/jars/org.eclipse.equinox.registry-3.5.101.jar
7f22acfe9000-7f22acfec000 r--s 00019000 103:04 1582093                   /home/trofis/Documents/Worldline/autoPairing/logstash/logstash-core/lib/jars/org.eclipse.equinox.preferences-3.4.1.jar
7f22acfec000-7f22acfee000 r--s 00018000 103:04 1582122                   /home/trofis/Documents/Worldline/autoPairing/logstash/logstash-core/lib/jars/org.eclipse.equinox.common-3.6.0.jar
7f22acfee000-7f22acff0000 r--s 00013000 103:04 1582108                   /home/trofis/Documents/Worldline/autoPairing/logstash/logstash-core/lib/jars/org.eclipse.equinox.app-1.3.100.jar
7f22acff0000-7f22acff2000 r--s 00010000 103:04 1582099                   /home/trofis/Documents/Worldline/autoPairing/logstash/logstash-core/lib/jars/org.eclipse.core.runtime-3.7.0.jar
7f22acff2000-7f22acffd000 r--s 000bb000 103:04 1582106                   /home/trofis/Documents/Worldline/autoPairing/logstash/logstash-core/lib/jars/org.eclipse.core.resources-3.7.100.jar
7f22acffd000-7f22ad000000 r--s 00014000 103:04 1582121                   /home/trofis/Documents/Worldline/autoPairing/logstash/logstash-core/lib/jars/org.eclipse.core.jobs-3.5.100.jar
7f22ad000000-7f22ad002000 r--s 0000b000 103:04 1582096                   /home/trofis/Documents/Worldline/autoPairing/logstash/logstash-core/lib/jars/org.eclipse.core.filesystem-1.3.100.jar
7f22ad002000-7f22ad005000 r--s 00013000 103:04 1582103                   /home/trofis/Documents/Worldline/autoPairing/logstash/logstash-core/lib/jars/org.eclipse.core.expressions-3.4.300.jar
7f22ad005000-7f22ad008000 r--s 00014000 103:04 1582115                   /home/trofis/Documents/Worldline/autoPairing/logstash/logstash-core/lib/jars/org.eclipse.core.contenttype-3.4.100.jar
7f22ad008000-7f22ad00c000 r--s 00017000 103:04 1582102                   /home/trofis/Documents/Worldline/autoPairing/logstash/logstash-core/lib/jars/org.eclipse.core.commands-3.6.0.jar
7f22ad00c000-7f22ae80d000 rw-p 00000000 00:00 0 
7f22ae80d000-7f22ae812000 r--p 00000000 103:04 662600                    /usr/lib/jvm/java-8-openjdk/jre/lib/amd64/libnet.so
7f22ae812000-7f22ae821000 r-xp 00005000 103:04 662600                    /usr/lib/jvm/java-8-openjdk/jre/lib/amd64/libnet.so
7f22ae821000-7f22ae825000 r--p 00014000 103:04 662600                    /usr/lib/jvm/java-8-openjdk/jre/lib/amd64/libnet.so
7f22ae825000-7f22ae826000 r--p 00017000 103:04 662600                    /usr/lib/jvm/java-8-openjdk/jre/lib/amd64/libnet.so
7f22ae826000-7f22ae827000 rw-p 00018000 103:04 662600                    /usr/lib/jvm/java-8-openjdk/jre/lib/amd64/libnet.so
7f22ae827000-7f22ae82e000 r--p 00000000 103:04 662601                    /usr/lib/jvm/java-8-openjdk/jre/lib/amd64/libnio.so
7f22ae82e000-7f22ae836000 r-xp 00007000 103:04 662601                    /usr/lib/jvm/java-8-openjdk/jre/lib/amd64/libnio.so
7f22ae836000-7f22ae839000 r--p 0000f000 103:04 662601                    /usr/lib/jvm/java-8-openjdk/jre/lib/amd64/libnio.so
7f22ae839000-7f22ae83a000 ---p 00012000 103:04 662601                    /usr/lib/jvm/java-8-openjdk/jre/lib/amd64/libnio.so
7f22ae83a000-7f22ae83b000 r--p 00012000 103:04 662601                    /usr/lib/jvm/java-8-openjdk/jre/lib/amd64/libnio.so
7f22ae83b000-7f22ae83c000 rw-p 00013000 103:04 662601                    /usr/lib/jvm/java-8-openjdk/jre/lib/amd64/libnio.so
7f22ae83c000-7f22ae848000 r--s 00088000 103:04 1582107                   /home/trofis/Documents/Worldline/autoPairing/logstash/logstash-core/lib/jars/logstash-core.jar
7f22ae848000-7f22ae849000 r--s 00005000 103:04 1582090                   /home/trofis/Documents/Worldline/autoPairing/logstash/logstash-core/lib/jars/log4j-slf4j-impl-2.12.1.jar
7f22ae849000-7f22ae86a000 r--s 00178000 103:04 1582091                   /home/trofis/Documents/Worldline/autoPairing/logstash/logstash-core/lib/jars/log4j-core-2.12.1.jar
7f22ae86a000-7f22ae870000 r--s 0003e000 103:04 1582100                   /home/trofis/Documents/Worldline/autoPairing/logstash/logstash-core/lib/jars/log4j-api-2.12.1.jar
7f22ae870000-7f22ae8a4000 rw-p 00000000 00:00 0 
7f22ae8a4000-7f22ae9d3000 r--s 017af000 103:04 1582114                   /home/trofis/Documents/Worldline/autoPairing/logstash/logstash-core/lib/jars/jruby-complete-9.2.9.0.jar
7f22ae9d3000-7f22ae9de000 r--s 000b5000 103:04 1582124                   /home/trofis/Documents/Worldline/autoPairing/logstash/logstash-core/lib/jars/javassist-3.26.0-GA.jar
7f22ae9de000-7f22aea0e000 r--s 00245000 103:04 1582097                   /home/trofis/Documents/Worldline/autoPairing/logstash/logstash-core/lib/jars/guava-22.0.jar
7f22aea0e000-7f22aea0f000 ---p 00000000 00:00 0 
7f22aea0f000-7f22aeb0f000 rw-p 00000000 00:00 0 
7f22aeb0f000-7f22aeb12000 ---p 00000000 00:00 0 
7f22aeb12000-7f22aec10000 rw-p 00000000 00:00 0 
7f22aec10000-7f22aec11000 ---p 00000000 00:00 0 
7f22aec11000-7f22aec14000 ---p 00000000 00:00 0 
7f22aec14000-7f22aed11000 rw-p 00000000 00:00 0 
7f22aed11000-7f22aed12000 ---p 00000000 00:00 0 
7f22aed12000-7f22aed15000 ---p 00000000 00:00 0 
7f22aed15000-7f22aee12000 rw-p 00000000 00:00 0 
7f22aee12000-7f22aee13000 ---p 00000000 00:00 0 
7f22aee13000-7f22aee16000 ---p 00000000 00:00 0 
7f22aee16000-7f22aef13000 rw-p 00000000 00:00 0 
7f22aef13000-7f22aef14000 ---p 00000000 00:00 0 
7f22aef14000-7f22aef17000 ---p 00000000 00:00 0 
7f22aef17000-7f22af014000 rw-p 00000000 00:00 0 
7f22af014000-7f22af017000 ---p 00000000 00:00 0 
7f22af017000-7f22af115000 rw-p 00000000 00:00 0 
7f22af115000-7f22af118000 ---p 00000000 00:00 0 
7f22af118000-7f22af216000 rw-p 00000000 00:00 0 
7f22af216000-7f22af4fd000 r--p 00000000 103:04 2374792                   /usr/lib/locale/locale-archive
7f22af4fd000-7f22af500000 ---p 00000000 00:00 0 
7f22af500000-7f22af5fe000 rw-p 00000000 00:00 0 
7f22af5fe000-7f22af601000 ---p 00000000 00:00 0 
7f22af601000-7f22af6ff000 rw-p 00000000 00:00 0 
7f22af6ff000-7f22af700000 ---p 00000000 00:00 0 
7f22af700000-7f22b0000000 rw-p 00000000 00:00 0 
7f22b0000000-7f22b0021000 rw-p 00000000 00:00 0 
7f22b0021000-7f22b4000000 ---p 00000000 00:00 0 
7f22b4000000-7f22b4021000 rw-p 00000000 00:00 0 
7f22b4021000-7f22b8000000 ---p 00000000 00:00 0 
7f22b8000000-7f22b8021000 rw-p 00000000 00:00 0 
7f22b8021000-7f22bc000000 ---p 00000000 00:00 0 
7f22bc000000-7f22bc021000 rw-p 00000000 00:00 0 
7f22bc021000-7f22c0000000 ---p 00000000 00:00 0 
7f22c0000000-7f22c0028000 rw-p 00000000 00:00 0 
7f22c0028000-7f22c4000000 ---p 00000000 00:00 0 
7f22c4000000-7f22c4021000 rw-p 00000000 00:00 0 
7f22c4021000-7f22c8000000 ---p 00000000 00:00 0 
7f22c8000000-7f22c802b000 rw-p 00000000 00:00 0 
7f22c802b000-7f22cc000000 ---p 00000000 00:00 0 
7f22cc000000-7f22cc021000 rw-p 00000000 00:00 0 
7f22cc021000-7f22d0000000 ---p 00000000 00:00 0 
7f22d0000000-7f22d003c000 rw-p 00000000 00:00 0 
7f22d003c000-7f22d4000000 ---p 00000000 00:00 0 
7f22d4000000-7f22d400c000 r--s 000c9000 103:04 1582116                   /home/trofis/Documents/Worldline/autoPairing/logstash/logstash-core/lib/jars/janino-3.1.0.jar
7f22d400c000-7f22d405a000 rw-p 00000000 00:00 0 
7f22d405a000-7f22d422a000 r--s 03c68000 103:04 662574                    /usr/lib/jvm/java-8-openjdk/jre/lib/rt.jar
7f22d422a000-7f22d43ef000 rw-p 00000000 00:00 0 
7f22d43ef000-7f22d43f0000 ---p 00000000 00:00 0 
7f22d43f0000-7f22d4cf8000 rw-p 00000000 00:00 0 
7f22d4cf8000-7f22d4cf9000 ---p 00000000 00:00 0 
7f22d4cf9000-7f22d4df9000 rw-p 00000000 00:00 0 
7f22d4df9000-7f22d4dfa000 ---p 00000000 00:00 0 
7f22d4dfa000-7f22d7eff000 rw-p 00000000 00:00 0 
7f22d7eff000-7f22d7f00000 ---p 00000000 00:00 0 
7f22d7f00000-7f22d8000000 rw-p 00000000 00:00 0 
7f22d8000000-7f22d8033000 rw-p 00000000 00:00 0 
7f22d8033000-7f22dc000000 ---p 00000000 00:00 0 
7f22dc000000-7f22dc013000 r--s 00137000 103:04 1582117                   /home/trofis/Documents/Worldline/autoPairing/logstash/logstash-core/lib/jars/jackson-databind-2.9.10.1.jar
7f22dc013000-7f22dc639000 rw-p 00000000 00:00 0 
7f22dc639000-7f22dc63a000 rw-p 00000000 00:00 0 
7f22dc63a000-7f22dc63b000 ---p 00000000 00:00 0 
7f22dc63b000-7f22dc73b000 rw-p 00000000 00:00 0 
7f22dc73b000-7f22dc73c000 ---p 00000000 00:00 0 
7f22dc73c000-7f22dc83c000 rw-p 00000000 00:00 0 
7f22dc83c000-7f22dc83d000 ---p 00000000 00:00 0 
7f22dc83d000-7f22dc93d000 rw-p 00000000 00:00 0 
7f22dc93d000-7f22dc93e000 ---p 00000000 00:00 0 
7f22dc93e000-7f22dca3e000 rw-p 00000000 00:00 0 
7f22dca3e000-7f22dca3f000 ---p 00000000 00:00 0 
7f22dca3f000-7f22dcb3f000 rw-p 00000000 00:00 0 
7f22dcb3f000-7f22dcb40000 ---p 00000000 00:00 0 
7f22dcb40000-7f22dcd39000 rw-p 00000000 00:00 0 
7f22dcd39000-7f22dd000000 ---p 00000000 00:00 0 
7f22dd000000-7f22e0e30000 rwxp 00000000 00:00 0 
7f22e0e30000-7f22ec000000 ---p 00000000 00:00 0 
7f22ec000000-7f22edc68000 rw-p 00000000 00:00 0 
7f22edc68000-7f22f0000000 ---p 00000000 00:00 0 
7f22f0000000-7f22f0003000 r--s 00006000 103:04 1582094                   /home/trofis/Documents/Worldline/autoPairing/logstash/logstash-core/lib/jars/jsr305-1.3.9.jar
7f22f0003000-7f22f0005000 r--s 0000b000 103:04 1582101                   /home/trofis/Documents/Worldline/autoPairing/logstash/logstash-core/lib/jars/jackson-dataformat-cbor-2.9.10.jar
7f22f0005000-7f22f0009000 r--s 0004c000 103:04 1582105                   /home/trofis/Documents/Worldline/autoPairing/logstash/logstash-core/lib/jars/jackson-core-2.9.10.jar
7f22f0009000-7f22f000c000 r--s 0000e000 103:04 1582113                   /home/trofis/Documents/Worldline/autoPairing/logstash/logstash-core/lib/jars/jackson-annotations-2.9.10.jar
7f22f000c000-7f22f000e000 r--s 00001000 103:04 1582112                   /home/trofis/Documents/Worldline/autoPairing/logstash/logstash-core/lib/jars/j2objc-annotations-1.1.jar
7f22f000e000-7f22f0013000 r--s 0003c000 103:04 1582104                   /home/trofis/Documents/Worldline/autoPairing/logstash/logstash-core/lib/jars/gradle-license-report-0.7.1.jar
7f22f0013000-7f22f0017000 r--s 0002a000 103:04 1582111                   /home/trofis/Documents/Worldline/autoPairing/logstash/logstash-core/lib/jars/google-java-format-1.1.jar
7f22f0017000-7f22f0018000 r--s 00002000 103:04 1582095                   /home/trofis/Documents/Worldline/autoPairing/logstash/logstash-core/lib/jars/error_prone_annotations-2.0.18.jar
7f22f0018000-7f22f001f000 r--s 0004e000 103:04 1582109                   /home/trofis/Documents/Worldline/autoPairing/logstash/logstash-core/lib/jars/commons-codec-1.13.jar
7f22f001f000-7f22f00d7000 rw-p 00000000 00:00 0 
7f22f00d7000-7f22f00d8000 ---p 00000000 00:00 0 
7f22f00d8000-7f22f01d8000 rw-p 00000000 00:00 0 
7f22f01d8000-7f22f01db000 r--p 00000000 103:04 662609                    /usr/lib/jvm/java-8-openjdk/jre/lib/amd64/libzip.so
7f22f01db000-7f22f01df000 r-xp 00003000 103:04 662609                    /usr/lib/jvm/java-8-openjdk/jre/lib/amd64/libzip.so
7f22f01df000-7f22f01e1000 r--p 00007000 103:04 662609                    /usr/lib/jvm/java-8-openjdk/jre/lib/amd64/libzip.so
7f22f01e1000-7f22f01e2000 r--p 00008000 103:04 662609                    /usr/lib/jvm/java-8-openjdk/jre/lib/amd64/libzip.so
7f22f01e2000-7f22f01e3000 rw-p 00009000 103:04 662609                    /usr/lib/jvm/java-8-openjdk/jre/lib/amd64/libzip.so
7f22f01e3000-7f22f01f0000 r--p 00000000 103:04 662588                    /usr/lib/jvm/java-8-openjdk/jre/lib/amd64/libjava.so
7f22f01f0000-7f22f0206000 r-xp 0000d000 103:04 662588                    /usr/lib/jvm/java-8-openjdk/jre/lib/amd64/libjava.so
7f22f0206000-7f22f020d000 r--p 00023000 103:04 662588                    /usr/lib/jvm/java-8-openjdk/jre/lib/amd64/libjava.so
7f22f020d000-7f22f020e000 r--p 00029000 103:04 662588                    /usr/lib/jvm/java-8-openjdk/jre/lib/amd64/libjava.so
7f22f020e000-7f22f020f000 rw-p 0002a000 103:04 662588                    /usr/lib/jvm/java-8-openjdk/jre/lib/amd64/libjava.so
7f22f020f000-7f22f0210000 rw-p 00000000 00:00 0 
7f22f0210000-7f22f0213000 r--p 00000000 103:04 2368512                   /usr/lib/librt-2.31.so
7f22f0213000-7f22f0217000 r-xp 00003000 103:04 2368512                   /usr/lib/librt-2.31.so
7f22f0217000-7f22f0218000 r--p 00007000 103:04 2368512                   /usr/lib/librt-2.31.so
7f22f0218000-7f22f0219000 ---p 00008000 103:04 2368512                   /usr/lib/librt-2.31.so
7f22f0219000-7f22f021a000 r--p 00008000 103:04 2368512                   /usr/lib/librt-2.31.so
7f22f021a000-7f22f021b000 rw-p 00009000 103:04 2368512                   /usr/lib/librt-2.31.so
7f22f021b000-7f22f021c000 ---p 00000000 00:00 0 
7f22f021c000-7f22f021f000 ---p 00000000 00:00 0 
7f22f021f000-7f22f031c000 rw-p 00000000 00:00 0 
7f22f031c000-7f22f032b000 r--p 00000000 103:04 2368476                   /usr/lib/libm-2.31.so
7f22f032b000-7f22f03c7000 r-xp 0000f000 103:04 2368476                   /usr/lib/libm-2.31.so
7f22f03c7000-7f22f0460000 r--p 000ab000 103:04 2368476                   /usr/lib/libm-2.31.so
7f22f0460000-7f22f0461000 r--p 00143000 103:04 2368476                   /usr/lib/libm-2.31.so
7f22f0461000-7f22f0462000 rw-p 00144000 103:04 2368476                   /usr/lib/libm-2.31.so
7f22f0462000-7f22f0654000 r--p 00000000 103:04 662612                    /usr/lib/jvm/java-8-openjdk/jre/lib/amd64/server/libjvm.so
7f22f0654000-7f22f0f00000 r-xp 001f2000 103:04 662612                    /usr/lib/jvm/java-8-openjdk/jre/lib/amd64/server/libjvm.so
7f22f0f00000-7f22f10a2000 r--p 00a9e000 103:04 662612                    /usr/lib/jvm/java-8-openjdk/jre/lib/amd64/server/libjvm.so
7f22f10a2000-7f22f10a3000 ---p 00c40000 103:04 662612                    /usr/lib/jvm/java-8-openjdk/jre/lib/amd64/server/libjvm.so
7f22f10a3000-7f22f1138000 r--p 00c40000 103:04 662612                    /usr/lib/jvm/java-8-openjdk/jre/lib/amd64/server/libjvm.so
7f22f1138000-7f22f1160000 rw-p 00cd5000 103:04 662612                    /usr/lib/jvm/java-8-openjdk/jre/lib/amd64/server/libjvm.so
7f22f1160000-7f22f1193000 rw-p 00000000 00:00 0 
7f22f1193000-7f22f119a000 r--p 00000000 103:04 2368504                   /usr/lib/libpthread-2.31.so
7f22f119a000-7f22f11aa000 r-xp 00007000 103:04 2368504                   /usr/lib/libpthread-2.31.so
7f22f11aa000-7f22f11af000 r--p 00017000 103:04 2368504                   /usr/lib/libpthread-2.31.so
7f22f11af000-7f22f11b0000 r--p 0001b000 103:04 2368504                   /usr/lib/libpthread-2.31.so
7f22f11b0000-7f22f11b1000 rw-p 0001c000 103:04 2368504                   /usr/lib/libpthread-2.31.so
7f22f11b1000-7f22f11b5000 rw-p 00000000 00:00 0 
7f22f11b5000-7f22f11b6000 r--p 00000000 103:04 2368470                   /usr/lib/libdl-2.31.so
7f22f11b6000-7f22f11b7000 r-xp 00001000 103:04 2368470                   /usr/lib/libdl-2.31.so
7f22f11b7000-7f22f11b8000 r--p 00002000 103:04 2368470                   /usr/lib/libdl-2.31.so
7f22f11b8000-7f22f11b9000 r--p 00002000 103:04 2368470                   /usr/lib/libdl-2.31.so
7f22f11b9000-7f22f11ba000 rw-p 00003000 103:04 2368470                   /usr/lib/libdl-2.31.so
7f22f11ba000-7f22f11bd000 r--p 00000000 103:04 2365659                   /usr/lib/libz.so.1.2.11
7f22f11bd000-7f22f11cb000 r-xp 00003000 103:04 2365659                   /usr/lib/libz.so.1.2.11
7f22f11cb000-7f22f11d1000 r--p 00011000 103:04 2365659                   /usr/lib/libz.so.1.2.11
7f22f11d1000-7f22f11d2000 ---p 00017000 103:04 2365659                   /usr/lib/libz.so.1.2.11
7f22f11d2000-7f22f11d3000 r--p 00017000 103:04 2365659                   /usr/lib/libz.so.1.2.11
7f22f11d3000-7f22f11d4000 rw-p 00018000 103:04 2365659                   /usr/lib/libz.so.1.2.11
7f22f11d4000-7f22f11f9000 r--p 00000000 103:04 2368461                   /usr/lib/libc-2.31.so
7f22f11f9000-7f22f1345000 r-xp 00025000 103:04 2368461                   /usr/lib/libc-2.31.so
7f22f1345000-7f22f1390000 r--p 00171000 103:04 2368461                   /usr/lib/libc-2.31.so
7f22f1390000-7f22f1393000 r--p 001bb000 103:04 2368461                   /usr/lib/libc-2.31.so
7f22f1393000-7f22f1396000 rw-p 001be000 103:04 2368461                   /usr/lib/libc-2.31.so
7f22f1396000-7f22f139a000 rw-p 00000000 00:00 0 
7f22f139a000-7f22f139f000 r--s 0001f000 103:04 1582119                   /home/trofis/Documents/Worldline/autoPairing/logstash/logstash-core/lib/jars/commons-compiler-3.1.0.jar
7f22f139f000-7f22f13a0000 r--s 00000000 103:04 1582118                   /home/trofis/Documents/Worldline/autoPairing/logstash/logstash-core/lib/jars/animal-sniffer-annotations-1.14.jar
7f22f13a0000-7f22f13a8000 rw-s 00000000 00:2e 303                        /tmp/hsperfdata_trofis/143483
7f22f13a8000-7f22f13ab000 r--p 00000000 103:04 2368497                   /usr/lib/libnss_files-2.31.so
7f22f13ab000-7f22f13b2000 r-xp 00003000 103:04 2368497                   /usr/lib/libnss_files-2.31.so
7f22f13b2000-7f22f13b4000 r--p 0000a000 103:04 2368497                   /usr/lib/libnss_files-2.31.so
7f22f13b4000-7f22f13b5000 r--p 0000b000 103:04 2368497                   /usr/lib/libnss_files-2.31.so
7f22f13b5000-7f22f13b6000 rw-p 0000c000 103:04 2368497                   /usr/lib/libnss_files-2.31.so
7f22f13b6000-7f22f13bd000 rw-p 00000000 00:00 0 
7f22f13bd000-7f22f13c2000 r--p 00000000 103:04 662608                    /usr/lib/jvm/java-8-openjdk/jre/lib/amd64/libverify.so
7f22f13c2000-7f22f13c9000 r-xp 00005000 103:04 662608                    /usr/lib/jvm/java-8-openjdk/jre/lib/amd64/libverify.so
7f22f13c9000-7f22f13cb000 r--p 0000c000 103:04 662608                    /usr/lib/jvm/java-8-openjdk/jre/lib/amd64/libverify.so
7f22f13cb000-7f22f13cc000 ---p 0000e000 103:04 662608                    /usr/lib/jvm/java-8-openjdk/jre/lib/amd64/libverify.so
7f22f13cc000-7f22f13ce000 r--p 0000e000 103:04 662608                    /usr/lib/jvm/java-8-openjdk/jre/lib/amd64/libverify.so
7f22f13ce000-7f22f13cf000 rw-p 00010000 103:04 662608                    /usr/lib/jvm/java-8-openjdk/jre/lib/amd64/libverify.so
7f22f13cf000-7f22f13d2000 r--p 00000000 103:04 662610                    /usr/lib/jvm/java-8-openjdk/jre/lib/amd64/jli/libjli.so
7f22f13d2000-7f22f13db000 r-xp 00003000 103:04 662610                    /usr/lib/jvm/java-8-openjdk/jre/lib/amd64/jli/libjli.so
7f22f13db000-7f22f13de000 r--p 0000c000 103:04 662610                    /usr/lib/jvm/java-8-openjdk/jre/lib/amd64/jli/libjli.so
7f22f13de000-7f22f13df000 r--p 0000e000 103:04 662610                    /usr/lib/jvm/java-8-openjdk/jre/lib/amd64/jli/libjli.so
7f22f13df000-7f22f13e0000 rw-p 0000f000 103:04 662610                    /usr/lib/jvm/java-8-openjdk/jre/lib/amd64/jli/libjli.so
7f22f13e0000-7f22f13e2000 rw-p 00000000 00:00 0 
7f22f13e2000-7f22f13e4000 r--p 00000000 103:04 2368449                   /usr/lib/ld-2.31.so
7f22f13e4000-7f22f1404000 r-xp 00002000 103:04 2368449                   /usr/lib/ld-2.31.so
7f22f1404000-7f22f140c000 r--p 00022000 103:04 2368449                   /usr/lib/ld-2.31.so
7f22f140c000-7f22f140d000 r--p 00000000 00:00 0 
7f22f140d000-7f22f140e000 r--p 0002a000 103:04 2368449                   /usr/lib/ld-2.31.so
7f22f140e000-7f22f140f000 rw-p 0002b000 103:04 2368449                   /usr/lib/ld-2.31.so
7f22f140f000-7f22f1410000 rw-p 00000000 00:00 0 
7fff79690000-7fff796b4000 rw-p 00000000 00:00 0                          [stack]
7fff796f8000-7fff796fb000 r--p 00000000 00:00 0                          [vvar]
7fff796fb000-7fff796fc000 r-xp 00000000 00:00 0                          [vdso]
ffffffffff600000-ffffffffff601000 --xp 00000000 00:00 0                  [vsyscall]

VM Arguments:
jvm_args: -Xms1g -Xmx1g -XX:+UseConcMarkSweepGC -XX:CMSInitiatingOccupancyFraction=75 -XX:+UseCMSInitiatingOccupancyOnly -Djava.awt.headless=true -Dfile.encoding=UTF-8 -Djruby.compile.invokedynamic=true -Djruby.jit.threshold=0 -Djruby.regexp.interruptible=true -XX:+HeapDumpOnOutOfMemoryError -Djava.security.egd=file:/dev/urandom -Dlog4j2.isThreadContextMapInheritable=true 
java_command: org.logstash.Logstash -f /home/trofis/Documents/Worldline/autoPairing/config/logstash-config.conf -w 1
java_class_path (initial): /home/trofis/Documents/Worldline/autoPairing/logstash/logstash-core/lib/jars/animal-sniffer-annotations-1.14.jar:/home/trofis/Documents/Worldline/autoPairing/logstash/logstash-core/lib/jars/commons-codec-1.13.jar:/home/trofis/Documents/Worldline/autoPairing/logstash/logstash-core/lib/jars/commons-compiler-3.1.0.jar:/home/trofis/Documents/Worldline/autoPairing/logstash/logstash-core/lib/jars/error_prone_annotations-2.0.18.jar:/home/trofis/Documents/Worldline/autoPairing/logstash/logstash-core/lib/jars/google-java-format-1.1.jar:/home/trofis/Documents/Worldline/autoPairing/logstash/logstash-core/lib/jars/gradle-license-report-0.7.1.jar:/home/trofis/Documents/Worldline/autoPairing/logstash/logstash-core/lib/jars/guava-22.0.jar:/home/trofis/Documents/Worldline/autoPairing/logstash/logstash-core/lib/jars/j2objc-annotations-1.1.jar:/home/trofis/Documents/Worldline/autoPairing/logstash/logstash-core/lib/jars/jackson-annotations-2.9.10.jar:/home/trofis/Documents/Worldline/autoPairing/logstash/logstash-core/lib/jars/jackson-core-2.9.10.jar:/home/trofis/Documents/Worldline/autoPairing/logstash/logstash-core/lib/jars/jackson-databind-2.9.10.1.jar:/home/trofis/Documents/Worldline/autoPairing/logstash/logstash-core/lib/jars/jackson-dataformat-cbor-2.9.10.jar:/home/trofis/Documents/Worldline/autoPairing/logstash/logstash-core/lib/jars/janino-3.1.0.jar:/home/trofis/Documents/Worldline/autoPairing/logstash/logstash-core/lib/jars/javassist-3.26.0-GA.jar:/home/trofis/Documents/Worldline/autoPairing/logstash/logstash-core/lib/jars/jruby-complete-9.2.9.0.jar:/home/trofis/Documents/Worldline/autoPairing/logstash/logstash-core/lib/jars/jsr305-1.3.9.jar:/home/trofis/Documents/Worldline/autoPairing/logstash/logstash-core/lib/jars/log4j-api-2.12.1.jar:/home/trofis/Documents/Worldline/autoPairing/logstash/logstash-core/lib/jars/log4j-core-2.12.1.jar:/home/trofis/Documents/Worldline/autoPairing/logstash/logstash-core/lib/jars/log4j-slf4j-impl-2.12.1.jar:/home/trof
Launcher Type: SUN_STANDARD

Environment Variables:
PATH=/home/trofis/Documents/Worldline/autoPairing/logstash/vendor/bundle/jruby/2.5.0/bin:/usr/lib/node_modules/npm/node_modules/npm-lifecycle/node-gyp-bin:/home/trofis/Documents/auto-pairing-app/server/node_modules/.bin:/home/trofis/.local/bin:/usr/local/bin:/usr/local/sbin:/usr/bin:/usr/lib/jvm/default/bin:/usr/bin/site_perl:/usr/bin/vendor_perl:/usr/bin/core_perl:/var/lib/snapd/snap/bin
USERNAME=trofis
SHELL=/bin/bash
DISPLAY=:1

Signal Handlers:
SIGSEGV: [libjvm.so+0xa6a400], sa_mask[0]=11111111011111111101111111111110, sa_flags=SA_RESTART|SA_SIGINFO
SIGBUS: [libjvm.so+0xa6a400], sa_mask[0]=11111111011111111101111111111110, sa_flags=SA_RESTART|SA_SIGINFO
SIGFPE: [libjvm.so+0x8c7be0], sa_mask[0]=11111111011111111101111111111110, sa_flags=SA_RESTART|SA_SIGINFO
SIGPIPE: [libjvm.so+0x8c7be0], sa_mask[0]=11111111011111111101111111111110, sa_flags=SA_RESTART|SA_SIGINFO
SIGXFSZ: [libjvm.so+0x8c7be0], sa_mask[0]=11111111011111111101111111111110, sa_flags=SA_RESTART|SA_SIGINFO
SIGILL: [libjvm.so+0x8c7be0], sa_mask[0]=11111111011111111101111111111110, sa_flags=SA_RESTART|SA_SIGINFO
SIGUSR1: SIG_DFL, sa_mask[0]=00000000000000000000000000000000, sa_flags=none
SIGUSR2: [libjvm.so+0x8c7ab0], sa_mask[0]=00000000000000000000000000000000, sa_flags=SA_RESTART|SA_SIGINFO
SIGHUP: [libjvm.so+0x8c7e80], sa_mask[0]=11111111011111111101111111111110, sa_flags=SA_RESTART|SA_SIGINFO
SIGINT: [libjvm.so+0x8c7e80], sa_mask[0]=11111111011111111101111111111110, sa_flags=SA_RESTART|SA_SIGINFO
SIGTERM: [libjvm.so+0x8c7e80], sa_mask[0]=11111111011111111101111111111110, sa_flags=SA_RESTART|SA_SIGINFO
SIGQUIT: [libjvm.so+0x8c7e80], sa_mask[0]=11111111011111111101111111111110, sa_flags=SA_RESTART|SA_SIGINFO


---------------  S Y S T E M  ---------------

OS:DISTRIB_ID=ManjaroLinux
DISTRIB_RELEASE=20.0
DISTRIB_CODENAME=Lysia
DISTRIB_DESCRIPTION="Manjaro Linux"

uname:Linux 5.4.36-1-MANJARO #1 SMP PREEMPT Wed Apr 29 18:47:01 UTC 2020 x86_64
libc:glibc 2.31 NPTL 2.31 
rlimit: STACK 8192k, CORE infinity, NPROC 30891, NOFILE 524288, AS infinity
load average:1,45 1,16 1,62

/proc/meminfo:
MemTotal:        7927548 kB
MemFree:          515492 kB
MemAvailable:     716456 kB
Buffers:           12532 kB
Cached:          1499308 kB
SwapCached:            0 kB
Active:          5451120 kB
Inactive:         662224 kB
Active(anon):    5273376 kB
Inactive(anon):   464012 kB
Active(file):     177744 kB
Inactive(file):   198212 kB
Unevictable:      688460 kB
Mlocked:              80 kB
SwapTotal:             0 kB
SwapFree:              0 kB
Dirty:               124 kB
Writeback:             0 kB
AnonPages:       5290864 kB
Mapped:           504964 kB
Shmem:           1202804 kB
KReclaimable:     106516 kB
Slab:             319740 kB
SReclaimable:     106516 kB
SUnreclaim:       213224 kB
KernelStack:       20768 kB
PageTables:        75664 kB
NFS_Unstable:          0 kB
Bounce:                0 kB
WritebackTmp:          0 kB
CommitLimit:     3963772 kB
Committed_AS:   21276304 kB
VmallocTotal:   34359738367 kB
VmallocUsed:       43264 kB
VmallocChunk:          0 kB
Percpu:             5760 kB
HardwareCorrupted:     0 kB
AnonHugePages:         0 kB
ShmemHugePages:        0 kB
ShmemPmdMapped:        0 kB
FileHugePages:         0 kB
FilePmdMapped:         0 kB
HugePages_Total:       0
HugePages_Free:        0
HugePages_Rsvd:        0
HugePages_Surp:        0
Hugepagesize:       2048 kB
Hugetlb:               0 kB
DirectMap4k:      527304 kB
DirectMap2M:     7634944 kB
DirectMap1G:           0 kB

container (cgroup) information:
container_type: cgroupv1
cpu_cpuset_cpus: 0-7
cpu_memory_nodes: 0
active_processor_count: 8
cpu_quota: -1
cpu_period: 100000
cpu_shares: -1
memory_limit_in_bytes: -1
memory_and_swap_limit_in_bytes: -1
memory_soft_limit_in_bytes: -1
memory_usage_in_bytes: 6910005248
memory_max_usage_in_bytes: 7396589568


CPU:total 8 (initial active 8) (4 cores per cpu, 2 threads per core) family 6 model 142 stepping 12, cmov, cx8, fxsr, mmx, sse, sse2, sse3, ssse3, sse4.1, sse4.2, popcnt, avx, avx2, aes, clmul, erms, 3dnowpref, lzcnt, ht, tsc, tscinvbit, bmi1, bmi2, adx

/proc/cpuinfo:
processor	: 0
vendor_id	: GenuineIntel
cpu family	: 6
model		: 142
model name	: Intel(R) Core(TM) i5-8265U CPU @ 1.60GHz
stepping	: 12
microcode	: 0xca
cpu MHz		: 800.000
cache size	: 6144 KB
physical id	: 0
siblings	: 8
core id		: 0
cpu cores	: 4
apicid		: 0
initial apicid	: 0
fpu		: yes
fpu_exception	: yes
cpuid level	: 22
wp		: yes
flags		: fpu vme de pse tsc msr pae mce cx8 apic sep mtrr pge mca cmov pat pse36 clflush dts acpi mmx fxsr sse sse2 ss ht tm pbe syscall nx pdpe1gb rdtscp lm constant_tsc art arch_perfmon pebs bts rep_good nopl xtopology nonstop_tsc cpuid aperfmperf pni pclmulqdq dtes64 monitor ds_cpl vmx est tm2 ssse3 sdbg fma cx16 xtpr pdcm pcid sse4_1 sse4_2 x2apic movbe popcnt tsc_deadline_timer aes xsave avx f16c rdrand lahf_lm abm 3dnowprefetch cpuid_fault epb invpcid_single ssbd ibrs ibpb stibp ibrs_enhanced tpr_shadow vnmi flexpriority ept vpid ept_ad fsgsbase tsc_adjust bmi1 avx2 smep bmi2 erms invpcid mpx rdseed adx smap clflushopt intel_pt xsaveopt xsavec xgetbv1 xsaves dtherm ida arat pln pts hwp hwp_notify hwp_act_window hwp_epp md_clear flush_l1d arch_capabilities
bugs		: spectre_v1 spectre_v2 spec_store_bypass swapgs itlb_multihit
bogomips	: 3601.00
clflush size	: 64
cache_alignment	: 64
address sizes	: 39 bits physical, 48 bits virtual
power management:

processor	: 1
vendor_id	: GenuineIntel
cpu family	: 6
model		: 142
model name	: Intel(R) Core(TM) i5-8265U CPU @ 1.60GHz
stepping	: 12
microcode	: 0xca
cpu MHz		: 800.001
cache size	: 6144 KB
physical id	: 0
siblings	: 8
core id		: 1
cpu cores	: 4
apicid		: 2
initial apicid	: 2
fpu		: yes
fpu_exception	: yes
cpuid level	: 22
wp		: yes
flags		: fpu vme de pse tsc msr pae mce cx8 apic sep mtrr pge mca cmov pat pse36 clflush dts acpi mmx fxsr sse sse2 ss ht tm pbe syscall nx pdpe1gb rdtscp lm constant_tsc art arch_perfmon pebs bts rep_good nopl xtopology nonstop_tsc cpuid aperfmperf pni pclmulqdq dtes64 monitor ds_cpl vmx est tm2 ssse3 sdbg fma cx16 xtpr pdcm pcid sse4_1 sse4_2 x2apic movbe popcnt tsc_deadline_timer aes xsave avx f16c rdrand lahf_lm abm 3dnowprefetch cpuid_fault epb invpcid_single ssbd ibrs ibpb stibp ibrs_enhanced tpr_shadow vnmi flexpriority ept vpid ept_ad fsgsbase tsc_adjust bmi1 avx2 smep bmi2 erms invpcid mpx rdseed adx smap clflushopt intel_pt xsaveopt xsavec xgetbv1 xsaves dtherm ida arat pln pts hwp hwp_notify hwp_act_window hwp_epp md_clear flush_l1d arch_capabilities
bugs		: spectre_v1 spectre_v2 spec_store_bypass swapgs itlb_multihit
bogomips	: 3601.00
clflush size	: 64
cache_alignment	: 64
address sizes	: 39 bits physical, 48 bits virtual
power management:

processor	: 2
vendor_id	: GenuineIntel
cpu family	: 6
model		: 142
model name	: Intel(R) Core(TM) i5-8265U CPU @ 1.60GHz
stepping	: 12
microcode	: 0xca
cpu MHz		: 800.003
cache size	: 6144 KB
physical id	: 0
siblings	: 8
core id		: 2
cpu cores	: 4
apicid		: 4
initial apicid	: 4
fpu		: yes
fpu_exception	: yes
cpuid level	: 22
wp		: yes
flags		: fpu vme de pse tsc msr pae mce cx8 apic sep mtrr pge mca cmov pat pse36 clflush dts acpi mmx fxsr sse sse2 ss ht tm pbe syscall nx pdpe1gb rdtscp lm constant_tsc art arch_perfmon pebs bts rep_good nopl xtopology nonstop_tsc cpuid aperfmperf pni pclmulqdq dtes64 monitor ds_cpl vmx est tm2 ssse3 sdbg fma cx16 xtpr pdcm pcid sse4_1 sse4_2 x2apic movbe popcnt tsc_deadline_timer aes xsave avx f16c rdrand lahf_lm abm 3dnowprefetch cpuid_fault epb invpcid_single ssbd ibrs ibpb stibp ibrs_enhanced tpr_shadow vnmi flexpriority ept vpid ept_ad fsgsbase tsc_adjust bmi1 avx2 smep bmi2 erms invpcid mpx rdseed adx smap clflushopt intel_pt xsaveopt xsavec xgetbv1 xsaves dtherm ida arat pln pts hwp hwp_notify hwp_act_window hwp_epp md_clear flush_l1d arch_capabilities
bugs		: spectre_v1 spectre_v2 spec_store_bypass swapgs itlb_multihit
bogomips	: 3601.00
clflush size	: 64
cache_alignment	: 64
address sizes	: 39 bits physical, 48 bits virtual
power management:

processor	: 3
vendor_id	: GenuineIntel
cpu family	: 6
model		: 142
model name	: Intel(R) Core(TM) i5-8265U CPU @ 1.60GHz
stepping	: 12
microcode	: 0xca
cpu MHz		: 799.998
cache size	: 6144 KB
physical id	: 0
siblings	: 8
core id		: 3
cpu cores	: 4
apicid		: 6
initial apicid	: 6
fpu		: yes
fpu_exception	: yes
cpuid level	: 22
wp		: yes
flags		: fpu vme de pse tsc msr pae mce cx8 apic sep mtrr pge mca cmov pat pse36 clflush dts acpi mmx fxsr sse sse2 ss ht tm pbe syscall nx pdpe1gb rdtscp lm constant_tsc art arch_perfmon pebs bts rep_good nopl xtopology nonstop_tsc cpuid aperfmperf pni pclmulqdq dtes64 monitor ds_cpl vmx est tm2 ssse3 sdbg fma cx16 xtpr pdcm pcid sse4_1 sse4_2 x2apic movbe popcnt tsc_deadline_timer aes xsave avx f16c rdrand lahf_lm abm 3dnowprefetch cpuid_fault epb invpcid_single ssbd ibrs ibpb stibp ibrs_enhanced tpr_shadow vnmi flexpriority ept vpid ept_ad fsgsbase tsc_adjust bmi1 avx2 smep bmi2 erms invpcid mpx rdseed adx smap clflushopt intel_pt xsaveopt xsavec xgetbv1 xsaves dtherm ida arat pln pts hwp hwp_notify hwp_act_window hwp_epp md_clear flush_l1d arch_capabilities
bugs		: spectre_v1 spectre_v2 spec_store_bypass swapgs itlb_multihit
bogomips	: 3601.00
clflush size	: 64
cache_alignment	: 64
address sizes	: 39 bits physical, 48 bits virtual
power management:

processor	: 4
vendor_id	: GenuineIntel
cpu family	: 6
model		: 142
model name	: Intel(R) Core(TM) i5-8265U CPU @ 1.60GHz
stepping	: 12
microcode	: 0xca
cpu MHz		: 799.998
cache size	: 6144 KB
physical id	: 0
siblings	: 8
core id		: 0
cpu cores	: 4
apicid		: 1
initial apicid	: 1
fpu		: yes
fpu_exception	: yes
cpuid level	: 22
wp		: yes
flags		: fpu vme de pse tsc msr pae mce cx8 apic sep mtrr pge mca cmov pat pse36 clflush dts acpi mmx fxsr sse sse2 ss ht tm pbe syscall nx pdpe1gb rdtscp lm constant_tsc art arch_perfmon pebs bts rep_good nopl xtopology nonstop_tsc cpuid aperfmperf pni pclmulqdq dtes64 monitor ds_cpl vmx est tm2 ssse3 sdbg fma cx16 xtpr pdcm pcid sse4_1 sse4_2 x2apic movbe popcnt tsc_deadline_timer aes xsave avx f16c rdrand lahf_lm abm 3dnowprefetch cpuid_fault epb invpcid_single ssbd ibrs ibpb stibp ibrs_enhanced tpr_shadow vnmi flexpriority ept vpid ept_ad fsgsbase tsc_adjust bmi1 avx2 smep bmi2 erms invpcid mpx rdseed adx smap clflushopt intel_pt xsaveopt xsavec xgetbv1 xsaves dtherm ida arat pln pts hwp hwp_notify hwp_act_window hwp_epp md_clear flush_l1d arch_capabilities
bugs		: spectre_v1 spectre_v2 spec_store_bypass swapgs itlb_multihit
bogomips	: 3601.00
clflush size	: 64
cache_alignment	: 64
address sizes	: 39 bits physical, 48 bits virtual
power management:

processor	: 5
vendor_id	: GenuineIntel
cpu family	: 6
model		: 142
model name	: Intel(R) Core(TM) i5-8265U CPU @ 1.60GHz
stepping	: 12
microcode	: 0xca
cpu MHz		: 799.998
cache size	: 6144 KB
physical id	: 0
siblings	: 8
core id		: 1
cpu cores	: 4
apicid		: 3
initial apicid	: 3
fpu		: yes
fpu_exception	: yes
cpuid level	: 22
wp		: yes
flags		: fpu vme de pse tsc msr pae mce cx8 apic sep mtrr pge mca cmov pat pse36 clflush dts acpi mmx fxsr sse sse2 ss ht tm pbe syscall nx pdpe1gb rdtscp lm constant_tsc art arch_perfmon pebs bts rep_good nopl xtopology nonstop_tsc cpuid aperfmperf pni pclmulqdq dtes64 monitor ds_cpl vmx est tm2 ssse3 sdbg fma cx16 xtpr pdcm pcid sse4_1 sse4_2 x2apic movbe popcnt tsc_deadline_timer aes xsave avx f16c rdrand lahf_lm abm 3dnowprefetch cpuid_fault epb invpcid_single ssbd ibrs ibpb stibp ibrs_enhanced tpr_shadow vnmi flexpriority ept vpid ept_ad fsgsbase tsc_adjust bmi1 avx2 smep bmi2 erms invpcid mpx rdseed adx smap clflushopt intel_pt xsaveopt xsavec xgetbv1 xsaves dtherm ida arat pln pts hwp hwp_notify hwp_act_window hwp_epp md_clear flush_l1d arch_capabilities
bugs		: spectre_v1 spectre_v2 spec_store_bypass swapgs itlb_multihit
bogomips	: 3601.00
clflush size	: 64
cache_alignment	: 64
address sizes	: 39 bits physical, 48 bits virtual
power management:

processor	: 6
vendor_id	: GenuineIntel
cpu family	: 6
model		: 142
model name	: Intel(R) Core(TM) i5-8265U CPU @ 1.60GHz
stepping	: 12
microcode	: 0xca
cpu MHz		: 800.001
cache size	: 6144 KB
physical id	: 0
siblings	: 8
core id		: 2
cpu cores	: 4
apicid		: 5
initial apicid	: 5
fpu		: yes
fpu_exception	: yes
cpuid level	: 22
wp		: yes
flags		: fpu vme de pse tsc msr pae mce cx8 apic sep mtrr pge mca cmov pat pse36 clflush dts acpi mmx fxsr sse sse2 ss ht tm pbe syscall nx pdpe1gb rdtscp lm constant_tsc art arch_perfmon pebs bts rep_good nopl xtopology nonstop_tsc cpuid aperfmperf pni pclmulqdq dtes64 monitor ds_cpl vmx est tm2 ssse3 sdbg fma cx16 xtpr pdcm pcid sse4_1 sse4_2 x2apic movbe popcnt tsc_deadline_timer aes xsave avx f16c rdrand lahf_lm abm 3dnowprefetch cpuid_fault epb invpcid_single ssbd ibrs ibpb stibp ibrs_enhanced tpr_shadow vnmi flexpriority ept vpid ept_ad fsgsbase tsc_adjust bmi1 avx2 smep bmi2 erms invpcid mpx rdseed adx smap clflushopt intel_pt xsaveopt xsavec xgetbv1 xsaves dtherm ida arat pln pts hwp hwp_notify hwp_act_window hwp_epp md_clear flush_l1d arch_capabilities
bugs		: spectre_v1 spectre_v2 spec_store_bypass swapgs itlb_multihit
bogomips	: 3601.00
clflush size	: 64
cache_alignment	: 64
address sizes	: 39 bits physical, 48 bits virtual
power management:

processor	: 7
vendor_id	: GenuineIntel
cpu family	: 6
model		: 142
model name	: Intel(R) Core(TM) i5-8265U CPU @ 1.60GHz
stepping	: 12
microcode	: 0xca
cpu MHz		: 799.998
cache size	: 6144 KB
physical id	: 0
siblings	: 8
core id		: 3
cpu cores	: 4
apicid		: 7
initial apicid	: 7
fpu		: yes
fpu_exception	: yes
cpuid level	: 22
wp		: yes
flags		: fpu vme de pse tsc msr pae mce cx8 apic sep mtrr pge mca cmov pat pse36 clflush dts acpi mmx fxsr sse sse2 ss ht tm pbe syscall nx pdpe1gb rdtscp lm constant_tsc art arch_perfmon pebs bts rep_good nopl xtopology nonstop_tsc cpuid aperfmperf pni pclmulqdq dtes64 monitor ds_cpl vmx est tm2 ssse3 sdbg fma cx16 xtpr pdcm pcid sse4_1 sse4_2 x2apic movbe popcnt tsc_deadline_timer aes xsave avx f16c rdrand lahf_lm abm 3dnowprefetch cpuid_fault epb invpcid_single ssbd ibrs ibpb stibp ibrs_enhanced tpr_shadow vnmi flexpriority ept vpid ept_ad fsgsbase tsc_adjust bmi1 avx2 smep bmi2 erms invpcid mpx rdseed adx smap clflushopt intel_pt xsaveopt xsavec xgetbv1 xsaves dtherm ida arat pln pts hwp hwp_notify hwp_act_window hwp_epp md_clear flush_l1d arch_capabilities
bugs		: spectre_v1 spectre_v2 spec_store_bypass swapgs itlb_multihit
bogomips	: 3601.00
clflush size	: 64
cache_alignment	: 64
address sizes	: 39 bits physical, 48 bits virtual
power management:



Memory: 4k page, physical 7927548k(508948k free), swap 0k(0k free)

vm_info: OpenJDK 64-Bit Server VM (25.242-b08) for linux-amd64 JRE (1.8.0_242-b08), built on Jan 26 2020 11:52:10 by "builduser" with gcc 9.2.0

time: Fri May 15 17:09:51 2020
timezone: CEST
elapsed time: 1354 seconds (0d 0h 22m 34s)

