#
# A fatal error has been detected by the Java Runtime Environment:
#
#  SIGSEGV (0xb) at pc=0x00007f9529e69ae9, pid=24557, tid=0x00007f952a2d2400
#
# JRE version: OpenJDK Runtime Environment (8.0_242-b08) (build 1.8.0_242-b08)
# Java VM: OpenJDK 64-Bit Server VM (25.242-b08 mixed mode linux-amd64 compressed oops)
# Problematic frame:
# V  [libjvm.so+0x8c7ae9]
#
# Core dump written. Default location: /home/trofis/Documents/auto-pairing-app/server/core or core.24557
#
# If you would like to submit a bug report, please visit:
#   http://bugreport.java.com/bugreport/crash.jsp
#

---------------  T H R E A D  ---------------

Current thread is native thread

siginfo: si_signo: 11 (SIGSEGV), si_code: 1 (SEGV_MAPERR), si_addr: 0x0000000000000110

Registers:
RAX=0x0000000000000000, RBX=0x00007f952a2d2380, RCX=0x00007f952a2dda67, RDX=0x00007f952a2d2400
RSP=0x00007ffedf6f4730, RBP=0x00007ffedf6f47f0, RSI=0x00007ffedf6f4930, RDI=0x0000000000000001
R8 =0x0000000000000000, R9 =0x00007f952945b700, R10=0x0000000000000000, R11=0x0000000000000246
R12=0x00007ffedf6f4930, R13=0x00007f952945b9d0, R14=0x0000000000000000, R15=0x00007f952945b700
RIP=0x00007f9529e69ae9, EFLAGS=0x0000000000010246, CSGSFS=0x002b000000000033, ERR=0x0000000000000004
  TRAPNO=0x000000000000000e

Top of Stack: (sp=0x00007ffedf6f4730)
0x00007ffedf6f4730:   00007ffedf6f0000 00007ffedf6f4800
0x00007ffedf6f4740:   00007ffedf6f4e18 0000000000000000
0x00007ffedf6f4750:   ffffffffffffffff 0000000000000000
0x00007ffedf6f4760:   0000000000000000 0000000000000002
0x00007ffedf6f4770:   00007ffedf6f49b0 00007f952a4d0520
0x00007ffedf6f4780:   0000000000000000 00007f952a4d5000
0x00007ffedf6f4790:   0000000000000000 0000000000000000
0x00007ffedf6f47a0:   0000000000000000 00007ffedf6f4990
0x00007ffedf6f47b0:   0000000100000001 00007f952a4d4300
0x00007ffedf6f47c0:   00007f952a329330 00000000000000ca
0x00007ffedf6f47d0:   0000000000005ff9 00007f952945b9d0
0x00007ffedf6f47e0:   0000000000100000 00007f952945b700
0x00007ffedf6f47f0:   00007ffedf6f4f58 00007f952a34fd70
0x00007ffedf6f4800:   0000000000000007 0000000000000000
0x00007ffedf6f4810:   0000000000000000 00007ffe00000002
0x00007ffedf6f4820:   0000000000000000 0000000000000000
0x00007ffedf6f4830:   00007f952945b700 0000000000000000
0x00007ffedf6f4840:   0000000000000246 0000000000005ff9
0x00007ffedf6f4850:   00007f952945b9d0 0000000000100000
0x00007ffedf6f4860:   00007f952945b700 00007f952945b9d0
0x00007ffedf6f4870:   0000000000000000 00007ffedf6f4f58
0x00007ffedf6f4880:   00000000000000ca 0000000000005ff9
0x00007ffedf6f4890:   00000000000000ca 00007f952a2dda67
0x00007ffedf6f48a0:   00007ffedf6f4eb0 00007f952a2dda65
0x00007ffedf6f48b0:   0000000000000246 002b000000000033
0x00007ffedf6f48c0:   0000000000000000 0000000000000000
0x00007ffedf6f48d0:   0000000000000000 0000000000000000
0x00007ffedf6f48e0:   00007ffedf6f49c0 0000000000000018
0x00007ffedf6f48f0:   0000000000000001 0000000000000000
0x00007ffedf6f4900:   0000000000000000 0000000000000000
0x00007ffedf6f4910:   ffffffffffffffff 0000000200000000
0x00007ffedf6f4920:   0000000000000000 0000000000000000 

Instructions: (pc=0x00007f9529e69ae9)
0x00007f9529e69ac9:   95 48 ff ff ff ff 15 74 db 40 00 44 8b 30 48 89
0x00007f9529e69ad9:   c3 48 8d 05 67 23 42 00 8b 38 ff 15 a7 e1 40 00
0x00007f9529e69ae9:   4c 8b a8 10 01 00 00 41 8b 85 a8 00 00 00 83 f8
0x00007f9529e69af9:   01 74 1c 44 89 33 48 81 c4 98 00 00 00 5b 41 5c 

Register to memory mapping:

RAX=0x0000000000000000 is an unknown value
RBX=0x00007f952a2d2380 is an unknown value
RCX=0x00007f952a2dda67: <offset 0xaa67> in /usr/lib/libpthread.so.0 at 0x00007f952a2d3000
RDX=0x00007f952a2d2400 is an unknown value
RSP=0x00007ffedf6f4730 is an unknown value
RBP=0x00007ffedf6f47f0 is an unknown value
RSI=0x00007ffedf6f4930 is an unknown value
RDI=0x0000000000000001 is an unknown value
R8 =0x0000000000000000 is an unknown value
R9 =0x00007f952945b700 is pointing into the stack for thread: 0x00007f952400d000
R10=0x0000000000000000 is an unknown value
R11=0x0000000000000246 is an unknown value
R12=0x00007ffedf6f4930 is an unknown value
R13=0x00007f952945b9d0 is pointing into the stack for thread: 0x00007f952400d000
R14=0x0000000000000000 is an unknown value
R15=0x00007f952945b700 is pointing into the stack for thread: 0x00007f952400d000


Stack: [0x00007ffedf5fe000,0x00007ffedf6fe000],  sp=0x00007ffedf6f4730,  free space=985k
Native frames: (J=compiled Java code, j=interpreted, Vv=VM code, C=native code)
V  [libjvm.so+0x8c7ae9]
C  [libc.so.6+0x3bd70]


---------------  P R O C E S S  ---------------

VM state:not at safepoint (normal execution)

VM Mutex/Monitor currently owned by a thread:  ([mutex/lock_event])
[0x00007f952400a720] CompileStatistics_lock - owner thread: 0x0000000000000000

heap address: 0x00000000c0000000, size: 1024 MB, Compressed Oops mode: 32-bit
Narrow klass base: 0x0000000000000000, Narrow klass shift: 3
Compressed class space size: 1073741824 Address: 0x0000000100000000

Heap:
 par new generation   total 314560K, used 202333K [0x00000000c0000000, 0x00000000d5550000, 0x00000000d5550000)
  eden space 279616K,  59% used [0x00000000c0000000, 0x00000000ca377550, 0x00000000d1110000)
  from space 34944K, 100% used [0x00000000d1110000, 0x00000000d3330000, 0x00000000d3330000)
  to   space 34944K,   0% used [0x00000000d3330000, 0x00000000d3330000, 0x00000000d5550000)
 concurrent mark-sweep generation total 699072K, used 36667K [0x00000000d5550000, 0x0000000100000000, 0x0000000100000000)
 Metaspace       used 56803K, capacity 64613K, committed 64824K, reserved 1101824K
  class space    used 9730K, capacity 11779K, committed 11880K, reserved 1048576K

Card table byte_map: [0x00007f952854f000,0x00007f9528750000] byte_map_base: 0x00007f9527f4f000

Marking Bits: (CMSBitMap*) 0x00007f9524096098
 Bits: [0x00007f95140fc000, 0x00007f9514ba6c00)

Mod Union Table: (CMSBitMap*) 0x00007f9524096158
 Bits: [0x00007f952801f000, 0x00007f9528049ab0)

Polling page: 0x00007f952a54a000

CodeCache: size=245760Kb used=37443Kb max_used=37443Kb free=208316Kb
 bounds [0x00007f9515000000, 0x00007f95174c0000, 0x00007f9524000000]
 total_blobs=9176 nmethods=8519 adapters=570
 compilation: enabled

Compilation events (10 events):
Event: 22,621 Thread 0x00007f9524137800 10484       3       org.jruby.ir.targets.JVMVisitor::PushMethodFrameInstr (117 bytes)
Event: 22,632 Thread 0x00007f9524137800 nmethod 10484 0x00007f95174abb10 code [0x00007f95174ac1a0, 0x00007f95174b1508]
Event: 22,635 Thread 0x00007f9524137800 10486       3       org.jruby.ir.operands.Boolean::visit (6 bytes)
Event: 22,635 Thread 0x00007f9524137800 nmethod 10486 0x00007f95174a55d0 code [0x00007f95174a5740, 0x00007f95174a5968]
Event: 22,635 Thread 0x00007f9524137800 10487       3       org.jruby.ir.targets.JVMVisitor::Boolean (12 bytes)
Event: 22,637 Thread 0x00007f9524137800 nmethod 10487 0x00007f95174a8110 code [0x00007f95174a82e0, 0x00007f95174a8b68]
Event: 22,639 Thread 0x00007f9524137800 10488       3       org.jruby.ir.instructions.ReqdArgMultipleAsgnInstr::<init> (23 bytes)
Event: 22,640 Thread 0x00007f9524137800 nmethod 10488 0x00007f95174a4e10 code [0x00007f95174a4fa0, 0x00007f95174a5350]
Event: 22,640 Thread 0x00007f9524137800 10489       3       org.jruby.ir.instructions.MultipleAsgnBase::<init> (34 bytes)
Event: 22,640 Thread 0x00007f9524137800 nmethod 10489 0x00007f95174a7a90 code [0x00007f95174a7c20, 0x00007f95174a7f50]

GC Heap History (8 events):
Event: 6,972 GC heap before
{Heap before GC invocations=0 (full 1):
 par new generation   total 314560K, used 279616K [0x00000000c0000000, 0x00000000d5550000, 0x00000000d5550000)
  eden space 279616K, 100% used [0x00000000c0000000, 0x00000000d1110000, 0x00000000d1110000)
  from space 34944K,   0% used [0x00000000d1110000, 0x00000000d1110000, 0x00000000d3330000)
  to   space 34944K,   0% used [0x00000000d3330000, 0x00000000d3330000, 0x00000000d5550000)
 concurrent mark-sweep generation total 699072K, used 0K [0x00000000d5550000, 0x0000000100000000, 0x0000000100000000)
 Metaspace       used 38912K, capacity 40338K, committed 40552K, reserved 1083392K
  class space    used 6749K, capacity 7089K, committed 7120K, reserved 1048576K
Event: 7,033 GC heap after
Heap after GC invocations=1 (full 1):
 par new generation   total 314560K, used 34943K [0x00000000c0000000, 0x00000000d5550000, 0x00000000d5550000)
  eden space 279616K,   0% used [0x00000000c0000000, 0x00000000c0000000, 0x00000000d1110000)
  from space 34944K,  99% used [0x00000000d3330000, 0x00000000d554fff8, 0x00000000d5550000)
  to   space 34944K,   0% used [0x00000000d1110000, 0x00000000d1110000, 0x00000000d3330000)
 concurrent mark-sweep generation total 699072K, used 2060K [0x00000000d5550000, 0x0000000100000000, 0x0000000100000000)
 Metaspace       used 38912K, capacity 40338K, committed 40552K, reserved 1083392K
  class space    used 6749K, capacity 7089K, committed 7120K, reserved 1048576K
}
Event: 12,019 GC heap before
{Heap before GC invocations=1 (full 1):
 par new generation   total 314560K, used 314559K [0x00000000c0000000, 0x00000000d5550000, 0x00000000d5550000)
  eden space 279616K, 100% used [0x00000000c0000000, 0x00000000d1110000, 0x00000000d1110000)
  from space 34944K,  99% used [0x00000000d3330000, 0x00000000d554fff8, 0x00000000d5550000)
  to   space 34944K,   0% used [0x00000000d1110000, 0x00000000d1110000, 0x00000000d3330000)
 concurrent mark-sweep generation total 699072K, used 2060K [0x00000000d5550000, 0x0000000100000000, 0x0000000100000000)
 Metaspace       used 44046K, capacity 48279K, committed 48568K, reserved 1089536K
  class space    used 7395K, capacity 8624K, committed 8680K, reserved 1048576K
Event: 12,125 GC heap after
Heap after GC invocations=2 (full 1):
 par new generation   total 314560K, used 26167K [0x00000000c0000000, 0x00000000d5550000, 0x00000000d5550000)
  eden space 279616K,   0% used [0x00000000c0000000, 0x00000000c0000000, 0x00000000d1110000)
  from space 34944K,  74% used [0x00000000d1110000, 0x00000000d2a9dfc8, 0x00000000d3330000)
  to   space 34944K,   0% used [0x00000000d3330000, 0x00000000d3330000, 0x00000000d5550000)
 concurrent mark-sweep generation total 699072K, used 20238K [0x00000000d5550000, 0x0000000100000000, 0x0000000100000000)
 Metaspace       used 44046K, capacity 48279K, committed 48568K, reserved 1089536K
  class space    used 7395K, capacity 8624K, committed 8680K, reserved 1048576K
}
Event: 16,797 GC heap before
{Heap before GC invocations=2 (full 1):
 par new generation   total 314560K, used 305783K [0x00000000c0000000, 0x00000000d5550000, 0x00000000d5550000)
  eden space 279616K, 100% used [0x00000000c0000000, 0x00000000d1110000, 0x00000000d1110000)
  from space 34944K,  74% used [0x00000000d1110000, 0x00000000d2a9dfc8, 0x00000000d3330000)
  to   space 34944K,   0% used [0x00000000d3330000, 0x00000000d3330000, 0x00000000d5550000)
 concurrent mark-sweep generation total 699072K, used 20238K [0x00000000d5550000, 0x0000000100000000, 0x0000000100000000)
 Metaspace       used 47326K, capacity 53781K, committed 54072K, reserved 1093632K
  class space    used 7753K, capacity 9474K, committed 9576K, reserved 1048576K
Event: 16,828 GC heap after
Heap after GC invocations=3 (full 1):
 par new generation   total 314560K, used 30778K [0x00000000c0000000, 0x00000000d5550000, 0x00000000d5550000)
  eden space 279616K,   0% used [0x00000000c0000000, 0x00000000c0000000, 0x00000000d1110000)
  from space 34944K,  88% used [0x00000000d3330000, 0x00000000d513e868, 0x00000000d5550000)
  to   space 34944K,   0% used [0x00000000d1110000, 0x00000000d1110000, 0x00000000d3330000)
 concurrent mark-sweep generation total 699072K, used 20238K [0x00000000d5550000, 0x0000000100000000, 0x0000000100000000)
 Metaspace       used 47326K, capacity 53781K, committed 54072K, reserved 1093632K
  class space    used 7753K, capacity 9474K, committed 9576K, reserved 1048576K
}
Event: 19,930 GC heap before
{Heap before GC invocations=3 (full 1):
 par new generation   total 314560K, used 310394K [0x00000000c0000000, 0x00000000d5550000, 0x00000000d5550000)
  eden space 279616K, 100% used [0x00000000c0000000, 0x00000000d1110000, 0x00000000d1110000)
  from space 34944K,  88% used [0x00000000d3330000, 0x00000000d513e868, 0x00000000d5550000)
  to   space 34944K,   0% used [0x00000000d1110000, 0x00000000d1110000, 0x00000000d3330000)
 concurrent mark-sweep generation total 699072K, used 20238K [0x00000000d5550000, 0x0000000100000000, 0x0000000100000000)
 Metaspace       used 53738K, capacity 60823K, committed 60984K, reserved 1099776K
  class space    used 9208K, capacity 11082K, committed 11112K, reserved 1048576K
Event: 19,986 GC heap after
Heap after GC invocations=4 (full 1):
 par new generation   total 314560K, used 34944K [0x00000000c0000000, 0x00000000d5550000, 0x00000000d5550000)
  eden space 279616K,   0% used [0x00000000c0000000, 0x00000000c0000000, 0x00000000d1110000)
  from space 34944K, 100% used [0x00000000d1110000, 0x00000000d3330000, 0x00000000d3330000)
  to   space 34944K,   0% used [0x00000000d3330000, 0x00000000d3330000, 0x00000000d5550000)
 concurrent mark-sweep generation total 699072K, used 36667K [0x00000000d5550000, 0x0000000100000000, 0x0000000100000000)
 Metaspace       used 53738K, capacity 60823K, committed 60984K, reserved 1099776K
  class space    used 9208K, capacity 11082K, committed 11112K, reserved 1048576K
}

Deoptimization events (10 events):
Event: 20,981 Thread 0x00007f952400d000 Uncommon trap: reason=unhandled action=reinterpret pc=0x00007f9517250b04 method=java.lang.invoke.CallSite.<init>(Ljava/lang/invoke/MethodHandle;)V @ 11
Event: 21,003 Thread 0x00007f952400d000 Uncommon trap: reason=unstable_if action=reinterpret pc=0x00007f95159ee3e0 method=org.jruby.RubyFixnum.op_le(Lorg/jruby/runtime/ThreadContext;Lorg/jruby/runtime/builtin/IRubyObject;)Lorg/jruby/runtime/builtin/IRubyObject; @ 23
Event: 21,097 Thread 0x00007f952400d000 Uncommon trap: reason=unstable_if action=reinterpret pc=0x00007f9515c929e0 method=org.jruby.parser.ParserSupport.appendToBlock(Lorg/jruby/ast/Node;Lorg/jruby/ast/Node;)Lorg/jruby/ast/Node; @ 1
Event: 21,790 Thread 0x00007f952400d000 Uncommon trap: reason=speculate_class_check action=maybe_recompile pc=0x00007f9515415840 method=java.lang.invoke.LambdaForm$MH/1727776231.guardWithCatch(Ljava/lang/Object;Ljava/lang/Object;Ljava/lang/Object;Ljava/lang/Object;Ljava/lang/Object;)Ljava/lang/
Event: 21,791 Thread 0x00007f952400d000 Uncommon trap: reason=speculate_class_check action=maybe_recompile pc=0x00007f9515415840 method=java.lang.invoke.LambdaForm$MH/1727776231.guardWithCatch(Ljava/lang/Object;Ljava/lang/Object;Ljava/lang/Object;Ljava/lang/Object;Ljava/lang/Object;)Ljava/lang/
Event: 21,792 Thread 0x00007f952400d000 Uncommon trap: reason=speculate_class_check action=maybe_recompile pc=0x00007f9515415840 method=java.lang.invoke.LambdaForm$MH/1727776231.guardWithCatch(Ljava/lang/Object;Ljava/lang/Object;Ljava/lang/Object;Ljava/lang/Object;Ljava/lang/Object;)Ljava/lang/
Event: 22,576 Thread 0x00007f952400d000 Uncommon trap: reason=class_check action=maybe_recompile pc=0x00007f951556c508 method=org.jruby.ir.runtime.IRRuntimeHelpers.extractKwargsHash(Lorg/jruby/runtime/ThreadContext;[Ljava/lang/Object;IZ)Lorg/jruby/RubyHash; @ 24
Event: 22,576 Thread 0x00007f952400d000 Uncommon trap: reason=class_check action=maybe_recompile pc=0x00007f9517334c88 method=org.jruby.ir.runtime.IRRuntimeHelpers.extractKwargsHash(Lorg/jruby/runtime/ThreadContext;[Ljava/lang/Object;IZ)Lorg/jruby/RubyHash; @ 24
Event: 22,576 Thread 0x00007f952400d000 Uncommon trap: reason=class_check action=maybe_recompile pc=0x00007f9517334c88 method=org.jruby.ir.runtime.IRRuntimeHelpers.extractKwargsHash(Lorg/jruby/runtime/ThreadContext;[Ljava/lang/Object;IZ)Lorg/jruby/RubyHash; @ 24
Event: 22,593 Thread 0x00007f952400d000 Uncommon trap: reason=class_check action=maybe_recompile pc=0x00007f95168d6408 method=org.jruby.ir.dataflow.analyses.LiveVariableNode.applyPreMeetHandler()V @ 71

Classes redefined (0 events):
No events

Internal exceptions (10 events):
Event: 14,055 Thread 0x00007f952400d000 Exception <a 'sun/nio/fs/UnixException'> (0x00000000caf15e58) thrown at [/build/java8-openjdk/src/jdk8u-jdk8u242-b08/hotspot/src/share/vm/prims/jni.cpp, line 710]
Event: 14,055 Thread 0x00007f952400d000 Exception <a 'sun/nio/fs/UnixException'> (0x00000000caf174f8) thrown at [/build/java8-openjdk/src/jdk8u-jdk8u242-b08/hotspot/src/share/vm/prims/jni.cpp, line 710]
Event: 14,079 Thread 0x00007f952400d000 Exception <a 'sun/nio/fs/UnixException'> (0x00000000cb07f1b8) thrown at [/build/java8-openjdk/src/jdk8u-jdk8u242-b08/hotspot/src/share/vm/prims/jni.cpp, line 710]
Event: 14,079 Thread 0x00007f952400d000 Exception <a 'sun/nio/fs/UnixException'> (0x00000000cb080de8) thrown at [/build/java8-openjdk/src/jdk8u-jdk8u242-b08/hotspot/src/share/vm/prims/jni.cpp, line 710]
Event: 14,083 Thread 0x00007f952400d000 Exception <a 'sun/nio/fs/UnixException'> (0x00000000cb1083e0) thrown at [/build/java8-openjdk/src/jdk8u-jdk8u242-b08/hotspot/src/share/vm/prims/jni.cpp, line 710]
Event: 14,083 Thread 0x00007f952400d000 Exception <a 'sun/nio/fs/UnixException'> (0x00000000cb109b10) thrown at [/build/java8-openjdk/src/jdk8u-jdk8u242-b08/hotspot/src/share/vm/prims/jni.cpp, line 710]
Event: 17,624 Thread 0x00007f952400d000 Implicit null exception at 0x00007f9516296314 to 0x00007f951629651d
Event: 17,636 Thread 0x00007f952400d000 Implicit null exception at 0x00007f9516d7d1b0 to 0x00007f9516d7d39d
Event: 19,652 Thread 0x00007f952400d000 Implicit null exception at 0x00007f951565e20f to 0x00007f951565e355
Event: 19,652 Thread 0x00007f952400d000 Implicit null exception at 0x00007f9515cfa455 to 0x00007f9515cfa5b5

Events (10 events):
Event: 22,660 loading class org/jruby/runtime/ThreadContext
Event: 22,660 loading class org/jruby/runtime/ThreadContext done
Event: 22,660 loading class org/jruby/runtime/ThreadContext
Event: 22,660 loading class org/jruby/runtime/ThreadContext done
Event: 22,660 loading class org/jruby/runtime/ThreadContext
Event: 22,660 loading class org/jruby/runtime/ThreadContext done
Event: 22,660 loading class org/jruby/runtime/ThreadContext
Event: 22,660 loading class org/jruby/runtime/ThreadContext done
Event: 22,660 loading class org/jruby/runtime/ThreadContext
Event: 22,660 loading class org/jruby/runtime/ThreadContext done


Dynamic libraries:
c0000000-100b9a000 rw-p 00000000 00:00 0 
100b9a000-140000000 ---p 00000000 00:00 0 
562e61e49000-562e61e4a000 r--p 00000000 103:04 662552                    /usr/lib/jvm/java-8-openjdk/jre/bin/java
562e61e4a000-562e61e4b000 r-xp 00001000 103:04 662552                    /usr/lib/jvm/java-8-openjdk/jre/bin/java
562e61e4b000-562e61e4c000 r--p 00002000 103:04 662552                    /usr/lib/jvm/java-8-openjdk/jre/bin/java
562e61e4c000-562e61e4d000 r--p 00002000 103:04 662552                    /usr/lib/jvm/java-8-openjdk/jre/bin/java
562e61e4d000-562e61e4e000 rw-p 00003000 103:04 662552                    /usr/lib/jvm/java-8-openjdk/jre/bin/java
562e6236f000-562e623f1000 rw-p 00000000 00:00 0                          [heap]
7f94ac000000-7f94ac021000 rw-p 00000000 00:00 0 
7f94ac021000-7f94b0000000 ---p 00000000 00:00 0 
7f94b2fe6000-7f94b31a6000 rw-p 00000000 00:00 0 
7f94b31a6000-7f94b31e6000 ---p 00000000 00:00 0 
7f94b31e6000-7f94b31e9000 r--p 00000000 103:04 2363725                   /usr/lib/libgcc_s.so.1
7f94b31e9000-7f94b31fa000 r-xp 00003000 103:04 2363725                   /usr/lib/libgcc_s.so.1
7f94b31fa000-7f94b31fe000 r--p 00014000 103:04 2363725                   /usr/lib/libgcc_s.so.1
7f94b31fe000-7f94b31ff000 r--p 00017000 103:04 2363725                   /usr/lib/libgcc_s.so.1
7f94b31ff000-7f94b3200000 rw-p 00018000 103:04 2363725                   /usr/lib/libgcc_s.so.1
7f94b3200000-7f94b3400000 rw-p 00000000 00:00 0 
7f94b3400000-7f94b3600000 rw-p 00000000 00:00 0 
7f94b3600000-7f94b3800000 rw-p 00000000 00:00 0 
7f94b3800000-7f94b3a00000 rw-p 00000000 00:00 0 
7f94b3a00000-7f94b3c00000 rw-p 00000000 00:00 0 
7f94b3c00000-7f94b3e00000 rw-p 00000000 00:00 0 
7f94b3e00000-7f94b4000000 rw-p 00000000 00:00 0 
7f94b4000000-7f94b4021000 rw-p 00000000 00:00 0 
7f94b4021000-7f94b8000000 ---p 00000000 00:00 0 
7f94b8000000-7f94b8021000 rw-p 00000000 00:00 0 
7f94b8021000-7f94bc000000 ---p 00000000 00:00 0 
7f94bc000000-7f94bd6df000 rw-p 00000000 00:00 0 
7f94bd6df000-7f94c0000000 ---p 00000000 00:00 0 
7f94c0000000-7f94c1e3a000 rw-p 00000000 00:00 0 
7f94c1e3a000-7f94c4000000 ---p 00000000 00:00 0 
7f94c4000000-7f94c5e01000 rw-p 00000000 00:00 0 
7f94c5e01000-7f94c8000000 ---p 00000000 00:00 0 
7f94c8037000-7f94c8041000 r--p 00000000 103:04 662606                    /usr/lib/jvm/java-8-openjdk/jre/lib/amd64/libsunec.so
7f94c8041000-7f94c8066000 r-xp 0000a000 103:04 662606                    /usr/lib/jvm/java-8-openjdk/jre/lib/amd64/libsunec.so
7f94c8066000-7f94c8073000 r--p 0002f000 103:04 662606                    /usr/lib/jvm/java-8-openjdk/jre/lib/amd64/libsunec.so
7f94c8073000-7f94c8078000 r--p 0003b000 103:04 662606                    /usr/lib/jvm/java-8-openjdk/jre/lib/amd64/libsunec.so
7f94c8078000-7f94c8079000 rw-p 00040000 103:04 662606                    /usr/lib/jvm/java-8-openjdk/jre/lib/amd64/libsunec.so
7f94c8079000-7f94c8090000 r--s 00104000 103:04 672838                    /home/trofis/Documents/Worldline/autoPairing/logstash/vendor/bundle/jruby/2.5.0/gems/jruby-openssl-0.10.4-java/lib/jopenssl.jar
7f94c8090000-7f94c80a7000 r--s 000ff000 103:04 672870                    /home/trofis/Documents/Worldline/autoPairing/logstash/vendor/bundle/jruby/2.5.0/gems/jruby-openssl-0.10.4-java/lib/org/bouncycastle/bctls-jdk15on/1.62/bctls-jdk15on-1.62.jar
7f94c80a7000-7f94c80aa000 ---p 00000000 00:00 0 
7f94c80aa000-7f94c83a8000 rw-p 00000000 00:00 0 
7f94c83a8000-7f94c85a8000 rw-p 00000000 00:00 0 
7f94c85a8000-7f94c87a8000 rw-p 00000000 00:00 0 
7f94c87a8000-7f94c89a7000 rw-p 00000000 00:00 0 
7f94c89a7000-7f94c89a8000 ---p 00000000 00:00 0 
7f94c89a8000-7f94c8ba1000 rw-p 00000000 00:00 0 
7f94c8ba1000-7f94c8ba8000 ---p 00000000 00:00 0 
7f94c8ba8000-7f94c8da8000 rw-p 00000000 00:00 0 
7f94c8db7000-7f94c8dcb000 r--s 000c1000 103:04 672867                    /home/trofis/Documents/Worldline/autoPairing/logstash/vendor/bundle/jruby/2.5.0/gems/jruby-openssl-0.10.4-java/lib/org/bouncycastle/bcpkix-jdk15on/1.62/bcpkix-jdk15on-1.62.jar
7f94c8dcb000-7f94c8e2a000 r--s 003fa000 103:04 672864                    /home/trofis/Documents/Worldline/autoPairing/logstash/vendor/bundle/jruby/2.5.0/gems/jruby-openssl-0.10.4-java/lib/org/bouncycastle/bcprov-jdk15on/1.62/bcprov-jdk15on-1.62.jar
7f94c8e2a000-7f94c9026000 rw-p 00000000 00:00 0 
7f94c9026000-7f94c902a000 ---p 00000000 00:00 0 
7f94c902a000-7f94c922a000 rw-p 00000000 00:00 0 
7f94c922a000-7f94c942a000 rw-p 00000000 00:00 0 
7f94c942a000-7f94c962a000 rw-p 00000000 00:00 0 
7f94c962a000-7f94c962b000 r--p 00000000 103:04 2368466                   /usr/lib/libcrypt-2.31.so
7f94c962b000-7f94c9631000 r-xp 00001000 103:04 2368466                   /usr/lib/libcrypt-2.31.so
7f94c9631000-7f94c9633000 r--p 00007000 103:04 2368466                   /usr/lib/libcrypt-2.31.so
7f94c9633000-7f94c9634000 ---p 00009000 103:04 2368466                   /usr/lib/libcrypt-2.31.so
7f94c9634000-7f94c9635000 r--p 00009000 103:04 2368466                   /usr/lib/libcrypt-2.31.so
7f94c9635000-7f94c9636000 rw-p 0000a000 103:04 2368466                   /usr/lib/libcrypt-2.31.so
7f94c9636000-7f94c9664000 rw-p 00000000 00:00 0 
7f94c966a000-7f94c966e000 r--s 0001a000 103:04 1976672                   /home/trofis/Documents/Worldline/autoPairing/logstash/vendor/bundle/jruby/2.5.0/gems/thread_safe-0.3.6-java/lib/thread_safe/jruby_cache_backend.jar
7f94c966e000-7f94c966f000 r--s 00008000 103:04 809868                    /home/trofis/Documents/Worldline/autoPairing/logstash/vendor/bundle/jruby/2.5.0/gems/json-1.8.6-java/lib/json/ext/generator.jar
7f94c966f000-7f94c9671000 r--s 00006000 103:04 809867                    /home/trofis/Documents/Worldline/autoPairing/logstash/vendor/bundle/jruby/2.5.0/gems/json-1.8.6-java/lib/json/ext/parser.jar
7f94c9671000-7f94c9672000 r--s 0000d000 103:04 662624                    /usr/lib/jvm/java-8-openjdk/jre/lib/ext/sunec.jar
7f94c9672000-7f94c9676000 r--s 0003a000 103:04 662626                    /usr/lib/jvm/java-8-openjdk/jre/lib/ext/sunpkcs11.jar
7f94c9676000-7f94c967a000 r--s 0001e000 103:04 539071                    /home/trofis/Documents/Worldline/autoPairing/logstash/vendor/bundle/jruby/2.5.0/gems/concurrent-ruby-1.1.6/lib/concurrent-ruby/concurrent/concurrent_ruby.jar
7f94c967a000-7f94c9681000 r--s 00043000 00:2e 295                        /tmp/jruby-24557/jruby3531186114529856973snakeyaml-1.23.jar
7f94c9681000-7f94c9682000 r--s 00004000 00:2e 294                        /tmp/jruby-24557/jruby7822629651602124857psych.jar
7f94c9682000-7f94c9684000 r--s 00016000 103:04 662567                    /usr/lib/jvm/java-8-openjdk/jre/lib/jce.jar
7f94c9684000-7f94c9697000 r--s 00346000 103:04 662573                    /usr/lib/jvm/java-8-openjdk/jre/lib/resources.jar
7f94c9697000-7f94c9897000 rw-p 00000000 00:00 0 
7f94c9897000-7f94c98a9000 r-xp 00000000 00:2e 282                        /tmp/jffi7477647722909228953.so (deleted)
7f94c98a9000-7f94c9aa8000 ---p 00012000 00:2e 282                        /tmp/jffi7477647722909228953.so (deleted)
7f94c9aa8000-7f94c9aa9000 rw-p 00011000 00:2e 282                        /tmp/jffi7477647722909228953.so (deleted)
7f94c9aa9000-7f94c9ca9000 rw-p 00000000 00:00 0 
7f94c9ca9000-7f94c9ea9000 rw-p 00000000 00:00 0 
7f94c9ea9000-7f94c9eaa000 r--p 00000000 103:04 662587                    /usr/lib/jvm/java-8-openjdk/jre/lib/amd64/libjaas_unix.so
7f94c9eaa000-7f94c9eab000 r-xp 00001000 103:04 662587                    /usr/lib/jvm/java-8-openjdk/jre/lib/amd64/libjaas_unix.so
7f94c9eab000-7f94c9eac000 r--p 00002000 103:04 662587                    /usr/lib/jvm/java-8-openjdk/jre/lib/amd64/libjaas_unix.so
7f94c9eac000-7f94c9ead000 r--p 00002000 103:04 662587                    /usr/lib/jvm/java-8-openjdk/jre/lib/amd64/libjaas_unix.so
7f94c9ead000-7f94c9eae000 rw-p 00003000 103:04 662587                    /usr/lib/jvm/java-8-openjdk/jre/lib/amd64/libjaas_unix.so
7f94c9eae000-7f94ca0ae000 rw-p 00000000 00:00 0 
7f94ca0ae000-7f94ca0c9000 r--s 001d6000 103:04 662623                    /usr/lib/jvm/java-8-openjdk/jre/lib/ext/nashorn.jar
7f94ca0c9000-7f94ca0ce000 r--s 000a3000 103:04 662569                    /usr/lib/jvm/java-8-openjdk/jre/lib/jsse.jar
7f94ca0ce000-7f94ca0d2000 r--p 00000000 103:04 662598                    /usr/lib/jvm/java-8-openjdk/jre/lib/amd64/libmanagement.so
7f94ca0d2000-7f94ca0d5000 r-xp 00004000 103:04 662598                    /usr/lib/jvm/java-8-openjdk/jre/lib/amd64/libmanagement.so
7f94ca0d5000-7f94ca0d7000 r--p 00007000 103:04 662598                    /usr/lib/jvm/java-8-openjdk/jre/lib/amd64/libmanagement.so
7f94ca0d7000-7f94ca0d8000 r--p 00008000 103:04 662598                    /usr/lib/jvm/java-8-openjdk/jre/lib/amd64/libmanagement.so
7f94ca0d8000-7f94ca0d9000 rw-p 00009000 103:04 662598                    /usr/lib/jvm/java-8-openjdk/jre/lib/amd64/libmanagement.so
7f94ca0d9000-7f94ca0db000 r--s 00009000 103:04 1582098                   /home/trofis/Documents/Worldline/autoPairing/logstash/logstash-core/lib/jars/slf4j-api-1.7.25.jar
7f94ca0db000-7f94ca0de000 r--s 0001e000 103:04 1582092                   /home/trofis/Documents/Worldline/autoPairing/logstash/logstash-core/lib/jars/reflections-0.9.11.jar
7f94ca0de000-7f94ca0e3000 r--s 00038000 103:04 1582125                   /home/trofis/Documents/Worldline/autoPairing/logstash/logstash-core/lib/jars/org.eclipse.text-3.5.101.jar
7f94ca0e3000-7f94ca0f6000 r--s 0013a000 103:04 1582123                   /home/trofis/Documents/Worldline/autoPairing/logstash/logstash-core/lib/jars/org.eclipse.osgi-3.7.1.jar
7f94ca0f6000-7f94ca123000 r--s 00522000 103:04 1582110                   /home/trofis/Documents/Worldline/autoPairing/logstash/logstash-core/lib/jars/org.eclipse.jdt.core-3.10.0.jar
7f94ca123000-7f94ca127000 r--s 00029000 103:04 1582120                   /home/trofis/Documents/Worldline/autoPairing/logstash/logstash-core/lib/jars/org.eclipse.equinox.registry-3.5.101.jar
7f94ca127000-7f94ca12a000 r--s 00019000 103:04 1582093                   /home/trofis/Documents/Worldline/autoPairing/logstash/logstash-core/lib/jars/org.eclipse.equinox.preferences-3.4.1.jar
7f94ca12a000-7f94ca12c000 r--s 00018000 103:04 1582122                   /home/trofis/Documents/Worldline/autoPairing/logstash/logstash-core/lib/jars/org.eclipse.equinox.common-3.6.0.jar
7f94ca12c000-7f94ca12e000 r--s 00013000 103:04 1582108                   /home/trofis/Documents/Worldline/autoPairing/logstash/logstash-core/lib/jars/org.eclipse.equinox.app-1.3.100.jar
7f94ca12e000-7f94ca130000 r--s 00010000 103:04 1582099                   /home/trofis/Documents/Worldline/autoPairing/logstash/logstash-core/lib/jars/org.eclipse.core.runtime-3.7.0.jar
7f94ca130000-7f94ca13b000 r--s 000bb000 103:04 1582106                   /home/trofis/Documents/Worldline/autoPairing/logstash/logstash-core/lib/jars/org.eclipse.core.resources-3.7.100.jar
7f94ca13b000-7f94ca13e000 r--s 00014000 103:04 1582121                   /home/trofis/Documents/Worldline/autoPairing/logstash/logstash-core/lib/jars/org.eclipse.core.jobs-3.5.100.jar
7f94ca13e000-7f94ca140000 r--s 0000b000 103:04 1582096                   /home/trofis/Documents/Worldline/autoPairing/logstash/logstash-core/lib/jars/org.eclipse.core.filesystem-1.3.100.jar
7f94ca140000-7f94ca143000 r--s 00013000 103:04 1582103                   /home/trofis/Documents/Worldline/autoPairing/logstash/logstash-core/lib/jars/org.eclipse.core.expressions-3.4.300.jar
7f94ca143000-7f94ca147000 r--s 00017000 103:04 1582102                   /home/trofis/Documents/Worldline/autoPairing/logstash/logstash-core/lib/jars/org.eclipse.core.commands-3.6.0.jar
7f94ca147000-7f94cb948000 rw-p 00000000 00:00 0 
7f94cb948000-7f94cb94d000 r--p 00000000 103:04 662600                    /usr/lib/jvm/java-8-openjdk/jre/lib/amd64/libnet.so
7f94cb94d000-7f94cb95c000 r-xp 00005000 103:04 662600                    /usr/lib/jvm/java-8-openjdk/jre/lib/amd64/libnet.so
7f94cb95c000-7f94cb960000 r--p 00014000 103:04 662600                    /usr/lib/jvm/java-8-openjdk/jre/lib/amd64/libnet.so
7f94cb960000-7f94cb961000 r--p 00017000 103:04 662600                    /usr/lib/jvm/java-8-openjdk/jre/lib/amd64/libnet.so
7f94cb961000-7f94cb962000 rw-p 00018000 103:04 662600                    /usr/lib/jvm/java-8-openjdk/jre/lib/amd64/libnet.so
7f94cb962000-7f94cb969000 r--p 00000000 103:04 662601                    /usr/lib/jvm/java-8-openjdk/jre/lib/amd64/libnio.so
7f94cb969000-7f94cb971000 r-xp 00007000 103:04 662601                    /usr/lib/jvm/java-8-openjdk/jre/lib/amd64/libnio.so
7f94cb971000-7f94cb974000 r--p 0000f000 103:04 662601                    /usr/lib/jvm/java-8-openjdk/jre/lib/amd64/libnio.so
7f94cb974000-7f94cb975000 ---p 00012000 103:04 662601                    /usr/lib/jvm/java-8-openjdk/jre/lib/amd64/libnio.so
7f94cb975000-7f94cb976000 r--p 00012000 103:04 662601                    /usr/lib/jvm/java-8-openjdk/jre/lib/amd64/libnio.so
7f94cb976000-7f94cb977000 rw-p 00013000 103:04 662601                    /usr/lib/jvm/java-8-openjdk/jre/lib/amd64/libnio.so
7f94cb977000-7f94cb998000 r--s 00178000 103:04 1582091                   /home/trofis/Documents/Worldline/autoPairing/logstash/logstash-core/lib/jars/log4j-core-2.12.1.jar
7f94cb998000-7f94cb9cc000 rw-p 00000000 00:00 0 
7f94cb9cc000-7f94cbafb000 r--s 017af000 103:04 1582114                   /home/trofis/Documents/Worldline/autoPairing/logstash/logstash-core/lib/jars/jruby-complete-9.2.9.0.jar
7f94cbafb000-7f94cbafc000 ---p 00000000 00:00 0 
7f94cbafc000-7f94cbbfc000 rw-p 00000000 00:00 0 
7f94cbbfc000-7f94cbbff000 ---p 00000000 00:00 0 
7f94cbbff000-7f94cbcfd000 rw-p 00000000 00:00 0 
7f94cbcfd000-7f94cbcfe000 ---p 00000000 00:00 0 
7f94cbcfe000-7f94cbd01000 ---p 00000000 00:00 0 
7f94cbd01000-7f94cbdfe000 rw-p 00000000 00:00 0 
7f94cbdfe000-7f94cbdff000 ---p 00000000 00:00 0 
7f94cbdff000-7f94cbe02000 ---p 00000000 00:00 0 
7f94cbe02000-7f94cbeff000 rw-p 00000000 00:00 0 
7f94cbeff000-7f94cbf00000 ---p 00000000 00:00 0 
7f94cbf00000-7f94cbf03000 ---p 00000000 00:00 0 
7f94cbf03000-7f94cc000000 rw-p 00000000 00:00 0 
7f94cc000000-7f94cc021000 rw-p 00000000 00:00 0 
7f94cc021000-7f94d0000000 ---p 00000000 00:00 0 
7f94d0000000-7f94d181b000 rw-p 00000000 00:00 0 
7f94d181b000-7f94d4000000 ---p 00000000 00:00 0 
7f94d4000000-7f94d4021000 rw-p 00000000 00:00 0 
7f94d4021000-7f94d8000000 ---p 00000000 00:00 0 
7f94d8000000-7f94d8021000 rw-p 00000000 00:00 0 
7f94d8021000-7f94dc000000 ---p 00000000 00:00 0 
7f94dc000000-7f94dc021000 rw-p 00000000 00:00 0 
7f94dc021000-7f94e0000000 ---p 00000000 00:00 0 
7f94e0000000-7f94e0021000 rw-p 00000000 00:00 0 
7f94e0021000-7f94e4000000 ---p 00000000 00:00 0 
7f94e4000000-7f94e4021000 rw-p 00000000 00:00 0 
7f94e4021000-7f94e8000000 ---p 00000000 00:00 0 
7f94e8000000-7f94e8021000 rw-p 00000000 00:00 0 
7f94e8021000-7f94ec000000 ---p 00000000 00:00 0 
7f94ec000000-7f94ec021000 rw-p 00000000 00:00 0 
7f94ec021000-7f94f0000000 ---p 00000000 00:00 0 
7f94f0000000-7f94f0021000 rw-p 00000000 00:00 0 
7f94f0021000-7f94f4000000 ---p 00000000 00:00 0 
7f94f4000000-7f94f4003000 r--s 00014000 103:04 1582115                   /home/trofis/Documents/Worldline/autoPairing/logstash/logstash-core/lib/jars/org.eclipse.core.contenttype-3.4.100.jar
7f94f4003000-7f94f400f000 r--s 00088000 103:04 1582107                   /home/trofis/Documents/Worldline/autoPairing/logstash/logstash-core/lib/jars/logstash-core.jar
7f94f400f000-7f94f401a000 r--s 000b5000 103:04 1582124                   /home/trofis/Documents/Worldline/autoPairing/logstash/logstash-core/lib/jars/javassist-3.26.0-GA.jar
7f94f401a000-7f94f4026000 r--s 000c9000 103:04 1582116                   /home/trofis/Documents/Worldline/autoPairing/logstash/logstash-core/lib/jars/janino-3.1.0.jar
7f94f4026000-7f94f4039000 r--s 00137000 103:04 1582117                   /home/trofis/Documents/Worldline/autoPairing/logstash/logstash-core/lib/jars/jackson-databind-2.9.10.1.jar
7f94f4039000-7f94f4069000 r--s 00245000 103:04 1582097                   /home/trofis/Documents/Worldline/autoPairing/logstash/logstash-core/lib/jars/guava-22.0.jar
7f94f4069000-7f94f406a000 ---p 00000000 00:00 0 
7f94f406a000-7f94f406d000 ---p 00000000 00:00 0 
7f94f406d000-7f94f416a000 rw-p 00000000 00:00 0 
7f94f416a000-7f94f416d000 ---p 00000000 00:00 0 
7f94f416d000-7f94f426b000 rw-p 00000000 00:00 0 
7f94f426b000-7f94f426e000 ---p 00000000 00:00 0 
7f94f426e000-7f94f436c000 rw-p 00000000 00:00 0 
7f94f436c000-7f94f4653000 r--p 00000000 103:04 2374792                   /usr/lib/locale/locale-archive
7f94f4653000-7f94f4656000 ---p 00000000 00:00 0 
7f94f4656000-7f94f4754000 rw-p 00000000 00:00 0 
7f94f4754000-7f94f4757000 ---p 00000000 00:00 0 
7f94f4757000-7f94f4855000 rw-p 00000000 00:00 0 
7f94f4855000-7f94f4856000 ---p 00000000 00:00 0 
7f94f4856000-7f94f49a4000 rw-p 00000000 00:00 0 
7f94f49a4000-7f94f4b74000 r--s 03c68000 103:04 662574                    /usr/lib/jvm/java-8-openjdk/jre/lib/rt.jar
7f94f4b74000-7f94f546d000 rw-p 00000000 00:00 0 
7f94f546d000-7f94f54f5000 rw-p 00000000 00:00 0 
7f94f54f5000-7f94f54f6000 ---p 00000000 00:00 0 
7f94f54f6000-7f94f5dfe000 rw-p 00000000 00:00 0 
7f94f5dfe000-7f94f5dff000 ---p 00000000 00:00 0 
7f94f5dff000-7f94f5eff000 rw-p 00000000 00:00 0 
7f94f5eff000-7f94f5f00000 ---p 00000000 00:00 0 
7f94f5f00000-7f94f8000000 rw-p 00000000 00:00 0 
7f94f8000000-7f94f8021000 rw-p 00000000 00:00 0 
7f94f8021000-7f94fc000000 ---p 00000000 00:00 0 
7f94fc000000-7f94fc02a000 rw-p 00000000 00:00 0 
7f94fc02a000-7f9500000000 ---p 00000000 00:00 0 
7f9500000000-7f9500021000 rw-p 00000000 00:00 0 
7f9500021000-7f9504000000 ---p 00000000 00:00 0 
7f9504000000-7f9504021000 rw-p 00000000 00:00 0 
7f9504021000-7f9508000000 ---p 00000000 00:00 0 
7f9508000000-7f9508021000 rw-p 00000000 00:00 0 
7f9508021000-7f950c000000 ---p 00000000 00:00 0 
7f950c000000-7f950c021000 rw-p 00000000 00:00 0 
7f950c021000-7f9510000000 ---p 00000000 00:00 0 
7f9510000000-7f9510021000 rw-p 00000000 00:00 0 
7f9510021000-7f9514000000 ---p 00000000 00:00 0 
7f9514000000-7f9514006000 r--s 0003e000 103:04 1582100                   /home/trofis/Documents/Worldline/autoPairing/logstash/logstash-core/lib/jars/log4j-api-2.12.1.jar
7f9514006000-7f9514009000 r--s 00006000 103:04 1582094                   /home/trofis/Documents/Worldline/autoPairing/logstash/logstash-core/lib/jars/jsr305-1.3.9.jar
7f9514009000-7f9515000000 rw-p 00000000 00:00 0 
7f9515000000-7f95174c0000 rwxp 00000000 00:00 0 
7f95174c0000-7f9524000000 ---p 00000000 00:00 0 
7f9524000000-7f95255c2000 rw-p 00000000 00:00 0 
7f95255c2000-7f9528000000 ---p 00000000 00:00 0 
7f9528000000-7f9528001000 r--s 00005000 103:04 1582090                   /home/trofis/Documents/Worldline/autoPairing/logstash/logstash-core/lib/jars/log4j-slf4j-impl-2.12.1.jar
7f9528001000-7f9528003000 r--s 0000b000 103:04 1582101                   /home/trofis/Documents/Worldline/autoPairing/logstash/logstash-core/lib/jars/jackson-dataformat-cbor-2.9.10.jar
7f9528003000-7f9528007000 r--s 0004c000 103:04 1582105                   /home/trofis/Documents/Worldline/autoPairing/logstash/logstash-core/lib/jars/jackson-core-2.9.10.jar
7f9528007000-7f952800a000 r--s 0000e000 103:04 1582113                   /home/trofis/Documents/Worldline/autoPairing/logstash/logstash-core/lib/jars/jackson-annotations-2.9.10.jar
7f952800a000-7f952800f000 r--s 0003c000 103:04 1582104                   /home/trofis/Documents/Worldline/autoPairing/logstash/logstash-core/lib/jars/gradle-license-report-0.7.1.jar
7f952800f000-7f9528013000 r--s 0002a000 103:04 1582111                   /home/trofis/Documents/Worldline/autoPairing/logstash/logstash-core/lib/jars/google-java-format-1.1.jar
7f9528013000-7f9528018000 r--s 0001f000 103:04 1582119                   /home/trofis/Documents/Worldline/autoPairing/logstash/logstash-core/lib/jars/commons-compiler-3.1.0.jar
7f9528018000-7f952801f000 r--s 0004e000 103:04 1582109                   /home/trofis/Documents/Worldline/autoPairing/logstash/logstash-core/lib/jars/commons-codec-1.13.jar
7f952801f000-7f952874f000 rw-p 00000000 00:00 0 
7f952874f000-7f9528750000 rw-p 00000000 00:00 0 
7f9528750000-7f9528751000 ---p 00000000 00:00 0 
7f9528751000-7f9528851000 rw-p 00000000 00:00 0 
7f9528851000-7f9528852000 ---p 00000000 00:00 0 
7f9528852000-7f9528952000 rw-p 00000000 00:00 0 
7f9528952000-7f9528953000 ---p 00000000 00:00 0 
7f9528953000-7f9528a53000 rw-p 00000000 00:00 0 
7f9528a53000-7f9528a54000 ---p 00000000 00:00 0 
7f9528a54000-7f9528b54000 rw-p 00000000 00:00 0 
7f9528b54000-7f9528b55000 ---p 00000000 00:00 0 
7f9528b55000-7f9528c55000 rw-p 00000000 00:00 0 
7f9528c55000-7f9528c56000 ---p 00000000 00:00 0 
7f9528c56000-7f9528d56000 rw-p 00000000 00:00 0 
7f9528d56000-7f9528d57000 ---p 00000000 00:00 0 
7f9528d57000-7f9528e57000 rw-p 00000000 00:00 0 
7f9528e57000-7f9528e58000 ---p 00000000 00:00 0 
7f9528e58000-7f9528feb000 rw-p 00000000 00:00 0 
7f9528feb000-7f9529318000 ---p 00000000 00:00 0 
7f9529318000-7f952931b000 r--p 00000000 103:04 662609                    /usr/lib/jvm/java-8-openjdk/jre/lib/amd64/libzip.so
7f952931b000-7f952931f000 r-xp 00003000 103:04 662609                    /usr/lib/jvm/java-8-openjdk/jre/lib/amd64/libzip.so
7f952931f000-7f9529321000 r--p 00007000 103:04 662609                    /usr/lib/jvm/java-8-openjdk/jre/lib/amd64/libzip.so
7f9529321000-7f9529322000 r--p 00008000 103:04 662609                    /usr/lib/jvm/java-8-openjdk/jre/lib/amd64/libzip.so
7f9529322000-7f9529323000 rw-p 00009000 103:04 662609                    /usr/lib/jvm/java-8-openjdk/jre/lib/amd64/libzip.so
7f9529323000-7f9529330000 r--p 00000000 103:04 662588                    /usr/lib/jvm/java-8-openjdk/jre/lib/amd64/libjava.so
7f9529330000-7f9529346000 r-xp 0000d000 103:04 662588                    /usr/lib/jvm/java-8-openjdk/jre/lib/amd64/libjava.so
7f9529346000-7f952934d000 r--p 00023000 103:04 662588                    /usr/lib/jvm/java-8-openjdk/jre/lib/amd64/libjava.so
7f952934d000-7f952934e000 r--p 00029000 103:04 662588                    /usr/lib/jvm/java-8-openjdk/jre/lib/amd64/libjava.so
7f952934e000-7f952934f000 rw-p 0002a000 103:04 662588                    /usr/lib/jvm/java-8-openjdk/jre/lib/amd64/libjava.so
7f952934f000-7f9529350000 rw-p 00000000 00:00 0 
7f9529350000-7f9529353000 r--p 00000000 103:04 2368512                   /usr/lib/librt-2.31.so
7f9529353000-7f9529357000 r-xp 00003000 103:04 2368512                   /usr/lib/librt-2.31.so
7f9529357000-7f9529358000 r--p 00007000 103:04 2368512                   /usr/lib/librt-2.31.so
7f9529358000-7f9529359000 ---p 00008000 103:04 2368512                   /usr/lib/librt-2.31.so
7f9529359000-7f952935a000 r--p 00008000 103:04 2368512                   /usr/lib/librt-2.31.so
7f952935a000-7f952935b000 rw-p 00009000 103:04 2368512                   /usr/lib/librt-2.31.so
7f952935b000-7f952935c000 ---p 00000000 00:00 0 
7f952935c000-7f952935f000 ---p 00000000 00:00 0 
7f952935f000-7f952945c000 rw-p 00000000 00:00 0 
7f952945c000-7f952946b000 r--p 00000000 103:04 2368476                   /usr/lib/libm-2.31.so
7f952946b000-7f9529507000 r-xp 0000f000 103:04 2368476                   /usr/lib/libm-2.31.so
7f9529507000-7f95295a0000 r--p 000ab000 103:04 2368476                   /usr/lib/libm-2.31.so
7f95295a0000-7f95295a1000 r--p 00143000 103:04 2368476                   /usr/lib/libm-2.31.so
7f95295a1000-7f95295a2000 rw-p 00144000 103:04 2368476                   /usr/lib/libm-2.31.so
7f95295a2000-7f9529794000 r--p 00000000 103:04 662612                    /usr/lib/jvm/java-8-openjdk/jre/lib/amd64/server/libjvm.so
7f9529794000-7f952a040000 r-xp 001f2000 103:04 662612                    /usr/lib/jvm/java-8-openjdk/jre/lib/amd64/server/libjvm.so
7f952a040000-7f952a1e2000 r--p 00a9e000 103:04 662612                    /usr/lib/jvm/java-8-openjdk/jre/lib/amd64/server/libjvm.so
7f952a1e2000-7f952a1e3000 ---p 00c40000 103:04 662612                    /usr/lib/jvm/java-8-openjdk/jre/lib/amd64/server/libjvm.so
7f952a1e3000-7f952a278000 r--p 00c40000 103:04 662612                    /usr/lib/jvm/java-8-openjdk/jre/lib/amd64/server/libjvm.so
7f952a278000-7f952a2a0000 rw-p 00cd5000 103:04 662612                    /usr/lib/jvm/java-8-openjdk/jre/lib/amd64/server/libjvm.so
7f952a2a0000-7f952a2d3000 rw-p 00000000 00:00 0 
7f952a2d3000-7f952a2da000 r--p 00000000 103:04 2368504                   /usr/lib/libpthread-2.31.so
7f952a2da000-7f952a2ea000 r-xp 00007000 103:04 2368504                   /usr/lib/libpthread-2.31.so
7f952a2ea000-7f952a2ef000 r--p 00017000 103:04 2368504                   /usr/lib/libpthread-2.31.so
7f952a2ef000-7f952a2f0000 r--p 0001b000 103:04 2368504                   /usr/lib/libpthread-2.31.so
7f952a2f0000-7f952a2f1000 rw-p 0001c000 103:04 2368504                   /usr/lib/libpthread-2.31.so
7f952a2f1000-7f952a2f5000 rw-p 00000000 00:00 0 
7f952a2f5000-7f952a2f6000 r--p 00000000 103:04 2368470                   /usr/lib/libdl-2.31.so
7f952a2f6000-7f952a2f7000 r-xp 00001000 103:04 2368470                   /usr/lib/libdl-2.31.so
7f952a2f7000-7f952a2f8000 r--p 00002000 103:04 2368470                   /usr/lib/libdl-2.31.so
7f952a2f8000-7f952a2f9000 r--p 00002000 103:04 2368470                   /usr/lib/libdl-2.31.so
7f952a2f9000-7f952a2fa000 rw-p 00003000 103:04 2368470                   /usr/lib/libdl-2.31.so
7f952a2fa000-7f952a2fd000 r--p 00000000 103:04 2365659                   /usr/lib/libz.so.1.2.11
7f952a2fd000-7f952a30b000 r-xp 00003000 103:04 2365659                   /usr/lib/libz.so.1.2.11
7f952a30b000-7f952a311000 r--p 00011000 103:04 2365659                   /usr/lib/libz.so.1.2.11
7f952a311000-7f952a312000 ---p 00017000 103:04 2365659                   /usr/lib/libz.so.1.2.11
7f952a312000-7f952a313000 r--p 00017000 103:04 2365659                   /usr/lib/libz.so.1.2.11
7f952a313000-7f952a314000 rw-p 00018000 103:04 2365659                   /usr/lib/libz.so.1.2.11
7f952a314000-7f952a339000 r--p 00000000 103:04 2368461                   /usr/lib/libc-2.31.so
7f952a339000-7f952a485000 r-xp 00025000 103:04 2368461                   /usr/lib/libc-2.31.so
7f952a485000-7f952a4d0000 r--p 00171000 103:04 2368461                   /usr/lib/libc-2.31.so
7f952a4d0000-7f952a4d3000 r--p 001bb000 103:04 2368461                   /usr/lib/libc-2.31.so
7f952a4d3000-7f952a4d6000 rw-p 001be000 103:04 2368461                   /usr/lib/libc-2.31.so
7f952a4d6000-7f952a4da000 rw-p 00000000 00:00 0 
7f952a4da000-7f952a4dc000 r--s 00001000 103:04 1582112                   /home/trofis/Documents/Worldline/autoPairing/logstash/logstash-core/lib/jars/j2objc-annotations-1.1.jar
7f952a4dc000-7f952a4dd000 r--s 00002000 103:04 1582095                   /home/trofis/Documents/Worldline/autoPairing/logstash/logstash-core/lib/jars/error_prone_annotations-2.0.18.jar
7f952a4dd000-7f952a4de000 r--s 00000000 103:04 1582118                   /home/trofis/Documents/Worldline/autoPairing/logstash/logstash-core/lib/jars/animal-sniffer-annotations-1.14.jar
7f952a4de000-7f952a4e6000 rw-s 00000000 00:2e 281                        /tmp/hsperfdata_trofis/24557
7f952a4e6000-7f952a4e9000 r--p 00000000 103:04 2368497                   /usr/lib/libnss_files-2.31.so
7f952a4e9000-7f952a4f0000 r-xp 00003000 103:04 2368497                   /usr/lib/libnss_files-2.31.so
7f952a4f0000-7f952a4f2000 r--p 0000a000 103:04 2368497                   /usr/lib/libnss_files-2.31.so
7f952a4f2000-7f952a4f3000 r--p 0000b000 103:04 2368497                   /usr/lib/libnss_files-2.31.so
7f952a4f3000-7f952a4f4000 rw-p 0000c000 103:04 2368497                   /usr/lib/libnss_files-2.31.so
7f952a4f4000-7f952a4fb000 rw-p 00000000 00:00 0 
7f952a4fb000-7f952a500000 r--p 00000000 103:04 662608                    /usr/lib/jvm/java-8-openjdk/jre/lib/amd64/libverify.so
7f952a500000-7f952a507000 r-xp 00005000 103:04 662608                    /usr/lib/jvm/java-8-openjdk/jre/lib/amd64/libverify.so
7f952a507000-7f952a509000 r--p 0000c000 103:04 662608                    /usr/lib/jvm/java-8-openjdk/jre/lib/amd64/libverify.so
7f952a509000-7f952a50a000 ---p 0000e000 103:04 662608                    /usr/lib/jvm/java-8-openjdk/jre/lib/amd64/libverify.so
7f952a50a000-7f952a50c000 r--p 0000e000 103:04 662608                    /usr/lib/jvm/java-8-openjdk/jre/lib/amd64/libverify.so
7f952a50c000-7f952a50d000 rw-p 00010000 103:04 662608                    /usr/lib/jvm/java-8-openjdk/jre/lib/amd64/libverify.so
7f952a50d000-7f952a510000 r--p 00000000 103:04 662610                    /usr/lib/jvm/java-8-openjdk/jre/lib/amd64/jli/libjli.so
7f952a510000-7f952a519000 r-xp 00003000 103:04 662610                    /usr/lib/jvm/java-8-openjdk/jre/lib/amd64/jli/libjli.so
7f952a519000-7f952a51c000 r--p 0000c000 103:04 662610                    /usr/lib/jvm/java-8-openjdk/jre/lib/amd64/jli/libjli.so
7f952a51c000-7f952a51d000 r--p 0000e000 103:04 662610                    /usr/lib/jvm/java-8-openjdk/jre/lib/amd64/jli/libjli.so
7f952a51d000-7f952a51e000 rw-p 0000f000 103:04 662610                    /usr/lib/jvm/java-8-openjdk/jre/lib/amd64/jli/libjli.so
7f952a51e000-7f952a520000 rw-p 00000000 00:00 0 
7f952a520000-7f952a522000 r--p 00000000 103:04 2368449                   /usr/lib/ld-2.31.so
7f952a522000-7f952a542000 r-xp 00002000 103:04 2368449                   /usr/lib/ld-2.31.so
7f952a542000-7f952a54a000 r--p 00022000 103:04 2368449                   /usr/lib/ld-2.31.so
7f952a54a000-7f952a54b000 r--p 00000000 00:00 0 
7f952a54b000-7f952a54c000 r--p 0002a000 103:04 2368449                   /usr/lib/ld-2.31.so
7f952a54c000-7f952a54d000 rw-p 0002b000 103:04 2368449                   /usr/lib/ld-2.31.so
7f952a54d000-7f952a54e000 rw-p 00000000 00:00 0 
7ffedf6da000-7ffedf6fe000 rw-p 00000000 00:00 0                          [stack]
7ffedf770000-7ffedf773000 r--p 00000000 00:00 0                          [vvar]
7ffedf773000-7ffedf774000 r-xp 00000000 00:00 0                          [vdso]
ffffffffff600000-ffffffffff601000 --xp 00000000 00:00 0                  [vsyscall]

VM Arguments:
jvm_args: -Xms1g -Xmx1g -XX:+UseConcMarkSweepGC -XX:CMSInitiatingOccupancyFraction=75 -XX:+UseCMSInitiatingOccupancyOnly -Djava.awt.headless=true -Dfile.encoding=UTF-8 -Djruby.compile.invokedynamic=true -Djruby.jit.threshold=0 -Djruby.regexp.interruptible=true -XX:+HeapDumpOnOutOfMemoryError -Djava.security.egd=file:/dev/urandom -Dlog4j2.isThreadContextMapInheritable=true 
java_command: org.logstash.Logstash -f /home/trofis/Documents/Worldline/autoPairing/config/logstash-config.conf -w 1
java_class_path (initial): /home/trofis/Documents/Worldline/autoPairing/logstash/logstash-core/lib/jars/animal-sniffer-annotations-1.14.jar:/home/trofis/Documents/Worldline/autoPairing/logstash/logstash-core/lib/jars/commons-codec-1.13.jar:/home/trofis/Documents/Worldline/autoPairing/logstash/logstash-core/lib/jars/commons-compiler-3.1.0.jar:/home/trofis/Documents/Worldline/autoPairing/logstash/logstash-core/lib/jars/error_prone_annotations-2.0.18.jar:/home/trofis/Documents/Worldline/autoPairing/logstash/logstash-core/lib/jars/google-java-format-1.1.jar:/home/trofis/Documents/Worldline/autoPairing/logstash/logstash-core/lib/jars/gradle-license-report-0.7.1.jar:/home/trofis/Documents/Worldline/autoPairing/logstash/logstash-core/lib/jars/guava-22.0.jar:/home/trofis/Documents/Worldline/autoPairing/logstash/logstash-core/lib/jars/j2objc-annotations-1.1.jar:/home/trofis/Documents/Worldline/autoPairing/logstash/logstash-core/lib/jars/jackson-annotations-2.9.10.jar:/home/trofis/Documents/Worldline/autoPairing/logstash/logstash-core/lib/jars/jackson-core-2.9.10.jar:/home/trofis/Documents/Worldline/autoPairing/logstash/logstash-core/lib/jars/jackson-databind-2.9.10.1.jar:/home/trofis/Documents/Worldline/autoPairing/logstash/logstash-core/lib/jars/jackson-dataformat-cbor-2.9.10.jar:/home/trofis/Documents/Worldline/autoPairing/logstash/logstash-core/lib/jars/janino-3.1.0.jar:/home/trofis/Documents/Worldline/autoPairing/logstash/logstash-core/lib/jars/javassist-3.26.0-GA.jar:/home/trofis/Documents/Worldline/autoPairing/logstash/logstash-core/lib/jars/jruby-complete-9.2.9.0.jar:/home/trofis/Documents/Worldline/autoPairing/logstash/logstash-core/lib/jars/jsr305-1.3.9.jar:/home/trofis/Documents/Worldline/autoPairing/logstash/logstash-core/lib/jars/log4j-api-2.12.1.jar:/home/trofis/Documents/Worldline/autoPairing/logstash/logstash-core/lib/jars/log4j-core-2.12.1.jar:/home/trofis/Documents/Worldline/autoPairing/logstash/logstash-core/lib/jars/log4j-slf4j-impl-2.12.1.jar:/home/trof
Launcher Type: SUN_STANDARD

Environment Variables:
PATH=/home/trofis/Documents/Worldline/autoPairing/logstash/vendor/bundle/jruby/2.5.0/bin:/usr/lib/node_modules/npm/node_modules/npm-lifecycle/node-gyp-bin:/home/trofis/Documents/auto-pairing-app/server/node_modules/.bin:/home/trofis/.local/bin:/usr/local/bin:/usr/local/sbin:/usr/bin:/usr/lib/jvm/default/bin:/usr/bin/site_perl:/usr/bin/vendor_perl:/usr/bin/core_perl:/var/lib/snapd/snap/bin
USERNAME=trofis
SHELL=/bin/bash
DISPLAY=:1

Signal Handlers:
SIGSEGV: [libjvm.so+0xa6a400], sa_mask[0]=11111111011111111101111111111110, sa_flags=SA_RESTART|SA_SIGINFO
SIGBUS: [libjvm.so+0xa6a400], sa_mask[0]=11111111011111111101111111111110, sa_flags=SA_RESTART|SA_SIGINFO
SIGFPE: [libjvm.so+0x8c7be0], sa_mask[0]=11111111011111111101111111111110, sa_flags=SA_RESTART|SA_SIGINFO
SIGPIPE: [libjvm.so+0x8c7be0], sa_mask[0]=11111111011111111101111111111110, sa_flags=SA_RESTART|SA_SIGINFO
SIGXFSZ: [libjvm.so+0x8c7be0], sa_mask[0]=11111111011111111101111111111110, sa_flags=SA_RESTART|SA_SIGINFO
SIGILL: [libjvm.so+0x8c7be0], sa_mask[0]=11111111011111111101111111111110, sa_flags=SA_RESTART|SA_SIGINFO
SIGUSR1: SIG_DFL, sa_mask[0]=00000000000000000000000000000000, sa_flags=none
SIGUSR2: [libjvm.so+0x8c7ab0], sa_mask[0]=00000000000000000000000000000000, sa_flags=SA_RESTART|SA_SIGINFO
SIGHUP: [libjvm.so+0x8c7e80], sa_mask[0]=11111111011111111101111111111110, sa_flags=SA_RESTART|SA_SIGINFO
SIGINT: [libjvm.so+0x8c7e80], sa_mask[0]=11111111011111111101111111111110, sa_flags=SA_RESTART|SA_SIGINFO
SIGTERM: [libjvm.so+0x8c7e80], sa_mask[0]=11111111011111111101111111111110, sa_flags=SA_RESTART|SA_SIGINFO
SIGQUIT: [libjvm.so+0x8c7e80], sa_mask[0]=11111111011111111101111111111110, sa_flags=SA_RESTART|SA_SIGINFO


---------------  S Y S T E M  ---------------

OS:DISTRIB_ID=ManjaroLinux
DISTRIB_RELEASE=20.0
DISTRIB_CODENAME=Lysia
DISTRIB_DESCRIPTION="Manjaro Linux"

uname:Linux 5.4.36-1-MANJARO #1 SMP PREEMPT Wed Apr 29 18:47:01 UTC 2020 x86_64
libc:glibc 2.31 NPTL 2.31 
rlimit: STACK 8192k, CORE infinity, NPROC 30891, NOFILE 524288, AS infinity
load average:9,32 6,42 3,87

/proc/meminfo:
MemTotal:        7927548 kB
MemFree:          141584 kB
MemAvailable:     311444 kB
Buffers:           11144 kB
Cached:          1635384 kB
SwapCached:            0 kB
Active:          5824436 kB
Inactive:         715824 kB
Active(anon):    5684304 kB
Inactive(anon):   510132 kB
Active(file):     140132 kB
Inactive(file):   205692 kB
Unevictable:      661100 kB
Mlocked:              48 kB
SwapTotal:             0 kB
SwapFree:              0 kB
Dirty:               448 kB
Writeback:             0 kB
AnonPages:       5555216 kB
Mapped:           787692 kB
Shmem:           1341808 kB
KReclaimable:     104576 kB
Slab:             281508 kB
SReclaimable:     104576 kB
SUnreclaim:       176932 kB
KernelStack:       24400 kB
PageTables:        77200 kB
NFS_Unstable:          0 kB
Bounce:                0 kB
WritebackTmp:          0 kB
CommitLimit:     3963772 kB
Committed_AS:   17784072 kB
VmallocTotal:   34359738367 kB
VmallocUsed:       50168 kB
VmallocChunk:          0 kB
Percpu:             4672 kB
HardwareCorrupted:     0 kB
AnonHugePages:         0 kB
ShmemHugePages:        0 kB
ShmemPmdMapped:        0 kB
FileHugePages:         0 kB
FilePmdMapped:         0 kB
HugePages_Total:       0
HugePages_Free:        0
HugePages_Rsvd:        0
HugePages_Surp:        0
Hugepagesize:       2048 kB
Hugetlb:               0 kB
DirectMap4k:      469960 kB
DirectMap2M:     7692288 kB
DirectMap1G:           0 kB

container (cgroup) information:
container_type: cgroupv1
cpu_cpuset_cpus: 0-7
cpu_memory_nodes: 0
active_processor_count: 8
cpu_quota: -1
cpu_period: 100000
cpu_shares: -1
memory_limit_in_bytes: -1
memory_and_swap_limit_in_bytes: -1
memory_soft_limit_in_bytes: -1
memory_usage_in_bytes: 7281827840
memory_max_usage_in_bytes: 7381061632


CPU:total 8 (initial active 8) (4 cores per cpu, 2 threads per core) family 6 model 142 stepping 12, cmov, cx8, fxsr, mmx, sse, sse2, sse3, ssse3, sse4.1, sse4.2, popcnt, avx, avx2, aes, clmul, erms, 3dnowpref, lzcnt, ht, tsc, tscinvbit, bmi1, bmi2, adx

/proc/cpuinfo:
processor	: 0
vendor_id	: GenuineIntel
cpu family	: 6
model		: 142
model name	: Intel(R) Core(TM) i5-8265U CPU @ 1.60GHz
stepping	: 12
microcode	: 0xca
cpu MHz		: 1797.325
cache size	: 6144 KB
physical id	: 0
siblings	: 8
core id		: 0
cpu cores	: 4
apicid		: 0
initial apicid	: 0
fpu		: yes
fpu_exception	: yes
cpuid level	: 22
wp		: yes
flags		: fpu vme de pse tsc msr pae mce cx8 apic sep mtrr pge mca cmov pat pse36 clflush dts acpi mmx fxsr sse sse2 ss ht tm pbe syscall nx pdpe1gb rdtscp lm constant_tsc art arch_perfmon pebs bts rep_good nopl xtopology nonstop_tsc cpuid aperfmperf pni pclmulqdq dtes64 monitor ds_cpl vmx est tm2 ssse3 sdbg fma cx16 xtpr pdcm pcid sse4_1 sse4_2 x2apic movbe popcnt tsc_deadline_timer aes xsave avx f16c rdrand lahf_lm abm 3dnowprefetch cpuid_fault epb invpcid_single ssbd ibrs ibpb stibp ibrs_enhanced tpr_shadow vnmi flexpriority ept vpid ept_ad fsgsbase tsc_adjust bmi1 avx2 smep bmi2 erms invpcid mpx rdseed adx smap clflushopt intel_pt xsaveopt xsavec xgetbv1 xsaves dtherm ida arat pln pts hwp hwp_notify hwp_act_window hwp_epp md_clear flush_l1d arch_capabilities
bugs		: spectre_v1 spectre_v2 spec_store_bypass swapgs itlb_multihit
bogomips	: 3601.00
clflush size	: 64
cache_alignment	: 64
address sizes	: 39 bits physical, 48 bits virtual
power management:

processor	: 1
vendor_id	: GenuineIntel
cpu family	: 6
model		: 142
model name	: Intel(R) Core(TM) i5-8265U CPU @ 1.60GHz
stepping	: 12
microcode	: 0xca
cpu MHz		: 1797.419
cache size	: 6144 KB
physical id	: 0
siblings	: 8
core id		: 1
cpu cores	: 4
apicid		: 2
initial apicid	: 2
fpu		: yes
fpu_exception	: yes
cpuid level	: 22
wp		: yes
flags		: fpu vme de pse tsc msr pae mce cx8 apic sep mtrr pge mca cmov pat pse36 clflush dts acpi mmx fxsr sse sse2 ss ht tm pbe syscall nx pdpe1gb rdtscp lm constant_tsc art arch_perfmon pebs bts rep_good nopl xtopology nonstop_tsc cpuid aperfmperf pni pclmulqdq dtes64 monitor ds_cpl vmx est tm2 ssse3 sdbg fma cx16 xtpr pdcm pcid sse4_1 sse4_2 x2apic movbe popcnt tsc_deadline_timer aes xsave avx f16c rdrand lahf_lm abm 3dnowprefetch cpuid_fault epb invpcid_single ssbd ibrs ibpb stibp ibrs_enhanced tpr_shadow vnmi flexpriority ept vpid ept_ad fsgsbase tsc_adjust bmi1 avx2 smep bmi2 erms invpcid mpx rdseed adx smap clflushopt intel_pt xsaveopt xsavec xgetbv1 xsaves dtherm ida arat pln pts hwp hwp_notify hwp_act_window hwp_epp md_clear flush_l1d arch_capabilities
bugs		: spectre_v1 spectre_v2 spec_store_bypass swapgs itlb_multihit
bogomips	: 3601.00
clflush size	: 64
cache_alignment	: 64
address sizes	: 39 bits physical, 48 bits virtual
power management:

processor	: 2
vendor_id	: GenuineIntel
cpu family	: 6
model		: 142
model name	: Intel(R) Core(TM) i5-8265U CPU @ 1.60GHz
stepping	: 12
microcode	: 0xca
cpu MHz		: 1797.528
cache size	: 6144 KB
physical id	: 0
siblings	: 8
core id		: 2
cpu cores	: 4
apicid		: 4
initial apicid	: 4
fpu		: yes
fpu_exception	: yes
cpuid level	: 22
wp		: yes
flags		: fpu vme de pse tsc msr pae mce cx8 apic sep mtrr pge mca cmov pat pse36 clflush dts acpi mmx fxsr sse sse2 ss ht tm pbe syscall nx pdpe1gb rdtscp lm constant_tsc art arch_perfmon pebs bts rep_good nopl xtopology nonstop_tsc cpuid aperfmperf pni pclmulqdq dtes64 monitor ds_cpl vmx est tm2 ssse3 sdbg fma cx16 xtpr pdcm pcid sse4_1 sse4_2 x2apic movbe popcnt tsc_deadline_timer aes xsave avx f16c rdrand lahf_lm abm 3dnowprefetch cpuid_fault epb invpcid_single ssbd ibrs ibpb stibp ibrs_enhanced tpr_shadow vnmi flexpriority ept vpid ept_ad fsgsbase tsc_adjust bmi1 avx2 smep bmi2 erms invpcid mpx rdseed adx smap clflushopt intel_pt xsaveopt xsavec xgetbv1 xsaves dtherm ida arat pln pts hwp hwp_notify hwp_act_window hwp_epp md_clear flush_l1d arch_capabilities
bugs		: spectre_v1 spectre_v2 spec_store_bypass swapgs itlb_multihit
bogomips	: 3601.00
clflush size	: 64
cache_alignment	: 64
address sizes	: 39 bits physical, 48 bits virtual
power management:

processor	: 3
vendor_id	: GenuineIntel
cpu family	: 6
model		: 142
model name	: Intel(R) Core(TM) i5-8265U CPU @ 1.60GHz
stepping	: 12
microcode	: 0xca
cpu MHz		: 1797.618
cache size	: 6144 KB
physical id	: 0
siblings	: 8
core id		: 3
cpu cores	: 4
apicid		: 6
initial apicid	: 6
fpu		: yes
fpu_exception	: yes
cpuid level	: 22
wp		: yes
flags		: fpu vme de pse tsc msr pae mce cx8 apic sep mtrr pge mca cmov pat pse36 clflush dts acpi mmx fxsr sse sse2 ss ht tm pbe syscall nx pdpe1gb rdtscp lm constant_tsc art arch_perfmon pebs bts rep_good nopl xtopology nonstop_tsc cpuid aperfmperf pni pclmulqdq dtes64 monitor ds_cpl vmx est tm2 ssse3 sdbg fma cx16 xtpr pdcm pcid sse4_1 sse4_2 x2apic movbe popcnt tsc_deadline_timer aes xsave avx f16c rdrand lahf_lm abm 3dnowprefetch cpuid_fault epb invpcid_single ssbd ibrs ibpb stibp ibrs_enhanced tpr_shadow vnmi flexpriority ept vpid ept_ad fsgsbase tsc_adjust bmi1 avx2 smep bmi2 erms invpcid mpx rdseed adx smap clflushopt intel_pt xsaveopt xsavec xgetbv1 xsaves dtherm ida arat pln pts hwp hwp_notify hwp_act_window hwp_epp md_clear flush_l1d arch_capabilities
bugs		: spectre_v1 spectre_v2 spec_store_bypass swapgs itlb_multihit
bogomips	: 3601.00
clflush size	: 64
cache_alignment	: 64
address sizes	: 39 bits physical, 48 bits virtual
power management:

processor	: 4
vendor_id	: GenuineIntel
cpu family	: 6
model		: 142
model name	: Intel(R) Core(TM) i5-8265U CPU @ 1.60GHz
stepping	: 12
microcode	: 0xca
cpu MHz		: 1797.426
cache size	: 6144 KB
physical id	: 0
siblings	: 8
core id		: 0
cpu cores	: 4
apicid		: 1
initial apicid	: 1
fpu		: yes
fpu_exception	: yes
cpuid level	: 22
wp		: yes
flags		: fpu vme de pse tsc msr pae mce cx8 apic sep mtrr pge mca cmov pat pse36 clflush dts acpi mmx fxsr sse sse2 ss ht tm pbe syscall nx pdpe1gb rdtscp lm constant_tsc art arch_perfmon pebs bts rep_good nopl xtopology nonstop_tsc cpuid aperfmperf pni pclmulqdq dtes64 monitor ds_cpl vmx est tm2 ssse3 sdbg fma cx16 xtpr pdcm pcid sse4_1 sse4_2 x2apic movbe popcnt tsc_deadline_timer aes xsave avx f16c rdrand lahf_lm abm 3dnowprefetch cpuid_fault epb invpcid_single ssbd ibrs ibpb stibp ibrs_enhanced tpr_shadow vnmi flexpriority ept vpid ept_ad fsgsbase tsc_adjust bmi1 avx2 smep bmi2 erms invpcid mpx rdseed adx smap clflushopt intel_pt xsaveopt xsavec xgetbv1 xsaves dtherm ida arat pln pts hwp hwp_notify hwp_act_window hwp_epp md_clear flush_l1d arch_capabilities
bugs		: spectre_v1 spectre_v2 spec_store_bypass swapgs itlb_multihit
bogomips	: 3601.00
clflush size	: 64
cache_alignment	: 64
address sizes	: 39 bits physical, 48 bits virtual
power management:

processor	: 5
vendor_id	: GenuineIntel
cpu family	: 6
model		: 142
model name	: Intel(R) Core(TM) i5-8265U CPU @ 1.60GHz
stepping	: 12
microcode	: 0xca
cpu MHz		: 1797.738
cache size	: 6144 KB
physical id	: 0
siblings	: 8
core id		: 1
cpu cores	: 4
apicid		: 3
initial apicid	: 3
fpu		: yes
fpu_exception	: yes
cpuid level	: 22
wp		: yes
flags		: fpu vme de pse tsc msr pae mce cx8 apic sep mtrr pge mca cmov pat pse36 clflush dts acpi mmx fxsr sse sse2 ss ht tm pbe syscall nx pdpe1gb rdtscp lm constant_tsc art arch_perfmon pebs bts rep_good nopl xtopology nonstop_tsc cpuid aperfmperf pni pclmulqdq dtes64 monitor ds_cpl vmx est tm2 ssse3 sdbg fma cx16 xtpr pdcm pcid sse4_1 sse4_2 x2apic movbe popcnt tsc_deadline_timer aes xsave avx f16c rdrand lahf_lm abm 3dnowprefetch cpuid_fault epb invpcid_single ssbd ibrs ibpb stibp ibrs_enhanced tpr_shadow vnmi flexpriority ept vpid ept_ad fsgsbase tsc_adjust bmi1 avx2 smep bmi2 erms invpcid mpx rdseed adx smap clflushopt intel_pt xsaveopt xsavec xgetbv1 xsaves dtherm ida arat pln pts hwp hwp_notify hwp_act_window hwp_epp md_clear flush_l1d arch_capabilities
bugs		: spectre_v1 spectre_v2 spec_store_bypass swapgs itlb_multihit
bogomips	: 3601.00
clflush size	: 64
cache_alignment	: 64
address sizes	: 39 bits physical, 48 bits virtual
power management:

processor	: 6
vendor_id	: GenuineIntel
cpu family	: 6
model		: 142
model name	: Intel(R) Core(TM) i5-8265U CPU @ 1.60GHz
stepping	: 12
microcode	: 0xca
cpu MHz		: 1797.844
cache size	: 6144 KB
physical id	: 0
siblings	: 8
core id		: 2
cpu cores	: 4
apicid		: 5
initial apicid	: 5
fpu		: yes
fpu_exception	: yes
cpuid level	: 22
wp		: yes
flags		: fpu vme de pse tsc msr pae mce cx8 apic sep mtrr pge mca cmov pat pse36 clflush dts acpi mmx fxsr sse sse2 ss ht tm pbe syscall nx pdpe1gb rdtscp lm constant_tsc art arch_perfmon pebs bts rep_good nopl xtopology nonstop_tsc cpuid aperfmperf pni pclmulqdq dtes64 monitor ds_cpl vmx est tm2 ssse3 sdbg fma cx16 xtpr pdcm pcid sse4_1 sse4_2 x2apic movbe popcnt tsc_deadline_timer aes xsave avx f16c rdrand lahf_lm abm 3dnowprefetch cpuid_fault epb invpcid_single ssbd ibrs ibpb stibp ibrs_enhanced tpr_shadow vnmi flexpriority ept vpid ept_ad fsgsbase tsc_adjust bmi1 avx2 smep bmi2 erms invpcid mpx rdseed adx smap clflushopt intel_pt xsaveopt xsavec xgetbv1 xsaves dtherm ida arat pln pts hwp hwp_notify hwp_act_window hwp_epp md_clear flush_l1d arch_capabilities
bugs		: spectre_v1 spectre_v2 spec_store_bypass swapgs itlb_multihit
bogomips	: 3601.00
clflush size	: 64
cache_alignment	: 64
address sizes	: 39 bits physical, 48 bits virtual
power management:

processor	: 7
vendor_id	: GenuineIntel
cpu family	: 6
model		: 142
model name	: Intel(R) Core(TM) i5-8265U CPU @ 1.60GHz
stepping	: 12
microcode	: 0xca
cpu MHz		: 1797.916
cache size	: 6144 KB
physical id	: 0
siblings	: 8
core id		: 3
cpu cores	: 4
apicid		: 7
initial apicid	: 7
fpu		: yes
fpu_exception	: yes
cpuid level	: 22
wp		: yes
flags		: fpu vme de pse tsc msr pae mce cx8 apic sep mtrr pge mca cmov pat pse36 clflush dts acpi mmx fxsr sse sse2 ss ht tm pbe syscall nx pdpe1gb rdtscp lm constant_tsc art arch_perfmon pebs bts rep_good nopl xtopology nonstop_tsc cpuid aperfmperf pni pclmulqdq dtes64 monitor ds_cpl vmx est tm2 ssse3 sdbg fma cx16 xtpr pdcm pcid sse4_1 sse4_2 x2apic movbe popcnt tsc_deadline_timer aes xsave avx f16c rdrand lahf_lm abm 3dnowprefetch cpuid_fault epb invpcid_single ssbd ibrs ibpb stibp ibrs_enhanced tpr_shadow vnmi flexpriority ept vpid ept_ad fsgsbase tsc_adjust bmi1 avx2 smep bmi2 erms invpcid mpx rdseed adx smap clflushopt intel_pt xsaveopt xsavec xgetbv1 xsaves dtherm ida arat pln pts hwp hwp_notify hwp_act_window hwp_epp md_clear flush_l1d arch_capabilities
bugs		: spectre_v1 spectre_v2 spec_store_bypass swapgs itlb_multihit
bogomips	: 3601.00
clflush size	: 64
cache_alignment	: 64
address sizes	: 39 bits physical, 48 bits virtual
power management:



Memory: 4k page, physical 7927548k(137080k free), swap 0k(0k free)

vm_info: OpenJDK 64-Bit Server VM (25.242-b08) for linux-amd64 JRE (1.8.0_242-b08), built on Jan 26 2020 11:52:10 by "builduser" with gcc 9.2.0

time: Fri May  8 14:09:36 2020
timezone: CEST
elapsed time: 22 seconds (0d 0h 0m 22s)

