#
# A fatal error has been detected by the Java Runtime Environment:
#
#  SIGSEGV (0xb) at pc=0x00007f04dcd9bae9, pid=24043, tid=0x00007f04dd204400
#
# JRE version: OpenJDK Runtime Environment (8.0_242-b08) (build 1.8.0_242-b08)
# Java VM: OpenJDK 64-Bit Server VM (25.242-b08 mixed mode linux-amd64 compressed oops)
# Problematic frame:
# V  [libjvm.so+0x8c7ae9]
#
# Core dump written. Default location: /home/trofis/Documents/auto-pairing-app/server/core or core.24043
#
# If you would like to submit a bug report, please visit:
#   http://bugreport.java.com/bugreport/crash.jsp
#

---------------  T H R E A D  ---------------

Current thread is native thread

siginfo: si_signo: 11 (SIGSEGV), si_code: 1 (SEGV_MAPERR), si_addr: 0x0000000000000110

Registers:
RAX=0x0000000000000000, RBX=0x00007f04dd204380, RCX=0x00007f04dd20fa67, RDX=0x00007f04dd204400
RSP=0x00007ffccb83ecb0, RBP=0x00007ffccb83ed70, RSI=0x00007ffccb83eeb0, RDI=0x0000000000000001
R8 =0x0000000000000000, R9 =0x00007f04dc38d700, R10=0x0000000000000000, R11=0x0000000000000246
R12=0x00007ffccb83eeb0, R13=0x00007f04dc38d9d0, R14=0x0000000000000000, R15=0x00007f04dc38d700
RIP=0x00007f04dcd9bae9, EFLAGS=0x0000000000010246, CSGSFS=0x002b000000000033, ERR=0x0000000000000004
  TRAPNO=0x000000000000000e

Top of Stack: (sp=0x00007ffccb83ecb0)
0x00007ffccb83ecb0:   ffffffffffffffff 00007ffccb83ed80
0x00007ffccb83ecc0:   0000000000000000 0000000000000002
0x00007ffccb83ecd0:   00007ffccb83ef10 00007f04dd402520
0x00007ffccb83ece0:   0000000000000000 00007f04dd407000
0x00007ffccb83ecf0:   0000000000000000 0000000000000000
0x00007ffccb83ed00:   0000000000000000 00007ffccb83eef0
0x00007ffccb83ed10:   0000000100000001 00007f04dd406300
0x00007ffccb83ed20:   00007f04dd25b330 00007f04dd261246
0x00007ffccb83ed30:   00007f0400000043 00000000ffffffff
0x00007ffccb83ed40:   ffffffffffffff80 00000000000000ca
0x00007ffccb83ed50:   0000000000005df7 00007f04dc38d9d0
0x00007ffccb83ed60:   0000000000100000 00007f04dc38d700
0x00007ffccb83ed70:   00007ffccb83f4b8 00007f04dd281d70
0x00007ffccb83ed80:   0000000000000007 0000000000000000
0x00007ffccb83ed90:   0000000000000000 0000000000000002
0x00007ffccb83eda0:   0000000000000000 0000000000000000
0x00007ffccb83edb0:   00007f04dc38d700 0000000000000000
0x00007ffccb83edc0:   0000000000000246 0000000000005df7
0x00007ffccb83edd0:   00007f04dc38d9d0 0000000000100000
0x00007ffccb83ede0:   00007f04dc38d700 00007f04dc38d9d0
0x00007ffccb83edf0:   0000000000000000 00007ffccb83f4b8
0x00007ffccb83ee00:   00000000000000ca 0000000000005df7
0x00007ffccb83ee10:   00000000000000ca 00007f04dd20fa67
0x00007ffccb83ee20:   00007ffccb83f410 00007f04dd20fa65
0x00007ffccb83ee30:   0000000000000246 002b000000000033
0x00007ffccb83ee40:   0000000000000000 0000000000000000
0x00007ffccb83ee50:   0000000000000000 0000000000000000
0x00007ffccb83ee60:   00007ffccb83ef40 0000000000000000
0x00007ffccb83ee70:   ffffffffffffffff 0000000200000000
0x00007ffccb83ee80:   0000000000000000 000000000000000a
0x00007ffccb83ee90:   0000000000005deb 00007f0400000018
0x00007ffccb83eea0:   0000000000000005 0000000000000000 

Instructions: (pc=0x00007f04dcd9bae9)
0x00007f04dcd9bac9:   95 48 ff ff ff ff 15 74 db 40 00 44 8b 30 48 89
0x00007f04dcd9bad9:   c3 48 8d 05 67 23 42 00 8b 38 ff 15 a7 e1 40 00
0x00007f04dcd9bae9:   4c 8b a8 10 01 00 00 41 8b 85 a8 00 00 00 83 f8
0x00007f04dcd9baf9:   01 74 1c 44 89 33 48 81 c4 98 00 00 00 5b 41 5c 

Register to memory mapping:

RAX=0x0000000000000000 is an unknown value
RBX=0x00007f04dd204380 is an unknown value
RCX=0x00007f04dd20fa67: <offset 0xaa67> in /usr/lib/libpthread.so.0 at 0x00007f04dd205000
RDX=0x00007f04dd204400 is an unknown value
RSP=0x00007ffccb83ecb0 is an unknown value
RBP=0x00007ffccb83ed70 is an unknown value
RSI=0x00007ffccb83eeb0 is an unknown value
RDI=0x0000000000000001 is an unknown value
R8 =0x0000000000000000 is an unknown value
R9 =0x00007f04dc38d700 is pointing into the stack for thread: 0x00007f04d800d000
R10=0x0000000000000000 is an unknown value
R11=0x0000000000000246 is an unknown value
R12=0x00007ffccb83eeb0 is an unknown value
R13=0x00007f04dc38d9d0 is pointing into the stack for thread: 0x00007f04d800d000
R14=0x0000000000000000 is an unknown value
R15=0x00007f04dc38d700 is pointing into the stack for thread: 0x00007f04d800d000


Stack: [0x00007ffccb749000,0x00007ffccb849000],  sp=0x00007ffccb83ecb0,  free space=983k
Native frames: (J=compiled Java code, j=interpreted, Vv=VM code, C=native code)
V  [libjvm.so+0x8c7ae9]
C  [libc.so.6+0x3bd70]


---------------  P R O C E S S  ---------------

VM state:not at safepoint (normal execution)

VM Mutex/Monitor currently owned by a thread: None

heap address: 0x00000000c0000000, size: 1024 MB, Compressed Oops mode: 32-bit
Narrow klass base: 0x0000000000000000, Narrow klass shift: 3
Compressed class space size: 1073741824 Address: 0x0000000100000000

Heap:
 par new generation   total 314560K, used 253844K [0x00000000c0000000, 0x00000000d5550000, 0x00000000d5550000)
  eden space 279616K,  78% used [0x00000000c0000000, 0x00000000cd5c5020, 0x00000000d1110000)
  from space 34944K, 100% used [0x00000000d1110000, 0x00000000d3330000, 0x00000000d3330000)
  to   space 34944K,   0% used [0x00000000d3330000, 0x00000000d3330000, 0x00000000d5550000)
 concurrent mark-sweep generation total 699072K, used 110177K [0x00000000d5550000, 0x0000000100000000, 0x0000000100000000)
 Metaspace       used 89122K, capacity 105752K, committed 106012K, reserved 1136640K
  class space    used 13795K, capacity 18003K, committed 18112K, reserved 1048576K

Card table byte_map: [0x00007f04c8439000,0x00007f04c863a000] byte_map_base: 0x00007f04c7e39000

Marking Bits: (CMSBitMap*) 0x00007f04d8096098
 Bits: [0x00007f04aaffb000, 0x00007f04abaa5c00)

Mod Union Table: (CMSBitMap*) 0x00007f04d8096158
 Bits: [0x00007f04dc01d000, 0x00007f04dc047ab0)

Polling page: 0x00007f04dd47c000

CodeCache: size=245760Kb used=55378Kb max_used=55389Kb free=190381Kb
 bounds [0x00007f04c9000000, 0x00007f04cc640000, 0x00007f04d8000000]
 total_blobs=12036 nmethods=11264 adapters=685
 compilation: enabled

Compilation events (10 events):
Event: 287,847 Thread 0x00007f04d8137800 15240       3       org.jruby.RubyArray::delete_if (29 bytes)
Event: 287,856 Thread 0x00007f04d8137800 nmethod 15240 0x00007f04cc638f90 code [0x00007f04cc639160, 0x00007f04cc6398b8]
Event: 287,856 Thread 0x00007f04d8137800 15241       3       org.jruby.RubyArray::deleteIf (9 bytes)
Event: 287,856 Thread 0x00007f04d8137800 nmethod 15241 0x00007f04cc4f0490 code [0x00007f04cc4f0600, 0x00007f04cc4f0828]
Event: 290,025 Thread 0x00007f04d8137800 15242   !   3       org.jruby.internal.runtime.methods.SynchronizedDynamicMethod::call (33 bytes)
Event: 290,036 Thread 0x00007f04d8137800 nmethod 15242 0x00007f04ca4d6e50 code [0x00007f04ca4d6fc0, 0x00007f04ca4d7388]
Event: 290,036 Thread 0x00007f04d8137800 15243       3       org.jruby.RubyEnumerable$EachWithIndex::call (28 bytes)
Event: 290,037 Thread 0x00007f04d8137800 nmethod 15243 0x00007f04cc639b90 code [0x00007f04cc639d80, 0x00007f04cc63a6c8]
Event: 292,336 Thread 0x00007f04d8133800 15244   !   4       java.util.concurrent.locks.AbstractQueuedSynchronizer::acquireQueued (93 bytes)
Event: 292,354 Thread 0x00007f04d8133800 nmethod 15244 0x00007f04c9c90250 code [0x00007f04c9c903c0, 0x00007f04c9c905b8]

GC Heap History (10 events):
Event: 29,410 GC heap before
{Heap before GC invocations=4 (full 1):
 par new generation   total 314560K, used 314560K [0x00000000c0000000, 0x00000000d5550000, 0x00000000d5550000)
  eden space 279616K, 100% used [0x00000000c0000000, 0x00000000d1110000, 0x00000000d1110000)
  from space 34944K, 100% used [0x00000000d1110000, 0x00000000d3330000, 0x00000000d3330000)
  to   space 34944K,   0% used [0x00000000d3330000, 0x00000000d3330000, 0x00000000d5550000)
 concurrent mark-sweep generation total 699072K, used 37085K [0x00000000d5550000, 0x0000000100000000, 0x0000000100000000)
 Metaspace       used 58321K, capacity 67036K, committed 67220K, reserved 1103872K
  class space    used 9939K, capacity 12193K, committed 12312K, reserved 1048576K
Event: 29,543 GC heap after
Heap after GC invocations=5 (full 1):
 par new generation   total 314560K, used 34944K [0x00000000c0000000, 0x00000000d5550000, 0x00000000d5550000)
  eden space 279616K,   0% used [0x00000000c0000000, 0x00000000c0000000, 0x00000000d1110000)
  from space 34944K, 100% used [0x00000000d3330000, 0x00000000d5550000, 0x00000000d5550000)
  to   space 34944K,   0% used [0x00000000d1110000, 0x00000000d1110000, 0x00000000d3330000)
 concurrent mark-sweep generation total 699072K, used 51451K [0x00000000d5550000, 0x0000000100000000, 0x0000000100000000)
 Metaspace       used 58321K, capacity 67036K, committed 67220K, reserved 1103872K
  class space    used 9939K, capacity 12193K, committed 12312K, reserved 1048576K
}
Event: 38,365 GC heap before
{Heap before GC invocations=5 (full 1):
 par new generation   total 314560K, used 314560K [0x00000000c0000000, 0x00000000d5550000, 0x00000000d5550000)
  eden space 279616K, 100% used [0x00000000c0000000, 0x00000000d1110000, 0x00000000d1110000)
  from space 34944K, 100% used [0x00000000d3330000, 0x00000000d5550000, 0x00000000d5550000)
  to   space 34944K,   0% used [0x00000000d1110000, 0x00000000d1110000, 0x00000000d3330000)
 concurrent mark-sweep generation total 699072K, used 51451K [0x00000000d5550000, 0x0000000100000000, 0x0000000100000000)
 Metaspace       used 61936K, capacity 72010K, committed 72212K, reserved 1107968K
  class space    used 10547K, capacity 13123K, committed 13208K, reserved 1048576K
Event: 38,528 GC heap after
Heap after GC invocations=6 (full 1):
 par new generation   total 314560K, used 34944K [0x00000000c0000000, 0x00000000d5550000, 0x00000000d5550000)
  eden space 279616K,   0% used [0x00000000c0000000, 0x00000000c0000000, 0x00000000d1110000)
  from space 34944K, 100% used [0x00000000d1110000, 0x00000000d3330000, 0x00000000d3330000)
  to   space 34944K,   0% used [0x00000000d3330000, 0x00000000d3330000, 0x00000000d5550000)
 concurrent mark-sweep generation total 699072K, used 73658K [0x00000000d5550000, 0x0000000100000000, 0x0000000100000000)
 Metaspace       used 61936K, capacity 72010K, committed 72212K, reserved 1107968K
  class space    used 10547K, capacity 13123K, committed 13208K, reserved 1048576K
}
Event: 46,585 GC heap before
{Heap before GC invocations=6 (full 2):
 par new generation   total 314560K, used 314560K [0x00000000c0000000, 0x00000000d5550000, 0x00000000d5550000)
  eden space 279616K, 100% used [0x00000000c0000000, 0x00000000d1110000, 0x00000000d1110000)
  from space 34944K, 100% used [0x00000000d1110000, 0x00000000d3330000, 0x00000000d3330000)
  to   space 34944K,   0% used [0x00000000d3330000, 0x00000000d3330000, 0x00000000d5550000)
 concurrent mark-sweep generation total 699072K, used 63119K [0x00000000d5550000, 0x0000000100000000, 0x0000000100000000)
 Metaspace       used 73419K, capacity 86092K, committed 86344K, reserved 1120256K
  class space    used 12160K, capacity 15499K, committed 15552K, reserved 1048576K
Event: 46,823 GC heap after
Heap after GC invocations=7 (full 2):
 par new generation   total 314560K, used 34944K [0x00000000c0000000, 0x00000000d5550000, 0x00000000d5550000)
  eden space 279616K,   0% used [0x00000000c0000000, 0x00000000c0000000, 0x00000000d1110000)
  from space 34944K, 100% used [0x00000000d3330000, 0x00000000d5550000, 0x00000000d5550000)
  to   space 34944K,   0% used [0x00000000d1110000, 0x00000000d1110000, 0x00000000d3330000)
 concurrent mark-sweep generation total 699072K, used 85602K [0x00000000d5550000, 0x0000000100000000, 0x0000000100000000)
 Metaspace       used 73419K, capacity 86092K, committed 86344K, reserved 1120256K
  class space    used 12160K, capacity 15499K, committed 15552K, reserved 1048576K
}
Event: 51,573 GC heap before
{Heap before GC invocations=7 (full 2):
 par new generation   total 314560K, used 165380K [0x00000000c0000000, 0x00000000d5550000, 0x00000000d5550000)
  eden space 279616K,  46% used [0x00000000c0000000, 0x00000000c7f61378, 0x00000000d1110000)
  from space 34944K, 100% used [0x00000000d3330000, 0x00000000d5550000, 0x00000000d5550000)
  to   space 34944K,   0% used [0x00000000d1110000, 0x00000000d1110000, 0x00000000d3330000)
 concurrent mark-sweep generation total 699072K, used 85602K [0x00000000d5550000, 0x0000000100000000, 0x0000000100000000)
 Metaspace       used 74548K, capacity 88250K, committed 88476K, reserved 1122304K
  class space    used 12296K, capacity 15815K, committed 15936K, reserved 1048576K
Event: 52,391 GC heap after
Heap after GC invocations=8 (full 3):
 par new generation   total 314560K, used 0K [0x00000000c0000000, 0x00000000d5550000, 0x00000000d5550000)
  eden space 279616K,   0% used [0x00000000c0000000, 0x00000000c0000000, 0x00000000d1110000)
  from space 34944K,   0% used [0x00000000d3330000, 0x00000000d3330000, 0x00000000d5550000)
  to   space 34944K,   0% used [0x00000000d1110000, 0x00000000d1110000, 0x00000000d3330000)
 concurrent mark-sweep generation total 699072K, used 107973K [0x00000000d5550000, 0x0000000100000000, 0x0000000100000000)
 Metaspace       used 74491K, capacity 88146K, committed 88476K, reserved 1122304K
  class space    used 12287K, capacity 15792K, committed 15936K, reserved 1048576K
}
Event: 58,377 GC heap before
{Heap before GC invocations=8 (full 3):
 par new generation   total 314560K, used 279616K [0x00000000c0000000, 0x00000000d5550000, 0x00000000d5550000)
  eden space 279616K, 100% used [0x00000000c0000000, 0x00000000d1110000, 0x00000000d1110000)
  from space 34944K,   0% used [0x00000000d3330000, 0x00000000d3330000, 0x00000000d5550000)
  to   space 34944K,   0% used [0x00000000d1110000, 0x00000000d1110000, 0x00000000d3330000)
 concurrent mark-sweep generation total 699072K, used 107973K [0x00000000d5550000, 0x0000000100000000, 0x0000000100000000)
 Metaspace       used 86471K, capacity 101302K, committed 101404K, reserved 1134592K
  class space    used 13524K, capacity 17339K, committed 17344K, reserved 1048576K
Event: 58,413 GC heap after
Heap after GC invocations=9 (full 3):
 par new generation   total 314560K, used 34944K [0x00000000c0000000, 0x00000000d5550000, 0x00000000d5550000)
  eden space 279616K,   0% used [0x00000000c0000000, 0x00000000c0000000, 0x00000000d1110000)
  from space 34944K, 100% used [0x00000000d1110000, 0x00000000d3330000, 0x00000000d3330000)
  to   space 34944K,   0% used [0x00000000d3330000, 0x00000000d3330000, 0x00000000d5550000)
 concurrent mark-sweep generation total 699072K, used 110177K [0x00000000d5550000, 0x0000000100000000, 0x0000000100000000)
 Metaspace       used 86471K, capacity 101302K, committed 101404K, reserved 1134592K
  class space    used 13524K, capacity 17339K, committed 17344K, reserved 1048576K
}

Deoptimization events (10 events):
Event: 59,004 Thread 0x00007f043808a800 Uncommon trap: reason=class_check action=maybe_recompile pc=0x00007f04cb4d44f0 method=org.jruby.RubyModule.searchMethodEntryInner(Ljava/lang/String;)Lorg/jruby/runtime/callsite/CacheEntry; @ 44
Event: 59,315 Thread 0x00007f043808a800 Uncommon trap: reason=class_check action=maybe_recompile pc=0x00007f04cb4d44f0 method=org.jruby.RubyModule.searchMethodEntryInner(Ljava/lang/String;)Lorg/jruby/runtime/callsite/CacheEntry; @ 44
Event: 59,315 Thread 0x00007f043808a800 Uncommon trap: reason=class_check action=maybe_recompile pc=0x00007f04cadea258 method=org.jruby.RubyModule.searchMethodEntryInner(Ljava/lang/String;)Lorg/jruby/runtime/callsite/CacheEntry; @ 44
Event: 59,743 Thread 0x00007f045001f000 Uncommon trap: reason=unstable_if action=reinterpret pc=0x00007f04cb4e86f8 method=org.jruby.ir.representations.CFG.collapseStraightLineBBs()V @ 178
Event: 74,380 Thread 0x00007f0438018800 Uncommon trap: reason=unstable_if action=reinterpret pc=0x00007f04c9fe8c40 method=java.lang.invoke.MethodHandleImpl$CountingWrapper.countDown()Z @ 11
Event: 165,411 Thread 0x00007f0438094800 Uncommon trap: reason=range_check action=make_not_entrant pc=0x00007f04cb2b4624 method=org.jruby.ir.runtime.IRRuntimeHelpers.getPreArgSafe(Lorg/jruby/runtime/ThreadContext;[Lorg/jruby/runtime/builtin/IRubyObject;I)Lorg/jruby/runtime/builtin/IRubyObject; @
Event: 246,899 Thread 0x00007f04d8d4d000 Uncommon trap: reason=array_check action=maybe_recompile pc=0x00007f04cbf4059c method=java.util.concurrent.ConcurrentHashMap$CollectionView.toArray([Ljava/lang/Object;)[Ljava/lang/Object; @ 161
Event: 246,900 Thread 0x00007f04d8d4d000 Uncommon trap: reason=array_check action=maybe_recompile pc=0x00007f04cbf4059c method=java.util.concurrent.ConcurrentHashMap$CollectionView.toArray([Ljava/lang/Object;)[Ljava/lang/Object; @ 161
Event: 247,400 Thread 0x00007f04d8d4d000 Uncommon trap: reason=array_check action=maybe_recompile pc=0x00007f04cbf4059c method=java.util.concurrent.ConcurrentHashMap$CollectionView.toArray([Ljava/lang/Object;)[Ljava/lang/Object; @ 161
Event: 247,400 Thread 0x00007f04d8d4d000 Uncommon trap: reason=array_check action=maybe_recompile pc=0x00007f04cbf4059c method=java.util.concurrent.ConcurrentHashMap$CollectionView.toArray([Ljava/lang/Object;)[Ljava/lang/Object; @ 161

Classes redefined (0 events):
No events

Internal exceptions (10 events):
Event: 58,042 Thread 0x00007f0438094800 Exception <a 'java/lang/ArrayIndexOutOfBoundsException'> (0x00000000cf3d1920) thrown at [/build/java8-openjdk/src/jdk8u-jdk8u242-b08/hotspot/src/share/vm/runtime/sharedRuntime.cpp, line 605]
Event: 58,083 Thread 0x00007f0438094800 Exception <a 'java/lang/ArrayIndexOutOfBoundsException'> (0x00000000cf62f690) thrown at [/build/java8-openjdk/src/jdk8u-jdk8u242-b08/hotspot/src/share/vm/runtime/sharedRuntime.cpp, line 605]
Event: 58,108 Thread 0x00007f0438094800 Exception <a 'java/lang/ArrayIndexOutOfBoundsException'> (0x00000000cf8171d8) thrown at [/build/java8-openjdk/src/jdk8u-jdk8u242-b08/hotspot/src/share/vm/runtime/sharedRuntime.cpp, line 605]
Event: 58,125 Thread 0x00007f0438094800 Exception <a 'java/lang/ArrayIndexOutOfBoundsException'> (0x00000000cf9abc30) thrown at [/build/java8-openjdk/src/jdk8u-jdk8u242-b08/hotspot/src/share/vm/runtime/sharedRuntime.cpp, line 605]
Event: 58,141 Thread 0x00007f0438094800 Exception <a 'java/lang/ArrayIndexOutOfBoundsException'> (0x00000000cfb0f208) thrown at [/build/java8-openjdk/src/jdk8u-jdk8u242-b08/hotspot/src/share/vm/runtime/sharedRuntime.cpp, line 605]
Event: 58,154 Thread 0x00007f0438094800 Exception <a 'java/lang/ArrayIndexOutOfBoundsException'> (0x00000000cfc24b70) thrown at [/build/java8-openjdk/src/jdk8u-jdk8u242-b08/hotspot/src/share/vm/runtime/sharedRuntime.cpp, line 605]
Event: 58,175 Thread 0x00007f0438094800 Exception <a 'java/lang/ArrayIndexOutOfBoundsException'> (0x00000000cfd83508) thrown at [/build/java8-openjdk/src/jdk8u-jdk8u242-b08/hotspot/src/share/vm/runtime/sharedRuntime.cpp, line 605]
Event: 58,491 Thread 0x00007f045421d800 Implicit null exception at 0x00007f04c9fa2444 to 0x00007f04c9fa2719
Event: 58,550 Thread 0x00007f045421d800 Implicit null exception at 0x00007f04ca9028bf to 0x00007f04ca903211
Event: 58,683 Thread 0x00007f045421d800 Implicit null exception at 0x00007f04c9dec964 to 0x00007f04c9deca35

Events (10 events):
Event: 246,900 Thread 0x00007f04d8d4d000 DEOPT UNPACKING pc=0x00007f04c904547a sp=0x00007f0464cf5b90 mode 2
Event: 246,900 Thread 0x00007f04d8d4d000 Uncommon trap: trap_request=0xffffffd6 fr.pc=0x00007f04cbf4059c
Event: 246,900 Thread 0x00007f04d8d4d000 DEOPT PACKING pc=0x00007f04cbf4059c sp=0x00007f0464cf5be0
Event: 246,900 Thread 0x00007f04d8d4d000 DEOPT UNPACKING pc=0x00007f04c904547a sp=0x00007f0464cf5a90 mode 2
Event: 247,400 Thread 0x00007f04d8d4d000 Uncommon trap: trap_request=0xffffffd6 fr.pc=0x00007f04cbf4059c
Event: 247,400 Thread 0x00007f04d8d4d000 DEOPT PACKING pc=0x00007f04cbf4059c sp=0x00007f0464cf5ce0
Event: 247,400 Thread 0x00007f04d8d4d000 DEOPT UNPACKING pc=0x00007f04c904547a sp=0x00007f0464cf5b90 mode 2
Event: 247,400 Thread 0x00007f04d8d4d000 Uncommon trap: trap_request=0xffffffd6 fr.pc=0x00007f04cbf4059c
Event: 247,400 Thread 0x00007f04d8d4d000 DEOPT PACKING pc=0x00007f04cbf4059c sp=0x00007f0464cf5be0
Event: 247,400 Thread 0x00007f04d8d4d000 DEOPT UNPACKING pc=0x00007f04c904547a sp=0x00007f0464cf5a90 mode 2


Dynamic libraries:
c0000000-1011b0000 rw-p 00000000 00:00 0 
1011b0000-140000000 ---p 00000000 00:00 0 
5601da39c000-5601da39d000 r--p 00000000 103:04 662552                    /usr/lib/jvm/java-8-openjdk/jre/bin/java
5601da39d000-5601da39e000 r-xp 00001000 103:04 662552                    /usr/lib/jvm/java-8-openjdk/jre/bin/java
5601da39e000-5601da39f000 r--p 00002000 103:04 662552                    /usr/lib/jvm/java-8-openjdk/jre/bin/java
5601da39f000-5601da3a0000 r--p 00002000 103:04 662552                    /usr/lib/jvm/java-8-openjdk/jre/bin/java
5601da3a0000-5601da3a1000 rw-p 00003000 103:04 662552                    /usr/lib/jvm/java-8-openjdk/jre/bin/java
5601db6d6000-5601db758000 rw-p 00000000 00:00 0                          [heap]
7f0408000000-7f040803c000 rw-p 00000000 00:00 0 
7f040803c000-7f040c000000 ---p 00000000 00:00 0 
7f0410000000-7f0410021000 rw-p 00000000 00:00 0 
7f0410021000-7f0414000000 ---p 00000000 00:00 0 
7f0414000000-7f0414021000 rw-p 00000000 00:00 0 
7f0414021000-7f0418000000 ---p 00000000 00:00 0 
7f0418000000-7f0418108000 rw-p 00000000 00:00 0 
7f0418108000-7f041c000000 ---p 00000000 00:00 0 
7f041c000000-7f041c021000 rw-p 00000000 00:00 0 
7f041c021000-7f0420000000 ---p 00000000 00:00 0 
7f0420000000-7f0420387000 rw-p 00000000 00:00 0 
7f0420387000-7f0424000000 ---p 00000000 00:00 0 
7f0424000000-7f04241b5000 rw-p 00000000 00:00 0 
7f04241b5000-7f0428000000 ---p 00000000 00:00 0 
7f0428000000-7f0428021000 rw-p 00000000 00:00 0 
7f0428021000-7f042c000000 ---p 00000000 00:00 0 
7f042c000000-7f042c021000 rw-p 00000000 00:00 0 
7f042c021000-7f0430000000 ---p 00000000 00:00 0 
7f0430000000-7f0430021000 rw-p 00000000 00:00 0 
7f0430021000-7f0434000000 ---p 00000000 00:00 0 
7f0434000000-7f0434021000 rw-p 00000000 00:00 0 
7f0434021000-7f0438000000 ---p 00000000 00:00 0 
7f0438000000-7f04380f6000 rw-p 00000000 00:00 0 
7f04380f6000-7f043c000000 ---p 00000000 00:00 0 
7f043e7f4000-7f043e7f7000 ---p 00000000 00:00 0 
7f043e7f7000-7f043e8f5000 rw-p 00000000 00:00 0 
7f043e8f5000-7f043e8f8000 ---p 00000000 00:00 0 
7f043e8f8000-7f043e9f6000 rw-p 00000000 00:00 0 
7f043e9f6000-7f043e9f9000 ---p 00000000 00:00 0 
7f043e9f9000-7f043eaf7000 rw-p 00000000 00:00 0 
7f043eaf7000-7f043eafa000 ---p 00000000 00:00 0 
7f043eafa000-7f043edf8000 rw-p 00000000 00:00 0 
7f043edf8000-7f043edfb000 ---p 00000000 00:00 0 
7f043edfb000-7f043eef9000 rw-p 00000000 00:00 0 
7f043eef9000-7f043eefc000 ---p 00000000 00:00 0 
7f043eefc000-7f043f1fa000 rw-p 00000000 00:00 0 
7f043f1fa000-7f043f3fa000 rw-p 00000000 00:00 0 
7f043f3fa000-7f043f5fa000 rw-p 00000000 00:00 0 
7f043f5fa000-7f043f7fa000 rw-p 00000000 00:00 0 
7f043f7fa000-7f043f9fa000 rw-p 00000000 00:00 0 
7f043f9fa000-7f043f9fd000 ---p 00000000 00:00 0 
7f043f9fd000-7f043fafb000 rw-p 00000000 00:00 0 
7f043fafb000-7f043fafe000 ---p 00000000 00:00 0 
7f043fafe000-7f043fbfc000 rw-p 00000000 00:00 0 
7f043fbfc000-7f043fbff000 ---p 00000000 00:00 0 
7f043fbff000-7f043fcfd000 rw-p 00000000 00:00 0 
7f043fcfd000-7f043fd00000 ---p 00000000 00:00 0 
7f043fd00000-7f043fdfe000 rw-p 00000000 00:00 0 
7f043fdfe000-7f043fe01000 ---p 00000000 00:00 0 
7f043fe01000-7f043feff000 rw-p 00000000 00:00 0 
7f043feff000-7f043ff02000 ---p 00000000 00:00 0 
7f043ff02000-7f0440000000 rw-p 00000000 00:00 0 
7f0440000000-7f0440033000 rw-p 00000000 00:00 0 
7f0440033000-7f0444000000 ---p 00000000 00:00 0 
7f0444000000-7f0444022000 rw-p 00000000 00:00 0 
7f0444022000-7f0448000000 ---p 00000000 00:00 0 
7f0448000000-7f0448028000 rw-p 00000000 00:00 0 
7f0448028000-7f044c000000 ---p 00000000 00:00 0 
7f044c000000-7f044c021000 rw-p 00000000 00:00 0 
7f044c021000-7f0450000000 ---p 00000000 00:00 0 
7f0450000000-7f04500d4000 rw-p 00000000 00:00 0 
7f04500d4000-7f0454000000 ---p 00000000 00:00 0 
7f0454000000-7f0454280000 rw-p 00000000 00:00 0 
7f0454280000-7f0458000000 ---p 00000000 00:00 0 
7f0458000000-7f0458021000 rw-p 00000000 00:00 0 
7f0458021000-7f045c000000 ---p 00000000 00:00 0 
7f045c000000-7f045c025000 rw-p 00000000 00:00 0 
7f045c025000-7f0460000000 ---p 00000000 00:00 0 
7f0460000000-7f0460021000 rw-p 00000000 00:00 0 
7f0460021000-7f0464000000 ---p 00000000 00:00 0 
7f04640f3000-7f04642f3000 rw-p 00000000 00:00 0 
7f04642f3000-7f04642f6000 ---p 00000000 00:00 0 
7f04642f6000-7f04643f4000 rw-p 00000000 00:00 0 
7f04643f4000-7f04643f7000 ---p 00000000 00:00 0 
7f04643f7000-7f04644f5000 rw-p 00000000 00:00 0 
7f04644f5000-7f04644f8000 ---p 00000000 00:00 0 
7f04644f8000-7f04647f6000 rw-p 00000000 00:00 0 
7f04647f6000-7f04647f9000 ---p 00000000 00:00 0 
7f04647f9000-7f0464af7000 rw-p 00000000 00:00 0 
7f0464af7000-7f0464afa000 ---p 00000000 00:00 0 
7f0464afa000-7f0464bf8000 rw-p 00000000 00:00 0 
7f0464bf8000-7f0464bfb000 ---p 00000000 00:00 0 
7f0464bfb000-7f0464cf9000 rw-p 00000000 00:00 0 
7f0464cf9000-7f0464cfc000 ---p 00000000 00:00 0 
7f0464cfc000-7f0464ffa000 rw-p 00000000 00:00 0 
7f0464ffa000-7f0464ffd000 ---p 00000000 00:00 0 
7f0464ffd000-7f04652fb000 rw-p 00000000 00:00 0 
7f04652fb000-7f04654fa000 rw-p 00000000 00:00 0 
7f04654fa000-7f04654fb000 ---p 00000000 00:00 0 
7f04654fb000-7f04656f4000 rw-p 00000000 00:00 0 
7f04656f4000-7f04656fb000 ---p 00000000 00:00 0 
7f04656fb000-7f04658fb000 rw-p 00000000 00:00 0 
7f04658fb000-7f0465afb000 rw-p 00000000 00:00 0 
7f0465afb000-7f0465cfb000 rw-p 00000000 00:00 0 
7f0465cfb000-7f0465efb000 rw-p 00000000 00:00 0 
7f0465efb000-7f0465f5a000 r--s 003fa000 103:04 672864                    /home/trofis/Documents/Worldline/autoPairing/logstash/vendor/bundle/jruby/2.5.0/gems/jruby-openssl-0.10.4-java/lib/org/bouncycastle/bcprov-jdk15on/1.62/bcprov-jdk15on-1.62.jar
7f0465f5d000-7f046615d000 rw-p 00000000 00:00 0 
7f046615d000-7f046635d000 rw-p 00000000 00:00 0 
7f046635d000-7f0466360000 r--p 00000000 103:04 2363725                   /usr/lib/libgcc_s.so.1
7f0466360000-7f0466371000 r-xp 00003000 103:04 2363725                   /usr/lib/libgcc_s.so.1
7f0466371000-7f0466375000 r--p 00014000 103:04 2363725                   /usr/lib/libgcc_s.so.1
7f0466375000-7f0466376000 r--p 00017000 103:04 2363725                   /usr/lib/libgcc_s.so.1
7f0466376000-7f0466377000 rw-p 00018000 103:04 2363725                   /usr/lib/libgcc_s.so.1
7f0466381000-7f0466383000 rw-p 00000000 00:00 0 
7f0466383000-7f0466384000 r--s 00002000 103:04 670927                    /home/trofis/Documents/Worldline/autoPairing/logstash/vendor/bundle/jruby/2.5.0/gems/logstash-input-file-4.1.16/lib/jars/filewatch-1.0.1.jar
7f0466384000-7f0466391000 r--s 00088000 103:04 670451                    /home/trofis/Documents/Worldline/autoPairing/logstash/vendor/bundle/jruby/2.5.0/gems/march_hare-4.1.1-java/lib/ext/rabbitmq-client.jar
7f0466391000-7f0466396000 r--s 0003d000 103:04 662625                    /usr/lib/jvm/java-8-openjdk/jre/lib/ext/sunjce_provider.jar
7f0466396000-7f046639d000 r--s 00049000 103:04 538954                    /home/trofis/Documents/Worldline/autoPairing/logstash/vendor/bundle/jruby/2.5.0/gems/manticore-0.6.4-java/lib/org/apache/httpcomponents/httpcore/4.4.4/httpcore-4.4.4.jar
7f046639d000-7f04663aa000 r--s 000a7000 103:04 538957                    /home/trofis/Documents/Worldline/autoPairing/logstash/vendor/bundle/jruby/2.5.0/gems/manticore-0.6.4-java/lib/org/apache/httpcomponents/httpclient/4.5.2/httpclient-4.5.2.jar
7f04663aa000-7f04663b4000 r--p 00000000 103:04 662606                    /usr/lib/jvm/java-8-openjdk/jre/lib/amd64/libsunec.so
7f04663b4000-7f04663d9000 r-xp 0000a000 103:04 662606                    /usr/lib/jvm/java-8-openjdk/jre/lib/amd64/libsunec.so
7f04663d9000-7f04663e6000 r--p 0002f000 103:04 662606                    /usr/lib/jvm/java-8-openjdk/jre/lib/amd64/libsunec.so
7f04663e6000-7f04663eb000 r--p 0003b000 103:04 662606                    /usr/lib/jvm/java-8-openjdk/jre/lib/amd64/libsunec.so
7f04663eb000-7f04663ec000 rw-p 00040000 103:04 662606                    /usr/lib/jvm/java-8-openjdk/jre/lib/amd64/libsunec.so
7f04663ec000-7f04665ec000 rw-p 00000000 00:00 0 
7f04665ec000-7f04667ec000 rw-p 00000000 00:00 0 
7f04667ec000-7f04669ec000 rw-p 00000000 00:00 0 
7f04669ec000-7f0466bec000 rw-p 00000000 00:00 0 
7f0466bec000-7f0466dec000 rw-p 00000000 00:00 0 
7f0466dec000-7f0466fec000 rw-p 00000000 00:00 0 
7f0466fec000-7f04671ec000 rw-p 00000000 00:00 0 
7f04671ec000-7f04673ec000 rw-p 00000000 00:00 0 
7f04673ec000-7f04675e4000 rw-p 00000000 00:00 0 
7f04675e4000-7f04675ec000 ---p 00000000 00:00 0 
7f04675ec000-7f04677de000 rw-p 00000000 00:00 0 
7f04677de000-7f04677ec000 ---p 00000000 00:00 0 
7f04677ec000-7f04679e5000 rw-p 00000000 00:00 0 
7f04679e5000-7f04679ec000 ---p 00000000 00:00 0 
7f04679ec000-7f0467bec000 rw-p 00000000 00:00 0 
7f0467bec000-7f0467bed000 r--s 00003000 103:04 670452                    /home/trofis/Documents/Worldline/autoPairing/logstash/vendor/bundle/jruby/2.5.0/gems/march_hare-4.1.1-java/lib/ext/slf4j-simple.jar
7f0467bed000-7f0467bef000 r--s 00009000 103:04 670450                    /home/trofis/Documents/Worldline/autoPairing/logstash/vendor/bundle/jruby/2.5.0/gems/march_hare-4.1.1-java/lib/ext/slf4j-api.jar
7f0467bef000-7f0467bf1000 r--s 00000000 103:04 440125                    /home/trofis/Documents/Worldline/autoPairing/logstash/vendor/bundle/jruby/2.5.0/gems/manticore-0.6.4-java/lib/org/manticore/manticore-ext.jar
7f0467bf1000-7f0467bf8000 r--s 0003f000 103:04 440118                    /home/trofis/Documents/Worldline/autoPairing/logstash/vendor/bundle/jruby/2.5.0/gems/manticore-0.6.4-java/lib/commons-codec/commons-codec/1.10/commons-codec-1.10.jar
7f0467bf8000-7f0467bfa000 r--s 00009000 103:04 538960                    /home/trofis/Documents/Worldline/autoPairing/logstash/vendor/bundle/jruby/2.5.0/gems/manticore-0.6.4-java/lib/org/apache/httpcomponents/httpmime/4.5.2/httpmime-4.5.2.jar
7f0467bfa000-7f0467bfc000 r--s 0000e000 103:04 440122                    /home/trofis/Documents/Worldline/autoPairing/logstash/vendor/bundle/jruby/2.5.0/gems/manticore-0.6.4-java/lib/commons-logging/commons-logging/1.2/commons-logging-1.2.jar
7f0467bfc000-7f0467bfe000 r--s 00004000 103:04 807907                    /home/trofis/Documents/Worldline/autoPairing/logstash/vendor/bundle/jruby/2.5.0/gems/puma-4.3.1-java/lib/puma/puma_http11.jar
7f0467bfe000-7f0467c00000 r--s 00002000 103:04 810358                    /home/trofis/Documents/Worldline/autoPairing/logstash/vendor/bundle/jruby/2.5.0/gems/nio4r-2.5.2-java/lib/nio4r_ext.jar
7f0467c00000-7f0467dfc000 rw-p 00000000 00:00 0 
7f0467dfc000-7f0467e00000 ---p 00000000 00:00 0 
7f0467e00000-7f0468000000 rw-p 00000000 00:00 0 
7f0468000000-7f0468021000 rw-p 00000000 00:00 0 
7f0468021000-7f046c000000 ---p 00000000 00:00 0 
7f046c000000-7f046c021000 rw-p 00000000 00:00 0 
7f046c021000-7f0470000000 ---p 00000000 00:00 0 
7f0470000000-7f04732cc000 rw-p 00000000 00:00 0 
7f04732cc000-7f0474000000 ---p 00000000 00:00 0 
7f0474000000-7f04770d3000 rw-p 00000000 00:00 0 
7f04770d3000-7f0478000000 ---p 00000000 00:00 0 
7f0478000000-7f0479ed3000 rw-p 00000000 00:00 0 
7f0479ed3000-7f047c000000 ---p 00000000 00:00 0 
7f047c000000-7f047fc3a000 rw-p 00000000 00:00 0 
7f047fc3a000-7f0480000000 ---p 00000000 00:00 0 
7f0480000000-7f0480021000 rw-p 00000000 00:00 0 
7f0480021000-7f0484000000 ---p 00000000 00:00 0 
7f0484000000-7f0484021000 rw-p 00000000 00:00 0 
7f0484021000-7f0488000000 ---p 00000000 00:00 0 
7f0488000000-7f0488021000 rw-p 00000000 00:00 0 
7f0488021000-7f048c000000 ---p 00000000 00:00 0 
7f048c000000-7f048c021000 rw-p 00000000 00:00 0 
7f048c021000-7f0490000000 ---p 00000000 00:00 0 
7f0490000000-7f04901f3000 rw-p 00000000 00:00 0 
7f04901f3000-7f0494000000 ---p 00000000 00:00 0 
7f0494000000-7f0494002000 r--s 0000d000 103:04 809293                    /home/trofis/Documents/Worldline/autoPairing/logstash/vendor/bundle/jruby/2.5.0/gems/jrjackson-0.4.11-java/lib/jrjackson/jars/jrjackson-1.2.29.jar
7f0494002000-7f0494006000 r--s 0004c000 103:04 1842309                   /home/trofis/Documents/Worldline/autoPairing/logstash/vendor/bundle/jruby/2.5.0/gems/logstash-input-beats-6.0.8-java/vendor/jar-dependencies/com/fasterxml/jackson/core/jackson-core/2.9.10/jackson-core-2.9.10.jar
7f0494006000-7f0494019000 r--s 00137000 103:04 1842306                   /home/trofis/Documents/Worldline/autoPairing/logstash/vendor/bundle/jruby/2.5.0/gems/logstash-input-beats-6.0.8-java/vendor/jar-dependencies/com/fasterxml/jackson/core/jackson-databind/2.9.10.1/jackson-databind-2.9.10.1.jar
7f0494019000-7f0494030000 r--s 00104000 103:04 672838                    /home/trofis/Documents/Worldline/autoPairing/logstash/vendor/bundle/jruby/2.5.0/gems/jruby-openssl-0.10.4-java/lib/jopenssl.jar
7f0494030000-7f0494047000 r--s 000ff000 103:04 672870                    /home/trofis/Documents/Worldline/autoPairing/logstash/vendor/bundle/jruby/2.5.0/gems/jruby-openssl-0.10.4-java/lib/org/bouncycastle/bctls-jdk15on/1.62/bctls-jdk15on-1.62.jar
7f0494047000-7f049405b000 r--s 000c1000 103:04 672867                    /home/trofis/Documents/Worldline/autoPairing/logstash/vendor/bundle/jruby/2.5.0/gems/jruby-openssl-0.10.4-java/lib/org/bouncycastle/bcpkix-jdk15on/1.62/bcpkix-jdk15on-1.62.jar
7f049405b000-7f049405e000 ---p 00000000 00:00 0 
7f049405e000-7f049435c000 rw-p 00000000 00:00 0 
7f049435c000-7f049455c000 rw-p 00000000 00:00 0 
7f049455c000-7f049455d000 r--p 00000000 103:04 2368466                   /usr/lib/libcrypt-2.31.so
7f049455d000-7f0494563000 r-xp 00001000 103:04 2368466                   /usr/lib/libcrypt-2.31.so
7f0494563000-7f0494565000 r--p 00007000 103:04 2368466                   /usr/lib/libcrypt-2.31.so
7f0494565000-7f0494566000 ---p 00009000 103:04 2368466                   /usr/lib/libcrypt-2.31.so
7f0494566000-7f0494567000 r--p 00009000 103:04 2368466                   /usr/lib/libcrypt-2.31.so
7f0494567000-7f0494568000 rw-p 0000a000 103:04 2368466                   /usr/lib/libcrypt-2.31.so
7f0494568000-7f0494596000 rw-p 00000000 00:00 0 
7f0494596000-7f0494599000 r--s 00022000 103:04 1842316                   /home/trofis/Documents/Worldline/autoPairing/logstash/vendor/bundle/jruby/2.5.0/gems/logstash-input-beats-6.0.8-java/vendor/jar-dependencies/com/fasterxml/jackson/module/jackson-module-afterburner/2.9.10/jackson-module-afterburner-2.9.10.jar
7f0494599000-7f049459c000 r--s 0000e000 103:04 1842312                   /home/trofis/Documents/Worldline/autoPairing/logstash/vendor/bundle/jruby/2.5.0/gems/logstash-input-beats-6.0.8-java/vendor/jar-dependencies/com/fasterxml/jackson/core/jackson-annotations/2.9.10/jackson-annotations-2.9.10.jar
7f049459c000-7f04945a0000 r--s 0001a000 103:04 1976672                   /home/trofis/Documents/Worldline/autoPairing/logstash/vendor/bundle/jruby/2.5.0/gems/thread_safe-0.3.6-java/lib/thread_safe/jruby_cache_backend.jar
7f04945a0000-7f04945a1000 r--s 00008000 103:04 809868                    /home/trofis/Documents/Worldline/autoPairing/logstash/vendor/bundle/jruby/2.5.0/gems/json-1.8.6-java/lib/json/ext/generator.jar
7f04945a1000-7f04945a3000 r--s 00006000 103:04 809867                    /home/trofis/Documents/Worldline/autoPairing/logstash/vendor/bundle/jruby/2.5.0/gems/json-1.8.6-java/lib/json/ext/parser.jar
7f04945a3000-7f04945a4000 r--s 0000d000 103:04 662624                    /usr/lib/jvm/java-8-openjdk/jre/lib/ext/sunec.jar
7f04945a4000-7f04945a8000 r--s 0003a000 103:04 662626                    /usr/lib/jvm/java-8-openjdk/jre/lib/ext/sunpkcs11.jar
7f04945a8000-7f04945ac000 r--s 0001e000 103:04 539071                    /home/trofis/Documents/Worldline/autoPairing/logstash/vendor/bundle/jruby/2.5.0/gems/concurrent-ruby-1.1.6/lib/concurrent-ruby/concurrent/concurrent_ruby.jar
7f04945ac000-7f04945b3000 r--s 00043000 00:2e 292                        /tmp/jruby-24043/jruby4294009265525676843snakeyaml-1.23.jar
7f04945b3000-7f04945b4000 r--s 00004000 00:2e 291                        /tmp/jruby-24043/jruby6502001422411459623psych.jar
7f04945b4000-7f04945b6000 r--s 00016000 103:04 662567                    /usr/lib/jvm/java-8-openjdk/jre/lib/jce.jar
7f04945b6000-7f04945c9000 r--s 00346000 103:04 662573                    /usr/lib/jvm/java-8-openjdk/jre/lib/resources.jar
7f04945c9000-7f04947c9000 rw-p 00000000 00:00 0 
7f04947c9000-7f04947db000 r-xp 00000000 00:2e 282                        /tmp/jffi4121720211018415925.so (deleted)
7f04947db000-7f04949da000 ---p 00012000 00:2e 282                        /tmp/jffi4121720211018415925.so (deleted)
7f04949da000-7f04949db000 rw-p 00011000 00:2e 282                        /tmp/jffi4121720211018415925.so (deleted)
7f04949db000-7f0494bdb000 rw-p 00000000 00:00 0 
7f0494bdb000-7f0494ddb000 rw-p 00000000 00:00 0 
7f0494ddb000-7f0494ddc000 r--p 00000000 103:04 662587                    /usr/lib/jvm/java-8-openjdk/jre/lib/amd64/libjaas_unix.so
7f0494ddc000-7f0494ddd000 r-xp 00001000 103:04 662587                    /usr/lib/jvm/java-8-openjdk/jre/lib/amd64/libjaas_unix.so
7f0494ddd000-7f0494dde000 r--p 00002000 103:04 662587                    /usr/lib/jvm/java-8-openjdk/jre/lib/amd64/libjaas_unix.so
7f0494dde000-7f0494ddf000 r--p 00002000 103:04 662587                    /usr/lib/jvm/java-8-openjdk/jre/lib/amd64/libjaas_unix.so
7f0494ddf000-7f0494de0000 rw-p 00003000 103:04 662587                    /usr/lib/jvm/java-8-openjdk/jre/lib/amd64/libjaas_unix.so
7f0494de0000-7f0494fe0000 rw-p 00000000 00:00 0 
7f0494fe0000-7f0494ffb000 r--s 001d6000 103:04 662623                    /usr/lib/jvm/java-8-openjdk/jre/lib/ext/nashorn.jar
7f0494ffb000-7f0495000000 r--s 000a3000 103:04 662569                    /usr/lib/jvm/java-8-openjdk/jre/lib/jsse.jar
7f0495000000-7f0495004000 r--p 00000000 103:04 662598                    /usr/lib/jvm/java-8-openjdk/jre/lib/amd64/libmanagement.so
7f0495004000-7f0495007000 r-xp 00004000 103:04 662598                    /usr/lib/jvm/java-8-openjdk/jre/lib/amd64/libmanagement.so
7f0495007000-7f0495009000 r--p 00007000 103:04 662598                    /usr/lib/jvm/java-8-openjdk/jre/lib/amd64/libmanagement.so
7f0495009000-7f049500a000 r--p 00008000 103:04 662598                    /usr/lib/jvm/java-8-openjdk/jre/lib/amd64/libmanagement.so
7f049500a000-7f049500b000 rw-p 00009000 103:04 662598                    /usr/lib/jvm/java-8-openjdk/jre/lib/amd64/libmanagement.so
7f049500b000-7f049500d000 r--s 00009000 103:04 1582098                   /home/trofis/Documents/Worldline/autoPairing/logstash/logstash-core/lib/jars/slf4j-api-1.7.25.jar
7f049500d000-7f0495010000 r--s 0001e000 103:04 1582092                   /home/trofis/Documents/Worldline/autoPairing/logstash/logstash-core/lib/jars/reflections-0.9.11.jar
7f0495010000-7f0495015000 r--s 00038000 103:04 1582125                   /home/trofis/Documents/Worldline/autoPairing/logstash/logstash-core/lib/jars/org.eclipse.text-3.5.101.jar
7f0495015000-7f0495028000 r--s 0013a000 103:04 1582123                   /home/trofis/Documents/Worldline/autoPairing/logstash/logstash-core/lib/jars/org.eclipse.osgi-3.7.1.jar
7f0495028000-7f0495055000 r--s 00522000 103:04 1582110                   /home/trofis/Documents/Worldline/autoPairing/logstash/logstash-core/lib/jars/org.eclipse.jdt.core-3.10.0.jar
7f0495055000-7f0495059000 r--s 00029000 103:04 1582120                   /home/trofis/Documents/Worldline/autoPairing/logstash/logstash-core/lib/jars/org.eclipse.equinox.registry-3.5.101.jar
7f0495059000-7f049505c000 r--s 00019000 103:04 1582093                   /home/trofis/Documents/Worldline/autoPairing/logstash/logstash-core/lib/jars/org.eclipse.equinox.preferences-3.4.1.jar
7f049505c000-7f049505e000 r--s 00018000 103:04 1582122                   /home/trofis/Documents/Worldline/autoPairing/logstash/logstash-core/lib/jars/org.eclipse.equinox.common-3.6.0.jar
7f049505e000-7f0495060000 r--s 00013000 103:04 1582108                   /home/trofis/Documents/Worldline/autoPairing/logstash/logstash-core/lib/jars/org.eclipse.equinox.app-1.3.100.jar
7f0495060000-7f0495062000 r--s 00010000 103:04 1582099                   /home/trofis/Documents/Worldline/autoPairing/logstash/logstash-core/lib/jars/org.eclipse.core.runtime-3.7.0.jar
7f0495062000-7f049506d000 r--s 000bb000 103:04 1582106                   /home/trofis/Documents/Worldline/autoPairing/logstash/logstash-core/lib/jars/org.eclipse.core.resources-3.7.100.jar
7f049506d000-7f0495070000 r--s 00014000 103:04 1582121                   /home/trofis/Documents/Worldline/autoPairing/logstash/logstash-core/lib/jars/org.eclipse.core.jobs-3.5.100.jar
7f0495070000-7f0495072000 r--s 0000b000 103:04 1582096                   /home/trofis/Documents/Worldline/autoPairing/logstash/logstash-core/lib/jars/org.eclipse.core.filesystem-1.3.100.jar
7f0495072000-7f0495075000 r--s 00013000 103:04 1582103                   /home/trofis/Documents/Worldline/autoPairing/logstash/logstash-core/lib/jars/org.eclipse.core.expressions-3.4.300.jar
7f0495075000-7f0495078000 r--s 00014000 103:04 1582115                   /home/trofis/Documents/Worldline/autoPairing/logstash/logstash-core/lib/jars/org.eclipse.core.contenttype-3.4.100.jar
7f0495078000-7f049507c000 r--s 00017000 103:04 1582102                   /home/trofis/Documents/Worldline/autoPairing/logstash/logstash-core/lib/jars/org.eclipse.core.commands-3.6.0.jar
7f049507c000-7f049687d000 rw-p 00000000 00:00 0 
7f049687d000-7f0496882000 r--p 00000000 103:04 662600                    /usr/lib/jvm/java-8-openjdk/jre/lib/amd64/libnet.so
7f0496882000-7f0496891000 r-xp 00005000 103:04 662600                    /usr/lib/jvm/java-8-openjdk/jre/lib/amd64/libnet.so
7f0496891000-7f0496895000 r--p 00014000 103:04 662600                    /usr/lib/jvm/java-8-openjdk/jre/lib/amd64/libnet.so
7f0496895000-7f0496896000 r--p 00017000 103:04 662600                    /usr/lib/jvm/java-8-openjdk/jre/lib/amd64/libnet.so
7f0496896000-7f0496897000 rw-p 00018000 103:04 662600                    /usr/lib/jvm/java-8-openjdk/jre/lib/amd64/libnet.so
7f0496897000-7f049689e000 r--p 00000000 103:04 662601                    /usr/lib/jvm/java-8-openjdk/jre/lib/amd64/libnio.so
7f049689e000-7f04968a6000 r-xp 00007000 103:04 662601                    /usr/lib/jvm/java-8-openjdk/jre/lib/amd64/libnio.so
7f04968a6000-7f04968a9000 r--p 0000f000 103:04 662601                    /usr/lib/jvm/java-8-openjdk/jre/lib/amd64/libnio.so
7f04968a9000-7f04968aa000 ---p 00012000 103:04 662601                    /usr/lib/jvm/java-8-openjdk/jre/lib/amd64/libnio.so
7f04968aa000-7f04968ab000 r--p 00012000 103:04 662601                    /usr/lib/jvm/java-8-openjdk/jre/lib/amd64/libnio.so
7f04968ab000-7f04968ac000 rw-p 00013000 103:04 662601                    /usr/lib/jvm/java-8-openjdk/jre/lib/amd64/libnio.so
7f04968ac000-7f04968b8000 r--s 00088000 103:04 1582107                   /home/trofis/Documents/Worldline/autoPairing/logstash/logstash-core/lib/jars/logstash-core.jar
7f04968b8000-7f04968d9000 r--s 00178000 103:04 1582091                   /home/trofis/Documents/Worldline/autoPairing/logstash/logstash-core/lib/jars/log4j-core-2.12.1.jar
7f04968d9000-7f04968df000 r--s 0003e000 103:04 1582100                   /home/trofis/Documents/Worldline/autoPairing/logstash/logstash-core/lib/jars/log4j-api-2.12.1.jar
7f04968df000-7f0496a0e000 r--s 017af000 103:04 1582114                   /home/trofis/Documents/Worldline/autoPairing/logstash/logstash-core/lib/jars/jruby-complete-9.2.9.0.jar
7f0496a0e000-7f0496a0f000 ---p 00000000 00:00 0 
7f0496a0f000-7f0496b0f000 rw-p 00000000 00:00 0 
7f0496b0f000-7f0496b12000 ---p 00000000 00:00 0 
7f0496b12000-7f0496c10000 rw-p 00000000 00:00 0 
7f0496c10000-7f0496c11000 ---p 00000000 00:00 0 
7f0496c11000-7f0496c14000 ---p 00000000 00:00 0 
7f0496c14000-7f0496d11000 rw-p 00000000 00:00 0 
7f0496d11000-7f0496d12000 ---p 00000000 00:00 0 
7f0496d12000-7f0496d15000 ---p 00000000 00:00 0 
7f0496d15000-7f0496e12000 rw-p 00000000 00:00 0 
7f0496e12000-7f0496e13000 ---p 00000000 00:00 0 
7f0496e13000-7f0496e16000 ---p 00000000 00:00 0 
7f0496e16000-7f0496f13000 rw-p 00000000 00:00 0 
7f0496f13000-7f0496f14000 ---p 00000000 00:00 0 
7f0496f14000-7f0496f17000 ---p 00000000 00:00 0 
7f0496f17000-7f0497014000 rw-p 00000000 00:00 0 
7f0497014000-7f0497017000 ---p 00000000 00:00 0 
7f0497017000-7f0497115000 rw-p 00000000 00:00 0 
7f0497115000-7f0497118000 ---p 00000000 00:00 0 
7f0497118000-7f0497216000 rw-p 00000000 00:00 0 
7f0497216000-7f04974fd000 r--p 00000000 103:04 2374792                   /usr/lib/locale/locale-archive
7f04974fd000-7f0497500000 ---p 00000000 00:00 0 
7f0497500000-7f04975fe000 rw-p 00000000 00:00 0 
7f04975fe000-7f0497601000 ---p 00000000 00:00 0 
7f0497601000-7f04976ff000 rw-p 00000000 00:00 0 
7f04976ff000-7f0497700000 ---p 00000000 00:00 0 
7f0497700000-7f0498000000 rw-p 00000000 00:00 0 
7f0498000000-7f0498021000 rw-p 00000000 00:00 0 
7f0498021000-7f049c000000 ---p 00000000 00:00 0 
7f049c000000-7f049c021000 rw-p 00000000 00:00 0 
7f049c021000-7f04a0000000 ---p 00000000 00:00 0 
7f04a0000000-7f04a0021000 rw-p 00000000 00:00 0 
7f04a0021000-7f04a4000000 ---p 00000000 00:00 0 
7f04a4000000-7f04a402a000 rw-p 00000000 00:00 0 
7f04a402a000-7f04a8000000 ---p 00000000 00:00 0 
7f04a8000000-7f04a8003000 r--s 00006000 103:04 1582094                   /home/trofis/Documents/Worldline/autoPairing/logstash/logstash-core/lib/jars/jsr305-1.3.9.jar
7f04a8003000-7f04a8037000 rw-p 00000000 00:00 0 
7f04a8037000-7f04a8042000 r--s 000b5000 103:04 1582124                   /home/trofis/Documents/Worldline/autoPairing/logstash/logstash-core/lib/jars/javassist-3.26.0-GA.jar
7f04a8042000-7f04a8055000 r--s 00137000 103:04 1582117                   /home/trofis/Documents/Worldline/autoPairing/logstash/logstash-core/lib/jars/jackson-databind-2.9.10.1.jar
7f04a8055000-7f04a8085000 r--s 00245000 103:04 1582097                   /home/trofis/Documents/Worldline/autoPairing/logstash/logstash-core/lib/jars/guava-22.0.jar
7f04a8085000-7f04a80d3000 rw-p 00000000 00:00 0 
7f04a80d3000-7f04a82a3000 r--s 03c68000 103:04 662574                    /usr/lib/jvm/java-8-openjdk/jre/lib/rt.jar
7f04a82a3000-7f04a84f0000 rw-p 00000000 00:00 0 
7f04a84f0000-7f04a84f1000 ---p 00000000 00:00 0 
7f04a84f1000-7f04a8df9000 rw-p 00000000 00:00 0 
7f04a8df9000-7f04a8dfa000 ---p 00000000 00:00 0 
7f04a8dfa000-7f04a8efa000 rw-p 00000000 00:00 0 
7f04a8efa000-7f04a8efb000 ---p 00000000 00:00 0 
7f04a8efb000-7f04ac000000 rw-p 00000000 00:00 0 
7f04ac000000-7f04ac021000 rw-p 00000000 00:00 0 
7f04ac021000-7f04b0000000 ---p 00000000 00:00 0 
7f04b0000000-7f04b0021000 rw-p 00000000 00:00 0 
7f04b0021000-7f04b4000000 ---p 00000000 00:00 0 
7f04b4000000-7f04b4021000 rw-p 00000000 00:00 0 
7f04b4021000-7f04b8000000 ---p 00000000 00:00 0 
7f04b8000000-7f04b8026000 rw-p 00000000 00:00 0 
7f04b8026000-7f04bc000000 ---p 00000000 00:00 0 
7f04bc000000-7f04bc023000 rw-p 00000000 00:00 0 
7f04bc023000-7f04c0000000 ---p 00000000 00:00 0 
7f04c0000000-7f04c0021000 rw-p 00000000 00:00 0 
7f04c0021000-7f04c4000000 ---p 00000000 00:00 0 
7f04c4000000-7f04c4021000 rw-p 00000000 00:00 0 
7f04c4021000-7f04c8000000 ---p 00000000 00:00 0 
7f04c8000000-7f04c800c000 r--s 000c9000 103:04 1582116                   /home/trofis/Documents/Worldline/autoPairing/logstash/logstash-core/lib/jars/janino-3.1.0.jar
7f04c800c000-7f04c800e000 r--s 0000b000 103:04 1582101                   /home/trofis/Documents/Worldline/autoPairing/logstash/logstash-core/lib/jars/jackson-dataformat-cbor-2.9.10.jar
7f04c800e000-7f04c8639000 rw-p 00000000 00:00 0 
7f04c8639000-7f04c863a000 rw-p 00000000 00:00 0 
7f04c863a000-7f04c863b000 ---p 00000000 00:00 0 
7f04c863b000-7f04c873b000 rw-p 00000000 00:00 0 
7f04c873b000-7f04c873c000 ---p 00000000 00:00 0 
7f04c873c000-7f04c883c000 rw-p 00000000 00:00 0 
7f04c883c000-7f04c883d000 ---p 00000000 00:00 0 
7f04c883d000-7f04c893d000 rw-p 00000000 00:00 0 
7f04c893d000-7f04c893e000 ---p 00000000 00:00 0 
7f04c893e000-7f04c8a3e000 rw-p 00000000 00:00 0 
7f04c8a3e000-7f04c8a3f000 ---p 00000000 00:00 0 
7f04c8a3f000-7f04c8b3f000 rw-p 00000000 00:00 0 
7f04c8b3f000-7f04c8b40000 ---p 00000000 00:00 0 
7f04c8b40000-7f04c8d19000 rw-p 00000000 00:00 0 
7f04c8d19000-7f04c9000000 ---p 00000000 00:00 0 
7f04c9000000-7f04cc640000 rwxp 00000000 00:00 0 
7f04cc640000-7f04d8000000 ---p 00000000 00:00 0 
7f04d8000000-7f04d9e15000 rw-p 00000000 00:00 0 
7f04d9e15000-7f04dc000000 ---p 00000000 00:00 0 
7f04dc000000-7f04dc001000 r--s 00005000 103:04 1582090                   /home/trofis/Documents/Worldline/autoPairing/logstash/logstash-core/lib/jars/log4j-slf4j-impl-2.12.1.jar
7f04dc001000-7f04dc005000 r--s 0004c000 103:04 1582105                   /home/trofis/Documents/Worldline/autoPairing/logstash/logstash-core/lib/jars/jackson-core-2.9.10.jar
7f04dc005000-7f04dc008000 r--s 0000e000 103:04 1582113                   /home/trofis/Documents/Worldline/autoPairing/logstash/logstash-core/lib/jars/jackson-annotations-2.9.10.jar
7f04dc008000-7f04dc00d000 r--s 0003c000 103:04 1582104                   /home/trofis/Documents/Worldline/autoPairing/logstash/logstash-core/lib/jars/gradle-license-report-0.7.1.jar
7f04dc00d000-7f04dc011000 r--s 0002a000 103:04 1582111                   /home/trofis/Documents/Worldline/autoPairing/logstash/logstash-core/lib/jars/google-java-format-1.1.jar
7f04dc011000-7f04dc016000 r--s 0001f000 103:04 1582119                   /home/trofis/Documents/Worldline/autoPairing/logstash/logstash-core/lib/jars/commons-compiler-3.1.0.jar
7f04dc016000-7f04dc01d000 r--s 0004e000 103:04 1582109                   /home/trofis/Documents/Worldline/autoPairing/logstash/logstash-core/lib/jars/commons-codec-1.13.jar
7f04dc01d000-7f04dc048000 rw-p 00000000 00:00 0 
7f04dc048000-7f04dc049000 ---p 00000000 00:00 0 
7f04dc049000-7f04dc149000 rw-p 00000000 00:00 0 
7f04dc149000-7f04dc14a000 ---p 00000000 00:00 0 
7f04dc14a000-7f04dc24a000 rw-p 00000000 00:00 0 
7f04dc24a000-7f04dc24d000 r--p 00000000 103:04 662609                    /usr/lib/jvm/java-8-openjdk/jre/lib/amd64/libzip.so
7f04dc24d000-7f04dc251000 r-xp 00003000 103:04 662609                    /usr/lib/jvm/java-8-openjdk/jre/lib/amd64/libzip.so
7f04dc251000-7f04dc253000 r--p 00007000 103:04 662609                    /usr/lib/jvm/java-8-openjdk/jre/lib/amd64/libzip.so
7f04dc253000-7f04dc254000 r--p 00008000 103:04 662609                    /usr/lib/jvm/java-8-openjdk/jre/lib/amd64/libzip.so
7f04dc254000-7f04dc255000 rw-p 00009000 103:04 662609                    /usr/lib/jvm/java-8-openjdk/jre/lib/amd64/libzip.so
7f04dc255000-7f04dc262000 r--p 00000000 103:04 662588                    /usr/lib/jvm/java-8-openjdk/jre/lib/amd64/libjava.so
7f04dc262000-7f04dc278000 r-xp 0000d000 103:04 662588                    /usr/lib/jvm/java-8-openjdk/jre/lib/amd64/libjava.so
7f04dc278000-7f04dc27f000 r--p 00023000 103:04 662588                    /usr/lib/jvm/java-8-openjdk/jre/lib/amd64/libjava.so
7f04dc27f000-7f04dc280000 r--p 00029000 103:04 662588                    /usr/lib/jvm/java-8-openjdk/jre/lib/amd64/libjava.so
7f04dc280000-7f04dc281000 rw-p 0002a000 103:04 662588                    /usr/lib/jvm/java-8-openjdk/jre/lib/amd64/libjava.so
7f04dc281000-7f04dc282000 rw-p 00000000 00:00 0 
7f04dc282000-7f04dc285000 r--p 00000000 103:04 2368512                   /usr/lib/librt-2.31.so
7f04dc285000-7f04dc289000 r-xp 00003000 103:04 2368512                   /usr/lib/librt-2.31.so
7f04dc289000-7f04dc28a000 r--p 00007000 103:04 2368512                   /usr/lib/librt-2.31.so
7f04dc28a000-7f04dc28b000 ---p 00008000 103:04 2368512                   /usr/lib/librt-2.31.so
7f04dc28b000-7f04dc28c000 r--p 00008000 103:04 2368512                   /usr/lib/librt-2.31.so
7f04dc28c000-7f04dc28d000 rw-p 00009000 103:04 2368512                   /usr/lib/librt-2.31.so
7f04dc28d000-7f04dc28e000 ---p 00000000 00:00 0 
7f04dc28e000-7f04dc291000 ---p 00000000 00:00 0 
7f04dc291000-7f04dc38e000 rw-p 00000000 00:00 0 
7f04dc38e000-7f04dc39d000 r--p 00000000 103:04 2368476                   /usr/lib/libm-2.31.so
7f04dc39d000-7f04dc439000 r-xp 0000f000 103:04 2368476                   /usr/lib/libm-2.31.so
7f04dc439000-7f04dc4d2000 r--p 000ab000 103:04 2368476                   /usr/lib/libm-2.31.so
7f04dc4d2000-7f04dc4d3000 r--p 00143000 103:04 2368476                   /usr/lib/libm-2.31.so
7f04dc4d3000-7f04dc4d4000 rw-p 00144000 103:04 2368476                   /usr/lib/libm-2.31.so
7f04dc4d4000-7f04dc6c6000 r--p 00000000 103:04 662612                    /usr/lib/jvm/java-8-openjdk/jre/lib/amd64/server/libjvm.so
7f04dc6c6000-7f04dcf72000 r-xp 001f2000 103:04 662612                    /usr/lib/jvm/java-8-openjdk/jre/lib/amd64/server/libjvm.so
7f04dcf72000-7f04dd114000 r--p 00a9e000 103:04 662612                    /usr/lib/jvm/java-8-openjdk/jre/lib/amd64/server/libjvm.so
7f04dd114000-7f04dd115000 ---p 00c40000 103:04 662612                    /usr/lib/jvm/java-8-openjdk/jre/lib/amd64/server/libjvm.so
7f04dd115000-7f04dd1aa000 r--p 00c40000 103:04 662612                    /usr/lib/jvm/java-8-openjdk/jre/lib/amd64/server/libjvm.so
7f04dd1aa000-7f04dd1d2000 rw-p 00cd5000 103:04 662612                    /usr/lib/jvm/java-8-openjdk/jre/lib/amd64/server/libjvm.so
7f04dd1d2000-7f04dd205000 rw-p 00000000 00:00 0 
7f04dd205000-7f04dd20c000 r--p 00000000 103:04 2368504                   /usr/lib/libpthread-2.31.so
7f04dd20c000-7f04dd21c000 r-xp 00007000 103:04 2368504                   /usr/lib/libpthread-2.31.so
7f04dd21c000-7f04dd221000 r--p 00017000 103:04 2368504                   /usr/lib/libpthread-2.31.so
7f04dd221000-7f04dd222000 r--p 0001b000 103:04 2368504                   /usr/lib/libpthread-2.31.so
7f04dd222000-7f04dd223000 rw-p 0001c000 103:04 2368504                   /usr/lib/libpthread-2.31.so
7f04dd223000-7f04dd227000 rw-p 00000000 00:00 0 
7f04dd227000-7f04dd228000 r--p 00000000 103:04 2368470                   /usr/lib/libdl-2.31.so
7f04dd228000-7f04dd229000 r-xp 00001000 103:04 2368470                   /usr/lib/libdl-2.31.so
7f04dd229000-7f04dd22a000 r--p 00002000 103:04 2368470                   /usr/lib/libdl-2.31.so
7f04dd22a000-7f04dd22b000 r--p 00002000 103:04 2368470                   /usr/lib/libdl-2.31.so
7f04dd22b000-7f04dd22c000 rw-p 00003000 103:04 2368470                   /usr/lib/libdl-2.31.so
7f04dd22c000-7f04dd22f000 r--p 00000000 103:04 2365659                   /usr/lib/libz.so.1.2.11
7f04dd22f000-7f04dd23d000 r-xp 00003000 103:04 2365659                   /usr/lib/libz.so.1.2.11
7f04dd23d000-7f04dd243000 r--p 00011000 103:04 2365659                   /usr/lib/libz.so.1.2.11
7f04dd243000-7f04dd244000 ---p 00017000 103:04 2365659                   /usr/lib/libz.so.1.2.11
7f04dd244000-7f04dd245000 r--p 00017000 103:04 2365659                   /usr/lib/libz.so.1.2.11
7f04dd245000-7f04dd246000 rw-p 00018000 103:04 2365659                   /usr/lib/libz.so.1.2.11
7f04dd246000-7f04dd26b000 r--p 00000000 103:04 2368461                   /usr/lib/libc-2.31.so
7f04dd26b000-7f04dd3b7000 r-xp 00025000 103:04 2368461                   /usr/lib/libc-2.31.so
7f04dd3b7000-7f04dd402000 r--p 00171000 103:04 2368461                   /usr/lib/libc-2.31.so
7f04dd402000-7f04dd405000 r--p 001bb000 103:04 2368461                   /usr/lib/libc-2.31.so
7f04dd405000-7f04dd408000 rw-p 001be000 103:04 2368461                   /usr/lib/libc-2.31.so
7f04dd408000-7f04dd40c000 rw-p 00000000 00:00 0 
7f04dd40c000-7f04dd40e000 r--s 00001000 103:04 1582112                   /home/trofis/Documents/Worldline/autoPairing/logstash/logstash-core/lib/jars/j2objc-annotations-1.1.jar
7f04dd40e000-7f04dd40f000 r--s 00002000 103:04 1582095                   /home/trofis/Documents/Worldline/autoPairing/logstash/logstash-core/lib/jars/error_prone_annotations-2.0.18.jar
7f04dd40f000-7f04dd410000 r--s 00000000 103:04 1582118                   /home/trofis/Documents/Worldline/autoPairing/logstash/logstash-core/lib/jars/animal-sniffer-annotations-1.14.jar
7f04dd410000-7f04dd418000 rw-s 00000000 00:2e 281                        /tmp/hsperfdata_trofis/24043
7f04dd418000-7f04dd41b000 r--p 00000000 103:04 2368497                   /usr/lib/libnss_files-2.31.so
7f04dd41b000-7f04dd422000 r-xp 00003000 103:04 2368497                   /usr/lib/libnss_files-2.31.so
7f04dd422000-7f04dd424000 r--p 0000a000 103:04 2368497                   /usr/lib/libnss_files-2.31.so
7f04dd424000-7f04dd425000 r--p 0000b000 103:04 2368497                   /usr/lib/libnss_files-2.31.so
7f04dd425000-7f04dd426000 rw-p 0000c000 103:04 2368497                   /usr/lib/libnss_files-2.31.so
7f04dd426000-7f04dd42d000 rw-p 00000000 00:00 0 
7f04dd42d000-7f04dd432000 r--p 00000000 103:04 662608                    /usr/lib/jvm/java-8-openjdk/jre/lib/amd64/libverify.so
7f04dd432000-7f04dd439000 r-xp 00005000 103:04 662608                    /usr/lib/jvm/java-8-openjdk/jre/lib/amd64/libverify.so
7f04dd439000-7f04dd43b000 r--p 0000c000 103:04 662608                    /usr/lib/jvm/java-8-openjdk/jre/lib/amd64/libverify.so
7f04dd43b000-7f04dd43c000 ---p 0000e000 103:04 662608                    /usr/lib/jvm/java-8-openjdk/jre/lib/amd64/libverify.so
7f04dd43c000-7f04dd43e000 r--p 0000e000 103:04 662608                    /usr/lib/jvm/java-8-openjdk/jre/lib/amd64/libverify.so
7f04dd43e000-7f04dd43f000 rw-p 00010000 103:04 662608                    /usr/lib/jvm/java-8-openjdk/jre/lib/amd64/libverify.so
7f04dd43f000-7f04dd442000 r--p 00000000 103:04 662610                    /usr/lib/jvm/java-8-openjdk/jre/lib/amd64/jli/libjli.so
7f04dd442000-7f04dd44b000 r-xp 00003000 103:04 662610                    /usr/lib/jvm/java-8-openjdk/jre/lib/amd64/jli/libjli.so
7f04dd44b000-7f04dd44e000 r--p 0000c000 103:04 662610                    /usr/lib/jvm/java-8-openjdk/jre/lib/amd64/jli/libjli.so
7f04dd44e000-7f04dd44f000 r--p 0000e000 103:04 662610                    /usr/lib/jvm/java-8-openjdk/jre/lib/amd64/jli/libjli.so
7f04dd44f000-7f04dd450000 rw-p 0000f000 103:04 662610                    /usr/lib/jvm/java-8-openjdk/jre/lib/amd64/jli/libjli.so
7f04dd450000-7f04dd452000 rw-p 00000000 00:00 0 
7f04dd452000-7f04dd454000 r--p 00000000 103:04 2368449                   /usr/lib/ld-2.31.so
7f04dd454000-7f04dd474000 r-xp 00002000 103:04 2368449                   /usr/lib/ld-2.31.so
7f04dd474000-7f04dd47c000 r--p 00022000 103:04 2368449                   /usr/lib/ld-2.31.so
7f04dd47c000-7f04dd47d000 r--p 00000000 00:00 0 
7f04dd47d000-7f04dd47e000 r--p 0002a000 103:04 2368449                   /usr/lib/ld-2.31.so
7f04dd47e000-7f04dd47f000 rw-p 0002b000 103:04 2368449                   /usr/lib/ld-2.31.so
7f04dd47f000-7f04dd480000 rw-p 00000000 00:00 0 
7ffccb825000-7ffccb849000 rw-p 00000000 00:00 0                          [stack]
7ffccb8d9000-7ffccb8dc000 r--p 00000000 00:00 0                          [vvar]
7ffccb8dc000-7ffccb8dd000 r-xp 00000000 00:00 0                          [vdso]
ffffffffff600000-ffffffffff601000 --xp 00000000 00:00 0                  [vsyscall]

VM Arguments:
jvm_args: -Xms1g -Xmx1g -XX:+UseConcMarkSweepGC -XX:CMSInitiatingOccupancyFraction=75 -XX:+UseCMSInitiatingOccupancyOnly -Djava.awt.headless=true -Dfile.encoding=UTF-8 -Djruby.compile.invokedynamic=true -Djruby.jit.threshold=0 -Djruby.regexp.interruptible=true -XX:+HeapDumpOnOutOfMemoryError -Djava.security.egd=file:/dev/urandom -Dlog4j2.isThreadContextMapInheritable=true 
java_command: org.logstash.Logstash -f /home/trofis/Documents/Worldline/autoPairing/config/logstash-config.conf -w 1
java_class_path (initial): /home/trofis/Documents/Worldline/autoPairing/logstash/logstash-core/lib/jars/animal-sniffer-annotations-1.14.jar:/home/trofis/Documents/Worldline/autoPairing/logstash/logstash-core/lib/jars/commons-codec-1.13.jar:/home/trofis/Documents/Worldline/autoPairing/logstash/logstash-core/lib/jars/commons-compiler-3.1.0.jar:/home/trofis/Documents/Worldline/autoPairing/logstash/logstash-core/lib/jars/error_prone_annotations-2.0.18.jar:/home/trofis/Documents/Worldline/autoPairing/logstash/logstash-core/lib/jars/google-java-format-1.1.jar:/home/trofis/Documents/Worldline/autoPairing/logstash/logstash-core/lib/jars/gradle-license-report-0.7.1.jar:/home/trofis/Documents/Worldline/autoPairing/logstash/logstash-core/lib/jars/guava-22.0.jar:/home/trofis/Documents/Worldline/autoPairing/logstash/logstash-core/lib/jars/j2objc-annotations-1.1.jar:/home/trofis/Documents/Worldline/autoPairing/logstash/logstash-core/lib/jars/jackson-annotations-2.9.10.jar:/home/trofis/Documents/Worldline/autoPairing/logstash/logstash-core/lib/jars/jackson-core-2.9.10.jar:/home/trofis/Documents/Worldline/autoPairing/logstash/logstash-core/lib/jars/jackson-databind-2.9.10.1.jar:/home/trofis/Documents/Worldline/autoPairing/logstash/logstash-core/lib/jars/jackson-dataformat-cbor-2.9.10.jar:/home/trofis/Documents/Worldline/autoPairing/logstash/logstash-core/lib/jars/janino-3.1.0.jar:/home/trofis/Documents/Worldline/autoPairing/logstash/logstash-core/lib/jars/javassist-3.26.0-GA.jar:/home/trofis/Documents/Worldline/autoPairing/logstash/logstash-core/lib/jars/jruby-complete-9.2.9.0.jar:/home/trofis/Documents/Worldline/autoPairing/logstash/logstash-core/lib/jars/jsr305-1.3.9.jar:/home/trofis/Documents/Worldline/autoPairing/logstash/logstash-core/lib/jars/log4j-api-2.12.1.jar:/home/trofis/Documents/Worldline/autoPairing/logstash/logstash-core/lib/jars/log4j-core-2.12.1.jar:/home/trofis/Documents/Worldline/autoPairing/logstash/logstash-core/lib/jars/log4j-slf4j-impl-2.12.1.jar:/home/trof
Launcher Type: SUN_STANDARD

Environment Variables:
PATH=/home/trofis/Documents/Worldline/autoPairing/logstash/vendor/bundle/jruby/2.5.0/bin:/usr/lib/node_modules/npm/node_modules/npm-lifecycle/node-gyp-bin:/home/trofis/Documents/auto-pairing-app/server/node_modules/.bin:/home/trofis/.local/bin:/usr/local/bin:/usr/local/sbin:/usr/bin:/usr/lib/jvm/default/bin:/usr/bin/site_perl:/usr/bin/vendor_perl:/usr/bin/core_perl:/var/lib/snapd/snap/bin
USERNAME=trofis
SHELL=/bin/bash
DISPLAY=:1

Signal Handlers:
SIGSEGV: [libjvm.so+0xa6a400], sa_mask[0]=11111111011111111101111111111110, sa_flags=SA_RESTART|SA_SIGINFO
SIGBUS: [libjvm.so+0xa6a400], sa_mask[0]=11111111011111111101111111111110, sa_flags=SA_RESTART|SA_SIGINFO
SIGFPE: [libjvm.so+0x8c7be0], sa_mask[0]=11111111011111111101111111111110, sa_flags=SA_RESTART|SA_SIGINFO
SIGPIPE: [libjvm.so+0x8c7be0], sa_mask[0]=11111111011111111101111111111110, sa_flags=SA_RESTART|SA_SIGINFO
SIGXFSZ: [libjvm.so+0x8c7be0], sa_mask[0]=11111111011111111101111111111110, sa_flags=SA_RESTART|SA_SIGINFO
SIGILL: [libjvm.so+0x8c7be0], sa_mask[0]=11111111011111111101111111111110, sa_flags=SA_RESTART|SA_SIGINFO
SIGUSR1: SIG_DFL, sa_mask[0]=00000000000000000000000000000000, sa_flags=none
SIGUSR2: [libjvm.so+0x8c7ab0], sa_mask[0]=00000000000000000000000000000000, sa_flags=SA_RESTART|SA_SIGINFO
SIGHUP: [libjvm.so+0x8c7e80], sa_mask[0]=11111111011111111101111111111110, sa_flags=SA_RESTART|SA_SIGINFO
SIGINT: [libjvm.so+0x8c7e80], sa_mask[0]=11111111011111111101111111111110, sa_flags=SA_RESTART|SA_SIGINFO
SIGTERM: [libjvm.so+0x8c7e80], sa_mask[0]=11111111011111111101111111111110, sa_flags=SA_RESTART|SA_SIGINFO
SIGQUIT: [libjvm.so+0x8c7e80], sa_mask[0]=11111111011111111101111111111110, sa_flags=SA_RESTART|SA_SIGINFO


---------------  S Y S T E M  ---------------

OS:DISTRIB_ID=ManjaroLinux
DISTRIB_RELEASE=20.0
DISTRIB_CODENAME=Lysia
DISTRIB_DESCRIPTION="Manjaro Linux"

uname:Linux 5.4.36-1-MANJARO #1 SMP PREEMPT Wed Apr 29 18:47:01 UTC 2020 x86_64
libc:glibc 2.31 NPTL 2.31 
rlimit: STACK 8192k, CORE infinity, NPROC 30891, NOFILE 524288, AS infinity
load average:4,45 4,84 3,24

/proc/meminfo:
MemTotal:        7927548 kB
MemFree:          123120 kB
MemAvailable:      91024 kB
Buffers:            8944 kB
Cached:          1441552 kB
SwapCached:            0 kB
Active:          6007528 kB
Inactive:         558104 kB
Active(anon):    5944508 kB
Inactive(anon):   502428 kB
Active(file):      63020 kB
Inactive(file):    55676 kB
Unevictable:      659896 kB
Mlocked:              48 kB
SwapTotal:             0 kB
SwapFree:              0 kB
Dirty:               152 kB
Writeback:             0 kB
AnonPages:       5777164 kB
Mapped:           623400 kB
Shmem:           1332788 kB
KReclaimable:     104688 kB
Slab:             281776 kB
SReclaimable:     104688 kB
SUnreclaim:       177088 kB
KernelStack:       24672 kB
PageTables:        78004 kB
NFS_Unstable:          0 kB
Bounce:                0 kB
WritebackTmp:          0 kB
CommitLimit:     3963772 kB
Committed_AS:   17864280 kB
VmallocTotal:   34359738367 kB
VmallocUsed:       50504 kB
VmallocChunk:          0 kB
Percpu:             4672 kB
HardwareCorrupted:     0 kB
AnonHugePages:         0 kB
ShmemHugePages:        0 kB
ShmemPmdMapped:        0 kB
FileHugePages:         0 kB
FilePmdMapped:         0 kB
HugePages_Total:       0
HugePages_Free:        0
HugePages_Rsvd:        0
HugePages_Surp:        0
Hugepagesize:       2048 kB
Hugetlb:               0 kB
DirectMap4k:      469960 kB
DirectMap2M:     7692288 kB
DirectMap1G:           0 kB

container (cgroup) information:
container_type: cgroupv1
cpu_cpuset_cpus: 0-7
cpu_memory_nodes: 0
active_processor_count: 8
cpu_quota: -1
cpu_period: 100000
cpu_shares: -1
memory_limit_in_bytes: -1
memory_and_swap_limit_in_bytes: -1
memory_soft_limit_in_bytes: -1
memory_usage_in_bytes: 7337398272
memory_max_usage_in_bytes: 7381061632


CPU:total 8 (initial active 8) (4 cores per cpu, 2 threads per core) family 6 model 142 stepping 12, cmov, cx8, fxsr, mmx, sse, sse2, sse3, ssse3, sse4.1, sse4.2, popcnt, avx, avx2, aes, clmul, erms, 3dnowpref, lzcnt, ht, tsc, tscinvbit, bmi1, bmi2, adx

/proc/cpuinfo:
processor	: 0
vendor_id	: GenuineIntel
cpu family	: 6
model		: 142
model name	: Intel(R) Core(TM) i5-8265U CPU @ 1.60GHz
stepping	: 12
microcode	: 0xca
cpu MHz		: 1799.999
cache size	: 6144 KB
physical id	: 0
siblings	: 8
core id		: 0
cpu cores	: 4
apicid		: 0
initial apicid	: 0
fpu		: yes
fpu_exception	: yes
cpuid level	: 22
wp		: yes
flags		: fpu vme de pse tsc msr pae mce cx8 apic sep mtrr pge mca cmov pat pse36 clflush dts acpi mmx fxsr sse sse2 ss ht tm pbe syscall nx pdpe1gb rdtscp lm constant_tsc art arch_perfmon pebs bts rep_good nopl xtopology nonstop_tsc cpuid aperfmperf pni pclmulqdq dtes64 monitor ds_cpl vmx est tm2 ssse3 sdbg fma cx16 xtpr pdcm pcid sse4_1 sse4_2 x2apic movbe popcnt tsc_deadline_timer aes xsave avx f16c rdrand lahf_lm abm 3dnowprefetch cpuid_fault epb invpcid_single ssbd ibrs ibpb stibp ibrs_enhanced tpr_shadow vnmi flexpriority ept vpid ept_ad fsgsbase tsc_adjust bmi1 avx2 smep bmi2 erms invpcid mpx rdseed adx smap clflushopt intel_pt xsaveopt xsavec xgetbv1 xsaves dtherm ida arat pln pts hwp hwp_notify hwp_act_window hwp_epp md_clear flush_l1d arch_capabilities
bugs		: spectre_v1 spectre_v2 spec_store_bypass swapgs itlb_multihit
bogomips	: 3601.00
clflush size	: 64
cache_alignment	: 64
address sizes	: 39 bits physical, 48 bits virtual
power management:

processor	: 1
vendor_id	: GenuineIntel
cpu family	: 6
model		: 142
model name	: Intel(R) Core(TM) i5-8265U CPU @ 1.60GHz
stepping	: 12
microcode	: 0xca
cpu MHz		: 1799.999
cache size	: 6144 KB
physical id	: 0
siblings	: 8
core id		: 1
cpu cores	: 4
apicid		: 2
initial apicid	: 2
fpu		: yes
fpu_exception	: yes
cpuid level	: 22
wp		: yes
flags		: fpu vme de pse tsc msr pae mce cx8 apic sep mtrr pge mca cmov pat pse36 clflush dts acpi mmx fxsr sse sse2 ss ht tm pbe syscall nx pdpe1gb rdtscp lm constant_tsc art arch_perfmon pebs bts rep_good nopl xtopology nonstop_tsc cpuid aperfmperf pni pclmulqdq dtes64 monitor ds_cpl vmx est tm2 ssse3 sdbg fma cx16 xtpr pdcm pcid sse4_1 sse4_2 x2apic movbe popcnt tsc_deadline_timer aes xsave avx f16c rdrand lahf_lm abm 3dnowprefetch cpuid_fault epb invpcid_single ssbd ibrs ibpb stibp ibrs_enhanced tpr_shadow vnmi flexpriority ept vpid ept_ad fsgsbase tsc_adjust bmi1 avx2 smep bmi2 erms invpcid mpx rdseed adx smap clflushopt intel_pt xsaveopt xsavec xgetbv1 xsaves dtherm ida arat pln pts hwp hwp_notify hwp_act_window hwp_epp md_clear flush_l1d arch_capabilities
bugs		: spectre_v1 spectre_v2 spec_store_bypass swapgs itlb_multihit
bogomips	: 3601.00
clflush size	: 64
cache_alignment	: 64
address sizes	: 39 bits physical, 48 bits virtual
power management:

processor	: 2
vendor_id	: GenuineIntel
cpu family	: 6
model		: 142
model name	: Intel(R) Core(TM) i5-8265U CPU @ 1.60GHz
stepping	: 12
microcode	: 0xca
cpu MHz		: 1800.000
cache size	: 6144 KB
physical id	: 0
siblings	: 8
core id		: 2
cpu cores	: 4
apicid		: 4
initial apicid	: 4
fpu		: yes
fpu_exception	: yes
cpuid level	: 22
wp		: yes
flags		: fpu vme de pse tsc msr pae mce cx8 apic sep mtrr pge mca cmov pat pse36 clflush dts acpi mmx fxsr sse sse2 ss ht tm pbe syscall nx pdpe1gb rdtscp lm constant_tsc art arch_perfmon pebs bts rep_good nopl xtopology nonstop_tsc cpuid aperfmperf pni pclmulqdq dtes64 monitor ds_cpl vmx est tm2 ssse3 sdbg fma cx16 xtpr pdcm pcid sse4_1 sse4_2 x2apic movbe popcnt tsc_deadline_timer aes xsave avx f16c rdrand lahf_lm abm 3dnowprefetch cpuid_fault epb invpcid_single ssbd ibrs ibpb stibp ibrs_enhanced tpr_shadow vnmi flexpriority ept vpid ept_ad fsgsbase tsc_adjust bmi1 avx2 smep bmi2 erms invpcid mpx rdseed adx smap clflushopt intel_pt xsaveopt xsavec xgetbv1 xsaves dtherm ida arat pln pts hwp hwp_notify hwp_act_window hwp_epp md_clear flush_l1d arch_capabilities
bugs		: spectre_v1 spectre_v2 spec_store_bypass swapgs itlb_multihit
bogomips	: 3601.00
clflush size	: 64
cache_alignment	: 64
address sizes	: 39 bits physical, 48 bits virtual
power management:

processor	: 3
vendor_id	: GenuineIntel
cpu family	: 6
model		: 142
model name	: Intel(R) Core(TM) i5-8265U CPU @ 1.60GHz
stepping	: 12
microcode	: 0xca
cpu MHz		: 1800.000
cache size	: 6144 KB
physical id	: 0
siblings	: 8
core id		: 3
cpu cores	: 4
apicid		: 6
initial apicid	: 6
fpu		: yes
fpu_exception	: yes
cpuid level	: 22
wp		: yes
flags		: fpu vme de pse tsc msr pae mce cx8 apic sep mtrr pge mca cmov pat pse36 clflush dts acpi mmx fxsr sse sse2 ss ht tm pbe syscall nx pdpe1gb rdtscp lm constant_tsc art arch_perfmon pebs bts rep_good nopl xtopology nonstop_tsc cpuid aperfmperf pni pclmulqdq dtes64 monitor ds_cpl vmx est tm2 ssse3 sdbg fma cx16 xtpr pdcm pcid sse4_1 sse4_2 x2apic movbe popcnt tsc_deadline_timer aes xsave avx f16c rdrand lahf_lm abm 3dnowprefetch cpuid_fault epb invpcid_single ssbd ibrs ibpb stibp ibrs_enhanced tpr_shadow vnmi flexpriority ept vpid ept_ad fsgsbase tsc_adjust bmi1 avx2 smep bmi2 erms invpcid mpx rdseed adx smap clflushopt intel_pt xsaveopt xsavec xgetbv1 xsaves dtherm ida arat pln pts hwp hwp_notify hwp_act_window hwp_epp md_clear flush_l1d arch_capabilities
bugs		: spectre_v1 spectre_v2 spec_store_bypass swapgs itlb_multihit
bogomips	: 3601.00
clflush size	: 64
cache_alignment	: 64
address sizes	: 39 bits physical, 48 bits virtual
power management:

processor	: 4
vendor_id	: GenuineIntel
cpu family	: 6
model		: 142
model name	: Intel(R) Core(TM) i5-8265U CPU @ 1.60GHz
stepping	: 12
microcode	: 0xca
cpu MHz		: 1800.000
cache size	: 6144 KB
physical id	: 0
siblings	: 8
core id		: 0
cpu cores	: 4
apicid		: 1
initial apicid	: 1
fpu		: yes
fpu_exception	: yes
cpuid level	: 22
wp		: yes
flags		: fpu vme de pse tsc msr pae mce cx8 apic sep mtrr pge mca cmov pat pse36 clflush dts acpi mmx fxsr sse sse2 ss ht tm pbe syscall nx pdpe1gb rdtscp lm constant_tsc art arch_perfmon pebs bts rep_good nopl xtopology nonstop_tsc cpuid aperfmperf pni pclmulqdq dtes64 monitor ds_cpl vmx est tm2 ssse3 sdbg fma cx16 xtpr pdcm pcid sse4_1 sse4_2 x2apic movbe popcnt tsc_deadline_timer aes xsave avx f16c rdrand lahf_lm abm 3dnowprefetch cpuid_fault epb invpcid_single ssbd ibrs ibpb stibp ibrs_enhanced tpr_shadow vnmi flexpriority ept vpid ept_ad fsgsbase tsc_adjust bmi1 avx2 smep bmi2 erms invpcid mpx rdseed adx smap clflushopt intel_pt xsaveopt xsavec xgetbv1 xsaves dtherm ida arat pln pts hwp hwp_notify hwp_act_window hwp_epp md_clear flush_l1d arch_capabilities
bugs		: spectre_v1 spectre_v2 spec_store_bypass swapgs itlb_multihit
bogomips	: 3601.00
clflush size	: 64
cache_alignment	: 64
address sizes	: 39 bits physical, 48 bits virtual
power management:

processor	: 5
vendor_id	: GenuineIntel
cpu family	: 6
model		: 142
model name	: Intel(R) Core(TM) i5-8265U CPU @ 1.60GHz
stepping	: 12
microcode	: 0xca
cpu MHz		: 1800.000
cache size	: 6144 KB
physical id	: 0
siblings	: 8
core id		: 1
cpu cores	: 4
apicid		: 3
initial apicid	: 3
fpu		: yes
fpu_exception	: yes
cpuid level	: 22
wp		: yes
flags		: fpu vme de pse tsc msr pae mce cx8 apic sep mtrr pge mca cmov pat pse36 clflush dts acpi mmx fxsr sse sse2 ss ht tm pbe syscall nx pdpe1gb rdtscp lm constant_tsc art arch_perfmon pebs bts rep_good nopl xtopology nonstop_tsc cpuid aperfmperf pni pclmulqdq dtes64 monitor ds_cpl vmx est tm2 ssse3 sdbg fma cx16 xtpr pdcm pcid sse4_1 sse4_2 x2apic movbe popcnt tsc_deadline_timer aes xsave avx f16c rdrand lahf_lm abm 3dnowprefetch cpuid_fault epb invpcid_single ssbd ibrs ibpb stibp ibrs_enhanced tpr_shadow vnmi flexpriority ept vpid ept_ad fsgsbase tsc_adjust bmi1 avx2 smep bmi2 erms invpcid mpx rdseed adx smap clflushopt intel_pt xsaveopt xsavec xgetbv1 xsaves dtherm ida arat pln pts hwp hwp_notify hwp_act_window hwp_epp md_clear flush_l1d arch_capabilities
bugs		: spectre_v1 spectre_v2 spec_store_bypass swapgs itlb_multihit
bogomips	: 3601.00
clflush size	: 64
cache_alignment	: 64
address sizes	: 39 bits physical, 48 bits virtual
power management:

processor	: 6
vendor_id	: GenuineIntel
cpu family	: 6
model		: 142
model name	: Intel(R) Core(TM) i5-8265U CPU @ 1.60GHz
stepping	: 12
microcode	: 0xca
cpu MHz		: 1800.000
cache size	: 6144 KB
physical id	: 0
siblings	: 8
core id		: 2
cpu cores	: 4
apicid		: 5
initial apicid	: 5
fpu		: yes
fpu_exception	: yes
cpuid level	: 22
wp		: yes
flags		: fpu vme de pse tsc msr pae mce cx8 apic sep mtrr pge mca cmov pat pse36 clflush dts acpi mmx fxsr sse sse2 ss ht tm pbe syscall nx pdpe1gb rdtscp lm constant_tsc art arch_perfmon pebs bts rep_good nopl xtopology nonstop_tsc cpuid aperfmperf pni pclmulqdq dtes64 monitor ds_cpl vmx est tm2 ssse3 sdbg fma cx16 xtpr pdcm pcid sse4_1 sse4_2 x2apic movbe popcnt tsc_deadline_timer aes xsave avx f16c rdrand lahf_lm abm 3dnowprefetch cpuid_fault epb invpcid_single ssbd ibrs ibpb stibp ibrs_enhanced tpr_shadow vnmi flexpriority ept vpid ept_ad fsgsbase tsc_adjust bmi1 avx2 smep bmi2 erms invpcid mpx rdseed adx smap clflushopt intel_pt xsaveopt xsavec xgetbv1 xsaves dtherm ida arat pln pts hwp hwp_notify hwp_act_window hwp_epp md_clear flush_l1d arch_capabilities
bugs		: spectre_v1 spectre_v2 spec_store_bypass swapgs itlb_multihit
bogomips	: 3601.00
clflush size	: 64
cache_alignment	: 64
address sizes	: 39 bits physical, 48 bits virtual
power management:

processor	: 7
vendor_id	: GenuineIntel
cpu family	: 6
model		: 142
model name	: Intel(R) Core(TM) i5-8265U CPU @ 1.60GHz
stepping	: 12
microcode	: 0xca
cpu MHz		: 1799.999
cache size	: 6144 KB
physical id	: 0
siblings	: 8
core id		: 3
cpu cores	: 4
apicid		: 7
initial apicid	: 7
fpu		: yes
fpu_exception	: yes
cpuid level	: 22
wp		: yes
flags		: fpu vme de pse tsc msr pae mce cx8 apic sep mtrr pge mca cmov pat pse36 clflush dts acpi mmx fxsr sse sse2 ss ht tm pbe syscall nx pdpe1gb rdtscp lm constant_tsc art arch_perfmon pebs bts rep_good nopl xtopology nonstop_tsc cpuid aperfmperf pni pclmulqdq dtes64 monitor ds_cpl vmx est tm2 ssse3 sdbg fma cx16 xtpr pdcm pcid sse4_1 sse4_2 x2apic movbe popcnt tsc_deadline_timer aes xsave avx f16c rdrand lahf_lm abm 3dnowprefetch cpuid_fault epb invpcid_single ssbd ibrs ibpb stibp ibrs_enhanced tpr_shadow vnmi flexpriority ept vpid ept_ad fsgsbase tsc_adjust bmi1 avx2 smep bmi2 erms invpcid mpx rdseed adx smap clflushopt intel_pt xsaveopt xsavec xgetbv1 xsaves dtherm ida arat pln pts hwp hwp_notify hwp_act_window hwp_epp md_clear flush_l1d arch_capabilities
bugs		: spectre_v1 spectre_v2 spec_store_bypass swapgs itlb_multihit
bogomips	: 3601.00
clflush size	: 64
cache_alignment	: 64
address sizes	: 39 bits physical, 48 bits virtual
power management:



Memory: 4k page, physical 7927548k(118672k free), swap 0k(0k free)

vm_info: OpenJDK 64-Bit Server VM (25.242-b08) for linux-amd64 JRE (1.8.0_242-b08), built on Jan 26 2020 11:52:10 by "builduser" with gcc 9.2.0

time: Fri May  8 14:08:54 2020
timezone: CEST
elapsed time: 293 seconds (0d 0h 4m 53s)

