#
# A fatal error has been detected by the Java Runtime Environment:
#
#  SIGSEGV (0xb) at pc=0x00007f5c37e48ae9, pid=131503, tid=0x00007f5c382b1400
#
# JRE version: OpenJDK Runtime Environment (8.0_242-b08) (build 1.8.0_242-b08)
# Java VM: OpenJDK 64-Bit Server VM (25.242-b08 mixed mode linux-amd64 compressed oops)
# Problematic frame:
# V  [libjvm.so+0x8c7ae9]
#
# Core dump written. Default location: /home/trofis/Documents/auto-pairing-app/server/core or core.131503
#
# If you would like to submit a bug report, please visit:
#   http://bugreport.java.com/bugreport/crash.jsp
#

---------------  T H R E A D  ---------------

Current thread is native thread

siginfo: si_signo: 11 (SIGSEGV), si_code: 1 (SEGV_MAPERR), si_addr: 0x0000000000000110

Registers:
RAX=0x0000000000000000, RBX=0x00007f5c382b1380, RCX=0x00007f5c382bca67, RDX=0x00007f5c382b1400
RSP=0x00007fff599b03b0, RBP=0x00007fff599b0470, RSI=0x00007fff599b05b0, RDI=0x0000000000000001
R8 =0x0000000000000000, R9 =0x00007f5c3743a700, R10=0x0000000000000000, R11=0x0000000000000246
R12=0x00007fff599b05b0, R13=0x00007f5c3743a9d0, R14=0x0000000000000000, R15=0x00007f5c3743a700
RIP=0x00007f5c37e48ae9, EFLAGS=0x0000000000010246, CSGSFS=0x002b000000000033, ERR=0x0000000000000004
  TRAPNO=0x000000000000000e

Top of Stack: (sp=0x00007fff599b03b0)
0x00007fff599b03b0:   00007fff599b0000 00007fff599b0480
0x00007fff599b03c0:   00007fff599b0a98 0000000000000000
0x00007fff599b03d0:   ffffffffffffffff 0000000000000000
0x00007fff599b03e0:   0000000000000000 0000000000000002
0x00007fff599b03f0:   00007fff599b0630 00007f5c384af520
0x00007fff599b0400:   0000000000000000 00007f5c384b4000
0x00007fff599b0410:   0000000000000000 0000000000000000
0x00007fff599b0420:   0000000000000000 00007fff599b0610
0x00007fff599b0430:   0000000100000001 00007f5c384b3300
0x00007fff599b0440:   00007f5c38308330 00000000000000ca
0x00007fff599b0450:   00000000000201bb 00007f5c3743a9d0
0x00007fff599b0460:   0000000000100000 00007f5c3743a700
0x00007fff599b0470:   00007fff599b0bd8 00007f5c3832ed70
0x00007fff599b0480:   0000000000000007 0000000000000000
0x00007fff599b0490:   0000000000000000 00007fff00000002
0x00007fff599b04a0:   0000000000000000 0000000000000000
0x00007fff599b04b0:   00007f5c3743a700 0000000000000000
0x00007fff599b04c0:   0000000000000246 00000000000201bb
0x00007fff599b04d0:   00007f5c3743a9d0 0000000000100000
0x00007fff599b04e0:   00007f5c3743a700 00007f5c3743a9d0
0x00007fff599b04f0:   0000000000000000 00007fff599b0bd8
0x00007fff599b0500:   00000000000000ca 00000000000201bb
0x00007fff599b0510:   00000000000000ca 00007f5c382bca67
0x00007fff599b0520:   00007fff599b0b30 00007f5c382bca65
0x00007fff599b0530:   0000000000000246 002b000000000033
0x00007fff599b0540:   0000000000000000 0000000000000000
0x00007fff599b0550:   0000000000000000 0000000000000000
0x00007fff599b0560:   00007fff599b0640 0000000000000018
0x00007fff599b0570:   0000000000000001 0000000000000000
0x00007fff599b0580:   0000000000000000 0000000000000000
0x00007fff599b0590:   ffffffffffffffff 0000000200000000
0x00007fff599b05a0:   0000000000000000 0000000000000000 

Instructions: (pc=0x00007f5c37e48ae9)
0x00007f5c37e48ac9:   95 48 ff ff ff ff 15 74 db 40 00 44 8b 30 48 89
0x00007f5c37e48ad9:   c3 48 8d 05 67 23 42 00 8b 38 ff 15 a7 e1 40 00
0x00007f5c37e48ae9:   4c 8b a8 10 01 00 00 41 8b 85 a8 00 00 00 83 f8
0x00007f5c37e48af9:   01 74 1c 44 89 33 48 81 c4 98 00 00 00 5b 41 5c 

Register to memory mapping:

RAX=0x0000000000000000 is an unknown value
RBX=0x00007f5c382b1380 is an unknown value
RCX=0x00007f5c382bca67: <offset 0xaa67> in /usr/lib/libpthread.so.0 at 0x00007f5c382b2000
RDX=0x00007f5c382b1400 is an unknown value
RSP=0x00007fff599b03b0 is an unknown value
RBP=0x00007fff599b0470 is an unknown value
RSI=0x00007fff599b05b0 is an unknown value
RDI=0x0000000000000001 is an unknown value
R8 =0x0000000000000000 is an unknown value
R9 =0x00007f5c3743a700 is pointing into the stack for thread: 0x00007f5c3000d000
R10=0x0000000000000000 is an unknown value
R11=0x0000000000000246 is an unknown value
R12=0x00007fff599b05b0 is an unknown value
R13=0x00007f5c3743a9d0 is pointing into the stack for thread: 0x00007f5c3000d000
R14=0x0000000000000000 is an unknown value
R15=0x00007f5c3743a700 is pointing into the stack for thread: 0x00007f5c3000d000


Stack: [0x00007fff598b9000,0x00007fff599b9000],  sp=0x00007fff599b03b0,  free space=988k
Native frames: (J=compiled Java code, j=interpreted, Vv=VM code, C=native code)
V  [libjvm.so+0x8c7ae9]
C  [libc.so.6+0x3bd70]


---------------  P R O C E S S  ---------------

VM state:not at safepoint (normal execution)

VM Mutex/Monitor currently owned by a thread: None

heap address: 0x00000000c0000000, size: 1024 MB, Compressed Oops mode: 32-bit
Narrow klass base: 0x0000000000000000, Narrow klass shift: 3
Compressed class space size: 1073741824 Address: 0x0000000100000000

Heap:
 par new generation   total 314560K, used 44170K [0x00000000c0000000, 0x00000000d5550000, 0x00000000d5550000)
  eden space 279616K,  15% used [0x00000000c0000000, 0x00000000c2ab8810, 0x00000000d1110000)
  from space 34944K,   1% used [0x00000000d1110000, 0x00000000d117a200, 0x00000000d3330000)
  to   space 34944K,   0% used [0x00000000d3330000, 0x00000000d3330000, 0x00000000d5550000)
 concurrent mark-sweep generation total 699072K, used 141098K [0x00000000d5550000, 0x0000000100000000, 0x0000000100000000)
 Metaspace       used 91376K, capacity 109650K, committed 109868K, reserved 1140736K
  class space    used 13970K, capacity 18459K, committed 18528K, reserved 1048576K

Card table byte_map: [0x00007f5c3652e000,0x00007f5c3672f000] byte_map_base: 0x00007f5c35f2e000

Marking Bits: (CMSBitMap*) 0x00007f5c30096098
 Bits: [0x00007f5c35125000, 0x00007f5c35bcfc00)

Mod Union Table: (CMSBitMap*) 0x00007f5c30096158
 Bits: [0x00007f5c350fa000, 0x00007f5c35124ab0)

Polling page: 0x00007f5c3852b000

CodeCache: size=245760Kb used=66444Kb max_used=66453Kb free=179316Kb
 bounds [0x00007f5c21000000, 0x00007f5c25160000, 0x00007f5c30000000]
 total_blobs=13194 nmethods=12414 adapters=692
 compilation: enabled

Compilation events (10 events):
Event: 8560,674 Thread 0x00007f5c30131000 18221   !   4       home.trofis.Documents.Worldline.autoPairing.logstash.vendor.bundle.jruby.$2_dot_5_dot_0.gems.puma_minus_4_dot_3_dot_1_minus_java.lib.puma.thread_pool::RUBY$method$reap$0 (80 bytes)
Event: 8560,819 Thread 0x00007f5c30131000 nmethod 18221 0x00007f5c24e0a3d0 code [0x00007f5c24e0a880, 0x00007f5c24e0ce00]
Event: 8560,841 Thread 0x00007f5c30135800 nmethod 18223 0x00007f5c24e01cd0 code [0x00007f5c24e02100, 0x00007f5c24e03f38]
Event: 8560,844 Thread 0x00007f5c30133800 nmethod 18222 0x00007f5c24df7bd0 code [0x00007f5c24df8000, 0x00007f5c24df9ed8]
Event: 8563,209 Thread 0x00007f5c30131000 18224       4       org.jruby.RubyStruct::getInternalVariable (48 bytes)
Event: 8563,213 Thread 0x00007f5c30135800 18225       4       org.jruby.RubyArray$6::compare (13 bytes)
Event: 8563,229 Thread 0x00007f5c30131000 nmethod 18224 0x00007f5c24d4f510 code [0x00007f5c24d4f6c0, 0x00007f5c24d4fec8]
Event: 8563,240 Thread 0x00007f5c30135800 nmethod 18225 0x00007f5c24e398d0 code [0x00007f5c24e39b20, 0x00007f5c24e3a620]
Event: 8564,226 Thread 0x00007f5c30133800 18226       4       org.jruby.RubyFloat::op_cmp (242 bytes)
Event: 8564,247 Thread 0x00007f5c30133800 nmethod 18226 0x00007f5c23598990 code [0x00007f5c23598c00, 0x00007f5c23599228]

GC Heap History (10 events):
Event: 8491,919 GC heap before
{Heap before GC invocations=58 (full 3):
 par new generation   total 314560K, used 280251K [0x00000000c0000000, 0x00000000d5550000, 0x00000000d5550000)
  eden space 279616K, 100% used [0x00000000c0000000, 0x00000000d1110000, 0x00000000d1110000)
  from space 34944K,   1% used [0x00000000d3330000, 0x00000000d33cec50, 0x00000000d5550000)
  to   space 34944K,   0% used [0x00000000d1110000, 0x00000000d1110000, 0x00000000d3330000)
 concurrent mark-sweep generation total 699072K, used 141073K [0x00000000d5550000, 0x0000000100000000, 0x0000000100000000)
 Metaspace       used 91188K, capacity 109160K, committed 109356K, reserved 1140736K
  class space    used 13953K, capacity 18423K, committed 18528K, reserved 1048576K
Event: 8491,925 GC heap after
Heap after GC invocations=59 (full 3):
 par new generation   total 314560K, used 619K [0x00000000c0000000, 0x00000000d5550000, 0x00000000d5550000)
  eden space 279616K,   0% used [0x00000000c0000000, 0x00000000c0000000, 0x00000000d1110000)
  from space 34944K,   1% used [0x00000000d1110000, 0x00000000d11aaf10, 0x00000000d3330000)
  to   space 34944K,   0% used [0x00000000d3330000, 0x00000000d3330000, 0x00000000d5550000)
 concurrent mark-sweep generation total 699072K, used 141082K [0x00000000d5550000, 0x0000000100000000, 0x0000000100000000)
 Metaspace       used 91188K, capacity 109160K, committed 109356K, reserved 1140736K
  class space    used 13953K, capacity 18423K, committed 18528K, reserved 1048576K
}
Event: 8493,421 GC heap before
{Heap before GC invocations=59 (full 3):
 par new generation   total 314560K, used 280235K [0x00000000c0000000, 0x00000000d5550000, 0x00000000d5550000)
  eden space 279616K, 100% used [0x00000000c0000000, 0x00000000d1110000, 0x00000000d1110000)
  from space 34944K,   1% used [0x00000000d1110000, 0x00000000d11aaf10, 0x00000000d3330000)
  to   space 34944K,   0% used [0x00000000d3330000, 0x00000000d3330000, 0x00000000d5550000)
 concurrent mark-sweep generation total 699072K, used 141082K [0x00000000d5550000, 0x0000000100000000, 0x0000000100000000)
 Metaspace       used 91214K, capacity 109198K, committed 109356K, reserved 1140736K
  class space    used 13956K, capacity 18428K, committed 18528K, reserved 1048576K
Event: 8493,425 GC heap after
Heap after GC invocations=60 (full 3):
 par new generation   total 314560K, used 370K [0x00000000c0000000, 0x00000000d5550000, 0x00000000d5550000)
  eden space 279616K,   0% used [0x00000000c0000000, 0x00000000c0000000, 0x00000000d1110000)
  from space 34944K,   1% used [0x00000000d3330000, 0x00000000d338caf0, 0x00000000d5550000)
  to   space 34944K,   0% used [0x00000000d1110000, 0x00000000d1110000, 0x00000000d3330000)
 concurrent mark-sweep generation total 699072K, used 141082K [0x00000000d5550000, 0x0000000100000000, 0x0000000100000000)
 Metaspace       used 91214K, capacity 109198K, committed 109356K, reserved 1140736K
  class space    used 13956K, capacity 18428K, committed 18528K, reserved 1048576K
}
Event: 8494,868 GC heap before
{Heap before GC invocations=60 (full 3):
 par new generation   total 314560K, used 279986K [0x00000000c0000000, 0x00000000d5550000, 0x00000000d5550000)
  eden space 279616K, 100% used [0x00000000c0000000, 0x00000000d1110000, 0x00000000d1110000)
  from space 34944K,   1% used [0x00000000d3330000, 0x00000000d338caf0, 0x00000000d5550000)
  to   space 34944K,   0% used [0x00000000d1110000, 0x00000000d1110000, 0x00000000d3330000)
 concurrent mark-sweep generation total 699072K, used 141082K [0x00000000d5550000, 0x0000000100000000, 0x0000000100000000)
 Metaspace       used 91217K, capacity 109198K, committed 109356K, reserved 1140736K
  class space    used 13956K, capacity 18428K, committed 18528K, reserved 1048576K
Event: 8494,875 GC heap after
Heap after GC invocations=61 (full 3):
 par new generation   total 314560K, used 389K [0x00000000c0000000, 0x00000000d5550000, 0x00000000d5550000)
  eden space 279616K,   0% used [0x00000000c0000000, 0x00000000c0000000, 0x00000000d1110000)
  from space 34944K,   1% used [0x00000000d1110000, 0x00000000d1171780, 0x00000000d3330000)
  to   space 34944K,   0% used [0x00000000d3330000, 0x00000000d3330000, 0x00000000d5550000)
 concurrent mark-sweep generation total 699072K, used 141089K [0x00000000d5550000, 0x0000000100000000, 0x0000000100000000)
 Metaspace       used 91217K, capacity 109198K, committed 109356K, reserved 1140736K
  class space    used 13956K, capacity 18428K, committed 18528K, reserved 1048576K
}
Event: 8496,192 GC heap before
{Heap before GC invocations=61 (full 3):
 par new generation   total 314560K, used 280005K [0x00000000c0000000, 0x00000000d5550000, 0x00000000d5550000)
  eden space 279616K, 100% used [0x00000000c0000000, 0x00000000d1110000, 0x00000000d1110000)
  from space 34944K,   1% used [0x00000000d1110000, 0x00000000d1171780, 0x00000000d3330000)
  to   space 34944K,   0% used [0x00000000d3330000, 0x00000000d3330000, 0x00000000d5550000)
 concurrent mark-sweep generation total 699072K, used 141089K [0x00000000d5550000, 0x0000000100000000, 0x0000000100000000)
 Metaspace       used 91220K, capacity 109262K, committed 109612K, reserved 1140736K
  class space    used 13956K, capacity 18428K, committed 18528K, reserved 1048576K
Event: 8496,203 GC heap after
Heap after GC invocations=62 (full 3):
 par new generation   total 314560K, used 383K [0x00000000c0000000, 0x00000000d5550000, 0x00000000d5550000)
  eden space 279616K,   0% used [0x00000000c0000000, 0x00000000c0000000, 0x00000000d1110000)
  from space 34944K,   1% used [0x00000000d3330000, 0x00000000d338fc48, 0x00000000d5550000)
  to   space 34944K,   0% used [0x00000000d1110000, 0x00000000d1110000, 0x00000000d3330000)
 concurrent mark-sweep generation total 699072K, used 141089K [0x00000000d5550000, 0x0000000100000000, 0x0000000100000000)
 Metaspace       used 91220K, capacity 109262K, committed 109612K, reserved 1140736K
  class space    used 13956K, capacity 18428K, committed 18528K, reserved 1048576K
}
Event: 8497,484 GC heap before
{Heap before GC invocations=62 (full 3):
 par new generation   total 314560K, used 279999K [0x00000000c0000000, 0x00000000d5550000, 0x00000000d5550000)
  eden space 279616K, 100% used [0x00000000c0000000, 0x00000000d1110000, 0x00000000d1110000)
  from space 34944K,   1% used [0x00000000d3330000, 0x00000000d338fc48, 0x00000000d5550000)
  to   space 34944K,   0% used [0x00000000d1110000, 0x00000000d1110000, 0x00000000d3330000)
 concurrent mark-sweep generation total 699072K, used 141089K [0x00000000d5550000, 0x0000000100000000, 0x0000000100000000)
 Metaspace       used 91226K, capacity 109272K, committed 109612K, reserved 1140736K
  class space    used 13956K, capacity 18430K, committed 18528K, reserved 1048576K
Event: 8497,494 GC heap after
Heap after GC invocations=63 (full 3):
 par new generation   total 314560K, used 424K [0x00000000c0000000, 0x00000000d5550000, 0x00000000d5550000)
  eden space 279616K,   0% used [0x00000000c0000000, 0x00000000c0000000, 0x00000000d1110000)
  from space 34944K,   1% used [0x00000000d1110000, 0x00000000d117a200, 0x00000000d3330000)
  to   space 34944K,   0% used [0x00000000d3330000, 0x00000000d3330000, 0x00000000d5550000)
 concurrent mark-sweep generation total 699072K, used 141098K [0x00000000d5550000, 0x0000000100000000, 0x0000000100000000)
 Metaspace       used 91226K, capacity 109272K, committed 109612K, reserved 1140736K
  class space    used 13956K, capacity 18430K, committed 18528K, reserved 1048576K
}

Deoptimization events (10 events):
Event: 8511,646 Thread 0x00007f5b98062000 Uncommon trap: reason=bimorphic action=maybe_recompile pc=0x00007f5c242b2a98 method=org.jruby.internal.runtime.methods.SynchronizedDynamicMethod.call(Lorg/jruby/runtime/ThreadContext;Lorg/jruby/runtime/builtin/IRubyObject;Lorg/jruby/RubyModule;Ljava/lang/
Event: 8511,646 Thread 0x00007f5b98062000 Uncommon trap: reason=bimorphic action=maybe_recompile pc=0x00007f5c242b2a98 method=org.jruby.internal.runtime.methods.SynchronizedDynamicMethod.call(Lorg/jruby/runtime/ThreadContext;Lorg/jruby/runtime/builtin/IRubyObject;Lorg/jruby/RubyModule;Ljava/lang/
Event: 8511,646 Thread 0x00007f5b98062000 Uncommon trap: reason=bimorphic action=maybe_recompile pc=0x00007f5c242b2a98 method=org.jruby.internal.runtime.methods.SynchronizedDynamicMethod.call(Lorg/jruby/runtime/ThreadContext;Lorg/jruby/runtime/builtin/IRubyObject;Lorg/jruby/RubyModule;Ljava/lang/
Event: 8511,646 Thread 0x00007f5b98062000 Uncommon trap: reason=bimorphic action=maybe_recompile pc=0x00007f5c242b2a98 method=org.jruby.internal.runtime.methods.SynchronizedDynamicMethod.call(Lorg/jruby/runtime/ThreadContext;Lorg/jruby/runtime/builtin/IRubyObject;Lorg/jruby/RubyModule;Ljava/lang/
Event: 8516,680 Thread 0x00007f5b98033000 Uncommon trap: reason=unstable_if action=reinterpret pc=0x00007f5c22562924 method=org.apache.logging.log4j.core.Logger$PrivateConfig.filter(Lorg/apache/logging/log4j/Level;Lorg/apache/logging/log4j/Marker;Ljava/lang/String;Ljava/lang/Throwable;)Z @ 68
Event: 8516,706 Thread 0x00007f5b98033000 Uncommon trap: reason=unstable_if action=reinterpret pc=0x00007f5c22ff1f20 method=org.jruby.RubyBasicObject.send(Lorg/jruby/runtime/ThreadContext;[Lorg/jruby/runtime/builtin/IRubyObject;Lorg/jruby/runtime/Block;)Lorg/jruby/runtime/builtin/IRubyObject; @ 1
Event: 8526,756 Thread 0x00007f5b98033000 Uncommon trap: reason=unstable_if action=reinterpret pc=0x00007f5c21fa1c64 method=org.apache.logging.log4j.core.Logger$PrivateConfig.filter(Lorg/apache/logging/log4j/Level;Lorg/apache/logging/log4j/Marker;Ljava/lang/String;Ljava/lang/Throwable;)Z @ 68
Event: 8527,421 Thread 0x00007f5b7c3db800 Uncommon trap: reason=unstable_if action=reinterpret pc=0x00007f5c21585d40 method=java.util.concurrent.locks.AbstractQueuedSynchronizer$ConditionObject.awaitNanos(J)J @ 131
Event: 8527,421 Thread 0x00007f5b7c2c4000 Uncommon trap: reason=unstable_if action=reinterpret pc=0x00007f5c21585d40 method=java.util.concurrent.locks.AbstractQueuedSynchronizer$ConditionObject.awaitNanos(J)J @ 131
Event: 8527,421 Thread 0x00007f5b7c42b800 Uncommon trap: reason=unstable_if action=reinterpret pc=0x00007f5c21585d40 method=java.util.concurrent.locks.AbstractQueuedSynchronizer$ConditionObject.awaitNanos(J)J @ 131

Classes redefined (0 events):
No events

Internal exceptions (10 events):
Event: 40,157 Thread 0x00007f5b98033000 Exception <a 'java/lang/ArrayIndexOutOfBoundsException'> (0x00000000d04411c8) thrown at [/build/java8-openjdk/src/jdk8u-jdk8u242-b08/hotspot/src/share/vm/runtime/sharedRuntime.cpp, line 605]
Event: 8430,364 Thread 0x00007f5b98062000 Implicit null exception at 0x00007f5c23445a20 to 0x00007f5c2344630d
Event: 8430,403 Thread 0x00007f5b98062000 Implicit null exception at 0x00007f5c22e252fd to 0x00007f5c22e25965
Event: 8431,877 Thread 0x00007f5b98062000 Implicit null exception at 0x00007f5c22b8af85 to 0x00007f5c22b8b08d
Event: 8432,081 Thread 0x00007f5b98062000 Implicit null exception at 0x00007f5c2199de57 to 0x00007f5c2199e359
Event: 8432,146 Thread 0x00007f5b80102000 Implicit null exception at 0x00007f5c2323d3ee to 0x00007f5c2323daed
Event: 8432,376 Thread 0x00007f5b98062000 Implicit null exception at 0x00007f5c215e015b to 0x00007f5c215e0631
Event: 8433,683 Thread 0x00007f5b98033000 Implicit null exception at 0x00007f5c2236b6f3 to 0x00007f5c22372e09
Event: 8433,684 Thread 0x00007f5b98033000 Implicit null exception at 0x00007f5c21d4d351 to 0x00007f5c21d4db15
Event: 8445,855 Thread 0x00007f5b98033000 Implicit null exception at 0x00007f5c2424f9c1 to 0x00007f5c24251056

Events (10 events):
Event: 8526,756 Thread 0x00007f5b98033000 DEOPT UNPACKING pc=0x00007f5c2104547a sp=0x00007f5bb2cf16c0 mode 2
Event: 8527,421 Thread 0x00007f5b7c3db800 Uncommon trap: trap_request=0xffffff65 fr.pc=0x00007f5c21585d40
Event: 8527,421 Thread 0x00007f5b7c3db800 DEOPT PACKING pc=0x00007f5c21585d40 sp=0x00007f5bb10e57b0
Event: 8527,421 Thread 0x00007f5b7c3db800 DEOPT UNPACKING pc=0x00007f5c2104547a sp=0x00007f5bb10e5788 mode 2
Event: 8527,421 Thread 0x00007f5b7c2c4000 Uncommon trap: trap_request=0xffffff65 fr.pc=0x00007f5c21585d40
Event: 8527,421 Thread 0x00007f5b7c2c4000 DEOPT PACKING pc=0x00007f5c21585d40 sp=0x00007f5bb33fa7b0
Event: 8527,421 Thread 0x00007f5b7c2c4000 DEOPT UNPACKING pc=0x00007f5c2104547a sp=0x00007f5bb33fa788 mode 2
Event: 8527,421 Thread 0x00007f5b7c42b800 Uncommon trap: trap_request=0xffffff65 fr.pc=0x00007f5c21585d40
Event: 8527,421 Thread 0x00007f5b7c42b800 DEOPT PACKING pc=0x00007f5c21585d40 sp=0x00007f5bb0ee37b0
Event: 8527,421 Thread 0x00007f5b7c42b800 DEOPT UNPACKING pc=0x00007f5c2104547a sp=0x00007f5bb0ee3788 mode 2


Dynamic libraries:
c0000000-101218000 rw-p 00000000 00:00 0 
101218000-140000000 ---p 00000000 00:00 0 
55d7edc3a000-55d7edc3b000 r--p 00000000 103:04 662552                    /usr/lib/jvm/java-8-openjdk/jre/bin/java
55d7edc3b000-55d7edc3c000 r-xp 00001000 103:04 662552                    /usr/lib/jvm/java-8-openjdk/jre/bin/java
55d7edc3c000-55d7edc3d000 r--p 00002000 103:04 662552                    /usr/lib/jvm/java-8-openjdk/jre/bin/java
55d7edc3d000-55d7edc3e000 r--p 00002000 103:04 662552                    /usr/lib/jvm/java-8-openjdk/jre/bin/java
55d7edc3e000-55d7edc3f000 rw-p 00003000 103:04 662552                    /usr/lib/jvm/java-8-openjdk/jre/bin/java
55d7edf06000-55d7edf88000 rw-p 00000000 00:00 0                          [heap]
7f5b3c000000-7f5b3c021000 rw-p 00000000 00:00 0 
7f5b3c021000-7f5b40000000 ---p 00000000 00:00 0 
7f5b40000000-7f5b40021000 rw-p 00000000 00:00 0 
7f5b40021000-7f5b44000000 ---p 00000000 00:00 0 
7f5b44000000-7f5b44021000 rw-p 00000000 00:00 0 
7f5b44021000-7f5b48000000 ---p 00000000 00:00 0 
7f5b48000000-7f5b48021000 rw-p 00000000 00:00 0 
7f5b48021000-7f5b4c000000 ---p 00000000 00:00 0 
7f5b4c000000-7f5b4c021000 rw-p 00000000 00:00 0 
7f5b4c021000-7f5b50000000 ---p 00000000 00:00 0 
7f5b50000000-7f5b50021000 rw-p 00000000 00:00 0 
7f5b50021000-7f5b54000000 ---p 00000000 00:00 0 
7f5b54000000-7f5b54021000 rw-p 00000000 00:00 0 
7f5b54021000-7f5b58000000 ---p 00000000 00:00 0 
7f5b58000000-7f5b58021000 rw-p 00000000 00:00 0 
7f5b58021000-7f5b5c000000 ---p 00000000 00:00 0 
7f5b5c000000-7f5b5c021000 rw-p 00000000 00:00 0 
7f5b5c021000-7f5b60000000 ---p 00000000 00:00 0 
7f5b64000000-7f5b6403a000 rw-p 00000000 00:00 0 
7f5b6403a000-7f5b68000000 ---p 00000000 00:00 0 
7f5b68000000-7f5b68021000 rw-p 00000000 00:00 0 
7f5b68021000-7f5b6c000000 ---p 00000000 00:00 0 
7f5b6c000000-7f5b6c021000 rw-p 00000000 00:00 0 
7f5b6c021000-7f5b70000000 ---p 00000000 00:00 0 
7f5b70000000-7f5b70026000 rw-p 00000000 00:00 0 
7f5b70026000-7f5b74000000 ---p 00000000 00:00 0 
7f5b74000000-7f5b74021000 rw-p 00000000 00:00 0 
7f5b74021000-7f5b78000000 ---p 00000000 00:00 0 
7f5b78000000-7f5b78021000 rw-p 00000000 00:00 0 
7f5b78021000-7f5b7c000000 ---p 00000000 00:00 0 
7f5b7c000000-7f5b7c795000 rw-p 00000000 00:00 0 
7f5b7c795000-7f5b80000000 ---p 00000000 00:00 0 
7f5b80000000-7f5b801a4000 rw-p 00000000 00:00 0 
7f5b801a4000-7f5b84000000 ---p 00000000 00:00 0 
7f5b84000000-7f5b84021000 rw-p 00000000 00:00 0 
7f5b84021000-7f5b88000000 ---p 00000000 00:00 0 
7f5b88000000-7f5b88021000 rw-p 00000000 00:00 0 
7f5b88021000-7f5b8c000000 ---p 00000000 00:00 0 
7f5b8c000000-7f5b8c021000 rw-p 00000000 00:00 0 
7f5b8c021000-7f5b90000000 ---p 00000000 00:00 0 
7f5b90000000-7f5b90021000 rw-p 00000000 00:00 0 
7f5b90021000-7f5b94000000 ---p 00000000 00:00 0 
7f5b94000000-7f5b94063000 rw-p 00000000 00:00 0 
7f5b94063000-7f5b98000000 ---p 00000000 00:00 0 
7f5b98000000-7f5b980f1000 rw-p 00000000 00:00 0 
7f5b980f1000-7f5b9c000000 ---p 00000000 00:00 0 
7f5b9c000000-7f5b9c063000 rw-p 00000000 00:00 0 
7f5b9c063000-7f5ba0000000 ---p 00000000 00:00 0 
7f5ba0000000-7f5ba0021000 rw-p 00000000 00:00 0 
7f5ba0021000-7f5ba4000000 ---p 00000000 00:00 0 
7f5ba4000000-7f5ba4092000 rw-p 00000000 00:00 0 
7f5ba4092000-7f5ba8000000 ---p 00000000 00:00 0 
7f5ba8000000-7f5ba831a000 rw-p 00000000 00:00 0 
7f5ba831a000-7f5bac000000 ---p 00000000 00:00 0 
7f5bac000000-7f5bac047000 rw-p 00000000 00:00 0 
7f5bac047000-7f5bb0000000 ---p 00000000 00:00 0 
7f5bb0be4000-7f5bb0d24000 rw-p 00000000 00:00 0 
7f5bb0d24000-7f5bb0de4000 ---p 00000000 00:00 0 
7f5bb0de4000-7f5bb0de7000 ---p 00000000 00:00 0 
7f5bb0de7000-7f5bb0ee5000 rw-p 00000000 00:00 0 
7f5bb0ee5000-7f5bb0ee8000 ---p 00000000 00:00 0 
7f5bb0ee8000-7f5bb0fe6000 rw-p 00000000 00:00 0 
7f5bb0fe6000-7f5bb0fe9000 ---p 00000000 00:00 0 
7f5bb0fe9000-7f5bb10e7000 rw-p 00000000 00:00 0 
7f5bb10e7000-7f5bb10ea000 ---p 00000000 00:00 0 
7f5bb10ea000-7f5bb11e8000 rw-p 00000000 00:00 0 
7f5bb11e8000-7f5bb11eb000 ---p 00000000 00:00 0 
7f5bb11eb000-7f5bb12e9000 rw-p 00000000 00:00 0 
7f5bb12e9000-7f5bb12ec000 ---p 00000000 00:00 0 
7f5bb12ec000-7f5bb15ea000 rw-p 00000000 00:00 0 
7f5bb15ea000-7f5bb15ed000 ---p 00000000 00:00 0 
7f5bb15ed000-7f5bb16eb000 rw-p 00000000 00:00 0 
7f5bb16eb000-7f5bb16ee000 ---p 00000000 00:00 0 
7f5bb16ee000-7f5bb17ec000 rw-p 00000000 00:00 0 
7f5bb17ec000-7f5bb17ef000 ---p 00000000 00:00 0 
7f5bb17ef000-7f5bb18ed000 rw-p 00000000 00:00 0 
7f5bb18ed000-7f5bb18f0000 ---p 00000000 00:00 0 
7f5bb18f0000-7f5bb19ee000 rw-p 00000000 00:00 0 
7f5bb19ee000-7f5bb19f1000 ---p 00000000 00:00 0 
7f5bb19f1000-7f5bb1aef000 rw-p 00000000 00:00 0 
7f5bb1aef000-7f5bb1af2000 ---p 00000000 00:00 0 
7f5bb1af2000-7f5bb1bf0000 rw-p 00000000 00:00 0 
7f5bb1bf0000-7f5bb1bf3000 ---p 00000000 00:00 0 
7f5bb1bf3000-7f5bb1cf1000 rw-p 00000000 00:00 0 
7f5bb1cf1000-7f5bb1cf4000 ---p 00000000 00:00 0 
7f5bb1cf4000-7f5bb1ff2000 rw-p 00000000 00:00 0 
7f5bb1ff2000-7f5bb1ff5000 ---p 00000000 00:00 0 
7f5bb1ff5000-7f5bb20f3000 rw-p 00000000 00:00 0 
7f5bb20f3000-7f5bb20f6000 ---p 00000000 00:00 0 
7f5bb20f6000-7f5bb23f4000 rw-p 00000000 00:00 0 
7f5bb23f4000-7f5bb25f4000 rw-p 00000000 00:00 0 
7f5bb25f4000-7f5bb27f4000 rw-p 00000000 00:00 0 
7f5bb27f4000-7f5bb29f4000 rw-p 00000000 00:00 0 
7f5bb29f4000-7f5bb2bf4000 rw-p 00000000 00:00 0 
7f5bb2bf4000-7f5bb2bf7000 ---p 00000000 00:00 0 
7f5bb2bf7000-7f5bb2cf5000 rw-p 00000000 00:00 0 
7f5bb2cf5000-7f5bb2cf8000 ---p 00000000 00:00 0 
7f5bb2cf8000-7f5bb2df6000 rw-p 00000000 00:00 0 
7f5bb2df6000-7f5bb2df9000 ---p 00000000 00:00 0 
7f5bb2df9000-7f5bb2ef7000 rw-p 00000000 00:00 0 
7f5bb2ef7000-7f5bb2efa000 ---p 00000000 00:00 0 
7f5bb2efa000-7f5bb2ff8000 rw-p 00000000 00:00 0 
7f5bb2ff8000-7f5bb2ffb000 ---p 00000000 00:00 0 
7f5bb2ffb000-7f5bb30f9000 rw-p 00000000 00:00 0 
7f5bb30f9000-7f5bb30fc000 ---p 00000000 00:00 0 
7f5bb30fc000-7f5bb31fa000 rw-p 00000000 00:00 0 
7f5bb31fa000-7f5bb31fd000 ---p 00000000 00:00 0 
7f5bb31fd000-7f5bb32fb000 rw-p 00000000 00:00 0 
7f5bb32fb000-7f5bb32fe000 ---p 00000000 00:00 0 
7f5bb32fe000-7f5bb33fc000 rw-p 00000000 00:00 0 
7f5bb33fc000-7f5bb33ff000 ---p 00000000 00:00 0 
7f5bb33ff000-7f5bb36fd000 rw-p 00000000 00:00 0 
7f5bb36fd000-7f5bb38fd000 rw-p 00000000 00:00 0 
7f5bb38fd000-7f5bb3afd000 rw-p 00000000 00:00 0 
7f5bb3afd000-7f5bb3b00000 ---p 00000000 00:00 0 
7f5bb3b00000-7f5bb3bfe000 rw-p 00000000 00:00 0 
7f5bb3bfe000-7f5bb3c01000 ---p 00000000 00:00 0 
7f5bb3c01000-7f5bb3cff000 rw-p 00000000 00:00 0 
7f5bb3cff000-7f5bb3d02000 ---p 00000000 00:00 0 
7f5bb3d02000-7f5bb3fff000 rw-p 00000000 00:00 0 
7f5bb3fff000-7f5bb4000000 ---p 00000000 00:00 0 
7f5bb4000000-7f5bb4deb000 rw-p 00000000 00:00 0 
7f5bb4deb000-7f5bb8000000 ---p 00000000 00:00 0 
7f5bb8000000-7f5bb8021000 rw-p 00000000 00:00 0 
7f5bb8021000-7f5bbc000000 ---p 00000000 00:00 0 
7f5bbc000000-7f5bbc021000 rw-p 00000000 00:00 0 
7f5bbc021000-7f5bc0000000 ---p 00000000 00:00 0 
7f5bc0000000-7f5bc0021000 rw-p 00000000 00:00 0 
7f5bc0021000-7f5bc4000000 ---p 00000000 00:00 0 
7f5bc40b8000-7f5bc40bb000 ---p 00000000 00:00 0 
7f5bc40bb000-7f5bc41b9000 rw-p 00000000 00:00 0 
7f5bc41b9000-7f5bc41ba000 r--s 00002000 103:04 670927                    /home/trofis/Documents/Worldline/autoPairing/logstash/vendor/bundle/jruby/2.5.0/gems/logstash-input-file-4.1.16/lib/jars/filewatch-1.0.1.jar
7f5bc41ba000-7f5bc43ba000 rw-p 00000000 00:00 0 
7f5bc43ba000-7f5bc45ba000 rw-p 00000000 00:00 0 
7f5bc45ba000-7f5bc47ba000 rw-p 00000000 00:00 0 
7f5bc47ba000-7f5bc49ba000 rw-p 00000000 00:00 0 
7f5bc49ba000-7f5bc49c7000 r--s 00088000 103:04 670451                    /home/trofis/Documents/Worldline/autoPairing/logstash/vendor/bundle/jruby/2.5.0/gems/march_hare-4.1.1-java/lib/ext/rabbitmq-client.jar
7f5bc49c7000-7f5bc4bc7000 rw-p 00000000 00:00 0 
7f5bc4bc7000-7f5bc4bcc000 r--s 0003d000 103:04 662625                    /usr/lib/jvm/java-8-openjdk/jre/lib/ext/sunjce_provider.jar
7f5bc4bcc000-7f5bc4bd9000 r--s 000a7000 103:04 538957                    /home/trofis/Documents/Worldline/autoPairing/logstash/vendor/bundle/jruby/2.5.0/gems/manticore-0.6.4-java/lib/org/apache/httpcomponents/httpclient/4.5.2/httpclient-4.5.2.jar
7f5bc4bd9000-7f5bc4dd9000 rw-p 00000000 00:00 0 
7f5bc4dd9000-7f5bc4fd9000 rw-p 00000000 00:00 0 
7f5bc4fd9000-7f5bc51d9000 rw-p 00000000 00:00 0 
7f5bc51d9000-7f5bc51dc000 r--p 00000000 103:04 2363725                   /usr/lib/libgcc_s.so.1
7f5bc51dc000-7f5bc51ed000 r-xp 00003000 103:04 2363725                   /usr/lib/libgcc_s.so.1
7f5bc51ed000-7f5bc51f1000 r--p 00014000 103:04 2363725                   /usr/lib/libgcc_s.so.1
7f5bc51f1000-7f5bc51f2000 r--p 00017000 103:04 2363725                   /usr/lib/libgcc_s.so.1
7f5bc51f2000-7f5bc51f3000 rw-p 00018000 103:04 2363725                   /usr/lib/libgcc_s.so.1
7f5bc51f3000-7f5bc51f4000 r--s 00003000 103:04 670452                    /home/trofis/Documents/Worldline/autoPairing/logstash/vendor/bundle/jruby/2.5.0/gems/march_hare-4.1.1-java/lib/ext/slf4j-simple.jar
7f5bc51f4000-7f5bc51f6000 r--s 00009000 103:04 670450                    /home/trofis/Documents/Worldline/autoPairing/logstash/vendor/bundle/jruby/2.5.0/gems/march_hare-4.1.1-java/lib/ext/slf4j-api.jar
7f5bc51f6000-7f5bc51f8000 r--s 00000000 103:04 440125                    /home/trofis/Documents/Worldline/autoPairing/logstash/vendor/bundle/jruby/2.5.0/gems/manticore-0.6.4-java/lib/org/manticore/manticore-ext.jar
7f5bc51f8000-7f5bc51ff000 r--s 00049000 103:04 538954                    /home/trofis/Documents/Worldline/autoPairing/logstash/vendor/bundle/jruby/2.5.0/gems/manticore-0.6.4-java/lib/org/apache/httpcomponents/httpcore/4.4.4/httpcore-4.4.4.jar
7f5bc51ff000-7f5bc5206000 r--s 0003f000 103:04 440118                    /home/trofis/Documents/Worldline/autoPairing/logstash/vendor/bundle/jruby/2.5.0/gems/manticore-0.6.4-java/lib/commons-codec/commons-codec/1.10/commons-codec-1.10.jar
7f5bc5206000-7f5bc5208000 r--s 00009000 103:04 538960                    /home/trofis/Documents/Worldline/autoPairing/logstash/vendor/bundle/jruby/2.5.0/gems/manticore-0.6.4-java/lib/org/apache/httpcomponents/httpmime/4.5.2/httpmime-4.5.2.jar
7f5bc5208000-7f5bc520a000 r--s 0000e000 103:04 440122                    /home/trofis/Documents/Worldline/autoPairing/logstash/vendor/bundle/jruby/2.5.0/gems/manticore-0.6.4-java/lib/commons-logging/commons-logging/1.2/commons-logging-1.2.jar
7f5bc520a000-7f5bc520c000 r--s 00004000 103:04 807907                    /home/trofis/Documents/Worldline/autoPairing/logstash/vendor/bundle/jruby/2.5.0/gems/puma-4.3.1-java/lib/puma/puma_http11.jar
7f5bc520c000-7f5bc520e000 r--s 00002000 103:04 810358                    /home/trofis/Documents/Worldline/autoPairing/logstash/vendor/bundle/jruby/2.5.0/gems/nio4r-2.5.2-java/lib/nio4r_ext.jar
7f5bc520e000-7f5bc5211000 r--s 00022000 103:04 1842316                   /home/trofis/Documents/Worldline/autoPairing/logstash/vendor/bundle/jruby/2.5.0/gems/logstash-input-beats-6.0.8-java/vendor/jar-dependencies/com/fasterxml/jackson/module/jackson-module-afterburner/2.9.10/jackson-module-afterburner-2.9.10.jar
7f5bc5211000-7f5bc5215000 r--s 0004c000 103:04 1842309                   /home/trofis/Documents/Worldline/autoPairing/logstash/vendor/bundle/jruby/2.5.0/gems/logstash-input-beats-6.0.8-java/vendor/jar-dependencies/com/fasterxml/jackson/core/jackson-core/2.9.10/jackson-core-2.9.10.jar
7f5bc5215000-7f5bc5228000 r--s 00137000 103:04 1842306                   /home/trofis/Documents/Worldline/autoPairing/logstash/vendor/bundle/jruby/2.5.0/gems/logstash-input-beats-6.0.8-java/vendor/jar-dependencies/com/fasterxml/jackson/core/jackson-databind/2.9.10.1/jackson-databind-2.9.10.1.jar
7f5bc5228000-7f5bc5232000 r--p 00000000 103:04 662606                    /usr/lib/jvm/java-8-openjdk/jre/lib/amd64/libsunec.so
7f5bc5232000-7f5bc5257000 r-xp 0000a000 103:04 662606                    /usr/lib/jvm/java-8-openjdk/jre/lib/amd64/libsunec.so
7f5bc5257000-7f5bc5264000 r--p 0002f000 103:04 662606                    /usr/lib/jvm/java-8-openjdk/jre/lib/amd64/libsunec.so
7f5bc5264000-7f5bc5269000 r--p 0003b000 103:04 662606                    /usr/lib/jvm/java-8-openjdk/jre/lib/amd64/libsunec.so
7f5bc5269000-7f5bc526a000 rw-p 00040000 103:04 662606                    /usr/lib/jvm/java-8-openjdk/jre/lib/amd64/libsunec.so
7f5bc526a000-7f5bc546a000 rw-p 00000000 00:00 0 
7f5bc546a000-7f5bc566a000 rw-p 00000000 00:00 0 
7f5bc566a000-7f5bc5681000 r--s 00104000 103:04 672838                    /home/trofis/Documents/Worldline/autoPairing/logstash/vendor/bundle/jruby/2.5.0/gems/jruby-openssl-0.10.4-java/lib/jopenssl.jar
7f5bc5681000-7f5bc5881000 rw-p 00000000 00:00 0 
7f5bc5881000-7f5bc5a81000 rw-p 00000000 00:00 0 
7f5bc5a81000-7f5bc5c81000 rw-p 00000000 00:00 0 
7f5bc5c81000-7f5bc5e81000 rw-p 00000000 00:00 0 
7f5bc5e81000-7f5bc6081000 rw-p 00000000 00:00 0 
7f5bc6081000-7f5bc6281000 rw-p 00000000 00:00 0 
7f5bc6281000-7f5bc6481000 rw-p 00000000 00:00 0 
7f5bc6481000-7f5bc6681000 rw-p 00000000 00:00 0 
7f5bc6681000-7f5bc6880000 rw-p 00000000 00:00 0 
7f5bc6880000-7f5bc6881000 ---p 00000000 00:00 0 
7f5bc6881000-7f5bc6a7d000 rw-p 00000000 00:00 0 
7f5bc6a7d000-7f5bc6a81000 ---p 00000000 00:00 0 
7f5bc6a81000-7f5bc6c81000 rw-p 00000000 00:00 0 
7f5bc6c81000-7f5bc6c83000 r--s 0000d000 103:04 809293                    /home/trofis/Documents/Worldline/autoPairing/logstash/vendor/bundle/jruby/2.5.0/gems/jrjackson-0.4.11-java/lib/jrjackson/jars/jrjackson-1.2.29.jar
7f5bc6c83000-7f5bc6c86000 r--s 0000e000 103:04 1842312                   /home/trofis/Documents/Worldline/autoPairing/logstash/vendor/bundle/jruby/2.5.0/gems/logstash-input-beats-6.0.8-java/vendor/jar-dependencies/com/fasterxml/jackson/core/jackson-annotations/2.9.10/jackson-annotations-2.9.10.jar
7f5bc6c86000-7f5bc6c8a000 r--s 0001a000 103:04 1976672                   /home/trofis/Documents/Worldline/autoPairing/logstash/vendor/bundle/jruby/2.5.0/gems/thread_safe-0.3.6-java/lib/thread_safe/jruby_cache_backend.jar
7f5bc6c8a000-7f5bc6c8e000 r--s 0003a000 103:04 662626                    /usr/lib/jvm/java-8-openjdk/jre/lib/ext/sunpkcs11.jar
7f5bc6c8e000-7f5bc6ced000 r--s 003fa000 103:04 672864                    /home/trofis/Documents/Worldline/autoPairing/logstash/vendor/bundle/jruby/2.5.0/gems/jruby-openssl-0.10.4-java/lib/org/bouncycastle/bcprov-jdk15on/1.62/bcprov-jdk15on-1.62.jar
7f5bc6ced000-7f5bc6cf0000 ---p 00000000 00:00 0 
7f5bc6cf0000-7f5bc6fe7000 rw-p 00000000 00:00 0 
7f5bc6fe7000-7f5bc6fee000 ---p 00000000 00:00 0 
7f5bc6fee000-7f5bc71ee000 rw-p 00000000 00:00 0 
7f5bc71ee000-7f5bc73ee000 rw-p 00000000 00:00 0 
7f5bc73ee000-7f5bc75ee000 rw-p 00000000 00:00 0 
7f5bc75ee000-7f5bc77ee000 rw-p 00000000 00:00 0 
7f5bc77ee000-7f5bc7800000 r-xp 00000000 00:2e 146                        /tmp/jffi5189228311702102157.so (deleted)
7f5bc7800000-7f5bc79ff000 ---p 00012000 00:2e 146                        /tmp/jffi5189228311702102157.so (deleted)
7f5bc79ff000-7f5bc7a00000 rw-p 00011000 00:2e 146                        /tmp/jffi5189228311702102157.so (deleted)
7f5bc7a00000-7f5bc7c00000 rw-p 00000000 00:00 0 
7f5bc7c00000-7f5bc7e00000 rw-p 00000000 00:00 0 
7f5bc7e00000-7f5bc8000000 rw-p 00000000 00:00 0 
7f5bc8000000-7f5bcafca000 rw-p 00000000 00:00 0 
7f5bcafca000-7f5bcc000000 ---p 00000000 00:00 0 
7f5bcc000000-7f5bcc021000 rw-p 00000000 00:00 0 
7f5bcc021000-7f5bd0000000 ---p 00000000 00:00 0 
7f5bd0000000-7f5bd280b000 rw-p 00000000 00:00 0 
7f5bd280b000-7f5bd4000000 ---p 00000000 00:00 0 
7f5bd4000000-7f5bd6506000 rw-p 00000000 00:00 0 
7f5bd6506000-7f5bd8000000 ---p 00000000 00:00 0 
7f5bd8000000-7f5bd8021000 rw-p 00000000 00:00 0 
7f5bd8021000-7f5bdc000000 ---p 00000000 00:00 0 
7f5bdc000000-7f5bdfffb000 rw-p 00000000 00:00 0 
7f5bdfffb000-7f5be0000000 ---p 00000000 00:00 0 
7f5be0000000-7f5be0021000 rw-p 00000000 00:00 0 
7f5be0021000-7f5be4000000 ---p 00000000 00:00 0 
7f5be4000000-7f5be4021000 rw-p 00000000 00:00 0 
7f5be4021000-7f5be8000000 ---p 00000000 00:00 0 
7f5be8000000-7f5be822f000 rw-p 00000000 00:00 0 
7f5be822f000-7f5bec000000 ---p 00000000 00:00 0 
7f5bec000000-7f5bec021000 rw-p 00000000 00:00 0 
7f5bec021000-7f5bf0000000 ---p 00000000 00:00 0 
7f5bf0000000-7f5bf0021000 rw-p 00000000 00:00 0 
7f5bf0021000-7f5bf4000000 ---p 00000000 00:00 0 
7f5bf4000000-7f5bf4021000 rw-p 00000000 00:00 0 
7f5bf4021000-7f5bf8000000 ---p 00000000 00:00 0 
7f5bf8000000-7f5bf8021000 rw-p 00000000 00:00 0 
7f5bf8021000-7f5bfc000000 ---p 00000000 00:00 0 
7f5bfc000000-7f5bfc05c000 rw-p 00000000 00:00 0 
7f5bfc05c000-7f5c00000000 ---p 00000000 00:00 0 
7f5c00000000-7f5c00001000 r--s 00008000 103:04 809868                    /home/trofis/Documents/Worldline/autoPairing/logstash/vendor/bundle/jruby/2.5.0/gems/json-1.8.6-java/lib/json/ext/generator.jar
7f5c00001000-7f5c00003000 r--s 00006000 103:04 809867                    /home/trofis/Documents/Worldline/autoPairing/logstash/vendor/bundle/jruby/2.5.0/gems/json-1.8.6-java/lib/json/ext/parser.jar
7f5c00003000-7f5c0001a000 r--s 000ff000 103:04 672870                    /home/trofis/Documents/Worldline/autoPairing/logstash/vendor/bundle/jruby/2.5.0/gems/jruby-openssl-0.10.4-java/lib/org/bouncycastle/bctls-jdk15on/1.62/bctls-jdk15on-1.62.jar
7f5c0001a000-7f5c0001b000 r--p 00000000 103:04 2368466                   /usr/lib/libcrypt-2.31.so
7f5c0001b000-7f5c00021000 r-xp 00001000 103:04 2368466                   /usr/lib/libcrypt-2.31.so
7f5c00021000-7f5c00023000 r--p 00007000 103:04 2368466                   /usr/lib/libcrypt-2.31.so
7f5c00023000-7f5c00024000 ---p 00009000 103:04 2368466                   /usr/lib/libcrypt-2.31.so
7f5c00024000-7f5c00025000 r--p 00009000 103:04 2368466                   /usr/lib/libcrypt-2.31.so
7f5c00025000-7f5c00026000 rw-p 0000a000 103:04 2368466                   /usr/lib/libcrypt-2.31.so
7f5c00026000-7f5c00054000 rw-p 00000000 00:00 0 
7f5c00054000-7f5c00055000 r--s 0000d000 103:04 662624                    /usr/lib/jvm/java-8-openjdk/jre/lib/ext/sunec.jar
7f5c00055000-7f5c00069000 r--s 000c1000 103:04 672867                    /home/trofis/Documents/Worldline/autoPairing/logstash/vendor/bundle/jruby/2.5.0/gems/jruby-openssl-0.10.4-java/lib/org/bouncycastle/bcpkix-jdk15on/1.62/bcpkix-jdk15on-1.62.jar
7f5c00069000-7f5c0006d000 r--s 0001e000 103:04 539071                    /home/trofis/Documents/Worldline/autoPairing/logstash/vendor/bundle/jruby/2.5.0/gems/concurrent-ruby-1.1.6/lib/concurrent-ruby/concurrent/concurrent_ruby.jar
7f5c0006d000-7f5c00074000 r--s 00043000 00:2e 149                        /tmp/jruby-131503/jruby5699205711836754814snakeyaml-1.23.jar
7f5c00074000-7f5c00076000 r--s 00016000 103:04 662567                    /usr/lib/jvm/java-8-openjdk/jre/lib/jce.jar
7f5c00076000-7f5c00089000 r--s 00346000 103:04 662573                    /usr/lib/jvm/java-8-openjdk/jre/lib/resources.jar
7f5c00089000-7f5c0008a000 r--p 00000000 103:04 662587                    /usr/lib/jvm/java-8-openjdk/jre/lib/amd64/libjaas_unix.so
7f5c0008a000-7f5c0008b000 r-xp 00001000 103:04 662587                    /usr/lib/jvm/java-8-openjdk/jre/lib/amd64/libjaas_unix.so
7f5c0008b000-7f5c0008c000 r--p 00002000 103:04 662587                    /usr/lib/jvm/java-8-openjdk/jre/lib/amd64/libjaas_unix.so
7f5c0008c000-7f5c0008d000 r--p 00002000 103:04 662587                    /usr/lib/jvm/java-8-openjdk/jre/lib/amd64/libjaas_unix.so
7f5c0008d000-7f5c0008e000 rw-p 00003000 103:04 662587                    /usr/lib/jvm/java-8-openjdk/jre/lib/amd64/libjaas_unix.so
7f5c0008e000-7f5c000a9000 r--s 001d6000 103:04 662623                    /usr/lib/jvm/java-8-openjdk/jre/lib/ext/nashorn.jar
7f5c000a9000-7f5c000ae000 r--s 000a3000 103:04 662569                    /usr/lib/jvm/java-8-openjdk/jre/lib/jsse.jar
7f5c000ae000-7f5c000b2000 r--p 00000000 103:04 662598                    /usr/lib/jvm/java-8-openjdk/jre/lib/amd64/libmanagement.so
7f5c000b2000-7f5c000b5000 r-xp 00004000 103:04 662598                    /usr/lib/jvm/java-8-openjdk/jre/lib/amd64/libmanagement.so
7f5c000b5000-7f5c000b7000 r--p 00007000 103:04 662598                    /usr/lib/jvm/java-8-openjdk/jre/lib/amd64/libmanagement.so
7f5c000b7000-7f5c000b8000 r--p 00008000 103:04 662598                    /usr/lib/jvm/java-8-openjdk/jre/lib/amd64/libmanagement.so
7f5c000b8000-7f5c000b9000 rw-p 00009000 103:04 662598                    /usr/lib/jvm/java-8-openjdk/jre/lib/amd64/libmanagement.so
7f5c000b9000-7f5c000bb000 r--s 00009000 103:04 1582098                   /home/trofis/Documents/Worldline/autoPairing/logstash/logstash-core/lib/jars/slf4j-api-1.7.25.jar
7f5c000bb000-7f5c000be000 r--s 0001e000 103:04 1582092                   /home/trofis/Documents/Worldline/autoPairing/logstash/logstash-core/lib/jars/reflections-0.9.11.jar
7f5c000be000-7f5c000c3000 r--s 00038000 103:04 1582125                   /home/trofis/Documents/Worldline/autoPairing/logstash/logstash-core/lib/jars/org.eclipse.text-3.5.101.jar
7f5c000c3000-7f5c000d6000 r--s 0013a000 103:04 1582123                   /home/trofis/Documents/Worldline/autoPairing/logstash/logstash-core/lib/jars/org.eclipse.osgi-3.7.1.jar
7f5c000d6000-7f5c00103000 r--s 00522000 103:04 1582110                   /home/trofis/Documents/Worldline/autoPairing/logstash/logstash-core/lib/jars/org.eclipse.jdt.core-3.10.0.jar
7f5c00103000-7f5c00107000 r--s 00029000 103:04 1582120                   /home/trofis/Documents/Worldline/autoPairing/logstash/logstash-core/lib/jars/org.eclipse.equinox.registry-3.5.101.jar
7f5c00107000-7f5c0010a000 r--s 00019000 103:04 1582093                   /home/trofis/Documents/Worldline/autoPairing/logstash/logstash-core/lib/jars/org.eclipse.equinox.preferences-3.4.1.jar
7f5c0010a000-7f5c0010c000 r--s 00018000 103:04 1582122                   /home/trofis/Documents/Worldline/autoPairing/logstash/logstash-core/lib/jars/org.eclipse.equinox.common-3.6.0.jar
7f5c0010c000-7f5c0010e000 r--s 00013000 103:04 1582108                   /home/trofis/Documents/Worldline/autoPairing/logstash/logstash-core/lib/jars/org.eclipse.equinox.app-1.3.100.jar
7f5c0010e000-7f5c00110000 r--s 00010000 103:04 1582099                   /home/trofis/Documents/Worldline/autoPairing/logstash/logstash-core/lib/jars/org.eclipse.core.runtime-3.7.0.jar
7f5c00110000-7f5c0011b000 r--s 000bb000 103:04 1582106                   /home/trofis/Documents/Worldline/autoPairing/logstash/logstash-core/lib/jars/org.eclipse.core.resources-3.7.100.jar
7f5c0011b000-7f5c0011e000 r--s 00014000 103:04 1582121                   /home/trofis/Documents/Worldline/autoPairing/logstash/logstash-core/lib/jars/org.eclipse.core.jobs-3.5.100.jar
7f5c0011e000-7f5c00120000 r--s 0000b000 103:04 1582096                   /home/trofis/Documents/Worldline/autoPairing/logstash/logstash-core/lib/jars/org.eclipse.core.filesystem-1.3.100.jar
7f5c00120000-7f5c00123000 r--s 00013000 103:04 1582103                   /home/trofis/Documents/Worldline/autoPairing/logstash/logstash-core/lib/jars/org.eclipse.core.expressions-3.4.300.jar
7f5c00123000-7f5c00126000 r--s 00014000 103:04 1582115                   /home/trofis/Documents/Worldline/autoPairing/logstash/logstash-core/lib/jars/org.eclipse.core.contenttype-3.4.100.jar
7f5c00126000-7f5c0012a000 r--s 00017000 103:04 1582102                   /home/trofis/Documents/Worldline/autoPairing/logstash/logstash-core/lib/jars/org.eclipse.core.commands-3.6.0.jar
7f5c0012a000-7f5c0192b000 rw-p 00000000 00:00 0 
7f5c0192b000-7f5c01930000 r--p 00000000 103:04 662600                    /usr/lib/jvm/java-8-openjdk/jre/lib/amd64/libnet.so
7f5c01930000-7f5c0193f000 r-xp 00005000 103:04 662600                    /usr/lib/jvm/java-8-openjdk/jre/lib/amd64/libnet.so
7f5c0193f000-7f5c01943000 r--p 00014000 103:04 662600                    /usr/lib/jvm/java-8-openjdk/jre/lib/amd64/libnet.so
7f5c01943000-7f5c01944000 r--p 00017000 103:04 662600                    /usr/lib/jvm/java-8-openjdk/jre/lib/amd64/libnet.so
7f5c01944000-7f5c01945000 rw-p 00018000 103:04 662600                    /usr/lib/jvm/java-8-openjdk/jre/lib/amd64/libnet.so
7f5c01945000-7f5c0194c000 r--p 00000000 103:04 662601                    /usr/lib/jvm/java-8-openjdk/jre/lib/amd64/libnio.so
7f5c0194c000-7f5c01954000 r-xp 00007000 103:04 662601                    /usr/lib/jvm/java-8-openjdk/jre/lib/amd64/libnio.so
7f5c01954000-7f5c01957000 r--p 0000f000 103:04 662601                    /usr/lib/jvm/java-8-openjdk/jre/lib/amd64/libnio.so
7f5c01957000-7f5c01958000 ---p 00012000 103:04 662601                    /usr/lib/jvm/java-8-openjdk/jre/lib/amd64/libnio.so
7f5c01958000-7f5c01959000 r--p 00012000 103:04 662601                    /usr/lib/jvm/java-8-openjdk/jre/lib/amd64/libnio.so
7f5c01959000-7f5c0195a000 rw-p 00013000 103:04 662601                    /usr/lib/jvm/java-8-openjdk/jre/lib/amd64/libnio.so
7f5c0195a000-7f5c01966000 r--s 00088000 103:04 1582107                   /home/trofis/Documents/Worldline/autoPairing/logstash/logstash-core/lib/jars/logstash-core.jar
7f5c01966000-7f5c01987000 r--s 00178000 103:04 1582091                   /home/trofis/Documents/Worldline/autoPairing/logstash/logstash-core/lib/jars/log4j-core-2.12.1.jar
7f5c01987000-7f5c0198d000 r--s 0003e000 103:04 1582100                   /home/trofis/Documents/Worldline/autoPairing/logstash/logstash-core/lib/jars/log4j-api-2.12.1.jar
7f5c0198d000-7f5c019c1000 rw-p 00000000 00:00 0 
7f5c019c1000-7f5c01af0000 r--s 017af000 103:04 1582114                   /home/trofis/Documents/Worldline/autoPairing/logstash/logstash-core/lib/jars/jruby-complete-9.2.9.0.jar
7f5c01af0000-7f5c01afb000 r--s 000b5000 103:04 1582124                   /home/trofis/Documents/Worldline/autoPairing/logstash/logstash-core/lib/jars/javassist-3.26.0-GA.jar
7f5c01afb000-7f5c01afc000 ---p 00000000 00:00 0 
7f5c01afc000-7f5c01bfc000 rw-p 00000000 00:00 0 
7f5c01bfc000-7f5c01bff000 ---p 00000000 00:00 0 
7f5c01bff000-7f5c01cfd000 rw-p 00000000 00:00 0 
7f5c01cfd000-7f5c01cfe000 ---p 00000000 00:00 0 
7f5c01cfe000-7f5c01d01000 ---p 00000000 00:00 0 
7f5c01d01000-7f5c01dfe000 rw-p 00000000 00:00 0 
7f5c01dfe000-7f5c01dff000 ---p 00000000 00:00 0 
7f5c01dff000-7f5c01e02000 ---p 00000000 00:00 0 
7f5c01e02000-7f5c01eff000 rw-p 00000000 00:00 0 
7f5c01eff000-7f5c01f00000 ---p 00000000 00:00 0 
7f5c01f00000-7f5c01f03000 ---p 00000000 00:00 0 
7f5c01f03000-7f5c04000000 rw-p 00000000 00:00 0 
7f5c04000000-7f5c04047000 rw-p 00000000 00:00 0 
7f5c04047000-7f5c08000000 ---p 00000000 00:00 0 
7f5c08000000-7f5c0802e000 rw-p 00000000 00:00 0 
7f5c0802e000-7f5c0c000000 ---p 00000000 00:00 0 
7f5c0c000000-7f5c0c05c000 rw-p 00000000 00:00 0 
7f5c0c05c000-7f5c10000000 ---p 00000000 00:00 0 
7f5c10000000-7f5c10026000 rw-p 00000000 00:00 0 
7f5c10026000-7f5c14000000 ---p 00000000 00:00 0 
7f5c14000000-7f5c14026000 rw-p 00000000 00:00 0 
7f5c14026000-7f5c18000000 ---p 00000000 00:00 0 
7f5c18000000-7f5c18023000 rw-p 00000000 00:00 0 
7f5c18023000-7f5c1c000000 ---p 00000000 00:00 0 
7f5c1c000000-7f5c1c023000 rw-p 00000000 00:00 0 
7f5c1c023000-7f5c20000000 ---p 00000000 00:00 0 
7f5c20000000-7f5c20001000 r--s 00004000 00:2e 148                        /tmp/jruby-131503/jruby6132241241578112180psych.jar
7f5c20001000-7f5c20014000 r--s 00137000 103:04 1582117                   /home/trofis/Documents/Worldline/autoPairing/logstash/logstash-core/lib/jars/jackson-databind-2.9.10.1.jar
7f5c20014000-7f5c20015000 ---p 00000000 00:00 0 
7f5c20015000-7f5c20018000 ---p 00000000 00:00 0 
7f5c20018000-7f5c20115000 rw-p 00000000 00:00 0 
7f5c20115000-7f5c20118000 ---p 00000000 00:00 0 
7f5c20118000-7f5c20216000 rw-p 00000000 00:00 0 
7f5c20216000-7f5c20219000 ---p 00000000 00:00 0 
7f5c20219000-7f5c20317000 rw-p 00000000 00:00 0 
7f5c20317000-7f5c205fe000 r--p 00000000 103:04 2374792                   /usr/lib/locale/locale-archive
7f5c205fe000-7f5c20601000 ---p 00000000 00:00 0 
7f5c20601000-7f5c206ff000 rw-p 00000000 00:00 0 
7f5c206ff000-7f5c20702000 ---p 00000000 00:00 0 
7f5c20702000-7f5c21000000 rw-p 00000000 00:00 0 
7f5c21000000-7f5c25160000 rwxp 00000000 00:00 0 
7f5c25160000-7f5c30000000 ---p 00000000 00:00 0 
7f5c30000000-7f5c32266000 rw-p 00000000 00:00 0 
7f5c32266000-7f5c34000000 ---p 00000000 00:00 0 
7f5c34000000-7f5c34001000 r--s 00005000 103:04 1582090                   /home/trofis/Documents/Worldline/autoPairing/logstash/logstash-core/lib/jars/log4j-slf4j-impl-2.12.1.jar
7f5c34001000-7f5c34004000 r--s 00006000 103:04 1582094                   /home/trofis/Documents/Worldline/autoPairing/logstash/logstash-core/lib/jars/jsr305-1.3.9.jar
7f5c34004000-7f5c34010000 r--s 000c9000 103:04 1582116                   /home/trofis/Documents/Worldline/autoPairing/logstash/logstash-core/lib/jars/janino-3.1.0.jar
7f5c34010000-7f5c34012000 r--s 0000b000 103:04 1582101                   /home/trofis/Documents/Worldline/autoPairing/logstash/logstash-core/lib/jars/jackson-dataformat-cbor-2.9.10.jar
7f5c34012000-7f5c34016000 r--s 0004c000 103:04 1582105                   /home/trofis/Documents/Worldline/autoPairing/logstash/logstash-core/lib/jars/jackson-core-2.9.10.jar
7f5c34016000-7f5c34019000 r--s 0000e000 103:04 1582113                   /home/trofis/Documents/Worldline/autoPairing/logstash/logstash-core/lib/jars/jackson-annotations-2.9.10.jar
7f5c34019000-7f5c3401b000 r--s 00001000 103:04 1582112                   /home/trofis/Documents/Worldline/autoPairing/logstash/logstash-core/lib/jars/j2objc-annotations-1.1.jar
7f5c3401b000-7f5c3404b000 r--s 00245000 103:04 1582097                   /home/trofis/Documents/Worldline/autoPairing/logstash/logstash-core/lib/jars/guava-22.0.jar
7f5c3404b000-7f5c34050000 r--s 0003c000 103:04 1582104                   /home/trofis/Documents/Worldline/autoPairing/logstash/logstash-core/lib/jars/gradle-license-report-0.7.1.jar
7f5c34050000-7f5c34054000 r--s 0002a000 103:04 1582111                   /home/trofis/Documents/Worldline/autoPairing/logstash/logstash-core/lib/jars/google-java-format-1.1.jar
7f5c34054000-7f5c34055000 r--s 00002000 103:04 1582095                   /home/trofis/Documents/Worldline/autoPairing/logstash/logstash-core/lib/jars/error_prone_annotations-2.0.18.jar
7f5c34055000-7f5c3405c000 r--s 0004e000 103:04 1582109                   /home/trofis/Documents/Worldline/autoPairing/logstash/logstash-core/lib/jars/commons-codec-1.13.jar
7f5c3405c000-7f5c3405d000 ---p 00000000 00:00 0 
7f5c3405d000-7f5c341ab000 rw-p 00000000 00:00 0 
7f5c341ab000-7f5c3437b000 r--s 03c68000 103:04 662574                    /usr/lib/jvm/java-8-openjdk/jre/lib/rt.jar
7f5c3437b000-7f5c345ef000 rw-p 00000000 00:00 0 
7f5c345ef000-7f5c345f0000 ---p 00000000 00:00 0 
7f5c345f0000-7f5c34ef8000 rw-p 00000000 00:00 0 
7f5c34ef8000-7f5c34ef9000 ---p 00000000 00:00 0 
7f5c34ef9000-7f5c34ff9000 rw-p 00000000 00:00 0 
7f5c34ff9000-7f5c34ffa000 ---p 00000000 00:00 0 
7f5c34ffa000-7f5c3672e000 rw-p 00000000 00:00 0 
7f5c3672e000-7f5c3672f000 rw-p 00000000 00:00 0 
7f5c3672f000-7f5c36730000 ---p 00000000 00:00 0 
7f5c36730000-7f5c36830000 rw-p 00000000 00:00 0 
7f5c36830000-7f5c36831000 ---p 00000000 00:00 0 
7f5c36831000-7f5c36931000 rw-p 00000000 00:00 0 
7f5c36931000-7f5c36932000 ---p 00000000 00:00 0 
7f5c36932000-7f5c36a32000 rw-p 00000000 00:00 0 
7f5c36a32000-7f5c36a33000 ---p 00000000 00:00 0 
7f5c36a33000-7f5c36b33000 rw-p 00000000 00:00 0 
7f5c36b33000-7f5c36b34000 ---p 00000000 00:00 0 
7f5c36b34000-7f5c36c34000 rw-p 00000000 00:00 0 
7f5c36c34000-7f5c36c35000 ---p 00000000 00:00 0 
7f5c36c35000-7f5c36d35000 rw-p 00000000 00:00 0 
7f5c36d35000-7f5c36d36000 ---p 00000000 00:00 0 
7f5c36d36000-7f5c36e36000 rw-p 00000000 00:00 0 
7f5c36e36000-7f5c36e37000 ---p 00000000 00:00 0 
7f5c36e37000-7f5c3703d000 rw-p 00000000 00:00 0 
7f5c3703d000-7f5c372f7000 ---p 00000000 00:00 0 
7f5c372f7000-7f5c372fa000 r--p 00000000 103:04 662609                    /usr/lib/jvm/java-8-openjdk/jre/lib/amd64/libzip.so
7f5c372fa000-7f5c372fe000 r-xp 00003000 103:04 662609                    /usr/lib/jvm/java-8-openjdk/jre/lib/amd64/libzip.so
7f5c372fe000-7f5c37300000 r--p 00007000 103:04 662609                    /usr/lib/jvm/java-8-openjdk/jre/lib/amd64/libzip.so
7f5c37300000-7f5c37301000 r--p 00008000 103:04 662609                    /usr/lib/jvm/java-8-openjdk/jre/lib/amd64/libzip.so
7f5c37301000-7f5c37302000 rw-p 00009000 103:04 662609                    /usr/lib/jvm/java-8-openjdk/jre/lib/amd64/libzip.so
7f5c37302000-7f5c3730f000 r--p 00000000 103:04 662588                    /usr/lib/jvm/java-8-openjdk/jre/lib/amd64/libjava.so
7f5c3730f000-7f5c37325000 r-xp 0000d000 103:04 662588                    /usr/lib/jvm/java-8-openjdk/jre/lib/amd64/libjava.so
7f5c37325000-7f5c3732c000 r--p 00023000 103:04 662588                    /usr/lib/jvm/java-8-openjdk/jre/lib/amd64/libjava.so
7f5c3732c000-7f5c3732d000 r--p 00029000 103:04 662588                    /usr/lib/jvm/java-8-openjdk/jre/lib/amd64/libjava.so
7f5c3732d000-7f5c3732e000 rw-p 0002a000 103:04 662588                    /usr/lib/jvm/java-8-openjdk/jre/lib/amd64/libjava.so
7f5c3732e000-7f5c3732f000 rw-p 00000000 00:00 0 
7f5c3732f000-7f5c37332000 r--p 00000000 103:04 2368512                   /usr/lib/librt-2.31.so
7f5c37332000-7f5c37336000 r-xp 00003000 103:04 2368512                   /usr/lib/librt-2.31.so
7f5c37336000-7f5c37337000 r--p 00007000 103:04 2368512                   /usr/lib/librt-2.31.so
7f5c37337000-7f5c37338000 ---p 00008000 103:04 2368512                   /usr/lib/librt-2.31.so
7f5c37338000-7f5c37339000 r--p 00008000 103:04 2368512                   /usr/lib/librt-2.31.so
7f5c37339000-7f5c3733a000 rw-p 00009000 103:04 2368512                   /usr/lib/librt-2.31.so
7f5c3733a000-7f5c3733b000 ---p 00000000 00:00 0 
7f5c3733b000-7f5c3733e000 ---p 00000000 00:00 0 
7f5c3733e000-7f5c3743b000 rw-p 00000000 00:00 0 
7f5c3743b000-7f5c3744a000 r--p 00000000 103:04 2368476                   /usr/lib/libm-2.31.so
7f5c3744a000-7f5c374e6000 r-xp 0000f000 103:04 2368476                   /usr/lib/libm-2.31.so
7f5c374e6000-7f5c3757f000 r--p 000ab000 103:04 2368476                   /usr/lib/libm-2.31.so
7f5c3757f000-7f5c37580000 r--p 00143000 103:04 2368476                   /usr/lib/libm-2.31.so
7f5c37580000-7f5c37581000 rw-p 00144000 103:04 2368476                   /usr/lib/libm-2.31.so
7f5c37581000-7f5c37773000 r--p 00000000 103:04 662612                    /usr/lib/jvm/java-8-openjdk/jre/lib/amd64/server/libjvm.so
7f5c37773000-7f5c3801f000 r-xp 001f2000 103:04 662612                    /usr/lib/jvm/java-8-openjdk/jre/lib/amd64/server/libjvm.so
7f5c3801f000-7f5c381c1000 r--p 00a9e000 103:04 662612                    /usr/lib/jvm/java-8-openjdk/jre/lib/amd64/server/libjvm.so
7f5c381c1000-7f5c381c2000 ---p 00c40000 103:04 662612                    /usr/lib/jvm/java-8-openjdk/jre/lib/amd64/server/libjvm.so
7f5c381c2000-7f5c38257000 r--p 00c40000 103:04 662612                    /usr/lib/jvm/java-8-openjdk/jre/lib/amd64/server/libjvm.so
7f5c38257000-7f5c3827f000 rw-p 00cd5000 103:04 662612                    /usr/lib/jvm/java-8-openjdk/jre/lib/amd64/server/libjvm.so
7f5c3827f000-7f5c382b2000 rw-p 00000000 00:00 0 
7f5c382b2000-7f5c382b9000 r--p 00000000 103:04 2368504                   /usr/lib/libpthread-2.31.so
7f5c382b9000-7f5c382c9000 r-xp 00007000 103:04 2368504                   /usr/lib/libpthread-2.31.so
7f5c382c9000-7f5c382ce000 r--p 00017000 103:04 2368504                   /usr/lib/libpthread-2.31.so
7f5c382ce000-7f5c382cf000 r--p 0001b000 103:04 2368504                   /usr/lib/libpthread-2.31.so
7f5c382cf000-7f5c382d0000 rw-p 0001c000 103:04 2368504                   /usr/lib/libpthread-2.31.so
7f5c382d0000-7f5c382d4000 rw-p 00000000 00:00 0 
7f5c382d4000-7f5c382d5000 r--p 00000000 103:04 2368470                   /usr/lib/libdl-2.31.so
7f5c382d5000-7f5c382d6000 r-xp 00001000 103:04 2368470                   /usr/lib/libdl-2.31.so
7f5c382d6000-7f5c382d7000 r--p 00002000 103:04 2368470                   /usr/lib/libdl-2.31.so
7f5c382d7000-7f5c382d8000 r--p 00002000 103:04 2368470                   /usr/lib/libdl-2.31.so
7f5c382d8000-7f5c382d9000 rw-p 00003000 103:04 2368470                   /usr/lib/libdl-2.31.so
7f5c382d9000-7f5c382dc000 r--p 00000000 103:04 2365659                   /usr/lib/libz.so.1.2.11
7f5c382dc000-7f5c382ea000 r-xp 00003000 103:04 2365659                   /usr/lib/libz.so.1.2.11
7f5c382ea000-7f5c382f0000 r--p 00011000 103:04 2365659                   /usr/lib/libz.so.1.2.11
7f5c382f0000-7f5c382f1000 ---p 00017000 103:04 2365659                   /usr/lib/libz.so.1.2.11
7f5c382f1000-7f5c382f2000 r--p 00017000 103:04 2365659                   /usr/lib/libz.so.1.2.11
7f5c382f2000-7f5c382f3000 rw-p 00018000 103:04 2365659                   /usr/lib/libz.so.1.2.11
7f5c382f3000-7f5c38318000 r--p 00000000 103:04 2368461                   /usr/lib/libc-2.31.so
7f5c38318000-7f5c38464000 r-xp 00025000 103:04 2368461                   /usr/lib/libc-2.31.so
7f5c38464000-7f5c384af000 r--p 00171000 103:04 2368461                   /usr/lib/libc-2.31.so
7f5c384af000-7f5c384b2000 r--p 001bb000 103:04 2368461                   /usr/lib/libc-2.31.so
7f5c384b2000-7f5c384b5000 rw-p 001be000 103:04 2368461                   /usr/lib/libc-2.31.so
7f5c384b5000-7f5c384b9000 rw-p 00000000 00:00 0 
7f5c384b9000-7f5c384be000 r--s 0001f000 103:04 1582119                   /home/trofis/Documents/Worldline/autoPairing/logstash/logstash-core/lib/jars/commons-compiler-3.1.0.jar
7f5c384be000-7f5c384bf000 r--s 00000000 103:04 1582118                   /home/trofis/Documents/Worldline/autoPairing/logstash/logstash-core/lib/jars/animal-sniffer-annotations-1.14.jar
7f5c384bf000-7f5c384c7000 rw-s 00000000 00:2e 141                        /tmp/hsperfdata_trofis/131503
7f5c384c7000-7f5c384ca000 r--p 00000000 103:04 2368497                   /usr/lib/libnss_files-2.31.so
7f5c384ca000-7f5c384d1000 r-xp 00003000 103:04 2368497                   /usr/lib/libnss_files-2.31.so
7f5c384d1000-7f5c384d3000 r--p 0000a000 103:04 2368497                   /usr/lib/libnss_files-2.31.so
7f5c384d3000-7f5c384d4000 r--p 0000b000 103:04 2368497                   /usr/lib/libnss_files-2.31.so
7f5c384d4000-7f5c384d5000 rw-p 0000c000 103:04 2368497                   /usr/lib/libnss_files-2.31.so
7f5c384d5000-7f5c384dc000 rw-p 00000000 00:00 0 
7f5c384dc000-7f5c384e1000 r--p 00000000 103:04 662608                    /usr/lib/jvm/java-8-openjdk/jre/lib/amd64/libverify.so
7f5c384e1000-7f5c384e8000 r-xp 00005000 103:04 662608                    /usr/lib/jvm/java-8-openjdk/jre/lib/amd64/libverify.so
7f5c384e8000-7f5c384ea000 r--p 0000c000 103:04 662608                    /usr/lib/jvm/java-8-openjdk/jre/lib/amd64/libverify.so
7f5c384ea000-7f5c384eb000 ---p 0000e000 103:04 662608                    /usr/lib/jvm/java-8-openjdk/jre/lib/amd64/libverify.so
7f5c384eb000-7f5c384ed000 r--p 0000e000 103:04 662608                    /usr/lib/jvm/java-8-openjdk/jre/lib/amd64/libverify.so
7f5c384ed000-7f5c384ee000 rw-p 00010000 103:04 662608                    /usr/lib/jvm/java-8-openjdk/jre/lib/amd64/libverify.so
7f5c384ee000-7f5c384f1000 r--p 00000000 103:04 662610                    /usr/lib/jvm/java-8-openjdk/jre/lib/amd64/jli/libjli.so
7f5c384f1000-7f5c384fa000 r-xp 00003000 103:04 662610                    /usr/lib/jvm/java-8-openjdk/jre/lib/amd64/jli/libjli.so
7f5c384fa000-7f5c384fd000 r--p 0000c000 103:04 662610                    /usr/lib/jvm/java-8-openjdk/jre/lib/amd64/jli/libjli.so
7f5c384fd000-7f5c384fe000 r--p 0000e000 103:04 662610                    /usr/lib/jvm/java-8-openjdk/jre/lib/amd64/jli/libjli.so
7f5c384fe000-7f5c384ff000 rw-p 0000f000 103:04 662610                    /usr/lib/jvm/java-8-openjdk/jre/lib/amd64/jli/libjli.so
7f5c384ff000-7f5c38501000 rw-p 00000000 00:00 0 
7f5c38501000-7f5c38503000 r--p 00000000 103:04 2368449                   /usr/lib/ld-2.31.so
7f5c38503000-7f5c38523000 r-xp 00002000 103:04 2368449                   /usr/lib/ld-2.31.so
7f5c38523000-7f5c3852b000 r--p 00022000 103:04 2368449                   /usr/lib/ld-2.31.so
7f5c3852b000-7f5c3852c000 r--p 00000000 00:00 0 
7f5c3852c000-7f5c3852d000 r--p 0002a000 103:04 2368449                   /usr/lib/ld-2.31.so
7f5c3852d000-7f5c3852e000 rw-p 0002b000 103:04 2368449                   /usr/lib/ld-2.31.so
7f5c3852e000-7f5c3852f000 rw-p 00000000 00:00 0 
7fff59995000-7fff599b9000 rw-p 00000000 00:00 0                          [stack]
7fff599dc000-7fff599df000 r--p 00000000 00:00 0                          [vvar]
7fff599df000-7fff599e0000 r-xp 00000000 00:00 0                          [vdso]
ffffffffff600000-ffffffffff601000 --xp 00000000 00:00 0                  [vsyscall]

VM Arguments:
jvm_args: -Xms1g -Xmx1g -XX:+UseConcMarkSweepGC -XX:CMSInitiatingOccupancyFraction=75 -XX:+UseCMSInitiatingOccupancyOnly -Djava.awt.headless=true -Dfile.encoding=UTF-8 -Djruby.compile.invokedynamic=true -Djruby.jit.threshold=0 -Djruby.regexp.interruptible=true -XX:+HeapDumpOnOutOfMemoryError -Djava.security.egd=file:/dev/urandom -Dlog4j2.isThreadContextMapInheritable=true 
java_command: org.logstash.Logstash -f /home/trofis/Documents/Worldline/autoPairing/config/logstash-config.conf -w 1
java_class_path (initial): /home/trofis/Documents/Worldline/autoPairing/logstash/logstash-core/lib/jars/animal-sniffer-annotations-1.14.jar:/home/trofis/Documents/Worldline/autoPairing/logstash/logstash-core/lib/jars/commons-codec-1.13.jar:/home/trofis/Documents/Worldline/autoPairing/logstash/logstash-core/lib/jars/commons-compiler-3.1.0.jar:/home/trofis/Documents/Worldline/autoPairing/logstash/logstash-core/lib/jars/error_prone_annotations-2.0.18.jar:/home/trofis/Documents/Worldline/autoPairing/logstash/logstash-core/lib/jars/google-java-format-1.1.jar:/home/trofis/Documents/Worldline/autoPairing/logstash/logstash-core/lib/jars/gradle-license-report-0.7.1.jar:/home/trofis/Documents/Worldline/autoPairing/logstash/logstash-core/lib/jars/guava-22.0.jar:/home/trofis/Documents/Worldline/autoPairing/logstash/logstash-core/lib/jars/j2objc-annotations-1.1.jar:/home/trofis/Documents/Worldline/autoPairing/logstash/logstash-core/lib/jars/jackson-annotations-2.9.10.jar:/home/trofis/Documents/Worldline/autoPairing/logstash/logstash-core/lib/jars/jackson-core-2.9.10.jar:/home/trofis/Documents/Worldline/autoPairing/logstash/logstash-core/lib/jars/jackson-databind-2.9.10.1.jar:/home/trofis/Documents/Worldline/autoPairing/logstash/logstash-core/lib/jars/jackson-dataformat-cbor-2.9.10.jar:/home/trofis/Documents/Worldline/autoPairing/logstash/logstash-core/lib/jars/janino-3.1.0.jar:/home/trofis/Documents/Worldline/autoPairing/logstash/logstash-core/lib/jars/javassist-3.26.0-GA.jar:/home/trofis/Documents/Worldline/autoPairing/logstash/logstash-core/lib/jars/jruby-complete-9.2.9.0.jar:/home/trofis/Documents/Worldline/autoPairing/logstash/logstash-core/lib/jars/jsr305-1.3.9.jar:/home/trofis/Documents/Worldline/autoPairing/logstash/logstash-core/lib/jars/log4j-api-2.12.1.jar:/home/trofis/Documents/Worldline/autoPairing/logstash/logstash-core/lib/jars/log4j-core-2.12.1.jar:/home/trofis/Documents/Worldline/autoPairing/logstash/logstash-core/lib/jars/log4j-slf4j-impl-2.12.1.jar:/home/trof
Launcher Type: SUN_STANDARD

Environment Variables:
PATH=/home/trofis/Documents/Worldline/autoPairing/logstash/vendor/bundle/jruby/2.5.0/bin:/usr/lib/node_modules/npm/node_modules/npm-lifecycle/node-gyp-bin:/home/trofis/Documents/auto-pairing-app/server/node_modules/.bin:/home/trofis/.local/bin:/usr/local/bin:/usr/local/sbin:/usr/bin:/usr/lib/jvm/default/bin:/usr/bin/site_perl:/usr/bin/vendor_perl:/usr/bin/core_perl:/var/lib/snapd/snap/bin
USERNAME=trofis
SHELL=/bin/bash
DISPLAY=:1

Signal Handlers:
SIGSEGV: [libjvm.so+0xa6a400], sa_mask[0]=11111111011111111101111111111110, sa_flags=SA_RESTART|SA_SIGINFO
SIGBUS: [libjvm.so+0xa6a400], sa_mask[0]=11111111011111111101111111111110, sa_flags=SA_RESTART|SA_SIGINFO
SIGFPE: [libjvm.so+0x8c7be0], sa_mask[0]=11111111011111111101111111111110, sa_flags=SA_RESTART|SA_SIGINFO
SIGPIPE: [libjvm.so+0x8c7be0], sa_mask[0]=11111111011111111101111111111110, sa_flags=SA_RESTART|SA_SIGINFO
SIGXFSZ: [libjvm.so+0x8c7be0], sa_mask[0]=11111111011111111101111111111110, sa_flags=SA_RESTART|SA_SIGINFO
SIGILL: [libjvm.so+0x8c7be0], sa_mask[0]=11111111011111111101111111111110, sa_flags=SA_RESTART|SA_SIGINFO
SIGUSR1: SIG_DFL, sa_mask[0]=00000000000000000000000000000000, sa_flags=none
SIGUSR2: [libjvm.so+0x8c7ab0], sa_mask[0]=00000000000000000000000000000000, sa_flags=SA_RESTART|SA_SIGINFO
SIGHUP: [libjvm.so+0x8c7e80], sa_mask[0]=11111111011111111101111111111110, sa_flags=SA_RESTART|SA_SIGINFO
SIGINT: [libjvm.so+0x8c7e80], sa_mask[0]=11111111011111111101111111111110, sa_flags=SA_RESTART|SA_SIGINFO
SIGTERM: [libjvm.so+0x8c7e80], sa_mask[0]=11111111011111111101111111111110, sa_flags=SA_RESTART|SA_SIGINFO
SIGQUIT: [libjvm.so+0x8c7e80], sa_mask[0]=11111111011111111101111111111110, sa_flags=SA_RESTART|SA_SIGINFO


---------------  S Y S T E M  ---------------

OS:DISTRIB_ID=ManjaroLinux
DISTRIB_RELEASE=20.0
DISTRIB_CODENAME=Lysia
DISTRIB_DESCRIPTION="Manjaro Linux"

uname:Linux 5.4.36-1-MANJARO #1 SMP PREEMPT Wed Apr 29 18:47:01 UTC 2020 x86_64
libc:glibc 2.31 NPTL 2.31 
rlimit: STACK 8192k, CORE infinity, NPROC 30891, NOFILE 524288, AS infinity
load average:2,17 1,93 1,69

/proc/meminfo:
MemTotal:        7927548 kB
MemFree:          613908 kB
MemAvailable:     871080 kB
Buffers:           29912 kB
Cached:          1664144 kB
SwapCached:            0 kB
Active:          5164696 kB
Inactive:         876204 kB
Active(anon):    4989552 kB
Inactive(anon):   487768 kB
Active(file):     175144 kB
Inactive(file):   388436 kB
Unevictable:      673076 kB
Mlocked:              80 kB
SwapTotal:             0 kB
SwapFree:              0 kB
Dirty:               136 kB
Writeback:             0 kB
AnonPages:       5020772 kB
Mapped:           641788 kB
Shmem:           1219752 kB
KReclaimable:     106872 kB
Slab:             320732 kB
SReclaimable:     106872 kB
SUnreclaim:       213860 kB
KernelStack:       18832 kB
PageTables:        66944 kB
NFS_Unstable:          0 kB
Bounce:                0 kB
WritebackTmp:          0 kB
CommitLimit:     3963772 kB
Committed_AS:   18688336 kB
VmallocTotal:   34359738367 kB
VmallocUsed:       41144 kB
VmallocChunk:          0 kB
Percpu:             5760 kB
HardwareCorrupted:     0 kB
AnonHugePages:         0 kB
ShmemHugePages:        0 kB
ShmemPmdMapped:        0 kB
FileHugePages:         0 kB
FilePmdMapped:         0 kB
HugePages_Total:       0
HugePages_Free:        0
HugePages_Rsvd:        0
HugePages_Surp:        0
Hugepagesize:       2048 kB
Hugetlb:               0 kB
DirectMap4k:      521160 kB
DirectMap2M:     7641088 kB
DirectMap1G:           0 kB

container (cgroup) information:
container_type: cgroupv1
cpu_cpuset_cpus: 0-7
cpu_memory_nodes: 0
active_processor_count: 8
cpu_quota: -1
cpu_period: 100000
cpu_shares: -1
memory_limit_in_bytes: -1
memory_and_swap_limit_in_bytes: -1
memory_soft_limit_in_bytes: -1
memory_usage_in_bytes: 6791008256
memory_max_usage_in_bytes: 7388897280


CPU:total 8 (initial active 8) (4 cores per cpu, 2 threads per core) family 6 model 142 stepping 12, cmov, cx8, fxsr, mmx, sse, sse2, sse3, ssse3, sse4.1, sse4.2, popcnt, avx, avx2, aes, clmul, erms, 3dnowpref, lzcnt, ht, tsc, tscinvbit, bmi1, bmi2, adx

/proc/cpuinfo:
processor	: 0
vendor_id	: GenuineIntel
cpu family	: 6
model		: 142
model name	: Intel(R) Core(TM) i5-8265U CPU @ 1.60GHz
stepping	: 12
microcode	: 0xca
cpu MHz		: 799.999
cache size	: 6144 KB
physical id	: 0
siblings	: 8
core id		: 0
cpu cores	: 4
apicid		: 0
initial apicid	: 0
fpu		: yes
fpu_exception	: yes
cpuid level	: 22
wp		: yes
flags		: fpu vme de pse tsc msr pae mce cx8 apic sep mtrr pge mca cmov pat pse36 clflush dts acpi mmx fxsr sse sse2 ss ht tm pbe syscall nx pdpe1gb rdtscp lm constant_tsc art arch_perfmon pebs bts rep_good nopl xtopology nonstop_tsc cpuid aperfmperf pni pclmulqdq dtes64 monitor ds_cpl vmx est tm2 ssse3 sdbg fma cx16 xtpr pdcm pcid sse4_1 sse4_2 x2apic movbe popcnt tsc_deadline_timer aes xsave avx f16c rdrand lahf_lm abm 3dnowprefetch cpuid_fault epb invpcid_single ssbd ibrs ibpb stibp ibrs_enhanced tpr_shadow vnmi flexpriority ept vpid ept_ad fsgsbase tsc_adjust bmi1 avx2 smep bmi2 erms invpcid mpx rdseed adx smap clflushopt intel_pt xsaveopt xsavec xgetbv1 xsaves dtherm ida arat pln pts hwp hwp_notify hwp_act_window hwp_epp md_clear flush_l1d arch_capabilities
bugs		: spectre_v1 spectre_v2 spec_store_bypass swapgs itlb_multihit
bogomips	: 3601.00
clflush size	: 64
cache_alignment	: 64
address sizes	: 39 bits physical, 48 bits virtual
power management:

processor	: 1
vendor_id	: GenuineIntel
cpu family	: 6
model		: 142
model name	: Intel(R) Core(TM) i5-8265U CPU @ 1.60GHz
stepping	: 12
microcode	: 0xca
cpu MHz		: 800.000
cache size	: 6144 KB
physical id	: 0
siblings	: 8
core id		: 1
cpu cores	: 4
apicid		: 2
initial apicid	: 2
fpu		: yes
fpu_exception	: yes
cpuid level	: 22
wp		: yes
flags		: fpu vme de pse tsc msr pae mce cx8 apic sep mtrr pge mca cmov pat pse36 clflush dts acpi mmx fxsr sse sse2 ss ht tm pbe syscall nx pdpe1gb rdtscp lm constant_tsc art arch_perfmon pebs bts rep_good nopl xtopology nonstop_tsc cpuid aperfmperf pni pclmulqdq dtes64 monitor ds_cpl vmx est tm2 ssse3 sdbg fma cx16 xtpr pdcm pcid sse4_1 sse4_2 x2apic movbe popcnt tsc_deadline_timer aes xsave avx f16c rdrand lahf_lm abm 3dnowprefetch cpuid_fault epb invpcid_single ssbd ibrs ibpb stibp ibrs_enhanced tpr_shadow vnmi flexpriority ept vpid ept_ad fsgsbase tsc_adjust bmi1 avx2 smep bmi2 erms invpcid mpx rdseed adx smap clflushopt intel_pt xsaveopt xsavec xgetbv1 xsaves dtherm ida arat pln pts hwp hwp_notify hwp_act_window hwp_epp md_clear flush_l1d arch_capabilities
bugs		: spectre_v1 spectre_v2 spec_store_bypass swapgs itlb_multihit
bogomips	: 3601.00
clflush size	: 64
cache_alignment	: 64
address sizes	: 39 bits physical, 48 bits virtual
power management:

processor	: 2
vendor_id	: GenuineIntel
cpu family	: 6
model		: 142
model name	: Intel(R) Core(TM) i5-8265U CPU @ 1.60GHz
stepping	: 12
microcode	: 0xca
cpu MHz		: 799.997
cache size	: 6144 KB
physical id	: 0
siblings	: 8
core id		: 2
cpu cores	: 4
apicid		: 4
initial apicid	: 4
fpu		: yes
fpu_exception	: yes
cpuid level	: 22
wp		: yes
flags		: fpu vme de pse tsc msr pae mce cx8 apic sep mtrr pge mca cmov pat pse36 clflush dts acpi mmx fxsr sse sse2 ss ht tm pbe syscall nx pdpe1gb rdtscp lm constant_tsc art arch_perfmon pebs bts rep_good nopl xtopology nonstop_tsc cpuid aperfmperf pni pclmulqdq dtes64 monitor ds_cpl vmx est tm2 ssse3 sdbg fma cx16 xtpr pdcm pcid sse4_1 sse4_2 x2apic movbe popcnt tsc_deadline_timer aes xsave avx f16c rdrand lahf_lm abm 3dnowprefetch cpuid_fault epb invpcid_single ssbd ibrs ibpb stibp ibrs_enhanced tpr_shadow vnmi flexpriority ept vpid ept_ad fsgsbase tsc_adjust bmi1 avx2 smep bmi2 erms invpcid mpx rdseed adx smap clflushopt intel_pt xsaveopt xsavec xgetbv1 xsaves dtherm ida arat pln pts hwp hwp_notify hwp_act_window hwp_epp md_clear flush_l1d arch_capabilities
bugs		: spectre_v1 spectre_v2 spec_store_bypass swapgs itlb_multihit
bogomips	: 3601.00
clflush size	: 64
cache_alignment	: 64
address sizes	: 39 bits physical, 48 bits virtual
power management:

processor	: 3
vendor_id	: GenuineIntel
cpu family	: 6
model		: 142
model name	: Intel(R) Core(TM) i5-8265U CPU @ 1.60GHz
stepping	: 12
microcode	: 0xca
cpu MHz		: 799.999
cache size	: 6144 KB
physical id	: 0
siblings	: 8
core id		: 3
cpu cores	: 4
apicid		: 6
initial apicid	: 6
fpu		: yes
fpu_exception	: yes
cpuid level	: 22
wp		: yes
flags		: fpu vme de pse tsc msr pae mce cx8 apic sep mtrr pge mca cmov pat pse36 clflush dts acpi mmx fxsr sse sse2 ss ht tm pbe syscall nx pdpe1gb rdtscp lm constant_tsc art arch_perfmon pebs bts rep_good nopl xtopology nonstop_tsc cpuid aperfmperf pni pclmulqdq dtes64 monitor ds_cpl vmx est tm2 ssse3 sdbg fma cx16 xtpr pdcm pcid sse4_1 sse4_2 x2apic movbe popcnt tsc_deadline_timer aes xsave avx f16c rdrand lahf_lm abm 3dnowprefetch cpuid_fault epb invpcid_single ssbd ibrs ibpb stibp ibrs_enhanced tpr_shadow vnmi flexpriority ept vpid ept_ad fsgsbase tsc_adjust bmi1 avx2 smep bmi2 erms invpcid mpx rdseed adx smap clflushopt intel_pt xsaveopt xsavec xgetbv1 xsaves dtherm ida arat pln pts hwp hwp_notify hwp_act_window hwp_epp md_clear flush_l1d arch_capabilities
bugs		: spectre_v1 spectre_v2 spec_store_bypass swapgs itlb_multihit
bogomips	: 3601.00
clflush size	: 64
cache_alignment	: 64
address sizes	: 39 bits physical, 48 bits virtual
power management:

processor	: 4
vendor_id	: GenuineIntel
cpu family	: 6
model		: 142
model name	: Intel(R) Core(TM) i5-8265U CPU @ 1.60GHz
stepping	: 12
microcode	: 0xca
cpu MHz		: 800.002
cache size	: 6144 KB
physical id	: 0
siblings	: 8
core id		: 0
cpu cores	: 4
apicid		: 1
initial apicid	: 1
fpu		: yes
fpu_exception	: yes
cpuid level	: 22
wp		: yes
flags		: fpu vme de pse tsc msr pae mce cx8 apic sep mtrr pge mca cmov pat pse36 clflush dts acpi mmx fxsr sse sse2 ss ht tm pbe syscall nx pdpe1gb rdtscp lm constant_tsc art arch_perfmon pebs bts rep_good nopl xtopology nonstop_tsc cpuid aperfmperf pni pclmulqdq dtes64 monitor ds_cpl vmx est tm2 ssse3 sdbg fma cx16 xtpr pdcm pcid sse4_1 sse4_2 x2apic movbe popcnt tsc_deadline_timer aes xsave avx f16c rdrand lahf_lm abm 3dnowprefetch cpuid_fault epb invpcid_single ssbd ibrs ibpb stibp ibrs_enhanced tpr_shadow vnmi flexpriority ept vpid ept_ad fsgsbase tsc_adjust bmi1 avx2 smep bmi2 erms invpcid mpx rdseed adx smap clflushopt intel_pt xsaveopt xsavec xgetbv1 xsaves dtherm ida arat pln pts hwp hwp_notify hwp_act_window hwp_epp md_clear flush_l1d arch_capabilities
bugs		: spectre_v1 spectre_v2 spec_store_bypass swapgs itlb_multihit
bogomips	: 3601.00
clflush size	: 64
cache_alignment	: 64
address sizes	: 39 bits physical, 48 bits virtual
power management:

processor	: 5
vendor_id	: GenuineIntel
cpu family	: 6
model		: 142
model name	: Intel(R) Core(TM) i5-8265U CPU @ 1.60GHz
stepping	: 12
microcode	: 0xca
cpu MHz		: 800.000
cache size	: 6144 KB
physical id	: 0
siblings	: 8
core id		: 1
cpu cores	: 4
apicid		: 3
initial apicid	: 3
fpu		: yes
fpu_exception	: yes
cpuid level	: 22
wp		: yes
flags		: fpu vme de pse tsc msr pae mce cx8 apic sep mtrr pge mca cmov pat pse36 clflush dts acpi mmx fxsr sse sse2 ss ht tm pbe syscall nx pdpe1gb rdtscp lm constant_tsc art arch_perfmon pebs bts rep_good nopl xtopology nonstop_tsc cpuid aperfmperf pni pclmulqdq dtes64 monitor ds_cpl vmx est tm2 ssse3 sdbg fma cx16 xtpr pdcm pcid sse4_1 sse4_2 x2apic movbe popcnt tsc_deadline_timer aes xsave avx f16c rdrand lahf_lm abm 3dnowprefetch cpuid_fault epb invpcid_single ssbd ibrs ibpb stibp ibrs_enhanced tpr_shadow vnmi flexpriority ept vpid ept_ad fsgsbase tsc_adjust bmi1 avx2 smep bmi2 erms invpcid mpx rdseed adx smap clflushopt intel_pt xsaveopt xsavec xgetbv1 xsaves dtherm ida arat pln pts hwp hwp_notify hwp_act_window hwp_epp md_clear flush_l1d arch_capabilities
bugs		: spectre_v1 spectre_v2 spec_store_bypass swapgs itlb_multihit
bogomips	: 3601.00
clflush size	: 64
cache_alignment	: 64
address sizes	: 39 bits physical, 48 bits virtual
power management:

processor	: 6
vendor_id	: GenuineIntel
cpu family	: 6
model		: 142
model name	: Intel(R) Core(TM) i5-8265U CPU @ 1.60GHz
stepping	: 12
microcode	: 0xca
cpu MHz		: 799.999
cache size	: 6144 KB
physical id	: 0
siblings	: 8
core id		: 2
cpu cores	: 4
apicid		: 5
initial apicid	: 5
fpu		: yes
fpu_exception	: yes
cpuid level	: 22
wp		: yes
flags		: fpu vme de pse tsc msr pae mce cx8 apic sep mtrr pge mca cmov pat pse36 clflush dts acpi mmx fxsr sse sse2 ss ht tm pbe syscall nx pdpe1gb rdtscp lm constant_tsc art arch_perfmon pebs bts rep_good nopl xtopology nonstop_tsc cpuid aperfmperf pni pclmulqdq dtes64 monitor ds_cpl vmx est tm2 ssse3 sdbg fma cx16 xtpr pdcm pcid sse4_1 sse4_2 x2apic movbe popcnt tsc_deadline_timer aes xsave avx f16c rdrand lahf_lm abm 3dnowprefetch cpuid_fault epb invpcid_single ssbd ibrs ibpb stibp ibrs_enhanced tpr_shadow vnmi flexpriority ept vpid ept_ad fsgsbase tsc_adjust bmi1 avx2 smep bmi2 erms invpcid mpx rdseed adx smap clflushopt intel_pt xsaveopt xsavec xgetbv1 xsaves dtherm ida arat pln pts hwp hwp_notify hwp_act_window hwp_epp md_clear flush_l1d arch_capabilities
bugs		: spectre_v1 spectre_v2 spec_store_bypass swapgs itlb_multihit
bogomips	: 3601.00
clflush size	: 64
cache_alignment	: 64
address sizes	: 39 bits physical, 48 bits virtual
power management:

processor	: 7
vendor_id	: GenuineIntel
cpu family	: 6
model		: 142
model name	: Intel(R) Core(TM) i5-8265U CPU @ 1.60GHz
stepping	: 12
microcode	: 0xca
cpu MHz		: 800.001
cache size	: 6144 KB
physical id	: 0
siblings	: 8
core id		: 3
cpu cores	: 4
apicid		: 7
initial apicid	: 7
fpu		: yes
fpu_exception	: yes
cpuid level	: 22
wp		: yes
flags		: fpu vme de pse tsc msr pae mce cx8 apic sep mtrr pge mca cmov pat pse36 clflush dts acpi mmx fxsr sse sse2 ss ht tm pbe syscall nx pdpe1gb rdtscp lm constant_tsc art arch_perfmon pebs bts rep_good nopl xtopology nonstop_tsc cpuid aperfmperf pni pclmulqdq dtes64 monitor ds_cpl vmx est tm2 ssse3 sdbg fma cx16 xtpr pdcm pcid sse4_1 sse4_2 x2apic movbe popcnt tsc_deadline_timer aes xsave avx f16c rdrand lahf_lm abm 3dnowprefetch cpuid_fault epb invpcid_single ssbd ibrs ibpb stibp ibrs_enhanced tpr_shadow vnmi flexpriority ept vpid ept_ad fsgsbase tsc_adjust bmi1 avx2 smep bmi2 erms invpcid mpx rdseed adx smap clflushopt intel_pt xsaveopt xsavec xgetbv1 xsaves dtherm ida arat pln pts hwp hwp_notify hwp_act_window hwp_epp md_clear flush_l1d arch_capabilities
bugs		: spectre_v1 spectre_v2 spec_store_bypass swapgs itlb_multihit
bogomips	: 3601.00
clflush size	: 64
cache_alignment	: 64
address sizes	: 39 bits physical, 48 bits virtual
power management:



Memory: 4k page, physical 7927548k(607720k free), swap 0k(0k free)

vm_info: OpenJDK 64-Bit Server VM (25.242-b08) for linux-amd64 JRE (1.8.0_242-b08), built on Jan 26 2020 11:52:10 by "builduser" with gcc 9.2.0

time: Fri May 15 16:13:25 2020
timezone: CEST
elapsed time: 8567 seconds (0d 2h 22m 47s)

